Tue May 7 11:52:27 PDT 2019
1 spack install openmpi @ 4.0.1 % clang@4.0.0  arch=linux-rhel7-ppc64le
2 spack install openmpi @ 4.0.1 % clang@3.9.1  arch=linux-rhel7-ppc64le
3 spack install openmpi @ 4.0.1 % gcc@8.2.0  arch=linux-rhel7-ppc64le
4 spack install openmpi @ 4.0.1 % gcc@7.3.1  arch=linux-rhel7-ppc64le
5 spack install openmpi @ 4.0.1 % gcc@4.9.3  arch=linux-rhel7-ppc64le
6 spack install openmpi @ 4.0.1 % gcc@4.8.5  arch=linux-rhel7-ppc64le
7 spack install openmpi @ 4.0.1 % pgi@19.1  arch=linux-rhel7-ppc64le
8 spack install openmpi @ 4.0.1 % pgi@18.10  arch=linux-rhel7-ppc64le
9 spack install openmpi @ 4.0.1 % pgi@18.7  arch=linux-rhel7-ppc64le
10 spack install openmpi @ 4.0.1 % pgi@17.10  arch=linux-rhel7-ppc64le
11 spack install openmpi @ 4.0.1 % xl@16.2  arch=linux-rhel7-ppc64le
12 spack install openmpi @ 4.0.1 % xl@16.1  arch=linux-rhel7-ppc64le
13 spack install openmpi @ 3.1.4 % clang@4.0.0  arch=linux-rhel7-ppc64le
14 spack install openmpi @ 3.1.4 % clang@3.9.1  arch=linux-rhel7-ppc64le
15 spack install openmpi @ 3.1.4 % gcc@8.2.0  arch=linux-rhel7-ppc64le
16 spack install openmpi @ 3.1.4 % gcc@7.3.1  arch=linux-rhel7-ppc64le
17 spack install openmpi @ 3.1.4 % gcc@4.9.3  arch=linux-rhel7-ppc64le
18 spack install openmpi @ 3.1.4 % gcc@4.8.5  arch=linux-rhel7-ppc64le
19 spack install openmpi @ 3.1.4 % pgi@19.1  arch=linux-rhel7-ppc64le
20 spack install openmpi @ 3.1.4 % pgi@18.10  arch=linux-rhel7-ppc64le
21 spack install openmpi @ 3.1.4 % pgi@18.7  arch=linux-rhel7-ppc64le
22 spack install openmpi @ 3.1.4 % pgi@17.10  arch=linux-rhel7-ppc64le
23 spack install openmpi @ 3.1.4 % xl@16.2  arch=linux-rhel7-ppc64le
24 spack install openmpi @ 3.1.4 % xl@16.1  arch=linux-rhel7-ppc64le
25 spack install openmpi @ 3.0.4 % clang@4.0.0  arch=linux-rhel7-ppc64le
26 spack install openmpi @ 3.0.4 % clang@3.9.1  arch=linux-rhel7-ppc64le
27 spack install openmpi @ 3.0.4 % gcc@8.2.0  arch=linux-rhel7-ppc64le
28 spack install openmpi @ 3.0.4 % gcc@7.3.1  arch=linux-rhel7-ppc64le
29 spack install openmpi @ 3.0.4 % gcc@4.9.3  arch=linux-rhel7-ppc64le
30 spack install openmpi @ 3.0.4 % gcc@4.8.5  arch=linux-rhel7-ppc64le
31 spack install openmpi @ 3.0.4 % pgi@19.1  arch=linux-rhel7-ppc64le
32 spack install openmpi @ 3.0.4 % pgi@18.10  arch=linux-rhel7-ppc64le
33 spack install openmpi @ 3.0.4 % pgi@18.7  arch=linux-rhel7-ppc64le
34 spack install openmpi @ 3.0.4 % pgi@17.10  arch=linux-rhel7-ppc64le
35 spack install openmpi @ 3.0.4 % xl@16.2  arch=linux-rhel7-ppc64le
36 spack install openmpi @ 3.0.4 % xl@16.1  arch=linux-rhel7-ppc64le
37 spack install openmpi @ 2.1.6 % clang@4.0.0  arch=linux-rhel7-ppc64le
38 spack install openmpi @ 2.1.6 % clang@3.9.1  arch=linux-rhel7-ppc64le
39 spack install openmpi @ 2.1.6 % gcc@8.2.0  arch=linux-rhel7-ppc64le
40 spack install openmpi @ 2.1.6 % gcc@7.3.1  arch=linux-rhel7-ppc64le
41 spack install openmpi @ 2.1.6 % gcc@4.9.3  arch=linux-rhel7-ppc64le
42 spack install openmpi @ 2.1.6 % gcc@4.8.5  arch=linux-rhel7-ppc64le
43 spack install openmpi @ 2.1.6 % pgi@19.1  arch=linux-rhel7-ppc64le
44 spack install openmpi @ 2.1.6 % pgi@18.10  arch=linux-rhel7-ppc64le
45 spack install openmpi @ 2.1.6 % pgi@18.7  arch=linux-rhel7-ppc64le
46 spack install openmpi @ 2.1.6 % pgi@17.10  arch=linux-rhel7-ppc64le
47 spack install openmpi @ 2.1.6 % xl@16.2  arch=linux-rhel7-ppc64le
48 spack install openmpi @ 2.1.6 % xl@16.1  arch=linux-rhel7-ppc64le
