Mon Apr 29 10:16:16 MDT 2019
1 spack install openmpi @ 4.0.1 % gcc@8.2.0  arch=
2 spack install openmpi @ 4.0.1 % gcc@7.4.0  arch=
3 spack install openmpi @ 4.0.1 % gcc@6.4.0  arch=
4 spack install openmpi @ 4.0.1 % gcc@5.3.0  arch=
5 spack install openmpi @ 4.0.1 % intel@19.0.1.144  arch=
6 spack install openmpi @ 4.0.1 % intel@18.0.5  arch=
7 spack install openmpi @ 4.0.1 % intel@17.0.4  arch=
8 spack install openmpi @ 4.0.1 % intel@16.0.3  arch=
9 spack install openmpi @ 4.0.1 % pgi@18.10  arch=
10 spack install openmpi @ 4.0.1 % pgi@17.10  arch=
11 spack install openmpi @ 4.0.1 % pgi@16.10  arch=
12 spack install openmpi @ 3.1.4 % gcc@8.2.0  arch=
13 spack install openmpi @ 3.1.4 % gcc@7.4.0  arch=
14 spack install openmpi @ 3.1.4 % gcc@6.4.0  arch=
15 spack install openmpi @ 3.1.4 % gcc@5.3.0  arch=
16 spack install openmpi @ 3.1.4 % intel@19.0.1.144  arch=
17 spack install openmpi @ 3.1.4 % intel@18.0.5  arch=
18 spack install openmpi @ 3.1.4 % intel@17.0.4  arch=
19 spack install openmpi @ 3.1.4 % intel@16.0.3  arch=
20 spack install openmpi @ 3.1.4 % pgi@18.10  arch=
21 spack install openmpi @ 3.1.4 % pgi@17.10  arch=
22 spack install openmpi @ 3.1.4 % pgi@16.10  arch=
23 spack install openmpi @ 3.0.4 % gcc@8.2.0  arch=
24 spack install openmpi @ 3.0.4 % gcc@7.4.0  arch=
25 spack install openmpi @ 3.0.4 % gcc@6.4.0  arch=
26 spack install openmpi @ 3.0.4 % gcc@5.3.0  arch=
27 spack install openmpi @ 3.0.4 % intel@19.0.1.144  arch=
28 spack install openmpi @ 3.0.4 % intel@18.0.5  arch=
29 spack install openmpi @ 3.0.4 % intel@17.0.4  arch=
30 spack install openmpi @ 3.0.4 % intel@16.0.3  arch=
31 spack install openmpi @ 3.0.4 % pgi@18.10  arch=
32 spack install openmpi @ 3.0.4 % pgi@17.10  arch=
33 spack install openmpi @ 3.0.4 % pgi@16.10  arch=
34 spack install openmpi @ 2.1.6 % gcc@8.2.0  arch=
35 spack install openmpi @ 2.1.6 % gcc@7.4.0  arch=
36 spack install openmpi @ 2.1.6 % gcc@6.4.0  arch=
37 spack install openmpi @ 2.1.6 % gcc@5.3.0  arch=
38 spack install openmpi @ 2.1.6 % intel@19.0.1.144  arch=
39 spack install openmpi @ 2.1.6 % intel@18.0.5  arch=
40 spack install openmpi @ 2.1.6 % intel@17.0.4  arch=
41 spack install openmpi @ 2.1.6 % intel@16.0.3  arch=
42 spack install openmpi @ 2.1.6 % pgi@18.10  arch=
43 spack install openmpi @ 2.1.6 % pgi@17.10  arch=
44 spack install openmpi @ 2.1.6 % pgi@16.10  arch=
