Wed Apr 24 20:55:25 MDT 2019
1 spack install pmix @ 3.1.2 % gcc@8.2.0  arch=linux-rhel7-x86_64
2 spack install pmix @ 3.1.2 % gcc@7.4.0  arch=linux-rhel7-x86_64
3 spack install pmix @ 3.1.2 % gcc@6.4.0  arch=linux-rhel7-x86_64
4 spack install pmix @ 3.1.2 % gcc@5.3.0  arch=linux-rhel7-x86_64
5 spack install pmix @ 3.1.2 % intel@19.0.1.144  arch=linux-rhel7-x86_64
6 spack install pmix @ 3.1.2 % intel@18.0.5  arch=linux-rhel7-x86_64
7 spack install pmix @ 3.1.2 % intel@17.0.4  arch=linux-rhel7-x86_64
8 spack install pmix @ 3.1.2 % intel@16.0.3  arch=linux-rhel7-x86_64
9 spack install pmix @ 3.1.2 % pgi@18.10  arch=linux-rhel7-x86_64
10 spack install pmix @ 3.1.2 % pgi@17.10  arch=linux-rhel7-x86_64
11 spack install pmix @ 3.1.2 % pgi@16.10  arch=linux-rhel7-x86_64
12 spack install pmix @ 3.0.2 % gcc@8.2.0  arch=linux-rhel7-x86_64
13 spack install pmix @ 3.0.2 % gcc@7.4.0  arch=linux-rhel7-x86_64
14 spack install pmix @ 3.0.2 % gcc@6.4.0  arch=linux-rhel7-x86_64
15 spack install pmix @ 3.0.2 % gcc@5.3.0  arch=linux-rhel7-x86_64
16 spack install pmix @ 3.0.2 % intel@19.0.1.144  arch=linux-rhel7-x86_64
17 spack install pmix @ 3.0.2 % intel@18.0.5  arch=linux-rhel7-x86_64
18 spack install pmix @ 3.0.2 % intel@17.0.4  arch=linux-rhel7-x86_64
19 spack install pmix @ 3.0.2 % intel@16.0.3  arch=linux-rhel7-x86_64
20 spack install pmix @ 3.0.2 % pgi@18.10  arch=linux-rhel7-x86_64
21 spack install pmix @ 3.0.2 % pgi@17.10  arch=linux-rhel7-x86_64
22 spack install pmix @ 3.0.2 % pgi@16.10  arch=linux-rhel7-x86_64
23 spack install pmix @ 2.2.2 % gcc@8.2.0  arch=linux-rhel7-x86_64
24 spack install pmix @ 2.2.2 % gcc@7.4.0  arch=linux-rhel7-x86_64
25 spack install pmix @ 2.2.2 % gcc@6.4.0  arch=linux-rhel7-x86_64
26 spack install pmix @ 2.2.2 % gcc@5.3.0  arch=linux-rhel7-x86_64
27 spack install pmix @ 2.2.2 % intel@19.0.1.144  arch=linux-rhel7-x86_64
28 spack install pmix @ 2.2.2 % intel@18.0.5  arch=linux-rhel7-x86_64
29 spack install pmix @ 2.2.2 % intel@17.0.4  arch=linux-rhel7-x86_64
30 spack install pmix @ 2.2.2 % intel@16.0.3  arch=linux-rhel7-x86_64
31 spack install pmix @ 2.2.2 % pgi@18.10  arch=linux-rhel7-x86_64
32 spack install pmix @ 2.2.2 % pgi@17.10  arch=linux-rhel7-x86_64
33 spack install pmix @ 2.2.2 % pgi@16.10  arch=linux-rhel7-x86_64
34 spack install pmix @ 2.1.4 % gcc@8.2.0  arch=linux-rhel7-x86_64
35 spack install pmix @ 2.1.4 % gcc@7.4.0  arch=linux-rhel7-x86_64
36 spack install pmix @ 2.1.4 % gcc@6.4.0  arch=linux-rhel7-x86_64
37 spack install pmix @ 2.1.4 % gcc@5.3.0  arch=linux-rhel7-x86_64
38 spack install pmix @ 2.1.4 % intel@19.0.1.144  arch=linux-rhel7-x86_64
39 spack install pmix @ 2.1.4 % intel@18.0.5  arch=linux-rhel7-x86_64
40 spack install pmix @ 2.1.4 % intel@17.0.4  arch=linux-rhel7-x86_64
41 spack install pmix @ 2.1.4 % intel@16.0.3  arch=linux-rhel7-x86_64
42 spack install pmix @ 2.1.4 % pgi@18.10  arch=linux-rhel7-x86_64
43 spack install pmix @ 2.1.4 % pgi@17.10  arch=linux-rhel7-x86_64
44 spack install pmix @ 2.1.4 % pgi@16.10  arch=linux-rhel7-x86_64
