Fri Apr 26 14:07:13 MDT 2019 /var/spool/slurm/job321469/slurm_script
source "${dir_tools}/bash/master-tpl-sweep.sh"
Fri Apr 26 14:07:13 MDT 2019 /lustre/cpscratch1/dantopa/repos/gitlab/pull-requests/libraries/tools/bash/master-tpl-sweep.sh
cd /lustre/cpscratch1/dantopa/repos/gitlab/pull-requests/libraries/tools
source directories/libraries-capulin.sh
Fri Apr 26 14:07:13 MDT 2019 [1mdirectories/libraries-capulin.sh(B[m
source tpl-versions/versions-libhio.sh
Fri Apr 26 14:07:13 MDT 2019 [1mtpl-versions/versions-libhio.sh(B[m
2 libhio versions loaded:
1.4.1.3  1.4.1.2

source compilers/compilers-capulin-arm.sh
Fri Apr 26 14:07:13 MDT 2019 [1mcompilers/compilers-capulin-arm.sh(B[m
3 Spack-recognized compilers loaded:
gcc@8.2.0  gcc@7.3.0  gcc@6.1.0

source klingons/capulin-arm-libhio.sh
/lustre/cpscratch1/dantopa/repos/gitlab/pull-requests/libraries/tools/bash/master-tpl-sweep.sh: line 36: klingons/capulin-arm-libhio.sh: No such file or directory
cd /lustre/cpscratch1/dantopa/repos/spack/libraries/capulin-arm.libhio
. share/spack/setup-env.sh
export spack_architecture='arch=cray-cnl6-arm_thunderx2'
spack clean -a
==> Removing all temporary build stages
==> Removing cached downloads
==> Removing cached information on repositories
==> Removing python cache files
spack compilers
==> Available compilers
-- cce cnl6-any -------------------------------------------------
cce@8.7.10
cce@8.7.9

-- gcc cnl6-any -------------------------------------------------
gcc@8.3.0
gcc@7.4.0
gcc@7.3.0
gcc@6.1.0
ls -alh etc/spack/defaults
total 151K
drwxr-x--- 4 dantopa dantopa  13K Apr 26 12:28 .
drwxr-x--- 3 dantopa dantopa  12K Apr 25 16:51 ..
-rw-r----- 1 dantopa dantopa 1.8K Apr 26 12:17 compilers.yaml
-rw-r----- 1 dantopa dantopa 4.4K Apr 25 16:51 config.yaml
drwxr-x--- 2 dantopa dantopa  12K Apr 25 16:51 darwin
drwxr-x--- 2 dantopa dantopa  12K Apr 25 16:51 linux
-rw-r----- 1 dantopa dantopa  216 Apr 25 20:41 mirrors.yaml
-rw-r----- 1 dantopa dantopa 3.7K Apr 25 20:41 modules.yaml
-rw-r----- 1 dantopa dantopa 3.1K Apr 25 20:41 packages.yaml
-rw-r----- 1 dantopa dantopa  530 Apr 25 16:51 release.yaml
-rw-r----- 1 dantopa dantopa  546 Apr 25 16:51 repos.yaml
-rw-r----- 1 dantopa dantopa 3.7K Apr 25 20:41 tcl-modules.yaml
cat etc/spack/defaults/compilers.yaml
compilers:
# # cray  8.7.10, 8.7.9
- compiler:
    environment: {}
    extra_rpaths: []
    flags: {}
    modules:
    - PrgEnv-cray
    - !!python/unicode
      'cce/8.7.10'
    operating_system: cnl6
    paths:
      cc:  cc
      cxx: CC
      f77: ftn
      fc:  ftn
    spec: cce@8.7.10
    target: any
- compiler:
    environment: {}
    extra_rpaths: []
    flags: {}
    modules:
    - PrgEnv-cray
    - !!python/unicode
      'cce/8.7.9'
    operating_system: cnl6
    paths:
      cc:  cc
      cxx: CC
      f77: ftn
      fc:  ftn
    spec: cce@8.7.9
    target: any
# # gcc  8.3.0, 7.4.0, 7.3.0, 6.1.0
- compiler:
    environment: {}
    extra_rpaths: []
    flags: {}
    modules:
    - PrgEnv-gnu
    - !!python/unicode
      'gcc/8.3.0'
    operating_system: cnl6
    paths:
      cc:  cc
      cxx: CC
      f77: ftn
      fc:  ftn
    spec: gcc@8.3.0
    target: any
- compiler:
    environment: {}
    extra_rpaths: []
    flags: {}
    modules: []
    #operating_system: sles15
    operating_system: cnl6
    paths:
      cc:  /usr/bin/gcc
      cxx: /usr/bin/g++
      f77: /usr/bin/gfortran
      fc:  /usr/bin/gfortran
    spec: gcc@7.4.0
    # target: aarch64
    target: any
- compiler:
    environment: {}
    extra_rpaths: []
    flags: {}
    modules:
    - PrgEnv-gnu
    - !!python/unicode
      'gcc/7.3.0'
    operating_system: cnl6
    paths:
      cc:  cc
      cxx: CC
      f77: ftn
      fc:  ftn
    spec: gcc@7.3.0
    target: any
- compiler:
    environment: {}
    extra_rpaths: []
    flags: {}
    modules:
    - PrgEnv-gnu
    - !!python/unicode
      'gcc/6.1.0'
    operating_system: cnl6
    paths:
      cc:  cc
      cxx: CC
      f77: ftn
      fc:  ftn
    spec: gcc@6.1.0
    target: any

spack config get compilers
compilers:
- compiler:
    environment: {}
    extra_rpaths: []
    flags: {}
    modules:
    - PrgEnv-cray
    - !!python/unicode
      'cce/8.7.10'
    operating_system: cnl6
    paths:
      cc: cc
      cxx: CC
      f77: ftn
      fc: ftn
    spec: cce@8.7.10
    target: any
- compiler:
    environment: {}
    extra_rpaths: []
    flags: {}
    modules:
    - PrgEnv-cray
    - !!python/unicode
      'cce/8.7.9'
    operating_system: cnl6
    paths:
      cc: cc
      cxx: CC
      f77: ftn
      fc: ftn
    spec: cce@8.7.9
    target: any
- compiler:
    environment: {}
    extra_rpaths: []
    flags: {}
    modules:
    - PrgEnv-gnu
    - !!python/unicode
      'gcc/8.3.0'
    operating_system: cnl6
    paths:
      cc: cc
      cxx: CC
      f77: ftn
      fc: ftn
    spec: gcc@8.3.0
    target: any
- compiler:
    environment: {}
    extra_rpaths: []
    flags: {}
    modules: []
    operating_system: cnl6
    paths:
      cc: /usr/bin/gcc
      cxx: /usr/bin/g++
      f77: /usr/bin/gfortran
      fc: /usr/bin/gfortran
    spec: gcc@7.4.0
    target: any
- compiler:
    environment: {}
    extra_rpaths: []
    flags: {}
    modules:
    - PrgEnv-gnu
    - !!python/unicode
      'gcc/7.3.0'
    operating_system: cnl6
    paths:
      cc: cc
      cxx: CC
      f77: ftn
      fc: ftn
    spec: gcc@7.3.0
    target: any
- compiler:
    environment: {}
    extra_rpaths: []
    flags: {}
    modules:
    - PrgEnv-gnu
    - !!python/unicode
      'gcc/6.1.0'
    operating_system: cnl6
    paths:
      cc: cc
      cxx: CC
      f77: ftn
      fc: ftn
    spec: gcc@6.1.0
    target: any
spack install libhio @ 1.4.1.3 % gcc@8.2.0  arch=cray-cnl6-arm_thunderx2 2>&1 >> /lustre/cpscratch1/dantopa/repos/gitlab/pull-requests/libraries/results/install-log/capulin-arm-libhio-install.log
==> Error: No compilers with spec gcc@8.2.0 found for operating system cnl6 and target arm_thunderx2.
Run 'spack compiler find' to add compilers.
spack install libhio @ 1.4.1.3 % gcc@7.3.0  arch=cray-cnl6-arm_thunderx2 2>&1 >> /lustre/cpscratch1/dantopa/repos/gitlab/pull-requests/libraries/results/install-log/capulin-arm-libhio-install.log
spack install libhio @ 1.4.1.3 % gcc@6.1.0  arch=cray-cnl6-arm_thunderx2 2>&1 >> /lustre/cpscratch1/dantopa/repos/gitlab/pull-requests/libraries/results/install-log/capulin-arm-libhio-install.log
==> Error: ProcessError: Command exited with status 77:
    '/pfs/cpscratch1/yellow/dantopa/repos/spack/libraries/capulin-arm.libhio/var/spack/stage/libpciaccess-0.13.5-hw5dwyhfn3duugethyfvyfy5u3csa3je/libpciaccess-0.13.5/configure' '--prefix=/pfs/cpscratch1/yellow/dantopa/repos/spack/libraries/capulin-arm.libhio/opt/spack/cray-cnl6-arm_thunderx2/gcc-6.1.0/libpciaccess-0.13.5-hw5dwyhfn3duugethyfvyfy5u3csa3je'

2 errors found in build log:
     7     checking for gawk... gawk
     8     checking whether make sets $(MAKE)... yes
     9     checking whether make supports nested variables... yes
     10    checking for style of include used by make... GNU
     11    checking for gcc... /pfs/cpscratch1/yellow/dantopa/repos/spack/libra
           ries/capulin-arm.libhio/lib/spack/env/gcc/gcc
     12    checking whether the C compiler works... no
  >> 13    configure: error: in `/tmp/dantopa/spack-stage/spack-stage-EbbRkU/li
           bpciaccess-0.13.5':
  >> 14    configure: error: C compiler cannot create executables
     15    See `config.log' for more details

See build log for details:
  /pfs/cpscratch1/yellow/dantopa/repos/spack/libraries/capulin-arm.libhio/var/spack/stage/libpciaccess-0.13.5-hw5dwyhfn3duugethyfvyfy5u3csa3je/spack-build.out
spack install libhio @ 1.4.1.2 % gcc@8.2.0  arch=cray-cnl6-arm_thunderx2 2>&1 >> /lustre/cpscratch1/dantopa/repos/gitlab/pull-requests/libraries/results/install-log/capulin-arm-libhio-install.log
==> Error: No compilers with spec gcc@8.2.0 found for operating system cnl6 and target arm_thunderx2.
Run 'spack compiler find' to add compilers.
spack install libhio @ 1.4.1.2 % gcc@7.3.0  arch=cray-cnl6-arm_thunderx2 2>&1 >> /lustre/cpscratch1/dantopa/repos/gitlab/pull-requests/libraries/results/install-log/capulin-arm-libhio-install.log
spack install libhio @ 1.4.1.2 % gcc@6.1.0  arch=cray-cnl6-arm_thunderx2 2>&1 >> /lustre/cpscratch1/dantopa/repos/gitlab/pull-requests/libraries/results/install-log/capulin-arm-libhio-install.log
==> Error: ProcessError: Command exited with status 77:
    '/pfs/cpscratch1/yellow/dantopa/repos/spack/libraries/capulin-arm.libhio/var/spack/stage/libpciaccess-0.13.5-hw5dwyhfn3duugethyfvyfy5u3csa3je/libpciaccess-0.13.5/configure' '--prefix=/pfs/cpscratch1/yellow/dantopa/repos/spack/libraries/capulin-arm.libhio/opt/spack/cray-cnl6-arm_thunderx2/gcc-6.1.0/libpciaccess-0.13.5-hw5dwyhfn3duugethyfvyfy5u3csa3je'

2 errors found in build log:
     7     checking for gawk... gawk
     8     checking whether make sets $(MAKE)... yes
     9     checking whether make supports nested variables... yes
     10    checking for style of include used by make... GNU
     11    checking for gcc... /pfs/cpscratch1/yellow/dantopa/repos/spack/libra
           ries/capulin-arm.libhio/lib/spack/env/gcc/gcc
     12    checking whether the C compiler works... no
  >> 13    configure: error: in `/tmp/dantopa/spack-stage/spack-stage-tWksRE/li
           bpciaccess-0.13.5':
  >> 14    configure: error: C compiler cannot create executables
     15    See `config.log' for more details

See build log for details:
  /pfs/cpscratch1/yellow/dantopa/repos/spack/libraries/capulin-arm.libhio/var/spack/stage/libpciaccess-0.13.5-hw5dwyhfn3duugethyfvyfy5u3csa3je/spack-build.out
spack clean -a
==> Removing all temporary build stages
==> Removing cached downloads
==> Removing cached information on repositories
==> Removing python cache files
mkdir -p "${dir_results}/platform-order"
mkdir -p "${dir_results}/tpl-order"
mkdir -p "${dir_results}/graphs"
spack find libhio >> /lustre/cpscratch1/dantopa/repos/gitlab/pull-requests/libraries/results/platform-order/capulin-arm-libhio.out
spack find libhio >> /lustre/cpscratch1/dantopa/repos/gitlab/pull-requests/libraries/results/tpl-order/libhio-capulin-arm.out
spack find -ldf libhio  >> /lustre/cpscratch1/dantopa/repos/gitlab/pull-requests/libraries/results/tpl-order/libhio-capulin-arm-ldf.out
spack graph libhio >> /lustre/cpscratch1/dantopa/repos/gitlab/pull-requests/libraries/results/graphs/libhio-capulin-arm-graph.out
spack compilers
==> Available compilers
-- cce cnl6-any -------------------------------------------------
cce@8.7.10
cce@8.7.9

-- gcc cnl6-any -------------------------------------------------
gcc@8.3.0
gcc@7.4.0
gcc@7.3.0
gcc@6.1.0
spack find libhio
==> 5 installed packages
-- cray-cnl6-arm_thunderx2 / gcc@7.3.0 --------------------------
libhio@1.4.1.2
libhio@1.4.1.3

-- cray-cnl6-arm_thunderx2 / gcc@8.2.0 --------------------------
libhio@1.4.1.2

-- cray-cnl6-arm_thunderx2 / gcc@8.3.0 --------------------------
libhio@1.4.1.2
libhio@1.4.1.3
spack find -ldf libhio
==> 5 installed packages
-- cray-cnl6-arm_thunderx2 / gcc@7.3.0 --------------------------
3rj4syy    libhio@1.4.1.2%gcc 
d7nlyf6        ^bzip2@1.0.6%gcc 
xu3jocj        ^hdf5@1.10.5%gcc 
7ycszou            ^openmpi@3.1.4%gcc 
escua5m                ^hwloc@1.11.11%gcc 
x7gsesv                    ^libpciaccess@0.13.5%gcc 
4wvodxv                    ^libxml2@2.9.8%gcc 
7qperrt                ^numactl@2.0.12%gcc 
23nzrkz                ^zlib@1.2.11%gcc 
qxxks7t        ^json-c@0.13.1%gcc 

wijwbtz    libhio@1.4.1.3%gcc 
d7nlyf6        ^bzip2@1.0.6%gcc 
xu3jocj        ^hdf5@1.10.5%gcc 
7ycszou            ^openmpi@3.1.4%gcc 
escua5m                ^hwloc@1.11.11%gcc 
x7gsesv                    ^libpciaccess@0.13.5%gcc 
4wvodxv                    ^libxml2@2.9.8%gcc 
7qperrt                ^numactl@2.0.12%gcc 
23nzrkz                ^zlib@1.2.11%gcc 
qxxks7t        ^json-c@0.13.1%gcc 


-- cray-cnl6-arm_thunderx2 / gcc@8.2.0 --------------------------
4wtvyj3    libhio@1.4.1.2%gcc 
kbzhw7t        ^bzip2@1.0.6%gcc 
xnccfd4        ^hdf5@1.10.5%gcc 
3qdkta5            ^openmpi@3.1.4%gcc 
fyyzqam                ^hwloc@1.11.11%gcc 
kjzalvs                    ^libpciaccess@0.13.5%gcc 
f6rwdah                    ^libxml2@2.9.8%gcc 
4sxssb5                ^numactl@2.0.12%gcc 
qd2bcw6                ^zlib@1.2.11%gcc 
p2eptqz        ^json-c@0.13.1%gcc 


-- cray-cnl6-arm_thunderx2 / gcc@8.3.0 --------------------------
u57k5f4    libhio@1.4.1.2%gcc 
a4xtfhc        ^bzip2@1.0.6%gcc 
pkymrat        ^hdf5@1.10.5%gcc 
byf4fml            ^openmpi@3.1.4%gcc 
jhuy6gg                ^hwloc@1.11.11%gcc 
ozcefcx                    ^libpciaccess@0.13.5%gcc 
ij6hual                    ^libxml2@2.9.8%gcc 
qucctbn                ^numactl@2.0.12%gcc 
khreydq                ^zlib@1.2.11%gcc 
ycff6c5        ^json-c@0.13.1%gcc 

wyoc62c    libhio@1.4.1.3%gcc 
a4xtfhc        ^bzip2@1.0.6%gcc 
pkymrat        ^hdf5@1.10.5%gcc 
byf4fml            ^openmpi@3.1.4%gcc 
jhuy6gg                ^hwloc@1.11.11%gcc 
ozcefcx                    ^libpciaccess@0.13.5%gcc 
ij6hual                    ^libxml2@2.9.8%gcc 
qucctbn                ^numactl@2.0.12%gcc 
khreydq                ^zlib@1.2.11%gcc 
ycff6c5        ^json-c@0.13.1%gcc 

mv  /lustre/cpscratch1/dantopa/repos/gitlab/pull-requests/libraries/tools/bash/capulin-arm-batch.out   /lustre/cpscratch1/dantopa/repos/gitlab/pull-requests/libraries/results/batch-out/capulin-arm-libhio-2019-04-26-batch.out
cd /lustre/cpscratch1/dantopa/repos/gitlab/pull-requests
git add -A .
git commit -m "${USER} ${tpl} ${hpc} ${partition} ${ymd}"
[master e00105a] dantopa libhio capulin arm 2019-04-26
 7 files changed, 508 insertions(+), 453 deletions(-)
 create mode 100644 libraries/results/batch-out/capulin-arm-libhio-2019-04-26-batch.out
 rewrite libraries/results/command-log/capulin-arm-libhio-command.log (88%)
 rewrite libraries/results/install-log/capulin-arm-libhio-install.log (87%)
Fri Apr 26 14:10:40 MDT 2019
