Thu Apr 18 23:16:59 MDT 2019 [1m/home/dantopa/.mybash(B[m
Thu Apr 18 23:16:59 MDT 2019, [1m/scratch/users/dantopa/repos/gitlab/bash-scripts/core-scripts/platforms.sh(B[m
attempting to mkdir /scratch/users/dantopa/repos/gitlab/node-queries/darwin/power9-cn2021/dir-configuration
directory of core scripts = ${core} = /scratch/users/dantopa/repos/gitlab/bash-scripts/core-scripts
Thu Apr 18 23:16:59 MDT 2019, [1m/scratch/users/dantopa/repos/gitlab/bash-scripts/core-scripts/master.sh(B[m
Thu Apr 18 23:16:59 MDT 2019, [1m/scratch/users/dantopa/repos/gitlab/bash-scripts/core-scripts/info.sh(B[m
Thu Apr 18 23:16:59 MDT 2019, [1m/scratch/users/dantopa/repos/gitlab/bash-scripts/core-scripts/info-proc.sh(B[m
Thu Apr 18 23:16:59 MDT 2019, [1m/scratch/users/dantopa/repos/gitlab/bash-scripts/core-scripts/slurm.sh(B[m
Thu Apr 18 23:16:59 MDT 2019, [1m/scratch/users/dantopa/repos/gitlab/bash-scripts/core-scripts/info-slurm.sh(B[m
Thu Apr 18 23:16:59 MDT 2019, [1m/scratch/users/dantopa/repos/gitlab/bash-scripts/core-scripts/gcc.sh(B[m
Thu Apr 18 23:16:59 MDT 2019, [1m/scratch/users/dantopa/repos/gitlab/bash-scripts/core-scripts/info-git.sh(B[m
/scratch/users/dantopa/repos/gitlab/bash-scripts/core-scripts/info-git.sh: line 5: gonode: command not found
Thu Apr 18 23:16:59 MDT 2019, [1m/scratch/users/dantopa/repos/gitlab/bash-scripts/core-scripts/git.sh(B[m
Thu Apr 18 23:16:59 MDT 2019, [1m/scratch/users/dantopa/repos/gitlab/bash-scripts/core-scripts/slurm.sh(B[m
Thu Apr 18 23:16:59 MDT 2019, [1m/scratch/users/dantopa/repos/gitlab/bash-scripts/core-scripts/ssh.sh(B[m
Thu Apr 18 23:16:59 MDT 2019, [1m/scratch/users/dantopa/repos/gitlab/bash-scripts/core-scripts/vim.sh(B[m
Thu Apr 18 23:16:59 MDT 2019, [1m/scratch/users/dantopa/repos/gitlab/bash-scripts/core-scripts/bash.sh(B[m
Thu Apr 18 23:16:59 MDT 2019, [1m/scratch/users/dantopa/repos/gitlab/bash-scripts/core-scripts/finds.sh(B[m
Thu Apr 18 23:16:59 MDT 2019, [1m/scratch/users/dantopa/repos/gitlab/bash-scripts/core-scripts/cmake.sh(B[m
Thu Apr 18 23:16:59 MDT 2019, [1m/scratch/users/dantopa/repos/gitlab/bash-scripts/core-scripts/copy-configuration.sh(B[m
Thu Apr 18 23:16:59 MDT 2019, [1m/scratch/users/dantopa/repos/gitlab/bash-scripts/core-scripts/fortran.sh(B[m
Thu Apr 18 23:16:59 MDT 2019, [1m/scratch/users/dantopa/repos/gitlab/bash-scripts/core-scripts/bookmarks.sh(B[m
Thu Apr 18 23:16:59 MDT 2019, [1m/scratch/users/dantopa/repos/gitlab/bash-scripts/core-scripts/bookmarks-bitbucket.sh(B[m
Thu Apr 18 23:16:59 MDT 2019, [1m/scratch/users/dantopa/repos/gitlab/bash-scripts/core-scripts/bookmarks-github.sh(B[m
Thu Apr 18 23:16:59 MDT 2019, [1m/scratch/users/dantopa/repos/gitlab/bash-scripts/core-scripts/bookmarks-gitlab.sh(B[m
Thu Apr 18 23:16:59 MDT 2019, [1m/scratch/users/dantopa/repos/gitlab/bash-scripts/core-scripts/disk.sh(B[m
Thu Apr 18 23:16:59 MDT 2019, [1m/scratch/users/dantopa/repos/gitlab/bash-scripts/core-scripts/info.sh(B[m
/scratch/users/dantopa/repos/gitlab/bash-scripts/core-scripts/info-slurm.sh: line 33: sinfo_s: command not found
[master 62b5e62] darwin-power9-cn2021 Thu Apr 18 23:16:59 MDT 2019
 2 files changed, 28 insertions(+)
Thu Apr 18 23:17:00 MDT 2019, [1m/scratch/users/dantopa/repos/gitlab/bash-scripts/core-scripts/info-proc.sh(B[m
Thu Apr 18 23:17:00 MDT 2019, [1m/scratch/users/dantopa/repos/gitlab/bash-scripts/core-scripts/slurm.sh(B[m
Thu Apr 18 23:17:00 MDT 2019, [1m/scratch/users/dantopa/repos/gitlab/bash-scripts/core-scripts/info-slurm.sh(B[m
Thu Apr 18 23:17:00 MDT 2019, [1m/scratch/users/dantopa/repos/gitlab/bash-scripts/core-scripts/info-git.sh(B[m
Thu Apr 18 23:17:00 MDT 2019, [1m/scratch/users/dantopa/repos/gitlab/bash-scripts/core-scripts/spack.sh(B[m
Thu Apr 18 23:17:00 MDT 2019, [1m/scratch/users/dantopa/repos/gitlab/bash-scripts/core-scripts/uname.sh(B[m
/scratch/users/dantopa/repos/gitlab/bash-scripts/core-scripts/info-git.sh: line 5: gonode: command not found
Thu Apr 18 23:17:00 MDT 2019, [1m/scratch/users/dantopa/repos/gitlab/bash-scripts/core-scripts/modules.sh(B[m
Thu Apr 18 23:17:00 MDT 2019, [1m/scratch/users/dantopa/repos/gitlab/bash-scripts/core-scripts/slurm.sh(B[m
Thu Apr 18 23:17:00 MDT 2019, [1m/scratch/users/dantopa/repos/gitlab/bash-scripts/core-scripts/alias.sh(B[m
Thu Apr 18 23:17:00 MDT 2019, [1m/scratch/users/dantopa/repos/gitlab/bash-scripts/core-scripts/environment.sh(B[m
/scratch/users/dantopa/repos/gitlab/bash-scripts/core-scripts/environment.sh: line 11: myprompt: command not found
/scratch/users/dantopa/repos/gitlab/bash-scripts/core-scripts/info-slurm.sh: line 33: sinfo_s: command not found
[master 6774c3f] darwin-power9-cn2021 Thu Apr 18 23:17:00 MDT 2019
 2 files changed, 29 insertions(+)
Thu Apr 18 23:17:03 MDT 2019 /tmp/slurmd/job5185848/slurm_script
source "${dir_tools}/bash/master-tpl-sweep.sh"
Thu Apr 18 23:17:03 MDT 2019 /scratch/users/dantopa/repos/gitlab/pull-requests/libraries/tools/bash/master-tpl-sweep.sh
cd /scratch/users/dantopa/repos/gitlab/pull-requests/libraries/tools
source directories/libraries-darwin.sh
Thu Apr 18 23:17:03 MDT 2019 [1mdirectories/libraries-darwin.sh(B[m
source tpl-versions/versions-ucx.sh
Thu Apr 18 23:17:03 MDT 2019 [1mtpl-versions/versions-ucx.sh(B[m
4 ucx versions loaded:
1.5.0  1.4.0  1.3.1  1.2.2

source compilers/compilers-darwin-power9.sh
Thu Apr 18 23:17:03 MDT 2019 [1mcompilers/compilers-darwin-power9.sh(B[m
8 Spack-recognized compilers loaded:
gcc@8.2.0  gcc@7.3.0  gcc@6.4.0  gcc@4.8.5 pgi@18.10  pgi@18.7  pgi@17.10 xl@16.1

source klingons/darwin-power9-ucx.sh
Thu Apr 18 23:17:03 MDT 2019 [1mklingons/darwin-power9-ucx.sh(B[m
cd /scratch/users/dantopa/new-spack/libraries/darwin-power9.ucx
. share/spack/setup-env.sh
export spack_architecture='arch=linux-rhel7-ppc64le'
spack clean -a
==> Removing all temporary build stages
==> Removing cached downloads
==> Removing cached information on repositories
==> Removing python cache files
spack install ucx @ 1.5.0 % gcc@8.2.0  ^libnl/2263pm5 ^rdma-core/qymrwx6 arch=linux-rhel7-ppc64le  >> /scratch/users/dantopa/repos/gitlab/pull-requests/libraries/results/install-log/darwin-power9-ucx-install.log
==> Error: Unexpected token
['ucx', '@', '1.5.0', '%', 'gcc@8.2.0', '^libnl/2263pm5', '^rdma-core/qymrwx6', 'arch=linux-rhel7-ppc64le']
       ^
spack install ucx @ 1.5.0 % gcc@7.3.0  ^libnl/2263pm5 ^rdma-core/qymrwx6 arch=linux-rhel7-ppc64le  >> /scratch/users/dantopa/repos/gitlab/pull-requests/libraries/results/install-log/darwin-power9-ucx-install.log
==> Error: Unexpected token
['ucx', '@', '1.5.0', '%', 'gcc@7.3.0', '^libnl/2263pm5', '^rdma-core/qymrwx6', 'arch=linux-rhel7-ppc64le']
       ^
spack install ucx @ 1.5.0 % gcc@6.4.0  ^libnl/2263pm5 ^rdma-core/qymrwx6 arch=linux-rhel7-ppc64le  >> /scratch/users/dantopa/repos/gitlab/pull-requests/libraries/results/install-log/darwin-power9-ucx-install.log
==> Error: Unexpected token
['ucx', '@', '1.5.0', '%', 'gcc@6.4.0', '^libnl/2263pm5', '^rdma-core/qymrwx6', 'arch=linux-rhel7-ppc64le']
       ^
spack install ucx @ 1.5.0 % gcc@4.8.5  ^libnl/2263pm5 ^rdma-core/qymrwx6 arch=linux-rhel7-ppc64le  >> /scratch/users/dantopa/repos/gitlab/pull-requests/libraries/results/install-log/darwin-power9-ucx-install.log
==> Error: Unexpected token
['ucx', '@', '1.5.0', '%', 'gcc@4.8.5', '^libnl/2263pm5', '^rdma-core/qymrwx6', 'arch=linux-rhel7-ppc64le']
       ^
spack install ucx @ 1.5.0 % pgi@18.10  ^libnl/2263pm5 ^rdma-core/qymrwx6 arch=linux-rhel7-ppc64le  >> /scratch/users/dantopa/repos/gitlab/pull-requests/libraries/results/install-log/darwin-power9-ucx-install.log
==> Error: Unexpected token
['ucx', '@', '1.5.0', '%', 'pgi@18.10', '^libnl/2263pm5', '^rdma-core/qymrwx6', 'arch=linux-rhel7-ppc64le']
       ^
spack install ucx @ 1.5.0 % pgi@18.7  ^libnl/2263pm5 ^rdma-core/qymrwx6 arch=linux-rhel7-ppc64le  >> /scratch/users/dantopa/repos/gitlab/pull-requests/libraries/results/install-log/darwin-power9-ucx-install.log
==> Error: Unexpected token
['ucx', '@', '1.5.0', '%', 'pgi@18.7', '^libnl/2263pm5', '^rdma-core/qymrwx6', 'arch=linux-rhel7-ppc64le']
       ^
spack install ucx @ 1.5.0 % pgi@17.10  ^libnl/2263pm5 ^rdma-core/qymrwx6 arch=linux-rhel7-ppc64le  >> /scratch/users/dantopa/repos/gitlab/pull-requests/libraries/results/install-log/darwin-power9-ucx-install.log
==> Error: Unexpected token
['ucx', '@', '1.5.0', '%', 'pgi@17.10', '^libnl/2263pm5', '^rdma-core/qymrwx6', 'arch=linux-rhel7-ppc64le']
       ^
spack install ucx @ 1.5.0 % xl@16.1  ^libnl/2263pm5 ^rdma-core/qymrwx6 arch=linux-rhel7-ppc64le  >> /scratch/users/dantopa/repos/gitlab/pull-requests/libraries/results/install-log/darwin-power9-ucx-install.log
==> Error: Unexpected token
['ucx', '@', '1.5.0', '%', 'xl@16.1', '^libnl/2263pm5', '^rdma-core/qymrwx6', 'arch=linux-rhel7-ppc64le']
       ^
spack install ucx @ 1.4.0 % gcc@8.2.0  ^libnl/2263pm5 ^rdma-core/qymrwx6 arch=linux-rhel7-ppc64le  >> /scratch/users/dantopa/repos/gitlab/pull-requests/libraries/results/install-log/darwin-power9-ucx-install.log
==> Error: Unexpected token
['ucx', '@', '1.4.0', '%', 'gcc@8.2.0', '^libnl/2263pm5', '^rdma-core/qymrwx6', 'arch=linux-rhel7-ppc64le']
       ^
spack install ucx @ 1.4.0 % gcc@7.3.0  ^libnl/2263pm5 ^rdma-core/qymrwx6 arch=linux-rhel7-ppc64le  >> /scratch/users/dantopa/repos/gitlab/pull-requests/libraries/results/install-log/darwin-power9-ucx-install.log
==> Error: Unexpected token
['ucx', '@', '1.4.0', '%', 'gcc@7.3.0', '^libnl/2263pm5', '^rdma-core/qymrwx6', 'arch=linux-rhel7-ppc64le']
       ^
spack install ucx @ 1.4.0 % gcc@6.4.0  ^libnl/2263pm5 ^rdma-core/qymrwx6 arch=linux-rhel7-ppc64le  >> /scratch/users/dantopa/repos/gitlab/pull-requests/libraries/results/install-log/darwin-power9-ucx-install.log
==> Error: Unexpected token
['ucx', '@', '1.4.0', '%', 'gcc@6.4.0', '^libnl/2263pm5', '^rdma-core/qymrwx6', 'arch=linux-rhel7-ppc64le']
       ^
spack install ucx @ 1.4.0 % gcc@4.8.5  ^libnl/2263pm5 ^rdma-core/qymrwx6 arch=linux-rhel7-ppc64le  >> /scratch/users/dantopa/repos/gitlab/pull-requests/libraries/results/install-log/darwin-power9-ucx-install.log
==> Error: Unexpected token
['ucx', '@', '1.4.0', '%', 'gcc@4.8.5', '^libnl/2263pm5', '^rdma-core/qymrwx6', 'arch=linux-rhel7-ppc64le']
       ^
spack install ucx @ 1.4.0 % pgi@18.10  ^libnl/2263pm5 ^rdma-core/qymrwx6 arch=linux-rhel7-ppc64le  >> /scratch/users/dantopa/repos/gitlab/pull-requests/libraries/results/install-log/darwin-power9-ucx-install.log
==> Error: Unexpected token
['ucx', '@', '1.4.0', '%', 'pgi@18.10', '^libnl/2263pm5', '^rdma-core/qymrwx6', 'arch=linux-rhel7-ppc64le']
       ^
spack install ucx @ 1.4.0 % pgi@18.7  ^libnl/2263pm5 ^rdma-core/qymrwx6 arch=linux-rhel7-ppc64le  >> /scratch/users/dantopa/repos/gitlab/pull-requests/libraries/results/install-log/darwin-power9-ucx-install.log
==> Error: Unexpected token
['ucx', '@', '1.4.0', '%', 'pgi@18.7', '^libnl/2263pm5', '^rdma-core/qymrwx6', 'arch=linux-rhel7-ppc64le']
       ^
spack install ucx @ 1.4.0 % pgi@17.10  ^libnl/2263pm5 ^rdma-core/qymrwx6 arch=linux-rhel7-ppc64le  >> /scratch/users/dantopa/repos/gitlab/pull-requests/libraries/results/install-log/darwin-power9-ucx-install.log
==> Error: Unexpected token
['ucx', '@', '1.4.0', '%', 'pgi@17.10', '^libnl/2263pm5', '^rdma-core/qymrwx6', 'arch=linux-rhel7-ppc64le']
       ^
spack install ucx @ 1.4.0 % xl@16.1  ^libnl/2263pm5 ^rdma-core/qymrwx6 arch=linux-rhel7-ppc64le  >> /scratch/users/dantopa/repos/gitlab/pull-requests/libraries/results/install-log/darwin-power9-ucx-install.log
==> Error: Unexpected token
['ucx', '@', '1.4.0', '%', 'xl@16.1', '^libnl/2263pm5', '^rdma-core/qymrwx6', 'arch=linux-rhel7-ppc64le']
       ^
spack install ucx @ 1.3.1 % gcc@8.2.0  ^libnl/2263pm5 ^rdma-core/qymrwx6 arch=linux-rhel7-ppc64le  >> /scratch/users/dantopa/repos/gitlab/pull-requests/libraries/results/install-log/darwin-power9-ucx-install.log
==> Error: Unexpected token
['ucx', '@', '1.3.1', '%', 'gcc@8.2.0', '^libnl/2263pm5', '^rdma-core/qymrwx6', 'arch=linux-rhel7-ppc64le']
       ^
spack install ucx @ 1.3.1 % gcc@7.3.0  ^libnl/2263pm5 ^rdma-core/qymrwx6 arch=linux-rhel7-ppc64le  >> /scratch/users/dantopa/repos/gitlab/pull-requests/libraries/results/install-log/darwin-power9-ucx-install.log
==> Error: Unexpected token
['ucx', '@', '1.3.1', '%', 'gcc@7.3.0', '^libnl/2263pm5', '^rdma-core/qymrwx6', 'arch=linux-rhel7-ppc64le']
       ^
spack install ucx @ 1.3.1 % gcc@6.4.0  ^libnl/2263pm5 ^rdma-core/qymrwx6 arch=linux-rhel7-ppc64le  >> /scratch/users/dantopa/repos/gitlab/pull-requests/libraries/results/install-log/darwin-power9-ucx-install.log
==> Error: Unexpected token
['ucx', '@', '1.3.1', '%', 'gcc@6.4.0', '^libnl/2263pm5', '^rdma-core/qymrwx6', 'arch=linux-rhel7-ppc64le']
       ^
spack install ucx @ 1.3.1 % gcc@4.8.5  ^libnl/2263pm5 ^rdma-core/qymrwx6 arch=linux-rhel7-ppc64le  >> /scratch/users/dantopa/repos/gitlab/pull-requests/libraries/results/install-log/darwin-power9-ucx-install.log
==> Error: Unexpected token
['ucx', '@', '1.3.1', '%', 'gcc@4.8.5', '^libnl/2263pm5', '^rdma-core/qymrwx6', 'arch=linux-rhel7-ppc64le']
       ^
spack install ucx @ 1.3.1 % pgi@18.10  ^libnl/2263pm5 ^rdma-core/qymrwx6 arch=linux-rhel7-ppc64le  >> /scratch/users/dantopa/repos/gitlab/pull-requests/libraries/results/install-log/darwin-power9-ucx-install.log
==> Error: Unexpected token
['ucx', '@', '1.3.1', '%', 'pgi@18.10', '^libnl/2263pm5', '^rdma-core/qymrwx6', 'arch=linux-rhel7-ppc64le']
       ^
spack install ucx @ 1.3.1 % pgi@18.7  ^libnl/2263pm5 ^rdma-core/qymrwx6 arch=linux-rhel7-ppc64le  >> /scratch/users/dantopa/repos/gitlab/pull-requests/libraries/results/install-log/darwin-power9-ucx-install.log
==> Error: Unexpected token
['ucx', '@', '1.3.1', '%', 'pgi@18.7', '^libnl/2263pm5', '^rdma-core/qymrwx6', 'arch=linux-rhel7-ppc64le']
       ^
spack install ucx @ 1.3.1 % pgi@17.10  ^libnl/2263pm5 ^rdma-core/qymrwx6 arch=linux-rhel7-ppc64le  >> /scratch/users/dantopa/repos/gitlab/pull-requests/libraries/results/install-log/darwin-power9-ucx-install.log
==> Error: Unexpected token
['ucx', '@', '1.3.1', '%', 'pgi@17.10', '^libnl/2263pm5', '^rdma-core/qymrwx6', 'arch=linux-rhel7-ppc64le']
       ^
spack install ucx @ 1.3.1 % xl@16.1  ^libnl/2263pm5 ^rdma-core/qymrwx6 arch=linux-rhel7-ppc64le  >> /scratch/users/dantopa/repos/gitlab/pull-requests/libraries/results/install-log/darwin-power9-ucx-install.log
==> Error: Unexpected token
['ucx', '@', '1.3.1', '%', 'xl@16.1', '^libnl/2263pm5', '^rdma-core/qymrwx6', 'arch=linux-rhel7-ppc64le']
       ^
spack install ucx @ 1.2.2 % gcc@8.2.0  ^libnl/2263pm5 ^rdma-core/qymrwx6 arch=linux-rhel7-ppc64le  >> /scratch/users/dantopa/repos/gitlab/pull-requests/libraries/results/install-log/darwin-power9-ucx-install.log
==> Error: Unexpected token
['ucx', '@', '1.2.2', '%', 'gcc@8.2.0', '^libnl/2263pm5', '^rdma-core/qymrwx6', 'arch=linux-rhel7-ppc64le']
       ^
spack install ucx @ 1.2.2 % gcc@7.3.0  ^libnl/2263pm5 ^rdma-core/qymrwx6 arch=linux-rhel7-ppc64le  >> /scratch/users/dantopa/repos/gitlab/pull-requests/libraries/results/install-log/darwin-power9-ucx-install.log
==> Error: Unexpected token
['ucx', '@', '1.2.2', '%', 'gcc@7.3.0', '^libnl/2263pm5', '^rdma-core/qymrwx6', 'arch=linux-rhel7-ppc64le']
       ^
spack install ucx @ 1.2.2 % gcc@6.4.0  ^libnl/2263pm5 ^rdma-core/qymrwx6 arch=linux-rhel7-ppc64le  >> /scratch/users/dantopa/repos/gitlab/pull-requests/libraries/results/install-log/darwin-power9-ucx-install.log
==> Error: Unexpected token
['ucx', '@', '1.2.2', '%', 'gcc@6.4.0', '^libnl/2263pm5', '^rdma-core/qymrwx6', 'arch=linux-rhel7-ppc64le']
       ^
spack install ucx @ 1.2.2 % gcc@4.8.5  ^libnl/2263pm5 ^rdma-core/qymrwx6 arch=linux-rhel7-ppc64le  >> /scratch/users/dantopa/repos/gitlab/pull-requests/libraries/results/install-log/darwin-power9-ucx-install.log
==> Error: Unexpected token
['ucx', '@', '1.2.2', '%', 'gcc@4.8.5', '^libnl/2263pm5', '^rdma-core/qymrwx6', 'arch=linux-rhel7-ppc64le']
       ^
spack install ucx @ 1.2.2 % pgi@18.10  ^libnl/2263pm5 ^rdma-core/qymrwx6 arch=linux-rhel7-ppc64le  >> /scratch/users/dantopa/repos/gitlab/pull-requests/libraries/results/install-log/darwin-power9-ucx-install.log
==> Error: Unexpected token
['ucx', '@', '1.2.2', '%', 'pgi@18.10', '^libnl/2263pm5', '^rdma-core/qymrwx6', 'arch=linux-rhel7-ppc64le']
       ^
spack install ucx @ 1.2.2 % pgi@18.7  ^libnl/2263pm5 ^rdma-core/qymrwx6 arch=linux-rhel7-ppc64le  >> /scratch/users/dantopa/repos/gitlab/pull-requests/libraries/results/install-log/darwin-power9-ucx-install.log
==> Error: Unexpected token
['ucx', '@', '1.2.2', '%', 'pgi@18.7', '^libnl/2263pm5', '^rdma-core/qymrwx6', 'arch=linux-rhel7-ppc64le']
       ^
spack install ucx @ 1.2.2 % pgi@17.10  ^libnl/2263pm5 ^rdma-core/qymrwx6 arch=linux-rhel7-ppc64le  >> /scratch/users/dantopa/repos/gitlab/pull-requests/libraries/results/install-log/darwin-power9-ucx-install.log
==> Error: Unexpected token
['ucx', '@', '1.2.2', '%', 'pgi@17.10', '^libnl/2263pm5', '^rdma-core/qymrwx6', 'arch=linux-rhel7-ppc64le']
       ^
spack install ucx @ 1.2.2 % xl@16.1  ^libnl/2263pm5 ^rdma-core/qymrwx6 arch=linux-rhel7-ppc64le  >> /scratch/users/dantopa/repos/gitlab/pull-requests/libraries/results/install-log/darwin-power9-ucx-install.log
==> Error: Unexpected token
['ucx', '@', '1.2.2', '%', 'xl@16.1', '^libnl/2263pm5', '^rdma-core/qymrwx6', 'arch=linux-rhel7-ppc64le']
       ^
mkdir -p "${dir_results}/tpl-order"
spack find ucx >> /scratch/users/dantopa/repos/gitlab/pull-requests/libraries/results/tpl-order/ucx-darwin-power9.out
spack find -ldf ucx  >> /scratch/users/dantopa/repos/gitlab/pull-requests/libraries/results/tpl-order/ucx-darwin-power9-ldf.out
spack graph ucx >> /scratch/users/dantopa/repos/gitlab/pull-requests/libraries/results/tpl-order/ucx-darwin-power9-graph.out
spack compilers
==> Available compilers
-- gcc centos7-x86_64 -------------------------------------------
gcc@4.8.5

-- gcc rhel7-ppc64le --------------------------------------------
gcc@8.2.0
gcc@8.1.0
gcc@7.3.0
gcc@6.4.0
gcc@4.8.5

-- pgi rhel7-ppc64le --------------------------------------------
pgi@18.10
pgi@18.7
pgi@18.4
pgi@18.3
pgi@17.10
pgi@16.10

-- xl rhel7-ppc64le ---------------------------------------------
xl@16.1

-- xl_r rhel7-ppc64le -------------------------------------------
xl_r@16.1
spack find ucx
==> 15 installed packages
-- linux-rhel7-ppc64le / gcc@4.8.5 ------------------------------
ucx@1.2.2
ucx@1.3.1
ucx@1.4.0
ucx@1.5.0

-- linux-rhel7-ppc64le / gcc@6.4.0 ------------------------------
ucx@1.2.2
ucx@1.3.1
ucx@1.4.0
ucx@1.5.0

-- linux-rhel7-ppc64le / gcc@7.3.0 ------------------------------
ucx@1.2.2
ucx@1.3.1
ucx@1.4.0
ucx@1.5.0

-- linux-rhel7-ppc64le / gcc@8.2.0 ------------------------------
ucx@1.3.1
ucx@1.4.0
ucx@1.5.0
spack find -ldf ucx
==> 15 installed packages
-- linux-rhel7-ppc64le / gcc@4.8.5 ------------------------------
k3ywwal    ucx@1.2.2%gcc
pmgndwh        ^numactl@2.0.12%gcc
qymrwx6        ^rdma-core@20%gcc
2263pm5            ^libnl@3.3.0%gcc

axjc2vc    ucx@1.3.1%gcc
pmgndwh        ^numactl@2.0.12%gcc
qymrwx6        ^rdma-core@20%gcc
2263pm5            ^libnl@3.3.0%gcc

n6yscai    ucx@1.4.0%gcc
pmgndwh        ^numactl@2.0.12%gcc
qymrwx6        ^rdma-core@20%gcc
2263pm5            ^libnl@3.3.0%gcc

2hfzmam    ucx@1.5.0%gcc
pmgndwh        ^numactl@2.0.12%gcc
qymrwx6        ^rdma-core@20%gcc
2263pm5            ^libnl@3.3.0%gcc


-- linux-rhel7-ppc64le / gcc@6.4.0 ------------------------------
7272miy    ucx@1.2.2%gcc
tcpcexo        ^numactl@2.0.12%gcc
ioenmhh        ^rdma-core@20%gcc
pmfm6l5            ^libnl@3.3.0%gcc

gl5r4vu    ucx@1.3.1%gcc
tcpcexo        ^numactl@2.0.12%gcc
ioenmhh        ^rdma-core@20%gcc
pmfm6l5            ^libnl@3.3.0%gcc

qhgl6ux    ucx@1.4.0%gcc
tcpcexo        ^numactl@2.0.12%gcc
ioenmhh        ^rdma-core@20%gcc
pmfm6l5            ^libnl@3.3.0%gcc

b3uqj65    ucx@1.5.0%gcc
tcpcexo        ^numactl@2.0.12%gcc
ioenmhh        ^rdma-core@20%gcc
pmfm6l5            ^libnl@3.3.0%gcc


-- linux-rhel7-ppc64le / gcc@7.3.0 ------------------------------
pan22z6    ucx@1.2.2%gcc
kbnsrgd        ^numactl@2.0.12%gcc
wzxh7fe        ^rdma-core@20%gcc
y4euscu            ^libnl@3.3.0%gcc

gmdexrt    ucx@1.3.1%gcc
kbnsrgd        ^numactl@2.0.12%gcc
wzxh7fe        ^rdma-core@20%gcc
y4euscu            ^libnl@3.3.0%gcc

7kgcn3p    ucx@1.4.0%gcc
kbnsrgd        ^numactl@2.0.12%gcc
wzxh7fe        ^rdma-core@20%gcc
y4euscu            ^libnl@3.3.0%gcc

owafalj    ucx@1.5.0%gcc
kbnsrgd        ^numactl@2.0.12%gcc
wzxh7fe        ^rdma-core@20%gcc
y4euscu            ^libnl@3.3.0%gcc


-- linux-rhel7-ppc64le / gcc@8.2.0 ------------------------------
gzrbbsy    ucx@1.3.1%gcc
sjccaw6        ^numactl@2.0.12%gcc
ybzwo2y        ^rdma-core@20%gcc
ueuxawf            ^libnl@3.3.0%gcc

rjt6ooz    ucx@1.4.0%gcc
sjccaw6        ^numactl@2.0.12%gcc
ybzwo2y        ^rdma-core@20%gcc
ueuxawf            ^libnl@3.3.0%gcc

yku7ya3    ucx@1.5.0%gcc
sjccaw6        ^numactl@2.0.12%gcc
ybzwo2y        ^rdma-core@20%gcc
ueuxawf            ^libnl@3.3.0%gcc

mv  /scratch/users/dantopa/repos/gitlab/pull-requests/libraries/tools/bash/darwin-power9-batch.out   /scratch/users/dantopa/repos/gitlab/pull-requests/libraries/results/batch-out/darwin-power9-ucx-2019-04-18-batch.out
cd /scratch/users/dantopa/repos/gitlab/pull-requests/libraries
git add -A .
git commit -m "${USER} ${tpl} ${hpc} ${partition} ${ymd}"
[master 81f89ba] dantopa ucx darwin power9 2019-04-18
 13 files changed, 699 insertions(+), 45 deletions(-)
 create mode 100644 libraries/results/batch-out/darwin-power9-ucx-2019-04-18-batch.out
 create mode 100644 libraries/results/command-log/darwin-arm-ucx-command.log
 create mode 100644 libraries/results/command-log/darwin-general-ucx-command.log
 create mode 100644 libraries/results/command-log/darwin-power9-ucx-command.log
 create mode 100644 libraries/results/install-log/darwin-arm-ucx-install.log
 create mode 100644 libraries/results/install-log/darwin-general-ucx-install.log
 create mode 100644 libraries/results/install-log/darwin-power9-ucx-install.log
 create mode 100644 libraries/results/tpl-order/ucx-darwin-power9-graph.out
 create mode 100644 libraries/results/tpl-order/ucx-darwin-power9-ldf.out
 create mode 100644 libraries/results/tpl-order/ucx-darwin-power9.out
 delete mode 100644 libraries/tools/bash/darwin-power9-batch.out
Thu Apr 18 23:18:39 MDT 2019
