Thu Apr 18 19:45:31 MDT 2019 [1m/home/dantopa/.mybash(B[m
Thu Apr 18 19:45:31 MDT 2019, [1m/scratch/users/dantopa/repos/gitlab/bash-scripts/core-scripts/platforms.sh(B[m
attempting to mkdir /scratch/users/dantopa/repos/gitlab/node-queries/darwin/general-cn121/dir-configuration
directory of core scripts = ${core} = /scratch/users/dantopa/repos/gitlab/bash-scripts/core-scripts
Thu Apr 18 19:45:31 MDT 2019, [1m/scratch/users/dantopa/repos/gitlab/bash-scripts/core-scripts/master.sh(B[m
Thu Apr 18 19:45:31 MDT 2019, [1m/scratch/users/dantopa/repos/gitlab/bash-scripts/core-scripts/info.sh(B[m
Thu Apr 18 19:45:31 MDT 2019, [1m/scratch/users/dantopa/repos/gitlab/bash-scripts/core-scripts/info-proc.sh(B[m
Thu Apr 18 19:45:31 MDT 2019, [1m/scratch/users/dantopa/repos/gitlab/bash-scripts/core-scripts/slurm.sh(B[m
Thu Apr 18 19:45:31 MDT 2019, [1m/scratch/users/dantopa/repos/gitlab/bash-scripts/core-scripts/info-git.sh(B[m
Thu Apr 18 19:45:31 MDT 2019, [1m/scratch/users/dantopa/repos/gitlab/bash-scripts/core-scripts/info-slurm.sh(B[m
Thu Apr 18 19:45:31 MDT 2019, [1m/scratch/users/dantopa/repos/gitlab/bash-scripts/core-scripts/gcc.sh(B[m
/scratch/users/dantopa/repos/gitlab/bash-scripts/core-scripts/info-git.sh: line 5: gonode: command not found
Thu Apr 18 19:45:31 MDT 2019, [1m/scratch/users/dantopa/repos/gitlab/bash-scripts/core-scripts/git.sh(B[m
Thu Apr 18 19:45:31 MDT 2019, [1m/scratch/users/dantopa/repos/gitlab/bash-scripts/core-scripts/slurm.sh(B[m
Thu Apr 18 19:45:31 MDT 2019, [1m/scratch/users/dantopa/repos/gitlab/bash-scripts/core-scripts/ssh.sh(B[m
Thu Apr 18 19:45:31 MDT 2019, [1m/scratch/users/dantopa/repos/gitlab/bash-scripts/core-scripts/vim.sh(B[m
Thu Apr 18 19:45:31 MDT 2019, [1m/scratch/users/dantopa/repos/gitlab/bash-scripts/core-scripts/bash.sh(B[m
Thu Apr 18 19:45:31 MDT 2019, [1m/scratch/users/dantopa/repos/gitlab/bash-scripts/core-scripts/finds.sh(B[m
Thu Apr 18 19:45:31 MDT 2019, [1m/scratch/users/dantopa/repos/gitlab/bash-scripts/core-scripts/cmake.sh(B[m
Thu Apr 18 19:45:31 MDT 2019, [1m/scratch/users/dantopa/repos/gitlab/bash-scripts/core-scripts/copy-configuration.sh(B[m
Thu Apr 18 19:45:31 MDT 2019, [1m/scratch/users/dantopa/repos/gitlab/bash-scripts/core-scripts/fortran.sh(B[m
Thu Apr 18 19:45:31 MDT 2019, [1m/scratch/users/dantopa/repos/gitlab/bash-scripts/core-scripts/bookmarks.sh(B[m
Thu Apr 18 19:45:31 MDT 2019, [1m/scratch/users/dantopa/repos/gitlab/bash-scripts/core-scripts/bookmarks-bitbucket.sh(B[m
Thu Apr 18 19:45:31 MDT 2019, [1m/scratch/users/dantopa/repos/gitlab/bash-scripts/core-scripts/bookmarks-github.sh(B[m
Thu Apr 18 19:45:31 MDT 2019, [1m/scratch/users/dantopa/repos/gitlab/bash-scripts/core-scripts/bookmarks-gitlab.sh(B[m
Thu Apr 18 19:45:31 MDT 2019, [1m/scratch/users/dantopa/repos/gitlab/bash-scripts/core-scripts/disk.sh(B[m
Thu Apr 18 19:45:31 MDT 2019, [1m/scratch/users/dantopa/repos/gitlab/bash-scripts/core-scripts/info.sh(B[m
[master eca7d7e] darwin-general-cn121 Thu Apr 18 19:45:31 MDT 2019
 1 file changed, 15 insertions(+)
 create mode 100644 libraries/tools/bash/darwin-general-batch.out
/scratch/users/dantopa/repos/gitlab/bash-scripts/core-scripts/info-slurm.sh: line 33: sinfo_s: command not found
Thu Apr 18 19:45:32 MDT 2019, [1m/scratch/users/dantopa/repos/gitlab/bash-scripts/core-scripts/info-proc.sh(B[m
Thu Apr 18 19:45:32 MDT 2019, [1m/scratch/users/dantopa/repos/gitlab/bash-scripts/core-scripts/slurm.sh(B[m
Thu Apr 18 19:45:32 MDT 2019, [1m/scratch/users/dantopa/repos/gitlab/bash-scripts/core-scripts/info-git.sh(B[m
Thu Apr 18 19:45:32 MDT 2019, [1m/scratch/users/dantopa/repos/gitlab/bash-scripts/core-scripts/info-slurm.sh(B[m
Thu Apr 18 19:45:32 MDT 2019, [1m/scratch/users/dantopa/repos/gitlab/bash-scripts/core-scripts/spack.sh(B[m
Thu Apr 18 19:45:32 MDT 2019, [1m/scratch/users/dantopa/repos/gitlab/bash-scripts/core-scripts/uname.sh(B[m
/scratch/users/dantopa/repos/gitlab/bash-scripts/core-scripts/info-git.sh: line 5: gonode: command not found
Thu Apr 18 19:45:32 MDT 2019, [1m/scratch/users/dantopa/repos/gitlab/bash-scripts/core-scripts/modules.sh(B[m
Thu Apr 18 19:45:32 MDT 2019, [1m/scratch/users/dantopa/repos/gitlab/bash-scripts/core-scripts/slurm.sh(B[m
Thu Apr 18 19:45:32 MDT 2019, [1m/scratch/users/dantopa/repos/gitlab/bash-scripts/core-scripts/alias.sh(B[m
[master 4251eb7] darwin-general-cn121 Thu Apr 18 19:45:32 MDT 2019
 1 file changed, 23 insertions(+)
Thu Apr 18 19:45:32 MDT 2019, [1m/scratch/users/dantopa/repos/gitlab/bash-scripts/core-scripts/environment.sh(B[m
/scratch/users/dantopa/repos/gitlab/bash-scripts/core-scripts/environment.sh: line 11: myprompt: command not found
/scratch/users/dantopa/repos/gitlab/bash-scripts/core-scripts/info-slurm.sh: line 33: sinfo_s: command not found
Thu Apr 18 19:45:38 MDT 2019 /tmp/slurmd/job5185813/slurm_script
source "${dir_tools}/bash/master-tpl-sweep.sh"
Thu Apr 18 19:45:38 MDT 2019 /scratch/users/dantopa/repos/gitlab/pull-requests/libraries/tools/bash/master-tpl-sweep.sh
cd /scratch/users/dantopa/repos/gitlab/pull-requests/libraries/tools
source directories/libraries-darwin.sh
Thu Apr 18 19:45:38 MDT 2019 [1mdirectories/libraries-darwin.sh(B[m
source tpl-versions/versions-pmix.sh
Thu Apr 18 19:45:38 MDT 2019 [1mtpl-versions/versions-pmix.sh(B[m
4 pmix versions loaded:
3.1.2  3.0.2  2.2.2  2.1.4

source compilers/compilers-darwin-general.sh
Thu Apr 18 19:45:38 MDT 2019 [1mcompilers/compilers-darwin-general.sh(B[m
13 Spack-recognized compilers loaded:
gcc@8.2.0  gcc@7.3.0  gcc@6.4.0  gcc@5.5.0  gcc@4.9.3  gcc@4.8.5 intel@18.0.3  intel@17.0.6  intel@16.0.4  pgi@18.10  pgi@18.7  pgi@17.10  pgi@16.10

source klingons/darwin-general-pmix.sh
/scratch/users/dantopa/repos/gitlab/pull-requests/libraries/tools/bash/master-tpl-sweep.sh: line 34: klingons/darwin-general-pmix.sh: No such file or directory
cd /darwin-general.pmix
/scratch/users/dantopa/repos/gitlab/pull-requests/libraries/tools/bash/master-tpl-sweep.sh: line 37: cd: /darwin-general.pmix: No such file or directory
. share/spack/setup-env.sh
/scratch/users/dantopa/repos/gitlab/pull-requests/libraries/tools/bash/master-tpl-sweep.sh: line 40: share/spack/setup-env.sh: No such file or directory
export spack_architecture='arch=linux-centos7-x86_64'
spack clean -a
==> Removing all temporary build stages
==> Removing cached downloads
==> Removing cached information on repositories
==> Removing python cache files

spack install pmix @ 3.1.2 % gcc@8.2.0  arch=linux-centos7-x86_64  >> /scratch/users/dantopa/repos/gitlab/pull-requests/libraries/results/install-log/darwin-general-pmix-install.log
==> Error: [Errno 37] No locks available
close failed in file object destructor:
IOError: [Errno 116] Stale file handle
Traceback (most recent call last):
  File "/scratch/users/dantopa/new-spack/libraries/darwin-general.ucx/bin/spack", line 48, in <module>
    sys.exit(spack.main.main())
SystemError: error return without exception set

spack install pmix @ 3.1.2 % gcc@7.3.0  arch=linux-centos7-x86_64  >> /scratch/users/dantopa/repos/gitlab/pull-requests/libraries/results/install-log/darwin-general-pmix-install.log
curl: (37) Couldn't open file /usr/projects/draco/vendors/spack.mirror/pmix/pmix-3.1.2.tar.bz2

spack install pmix @ 3.1.2 % gcc@6.4.0  arch=linux-centos7-x86_64  >> /scratch/users/dantopa/repos/gitlab/pull-requests/libraries/results/install-log/darwin-general-pmix-install.log

spack install pmix @ 3.1.2 % gcc@5.5.0  arch=linux-centos7-x86_64  >> /scratch/users/dantopa/repos/gitlab/pull-requests/libraries/results/install-log/darwin-general-pmix-install.log

spack install pmix @ 3.1.2 % gcc@4.9.3  arch=linux-centos7-x86_64  >> /scratch/users/dantopa/repos/gitlab/pull-requests/libraries/results/install-log/darwin-general-pmix-install.log

spack install pmix @ 3.1.2 % gcc@4.8.5  arch=linux-centos7-x86_64  >> /scratch/users/dantopa/repos/gitlab/pull-requests/libraries/results/install-log/darwin-general-pmix-install.log

spack install pmix @ 3.1.2 % intel@18.0.3  arch=linux-centos7-x86_64  >> /scratch/users/dantopa/repos/gitlab/pull-requests/libraries/results/install-log/darwin-general-pmix-install.log
curl: (37) Couldn't open file /usr/projects/draco/vendors/spack.mirror/pmix/pmix-3.1.2.tar.bz2

spack install pmix @ 3.1.2 % intel@17.0.6  arch=linux-centos7-x86_64  >> /scratch/users/dantopa/repos/gitlab/pull-requests/libraries/results/install-log/darwin-general-pmix-install.log

spack install pmix @ 3.1.2 % intel@16.0.4  arch=linux-centos7-x86_64  >> /scratch/users/dantopa/repos/gitlab/pull-requests/libraries/results/install-log/darwin-general-pmix-install.log

spack install pmix @ 3.1.2 % pgi@18.10  arch=linux-centos7-x86_64  >> /scratch/users/dantopa/repos/gitlab/pull-requests/libraries/results/install-log/darwin-general-pmix-install.log
==> Error: ProcessError: Command exited with status 2:
    'make' '-j40'

9 errors found in build log:
     174      CCLD     libpciaccess.la
     175    make[2]: Leaving directory `/ram/tmp/dantopa/spack-stage/spack-stag
            e-L4xL4X/libpciaccess-0.13.5/src'
     176    Making all in scanpci
     177    make[2]: Entering directory `/ram/tmp/dantopa/spack-stage/spack-sta
            ge-L4xL4X/libpciaccess-0.13.5/scanpci'
     178      CC       scanpci.o
     179      CCLD     scanpci
  >> 180    ../src/.libs/libpciaccess.so: undefined reference to `inw'
  >> 181    ../src/.libs/libpciaccess.so: undefined reference to `outw'
  >> 182    ../src/.libs/libpciaccess.so: undefined reference to `inb'
  >> 183    ../src/.libs/libpciaccess.so: undefined reference to `outb'
  >> 184    ../src/.libs/libpciaccess.so: undefined reference to `inl'
  >> 185    ../src/.libs/libpciaccess.so: undefined reference to `outl'
  >> 186    make[2]: *** [scanpci] Error 2
     187    make[2]: Leaving directory `/ram/tmp/dantopa/spack-stage/spack-stag
            e-L4xL4X/libpciaccess-0.13.5/scanpci'
  >> 188    make[1]: *** [all-recursive] Error 1
     189    make[1]: Leaving directory `/ram/tmp/dantopa/spack-stage/spack-stag
            e-L4xL4X/libpciaccess-0.13.5'
  >> 190    make: *** [all] Error 2

See build log for details:
  /scratch/users/dantopa/new-spack/libraries/darwin-general.ucx/var/spack/stage/libpciaccess-0.13.5-txmk33tz4pwzoqpu7kzmtcuskj56yt5y/spack-build.out

spack install pmix @ 3.1.2 % pgi@18.7  arch=linux-centos7-x86_64  >> /scratch/users/dantopa/repos/gitlab/pull-requests/libraries/results/install-log/darwin-general-pmix-install.log
==> Error: ProcessError: Command exited with status 2:
    'make' '-j40'

9 errors found in build log:
     174      CCLD     libpciaccess.la
     175    make[2]: Leaving directory `/ram/tmp/dantopa/spack-stage/spack-stag
            e-4nLzLh/libpciaccess-0.13.5/src'
     176    Making all in scanpci
     177    make[2]: Entering directory `/ram/tmp/dantopa/spack-stage/spack-sta
            ge-4nLzLh/libpciaccess-0.13.5/scanpci'
     178      CC       scanpci.o
     179      CCLD     scanpci
  >> 180    ../src/.libs/libpciaccess.so: undefined reference to `inw'
  >> 181    ../src/.libs/libpciaccess.so: undefined reference to `outw'
  >> 182    ../src/.libs/libpciaccess.so: undefined reference to `inb'
  >> 183    ../src/.libs/libpciaccess.so: undefined reference to `outb'
  >> 184    ../src/.libs/libpciaccess.so: undefined reference to `inl'
  >> 185    ../src/.libs/libpciaccess.so: undefined reference to `outl'
  >> 186    make[2]: *** [scanpci] Error 2
     187    make[2]: Leaving directory `/ram/tmp/dantopa/spack-stage/spack-stag
            e-4nLzLh/libpciaccess-0.13.5/scanpci'
  >> 188    make[1]: *** [all-recursive] Error 1
     189    make[1]: Leaving directory `/ram/tmp/dantopa/spack-stage/spack-stag
            e-4nLzLh/libpciaccess-0.13.5'
  >> 190    make: *** [all] Error 2

See build log for details:
  /scratch/users/dantopa/new-spack/libraries/darwin-general.ucx/var/spack/stage/libpciaccess-0.13.5-v53lqyxkusuk5gzpa2c27if6gz74i6ef/spack-build.out

spack install pmix @ 3.1.2 % pgi@17.10  arch=linux-centos7-x86_64  >> /scratch/users/dantopa/repos/gitlab/pull-requests/libraries/results/install-log/darwin-general-pmix-install.log
==> Error: ProcessError: Command exited with status 2:
    'make' '-j40'

9 errors found in build log:
     174      CCLD     libpciaccess.la
     175    make[2]: Leaving directory `/ram/tmp/dantopa/spack-stage/spack-stag
            e-PylTPt/libpciaccess-0.13.5/src'
     176    Making all in scanpci
     177    make[2]: Entering directory `/ram/tmp/dantopa/spack-stage/spack-sta
            ge-PylTPt/libpciaccess-0.13.5/scanpci'
     178      CC       scanpci.o
     179      CCLD     scanpci
  >> 180    ../src/.libs/libpciaccess.so: undefined reference to `inw'
  >> 181    ../src/.libs/libpciaccess.so: undefined reference to `outb'
  >> 182    ../src/.libs/libpciaccess.so: undefined reference to `outl'
  >> 183    ../src/.libs/libpciaccess.so: undefined reference to `inb'
  >> 184    ../src/.libs/libpciaccess.so: undefined reference to `inl'
  >> 185    ../src/.libs/libpciaccess.so: undefined reference to `outw'
  >> 186    make[2]: *** [scanpci] Error 2
     187    make[2]: Leaving directory `/ram/tmp/dantopa/spack-stage/spack-stag
            e-PylTPt/libpciaccess-0.13.5/scanpci'
  >> 188    make[1]: *** [all-recursive] Error 1
     189    make[1]: Leaving directory `/ram/tmp/dantopa/spack-stage/spack-stag
            e-PylTPt/libpciaccess-0.13.5'
  >> 190    make: *** [all] Error 2

See build log for details:
  /scratch/users/dantopa/new-spack/libraries/darwin-general.ucx/var/spack/stage/libpciaccess-0.13.5-pg2xuuyhcjdndbls4t7dgpig6zg6rbgi/spack-build.out

spack install pmix @ 3.1.2 % pgi@16.10  arch=linux-centos7-x86_64  >> /scratch/users/dantopa/repos/gitlab/pull-requests/libraries/results/install-log/darwin-general-pmix-install.log
==> Error: ProcessError: Command exited with status 2:
    'make' '-j40'

9 errors found in build log:
     174      CCLD     libpciaccess.la
     175    make[2]: Leaving directory `/ram/tmp/dantopa/spack-stage/spack-stag
            e-fW6ZVY/libpciaccess-0.13.5/src'
     176    Making all in scanpci
     177    make[2]: Entering directory `/ram/tmp/dantopa/spack-stage/spack-sta
            ge-fW6ZVY/libpciaccess-0.13.5/scanpci'
     178      CC       scanpci.o
     179      CCLD     scanpci
  >> 180    ../src/.libs/libpciaccess.so: undefined reference to `inw'
  >> 181    ../src/.libs/libpciaccess.so: undefined reference to `outb'
  >> 182    ../src/.libs/libpciaccess.so: undefined reference to `outl'
  >> 183    ../src/.libs/libpciaccess.so: undefined reference to `inb'
  >> 184    ../src/.libs/libpciaccess.so: undefined reference to `inl'
  >> 185    ../src/.libs/libpciaccess.so: undefined reference to `outw'
  >> 186    make[2]: *** [scanpci] Error 2
     187    make[2]: Leaving directory `/ram/tmp/dantopa/spack-stage/spack-stag
            e-fW6ZVY/libpciaccess-0.13.5/scanpci'
  >> 188    make[1]: *** [all-recursive] Error 1
     189    make[1]: Leaving directory `/ram/tmp/dantopa/spack-stage/spack-stag
            e-fW6ZVY/libpciaccess-0.13.5'
  >> 190    make: *** [all] Error 2

See build log for details:
  /scratch/users/dantopa/new-spack/libraries/darwin-general.ucx/var/spack/stage/libpciaccess-0.13.5-nl5rxpywvoxmxgoo22g2rne5btq2crh5/spack-build.out

spack install pmix @ 3.0.2 % gcc@8.2.0  arch=linux-centos7-x86_64  >> /scratch/users/dantopa/repos/gitlab/pull-requests/libraries/results/install-log/darwin-general-pmix-install.log

spack install pmix @ 3.0.2 % gcc@7.3.0  arch=linux-centos7-x86_64  >> /scratch/users/dantopa/repos/gitlab/pull-requests/libraries/results/install-log/darwin-general-pmix-install.log

spack install pmix @ 3.0.2 % gcc@6.4.0  arch=linux-centos7-x86_64  >> /scratch/users/dantopa/repos/gitlab/pull-requests/libraries/results/install-log/darwin-general-pmix-install.log

spack install pmix @ 3.0.2 % gcc@5.5.0  arch=linux-centos7-x86_64  >> /scratch/users/dantopa/repos/gitlab/pull-requests/libraries/results/install-log/darwin-general-pmix-install.log

spack install pmix @ 3.0.2 % gcc@4.9.3  arch=linux-centos7-x86_64  >> /scratch/users/dantopa/repos/gitlab/pull-requests/libraries/results/install-log/darwin-general-pmix-install.log

spack install pmix @ 3.0.2 % gcc@4.8.5  arch=linux-centos7-x86_64  >> /scratch/users/dantopa/repos/gitlab/pull-requests/libraries/results/install-log/darwin-general-pmix-install.log

spack install pmix @ 3.0.2 % intel@18.0.3  arch=linux-centos7-x86_64  >> /scratch/users/dantopa/repos/gitlab/pull-requests/libraries/results/install-log/darwin-general-pmix-install.log

spack install pmix @ 3.0.2 % intel@17.0.6  arch=linux-centos7-x86_64  >> /scratch/users/dantopa/repos/gitlab/pull-requests/libraries/results/install-log/darwin-general-pmix-install.log

spack install pmix @ 3.0.2 % intel@16.0.4  arch=linux-centos7-x86_64  >> /scratch/users/dantopa/repos/gitlab/pull-requests/libraries/results/install-log/darwin-general-pmix-install.log

spack install pmix @ 3.0.2 % pgi@18.10  arch=linux-centos7-x86_64  >> /scratch/users/dantopa/repos/gitlab/pull-requests/libraries/results/install-log/darwin-general-pmix-install.log
==> Error: ProcessError: Command exited with status 2:
    'make' '-j40'

9 errors found in build log:
     174      CCLD     libpciaccess.la
     175    make[2]: Leaving directory `/ram/tmp/dantopa/spack-stage/spack-stag
            e-Yz3Lwc/libpciaccess-0.13.5/src'
     176    Making all in scanpci
     177    make[2]: Entering directory `/ram/tmp/dantopa/spack-stage/spack-sta
            ge-Yz3Lwc/libpciaccess-0.13.5/scanpci'
     178      CC       scanpci.o
     179      CCLD     scanpci
  >> 180    ../src/.libs/libpciaccess.so: undefined reference to `inw'
  >> 181    ../src/.libs/libpciaccess.so: undefined reference to `outw'
  >> 182    ../src/.libs/libpciaccess.so: undefined reference to `inb'
  >> 183    ../src/.libs/libpciaccess.so: undefined reference to `outb'
  >> 184    ../src/.libs/libpciaccess.so: undefined reference to `inl'
  >> 185    ../src/.libs/libpciaccess.so: undefined reference to `outl'
  >> 186    make[2]: *** [scanpci] Error 2
     187    make[2]: Leaving directory `/ram/tmp/dantopa/spack-stage/spack-stag
            e-Yz3Lwc/libpciaccess-0.13.5/scanpci'
  >> 188    make[1]: *** [all-recursive] Error 1
     189    make[1]: Leaving directory `/ram/tmp/dantopa/spack-stage/spack-stag
            e-Yz3Lwc/libpciaccess-0.13.5'
  >> 190    make: *** [all] Error 2

See build log for details:
  /scratch/users/dantopa/new-spack/libraries/darwin-general.ucx/var/spack/stage/libpciaccess-0.13.5-txmk33tz4pwzoqpu7kzmtcuskj56yt5y/spack-build.out

spack install pmix @ 3.0.2 % pgi@18.7  arch=linux-centos7-x86_64  >> /scratch/users/dantopa/repos/gitlab/pull-requests/libraries/results/install-log/darwin-general-pmix-install.log
==> Error: ProcessError: Command exited with status 2:
    'make' '-j40'

9 errors found in build log:
     174      CCLD     libpciaccess.la
     175    make[2]: Leaving directory `/ram/tmp/dantopa/spack-stage/spack-stag
            e-ZlVz1l/libpciaccess-0.13.5/src'
     176    Making all in scanpci
     177    make[2]: Entering directory `/ram/tmp/dantopa/spack-stage/spack-sta
            ge-ZlVz1l/libpciaccess-0.13.5/scanpci'
     178      CC       scanpci.o
     179      CCLD     scanpci
  >> 180    ../src/.libs/libpciaccess.so: undefined reference to `inw'
  >> 181    ../src/.libs/libpciaccess.so: undefined reference to `outw'
  >> 182    ../src/.libs/libpciaccess.so: undefined reference to `inb'
  >> 183    ../src/.libs/libpciaccess.so: undefined reference to `outb'
  >> 184    ../src/.libs/libpciaccess.so: undefined reference to `inl'
  >> 185    ../src/.libs/libpciaccess.so: undefined reference to `outl'
  >> 186    make[2]: *** [scanpci] Error 2
     187    make[2]: Leaving directory `/ram/tmp/dantopa/spack-stage/spack-stag
            e-ZlVz1l/libpciaccess-0.13.5/scanpci'
  >> 188    make[1]: *** [all-recursive] Error 1
     189    make[1]: Leaving directory `/ram/tmp/dantopa/spack-stage/spack-stag
            e-ZlVz1l/libpciaccess-0.13.5'
  >> 190    make: *** [all] Error 2

See build log for details:
  /scratch/users/dantopa/new-spack/libraries/darwin-general.ucx/var/spack/stage/libpciaccess-0.13.5-v53lqyxkusuk5gzpa2c27if6gz74i6ef/spack-build.out

spack install pmix @ 3.0.2 % pgi@17.10  arch=linux-centos7-x86_64  >> /scratch/users/dantopa/repos/gitlab/pull-requests/libraries/results/install-log/darwin-general-pmix-install.log
==> Error: ProcessError: Command exited with status 2:
    'make' '-j40'

9 errors found in build log:
     174      CCLD     libpciaccess.la
     175    make[2]: Leaving directory `/ram/tmp/dantopa/spack-stage/spack-stag
            e-8EfF5c/libpciaccess-0.13.5/src'
     176    Making all in scanpci
     177    make[2]: Entering directory `/ram/tmp/dantopa/spack-stage/spack-sta
            ge-8EfF5c/libpciaccess-0.13.5/scanpci'
     178      CC       scanpci.o
     179      CCLD     scanpci
  >> 180    ../src/.libs/libpciaccess.so: undefined reference to `inw'
  >> 181    ../src/.libs/libpciaccess.so: undefined reference to `outb'
  >> 182    ../src/.libs/libpciaccess.so: undefined reference to `outl'
  >> 183    ../src/.libs/libpciaccess.so: undefined reference to `inb'
  >> 184    ../src/.libs/libpciaccess.so: undefined reference to `inl'
  >> 185    ../src/.libs/libpciaccess.so: undefined reference to `outw'
  >> 186    make[2]: *** [scanpci] Error 2
     187    make[2]: Leaving directory `/ram/tmp/dantopa/spack-stage/spack-stag
            e-8EfF5c/libpciaccess-0.13.5/scanpci'
  >> 188    make[1]: *** [all-recursive] Error 1
     189    make[1]: Leaving directory `/ram/tmp/dantopa/spack-stage/spack-stag
            e-8EfF5c/libpciaccess-0.13.5'
  >> 190    make: *** [all] Error 2

See build log for details:
  /scratch/users/dantopa/new-spack/libraries/darwin-general.ucx/var/spack/stage/libpciaccess-0.13.5-pg2xuuyhcjdndbls4t7dgpig6zg6rbgi/spack-build.out

spack install pmix @ 3.0.2 % pgi@16.10  arch=linux-centos7-x86_64  >> /scratch/users/dantopa/repos/gitlab/pull-requests/libraries/results/install-log/darwin-general-pmix-install.log
==> Error: ProcessError: Command exited with status 2:
    'make' '-j40'

9 errors found in build log:
     174      CCLD     libpciaccess.la
     175    make[2]: Leaving directory `/ram/tmp/dantopa/spack-stage/spack-stag
            e-Ix0YLf/libpciaccess-0.13.5/src'
     176    Making all in scanpci
     177    make[2]: Entering directory `/ram/tmp/dantopa/spack-stage/spack-sta
            ge-Ix0YLf/libpciaccess-0.13.5/scanpci'
     178      CC       scanpci.o
     179      CCLD     scanpci
  >> 180    ../src/.libs/libpciaccess.so: undefined reference to `inw'
  >> 181    ../src/.libs/libpciaccess.so: undefined reference to `outb'
  >> 182    ../src/.libs/libpciaccess.so: undefined reference to `outl'
  >> 183    ../src/.libs/libpciaccess.so: undefined reference to `inb'
  >> 184    ../src/.libs/libpciaccess.so: undefined reference to `inl'
  >> 185    ../src/.libs/libpciaccess.so: undefined reference to `outw'
  >> 186    make[2]: *** [scanpci] Error 2
     187    make[2]: Leaving directory `/ram/tmp/dantopa/spack-stage/spack-stag
            e-Ix0YLf/libpciaccess-0.13.5/scanpci'
  >> 188    make[1]: *** [all-recursive] Error 1
     189    make[1]: Leaving directory `/ram/tmp/dantopa/spack-stage/spack-stag
            e-Ix0YLf/libpciaccess-0.13.5'
  >> 190    make: *** [all] Error 2

See build log for details:
  /scratch/users/dantopa/new-spack/libraries/darwin-general.ucx/var/spack/stage/libpciaccess-0.13.5-nl5rxpywvoxmxgoo22g2rne5btq2crh5/spack-build.out

spack install pmix @ 2.2.2 % gcc@8.2.0  arch=linux-centos7-x86_64  >> /scratch/users/dantopa/repos/gitlab/pull-requests/libraries/results/install-log/darwin-general-pmix-install.log
curl: (37) Couldn't open file /usr/projects/draco/vendors/spack.mirror/pmix/pmix-2.2.2.tar.bz2

spack install pmix @ 2.2.2 % gcc@7.3.0  arch=linux-centos7-x86_64  >> /scratch/users/dantopa/repos/gitlab/pull-requests/libraries/results/install-log/darwin-general-pmix-install.log

spack install pmix @ 2.2.2 % gcc@6.4.0  arch=linux-centos7-x86_64  >> /scratch/users/dantopa/repos/gitlab/pull-requests/libraries/results/install-log/darwin-general-pmix-install.log

spack install pmix @ 2.2.2 % gcc@5.5.0  arch=linux-centos7-x86_64  >> /scratch/users/dantopa/repos/gitlab/pull-requests/libraries/results/install-log/darwin-general-pmix-install.log

spack install pmix @ 2.2.2 % gcc@4.9.3  arch=linux-centos7-x86_64  >> /scratch/users/dantopa/repos/gitlab/pull-requests/libraries/results/install-log/darwin-general-pmix-install.log

spack install pmix @ 2.2.2 % gcc@4.8.5  arch=linux-centos7-x86_64  >> /scratch/users/dantopa/repos/gitlab/pull-requests/libraries/results/install-log/darwin-general-pmix-install.log

spack install pmix @ 2.2.2 % intel@18.0.3  arch=linux-centos7-x86_64  >> /scratch/users/dantopa/repos/gitlab/pull-requests/libraries/results/install-log/darwin-general-pmix-install.log

spack install pmix @ 2.2.2 % intel@17.0.6  arch=linux-centos7-x86_64  >> /scratch/users/dantopa/repos/gitlab/pull-requests/libraries/results/install-log/darwin-general-pmix-install.log

spack install pmix @ 2.2.2 % intel@16.0.4  arch=linux-centos7-x86_64  >> /scratch/users/dantopa/repos/gitlab/pull-requests/libraries/results/install-log/darwin-general-pmix-install.log

spack install pmix @ 2.2.2 % pgi@18.10  arch=linux-centos7-x86_64  >> /scratch/users/dantopa/repos/gitlab/pull-requests/libraries/results/install-log/darwin-general-pmix-install.log
==> Error: ProcessError: Command exited with status 2:
    'make' '-j40'

5 errors found in build log:
     1168      CC       simptimeout.o
     1169      CC       stability.o
     1170      CC       quietclient.o
     1171      CC       simpjctrl.o
     1172    PGC-F-0206-Can't find include file simptest.h (simpjctrl.c: 35)
     1173    PGC/x86-64 Linux 18.10-0: compilation aborted
  >> 1174    make[2]: *** [simpjctrl.o] Error 2
     1175    make[2]: *** Waiting for unfinished jobs....
     1176    PGC-F-0206-Can't find include file simptest.h (simptest.c: 49)
     1177    PGC/x86-64 Linux 18.10-0: compilation aborted
  >> 1178    make[2]: *** [simptest.o] Error 2
     1179    PGC-F-0206-Can't find include file simptest.h (stability.c: 49)
     1180    PGC/x86-64 Linux 18.10-0: compilation aborted
  >> 1181    make[2]: *** [stability.o] Error 2
     1182    make[2]: Leaving directory `/ram/tmp/dantopa/spack-stage/spack-sta
             ge-zQvppC/pmix-2.2.2/test/simple'
  >> 1183    make[1]: *** [all-recursive] Error 1
     1184    make[1]: Leaving directory `/ram/tmp/dantopa/spack-stage/spack-sta
             ge-zQvppC/pmix-2.2.2/test'
  >> 1185    make: *** [all-recursive] Error 1

See build log for details:
  /scratch/users/dantopa/new-spack/libraries/darwin-general.ucx/var/spack/stage/pmix-2.2.2-fm3lyvuop2sb2vs2oayrhc44myvkc6xy/spack-build.out

spack install pmix @ 2.2.2 % pgi@18.7  arch=linux-centos7-x86_64  >> /scratch/users/dantopa/repos/gitlab/pull-requests/libraries/results/install-log/darwin-general-pmix-install.log
==> Error: ProcessError: Command exited with status 2:
    'make' '-j40'

5 errors found in build log:
     1168      CC       simptimeout.o
     1169      CC       quietclient.o
     1170      CC       simpjctrl.o
     1171      CC       stability.o
     1172    PGC-F-0206-Can't find include file simptest.h (simpjctrl.c: 35)
     1173    PGC/x86-64 Linux 18.7-0: compilation aborted
  >> 1174    make[2]: *** [simpjctrl.o] Error 2
     1175    make[2]: *** Waiting for unfinished jobs....
     1176      CCLD     test_pmix
     1177    PGC-F-0206-Can't find include file simptest.h (stability.c: 49)
     1178    PGC/x86-64 Linux 18.7-0: compilation aborted
  >> 1179    make[2]: *** [stability.o] Error 2
     1180    PGC-F-0206-Can't find include file simptest.h (simptest.c: 49)
     1181    PGC/x86-64 Linux 18.7-0: compilation aborted
  >> 1182    make[2]: *** [simptest.o] Error 2
     1183    make[2]: Leaving directory `/ram/tmp/dantopa/spack-stage/spack-sta
             ge-c9A5mZ/pmix-2.2.2/test/simple'
  >> 1184    make[1]: *** [all-recursive] Error 1
     1185    make[1]: Leaving directory `/ram/tmp/dantopa/spack-stage/spack-sta
             ge-c9A5mZ/pmix-2.2.2/test'
  >> 1186    make: *** [all-recursive] Error 1

See build log for details:
  /scratch/users/dantopa/new-spack/libraries/darwin-general.ucx/var/spack/stage/pmix-2.2.2-lb3yw5qundoimjfatioas567gr7mqzip/spack-build.out

spack install pmix @ 2.2.2 % pgi@17.10  arch=linux-centos7-x86_64  >> /scratch/users/dantopa/repos/gitlab/pull-requests/libraries/results/install-log/darwin-general-pmix-install.log
==> Error: ProcessError: Command exited with status 2:
    'make' '-j40'

5 errors found in build log:
     1168      CC       stability.o
     1169      CC       simpdie.o
     1170      CC       quietclient.o
     1171      CC       simpjctrl.o
     1172    PGC-F-0206-Can't find include file simptest.h (simpjctrl.c: 35)
     1173    PGC/x86-64 Linux 17.10-0: compilation aborted
  >> 1174    make[2]: *** [simpjctrl.o] Error 2
     1175    make[2]: *** Waiting for unfinished jobs....
     1176    PGC-F-0206-Can't find include file simptest.h (stability.c: 49)
     1177    PGC/x86-64 Linux 17.10-0: compilation aborted
  >> 1178    make[2]: *** [stability.o] Error 2
     1179    PGC-F-0206-Can't find include file simptest.h (simptest.c: 49)
     1180    PGC/x86-64 Linux 17.10-0: compilation aborted
  >> 1181    make[2]: *** [simptest.o] Error 2
     1182    make[2]: Leaving directory `/ram/tmp/dantopa/spack-stage/spack-sta
             ge-FPLJa5/pmix-2.2.2/test/simple'
  >> 1183    make[1]: *** [all-recursive] Error 1
     1184    make[1]: Leaving directory `/ram/tmp/dantopa/spack-stage/spack-sta
             ge-FPLJa5/pmix-2.2.2/test'
  >> 1185    make: *** [all-recursive] Error 1

See build log for details:
  /scratch/users/dantopa/new-spack/libraries/darwin-general.ucx/var/spack/stage/pmix-2.2.2-n57hepbeqfjqat2kuiiqkelipcm5xuke/spack-build.out

spack install pmix @ 2.2.2 % pgi@16.10  arch=linux-centos7-x86_64  >> /scratch/users/dantopa/repos/gitlab/pull-requests/libraries/results/install-log/darwin-general-pmix-install.log
==> Error: ProcessError: Command exited with status 2:
    'make' '-j40'

5 errors found in build log:
     1168      CC       simplegacy.o
     1169      CC       stability.o
     1170      CC       quietclient.o
     1171      CC       simpjctrl.o
     1172    PGC-F-0206-Can't find include file simptest.h (simpjctrl.c: 35)
     1173    PGC/x86-64 Linux 16.10-0: compilation aborted
  >> 1174    make[2]: *** [simpjctrl.o] Error 2
     1175    make[2]: *** Waiting for unfinished jobs....
     1176    PGC-F-0206-Can't find include file simptest.h (simptest.c: 49)
     1177    PGC/x86-64 Linux 16.10-0: compilation aborted
  >> 1178    make[2]: *** [simptest.o] Error 2
     1179    PGC-F-0206-Can't find include file simptest.h (stability.c: 49)
     1180    PGC/x86-64 Linux 16.10-0: compilation aborted
  >> 1181    make[2]: *** [stability.o] Error 2
     1182    make[2]: Leaving directory `/ram/tmp/dantopa/spack-stage/spack-sta
             ge-2NuIeN/pmix-2.2.2/test/simple'
  >> 1183    make[1]: *** [all-recursive] Error 1
     1184    make[1]: Leaving directory `/ram/tmp/dantopa/spack-stage/spack-sta
             ge-2NuIeN/pmix-2.2.2/test'
  >> 1185    make: *** [all-recursive] Error 1

See build log for details:
  /scratch/users/dantopa/new-spack/libraries/darwin-general.ucx/var/spack/stage/pmix-2.2.2-oqahvatmesjcxyp2wtbeflabm5epn35i/spack-build.out

spack install pmix @ 2.1.4 % gcc@8.2.0  arch=linux-centos7-x86_64  >> /scratch/users/dantopa/repos/gitlab/pull-requests/libraries/results/install-log/darwin-general-pmix-install.log
curl: (37) Couldn't open file /usr/projects/draco/vendors/spack.mirror/pmix/pmix-2.1.4.tar.bz2

spack install pmix @ 2.1.4 % gcc@7.3.0  arch=linux-centos7-x86_64  >> /scratch/users/dantopa/repos/gitlab/pull-requests/libraries/results/install-log/darwin-general-pmix-install.log

spack install pmix @ 2.1.4 % gcc@6.4.0  arch=linux-centos7-x86_64  >> /scratch/users/dantopa/repos/gitlab/pull-requests/libraries/results/install-log/darwin-general-pmix-install.log

spack install pmix @ 2.1.4 % gcc@5.5.0  arch=linux-centos7-x86_64  >> /scratch/users/dantopa/repos/gitlab/pull-requests/libraries/results/install-log/darwin-general-pmix-install.log

spack install pmix @ 2.1.4 % gcc@4.9.3  arch=linux-centos7-x86_64  >> /scratch/users/dantopa/repos/gitlab/pull-requests/libraries/results/install-log/darwin-general-pmix-install.log

spack install pmix @ 2.1.4 % gcc@4.8.5  arch=linux-centos7-x86_64  >> /scratch/users/dantopa/repos/gitlab/pull-requests/libraries/results/install-log/darwin-general-pmix-install.log

spack install pmix @ 2.1.4 % intel@18.0.3  arch=linux-centos7-x86_64  >> /scratch/users/dantopa/repos/gitlab/pull-requests/libraries/results/install-log/darwin-general-pmix-install.log

spack install pmix @ 2.1.4 % intel@17.0.6  arch=linux-centos7-x86_64  >> /scratch/users/dantopa/repos/gitlab/pull-requests/libraries/results/install-log/darwin-general-pmix-install.log

spack install pmix @ 2.1.4 % intel@16.0.4  arch=linux-centos7-x86_64  >> /scratch/users/dantopa/repos/gitlab/pull-requests/libraries/results/install-log/darwin-general-pmix-install.log

spack install pmix @ 2.1.4 % pgi@18.10  arch=linux-centos7-x86_64  >> /scratch/users/dantopa/repos/gitlab/pull-requests/libraries/results/install-log/darwin-general-pmix-install.log

spack install pmix @ 2.1.4 % pgi@18.7  arch=linux-centos7-x86_64  >> /scratch/users/dantopa/repos/gitlab/pull-requests/libraries/results/install-log/darwin-general-pmix-install.log

spack install pmix @ 2.1.4 % pgi@17.10  arch=linux-centos7-x86_64  >> /scratch/users/dantopa/repos/gitlab/pull-requests/libraries/results/install-log/darwin-general-pmix-install.log

spack install pmix @ 2.1.4 % pgi@16.10  arch=linux-centos7-x86_64  >> /scratch/users/dantopa/repos/gitlab/pull-requests/libraries/results/install-log/darwin-general-pmix-install.log
mkdir -p "${dir_results}/tpl-order"
spack find pmix >> /scratch/users/dantopa/repos/gitlab/pull-requests/libraries/results/tpl-order/pmix-darwin-general.out
spack find -ldf pmix  >> /scratch/users/dantopa/repos/gitlab/pull-requests/libraries/results/tpl-order/pmix-darwin-general-ldf.out
spack graph pmix >> /scratch/users/dantopa/repos/gitlab/pull-requests/libraries/results/tpl-order/pmix-darwin-general-graph.out
spack compilers
==> Available compilers
-- gcc centos7-x86_64 -------------------------------------------
gcc@8.2.0
gcc@8.1.0
gcc@7.3.0
gcc@7.2.0
gcc@6.4.0
gcc@6.3.0
gcc@5.5.0
gcc@5.4.0
gcc@4.9.3
gcc@4.9.2
gcc@4.8.5
gcc@4.6.4

-- intel centos7-x86_64 -----------------------------------------
intel@18.0.3
intel@18.0.2
intel@17.0.6
intel@17.0.1
intel@16.0.4
intel@16.0.3

-- pgi centos7-x86_64 -------------------------------------------
pgi@18.10
pgi@18.7
pgi@18.4
pgi@18.3
pgi@17.10
pgi@17.4
pgi@16.10
spack find pmix
==> 39 installed packages
-- linux-centos7-x86_64 / gcc@4.8.5 -----------------------------
pmix@2.1.4
pmix@2.2.2
pmix@3.0.2
pmix@3.1.2

-- linux-centos7-x86_64 / gcc@4.9.3 -----------------------------
pmix@2.1.4
pmix@2.2.2
pmix@3.0.2
pmix@3.1.2

-- linux-centos7-x86_64 / gcc@5.5.0 -----------------------------
pmix@2.1.4
pmix@2.2.2
pmix@3.0.2
pmix@3.1.2

-- linux-centos7-x86_64 / gcc@6.4.0 -----------------------------
pmix@2.1.4
pmix@2.2.2
pmix@3.0.2
pmix@3.1.2

-- linux-centos7-x86_64 / gcc@7.3.0 -----------------------------
pmix@2.1.4
pmix@2.2.2
pmix@3.0.2
pmix@3.1.2

-- linux-centos7-x86_64 / gcc@8.2.0 -----------------------------
pmix@2.1.4
pmix@2.2.2
pmix@3.0.2

-- linux-centos7-x86_64 / intel@16.0.4 --------------------------
pmix@2.1.4
pmix@2.2.2
pmix@3.0.2
pmix@3.1.2

-- linux-centos7-x86_64 / intel@17.0.6 --------------------------
pmix@2.1.4
pmix@2.2.2
pmix@3.0.2
pmix@3.1.2

-- linux-centos7-x86_64 / intel@18.0.3 --------------------------
pmix@2.1.4
pmix@2.2.2
pmix@3.0.2
pmix@3.1.2

-- linux-centos7-x86_64 / pgi@16.10 -----------------------------
pmix@2.1.4

-- linux-centos7-x86_64 / pgi@17.10 -----------------------------
pmix@2.1.4

-- linux-centos7-x86_64 / pgi@18.7 ------------------------------
pmix@2.1.4

-- linux-centos7-x86_64 / pgi@18.10 -----------------------------
pmix@2.1.4
spack find -ldf pmix
==> 39 installed packages
-- linux-centos7-x86_64 / gcc@4.8.5 -----------------------------
sredt4j    pmix@2.1.4%gcc
m76ljab        ^libevent@2.1.8%gcc
wthsk3t            ^openssl@1.1.1b%gcc

f5zodjl    pmix@2.2.2%gcc
m76ljab        ^libevent@2.1.8%gcc
wthsk3t            ^openssl@1.1.1b%gcc

wari6qw    pmix@3.0.2%gcc
zlofgxm        ^hwloc@2.0.2%gcc
5chyfxo            ^libpciaccess@0.13.5%gcc
bcnjbc3            ^libxml2@2.9.8%gcc
m76ljab        ^libevent@2.1.8%gcc
wthsk3t            ^openssl@1.1.1b%gcc

qt2qf4y    pmix@3.1.2%gcc
zlofgxm        ^hwloc@2.0.2%gcc
5chyfxo            ^libpciaccess@0.13.5%gcc
bcnjbc3            ^libxml2@2.9.8%gcc
m76ljab        ^libevent@2.1.8%gcc
wthsk3t            ^openssl@1.1.1b%gcc


-- linux-centos7-x86_64 / gcc@4.9.3 -----------------------------
e3qyciv    pmix@2.1.4%gcc
tqniynd        ^libevent@2.1.8%gcc
y4rry76            ^openssl@1.1.1b%gcc

xbsy5bc    pmix@2.2.2%gcc
tqniynd        ^libevent@2.1.8%gcc
y4rry76            ^openssl@1.1.1b%gcc

mjesokq    pmix@3.0.2%gcc
wqqeec5        ^hwloc@2.0.2%gcc
nqafs22            ^libpciaccess@0.13.5%gcc
xr6jvqb            ^libxml2@2.9.8%gcc
tqniynd        ^libevent@2.1.8%gcc
y4rry76            ^openssl@1.1.1b%gcc

omyzj6f    pmix@3.1.2%gcc
wqqeec5        ^hwloc@2.0.2%gcc
nqafs22            ^libpciaccess@0.13.5%gcc
xr6jvqb            ^libxml2@2.9.8%gcc
tqniynd        ^libevent@2.1.8%gcc
y4rry76            ^openssl@1.1.1b%gcc


-- linux-centos7-x86_64 / gcc@5.5.0 -----------------------------
y7wly63    pmix@2.1.4%gcc
p3lav6s        ^libevent@2.1.8%gcc
ritaimx            ^openssl@1.1.1b%gcc

wwkxv23    pmix@2.2.2%gcc
p3lav6s        ^libevent@2.1.8%gcc
ritaimx            ^openssl@1.1.1b%gcc

6ehlkwd    pmix@3.0.2%gcc
ay37u7n        ^hwloc@2.0.2%gcc
ygiicn2            ^libpciaccess@0.13.5%gcc
dyuna3l            ^libxml2@2.9.8%gcc
p3lav6s        ^libevent@2.1.8%gcc
ritaimx            ^openssl@1.1.1b%gcc

bz2bka4    pmix@3.1.2%gcc
ay37u7n        ^hwloc@2.0.2%gcc
ygiicn2            ^libpciaccess@0.13.5%gcc
dyuna3l            ^libxml2@2.9.8%gcc
p3lav6s        ^libevent@2.1.8%gcc
ritaimx            ^openssl@1.1.1b%gcc


-- linux-centos7-x86_64 / gcc@6.4.0 -----------------------------
gtbzipu    pmix@2.1.4%gcc
td73grk        ^libevent@2.1.8%gcc
rff57eg            ^openssl@1.1.1b%gcc

635m5zq    pmix@2.2.2%gcc
td73grk        ^libevent@2.1.8%gcc
rff57eg            ^openssl@1.1.1b%gcc

hxdtzsj    pmix@3.0.2%gcc
d3tv6w2        ^hwloc@2.0.2%gcc
j6fsyhp            ^libpciaccess@0.13.5%gcc
ltoyknu            ^libxml2@2.9.8%gcc
td73grk        ^libevent@2.1.8%gcc
rff57eg            ^openssl@1.1.1b%gcc

htufkb7    pmix@3.1.2%gcc
d3tv6w2        ^hwloc@2.0.2%gcc
j6fsyhp            ^libpciaccess@0.13.5%gcc
ltoyknu            ^libxml2@2.9.8%gcc
td73grk        ^libevent@2.1.8%gcc
rff57eg            ^openssl@1.1.1b%gcc


-- linux-centos7-x86_64 / gcc@7.3.0 -----------------------------
iebxtpc    pmix@2.1.4%gcc
gxgeywz        ^libevent@2.1.8%gcc
gs3koao            ^openssl@1.1.1b%gcc

bf3d4bj    pmix@2.2.2%gcc
gxgeywz        ^libevent@2.1.8%gcc
gs3koao            ^openssl@1.1.1b%gcc

zar4otg    pmix@3.0.2%gcc
t3vq65n        ^hwloc@2.0.2%gcc
f5k35g4            ^libpciaccess@0.13.5%gcc
m46g2kt            ^libxml2@2.9.8%gcc
gxgeywz        ^libevent@2.1.8%gcc
gs3koao            ^openssl@1.1.1b%gcc

c3yenly    pmix@3.1.2%gcc
t3vq65n        ^hwloc@2.0.2%gcc
f5k35g4            ^libpciaccess@0.13.5%gcc
m46g2kt            ^libxml2@2.9.8%gcc
gxgeywz        ^libevent@2.1.8%gcc
gs3koao            ^openssl@1.1.1b%gcc


-- linux-centos7-x86_64 / gcc@8.2.0 -----------------------------
usyrk5j    pmix@2.1.4%gcc
nxtv7vb        ^libevent@2.1.8%gcc
yuvz7iz            ^openssl@1.1.1b%gcc

hiqrojo    pmix@2.2.2%gcc
nxtv7vb        ^libevent@2.1.8%gcc
yuvz7iz            ^openssl@1.1.1b%gcc

nd3qsex    pmix@3.0.2%gcc
bpazekb        ^hwloc@2.0.2%gcc
svkyphb            ^libpciaccess@0.13.5%gcc
uvcs5lc            ^libxml2@2.9.8%gcc
nxtv7vb        ^libevent@2.1.8%gcc
yuvz7iz            ^openssl@1.1.1b%gcc


-- linux-centos7-x86_64 / intel@16.0.4 --------------------------
xndylu3    pmix@2.1.4%intel
vtvgbja        ^libevent@2.1.8%intel
32nzi55            ^openssl@1.1.1b%intel

szkdm7k    pmix@2.2.2%intel
vtvgbja        ^libevent@2.1.8%intel
32nzi55            ^openssl@1.1.1b%intel

j5q64ak    pmix@3.0.2%intel
khoithd        ^hwloc@2.0.2%intel
jtzzof2            ^libpciaccess@0.13.5%intel
iikjujn            ^libxml2@2.9.8%intel
vtvgbja        ^libevent@2.1.8%intel
32nzi55            ^openssl@1.1.1b%intel

widkpkk    pmix@3.1.2%intel
khoithd        ^hwloc@2.0.2%intel
jtzzof2            ^libpciaccess@0.13.5%intel
iikjujn            ^libxml2@2.9.8%intel
vtvgbja        ^libevent@2.1.8%intel
32nzi55            ^openssl@1.1.1b%intel


-- linux-centos7-x86_64 / intel@17.0.6 --------------------------
5tjk7nz    pmix@2.1.4%intel
wlqy7at        ^libevent@2.1.8%intel
25cyhlr            ^openssl@1.1.1b%intel

hlga54b    pmix@2.2.2%intel
wlqy7at        ^libevent@2.1.8%intel
25cyhlr            ^openssl@1.1.1b%intel

ltydryh    pmix@3.0.2%intel
i5mpdo5        ^hwloc@2.0.2%intel
5ywhccx            ^libpciaccess@0.13.5%intel
rxyquml            ^libxml2@2.9.8%intel
wlqy7at        ^libevent@2.1.8%intel
25cyhlr            ^openssl@1.1.1b%intel

tuzuph2    pmix@3.1.2%intel
i5mpdo5        ^hwloc@2.0.2%intel
5ywhccx            ^libpciaccess@0.13.5%intel
rxyquml            ^libxml2@2.9.8%intel
wlqy7at        ^libevent@2.1.8%intel
25cyhlr            ^openssl@1.1.1b%intel


-- linux-centos7-x86_64 / intel@18.0.3 --------------------------
wvughvu    pmix@2.1.4%intel
eblktd6        ^libevent@2.1.8%intel
cyhr3jo            ^openssl@1.1.1b%intel

6dqqbee    pmix@2.2.2%intel
eblktd6        ^libevent@2.1.8%intel
cyhr3jo            ^openssl@1.1.1b%intel

cqcdgfw    pmix@3.0.2%intel
e2f3np3        ^hwloc@2.0.2%intel
zrun5pc            ^libpciaccess@0.13.5%intel
x6jborh            ^libxml2@2.9.8%intel
eblktd6        ^libevent@2.1.8%intel
cyhr3jo            ^openssl@1.1.1b%intel

x57elyc    pmix@3.1.2%intel
e2f3np3        ^hwloc@2.0.2%intel
zrun5pc            ^libpciaccess@0.13.5%intel
x6jborh            ^libxml2@2.9.8%intel
eblktd6        ^libevent@2.1.8%intel
cyhr3jo            ^openssl@1.1.1b%intel


-- linux-centos7-x86_64 / pgi@16.10 -----------------------------
bs5vndn    pmix@2.1.4%pgi
mpewtbr        ^libevent@2.1.8%pgi
bat3mu6            ^openssl@1.1.1b%pgi


-- linux-centos7-x86_64 / pgi@17.10 -----------------------------
nogtnxe    pmix@2.1.4%pgi
cp7ssrh        ^libevent@2.1.8%pgi
flqqpv4            ^openssl@1.1.1b%pgi


-- linux-centos7-x86_64 / pgi@18.7 ------------------------------
ncghlbc    pmix@2.1.4%pgi
uijxqwh        ^libevent@2.1.8%pgi
pzlttjh            ^openssl@1.1.1b%pgi


-- linux-centos7-x86_64 / pgi@18.10 -----------------------------
2a3qpre    pmix@2.1.4%pgi
y4vcnis        ^libevent@2.1.8%pgi
thcvha6            ^openssl@1.1.1b%pgi

mv  /scratch/users/dantopa/repos/gitlab/pull-requests/libraries/tools/bash/darwin-general-batch.out   /scratch/users/dantopa/repos/gitlab/pull-requests/libraries/results/batch-out/darwin-general-pmix-2019-04-18-batch.out
cd /scratch/users/dantopa/repos/gitlab/pull-requests/libraries
git add -A .
git commit -m "${USER} ${tpl} ${hpc} ${partition} ${ymd}"
[master e87515a] dantopa pmix darwin general 2019-04-18
 7 files changed, 2479 insertions(+), 97 deletions(-)
 create mode 100644 libraries/results/batch-out/darwin-general-pmix-2019-04-18-batch.out
 create mode 100644 libraries/results/tpl-order/pmix-darwin-general-graph.out
 create mode 100644 libraries/results/tpl-order/pmix-darwin-general-ldf.out
 create mode 100644 libraries/results/tpl-order/pmix-darwin-general.out
 delete mode 100644 libraries/tools/bash/darwin-general-batch.out
Thu Apr 18 21:43:56 MDT 2019
