Thu Apr 18 23:21:50 MDT 2019 /var/spool/slurmd/job2797961/slurm_script
source "${dir_tools}/bash/master-tpl-sweep.sh"
Thu Apr 18 23:21:50 MDT 2019 /net/scratch4/dantopa/repos/gitlab/pull-requests/libraries/tools/bash/master-tpl-sweep.sh
cd /net/scratch4/dantopa/repos/gitlab/pull-requests/libraries/tools
source directories/libraries-snow.sh
Thu Apr 18 23:21:50 MDT 2019 [1mdirectories/libraries-snow.sh(B[m
source tpl-versions/versions-ucx.sh
Thu Apr 18 23:21:50 MDT 2019 [1mtpl-versions/versions-ucx.sh(B[m
4 ucx versions loaded:
1.5.0  1.4.0  1.3.1  1.2.2

source compilers/compilers-snow-standard.sh
Thu Apr 18 23:21:50 MDT 2019 [1mcompilers/compilers-snow-standard.sh(B[m
11 Spack-recognized compilers loaded:
gcc@8.2.0  gcc@7.4.0  gcc@6.4.0  gcc@5.3.0 intel@19.0.1.144  intel@18.0.5  intel@17.0.4  intel@16.0.3 pgi@18.10  pgi@17.10  pgi@16.10

source klingons/snow-standard-ucx.sh
/net/scratch4/dantopa/repos/gitlab/pull-requests/libraries/tools/bash/master-tpl-sweep.sh: line 36: klingons/snow-standard-ucx.sh: No such file or directory
cd /net/scratch4/dantopa/spack/libraries/snow-standard.ucx
. share/spack/setup-env.sh
export spack_architecture='arch=linux-rhel7-x86_64'
spack clean -a
==> Removing all temporary build stages
==> Removing cached downloads
==> Removing cached information on repositories
==> Removing python cache files
spack install ucx @ 1.5.0 % gcc@8.2.0  arch=linux-rhel7-x86_64  >> /net/scratch4/dantopa/repos/gitlab/pull-requests/libraries/results/install-log/snow-standard-ucx-install.log
==> Error: No compilers found for operating system rhel7 and target x86_64.
If previous installations have succeeded, the operating system may have been updated.
Compilers are defined for the following operating systems and targets:
	centos7-x86_64
Run 'spack compiler find' to add compilers.
spack install ucx @ 1.5.0 % gcc@7.4.0  arch=linux-rhel7-x86_64  >> /net/scratch4/dantopa/repos/gitlab/pull-requests/libraries/results/install-log/snow-standard-ucx-install.log
==> Error: No compilers found for operating system rhel7 and target x86_64.
If previous installations have succeeded, the operating system may have been updated.
Compilers are defined for the following operating systems and targets:
	centos7-x86_64
Run 'spack compiler find' to add compilers.
spack install ucx @ 1.5.0 % gcc@6.4.0  arch=linux-rhel7-x86_64  >> /net/scratch4/dantopa/repos/gitlab/pull-requests/libraries/results/install-log/snow-standard-ucx-install.log
==> Error: No compilers found for operating system rhel7 and target x86_64.
If previous installations have succeeded, the operating system may have been updated.
Compilers are defined for the following operating systems and targets:
	centos7-x86_64
Run 'spack compiler find' to add compilers.
spack install ucx @ 1.5.0 % gcc@5.3.0  arch=linux-rhel7-x86_64  >> /net/scratch4/dantopa/repos/gitlab/pull-requests/libraries/results/install-log/snow-standard-ucx-install.log
==> Error: No compilers found for operating system rhel7 and target x86_64.
If previous installations have succeeded, the operating system may have been updated.
Compilers are defined for the following operating systems and targets:
	centos7-x86_64
Run 'spack compiler find' to add compilers.
spack install ucx @ 1.5.0 % intel@19.0.1.144  arch=linux-rhel7-x86_64  >> /net/scratch4/dantopa/repos/gitlab/pull-requests/libraries/results/install-log/snow-standard-ucx-install.log
==> Error: No compilers found for operating system rhel7 and target x86_64.
If previous installations have succeeded, the operating system may have been updated.
Compilers are defined for the following operating systems and targets:
	centos7-x86_64
Run 'spack compiler find' to add compilers.
spack install ucx @ 1.5.0 % intel@18.0.5  arch=linux-rhel7-x86_64  >> /net/scratch4/dantopa/repos/gitlab/pull-requests/libraries/results/install-log/snow-standard-ucx-install.log
==> Error: No compilers found for operating system rhel7 and target x86_64.
If previous installations have succeeded, the operating system may have been updated.
Compilers are defined for the following operating systems and targets:
	centos7-x86_64
Run 'spack compiler find' to add compilers.
spack install ucx @ 1.5.0 % intel@17.0.4  arch=linux-rhel7-x86_64  >> /net/scratch4/dantopa/repos/gitlab/pull-requests/libraries/results/install-log/snow-standard-ucx-install.log
==> Error: No compilers found for operating system rhel7 and target x86_64.
If previous installations have succeeded, the operating system may have been updated.
Compilers are defined for the following operating systems and targets:
	centos7-x86_64
Run 'spack compiler find' to add compilers.
spack install ucx @ 1.5.0 % intel@16.0.3  arch=linux-rhel7-x86_64  >> /net/scratch4/dantopa/repos/gitlab/pull-requests/libraries/results/install-log/snow-standard-ucx-install.log
==> Error: No compilers found for operating system rhel7 and target x86_64.
If previous installations have succeeded, the operating system may have been updated.
Compilers are defined for the following operating systems and targets:
	centos7-x86_64
Run 'spack compiler find' to add compilers.
spack install ucx @ 1.5.0 % pgi@18.10  arch=linux-rhel7-x86_64  >> /net/scratch4/dantopa/repos/gitlab/pull-requests/libraries/results/install-log/snow-standard-ucx-install.log
==> Error: No compilers found for operating system rhel7 and target x86_64.
If previous installations have succeeded, the operating system may have been updated.
Compilers are defined for the following operating systems and targets:
	centos7-x86_64
Run 'spack compiler find' to add compilers.
spack install ucx @ 1.5.0 % pgi@17.10  arch=linux-rhel7-x86_64  >> /net/scratch4/dantopa/repos/gitlab/pull-requests/libraries/results/install-log/snow-standard-ucx-install.log
==> Error: No compilers found for operating system rhel7 and target x86_64.
If previous installations have succeeded, the operating system may have been updated.
Compilers are defined for the following operating systems and targets:
	centos7-x86_64
Run 'spack compiler find' to add compilers.
spack install ucx @ 1.5.0 % pgi@16.10  arch=linux-rhel7-x86_64  >> /net/scratch4/dantopa/repos/gitlab/pull-requests/libraries/results/install-log/snow-standard-ucx-install.log
==> Error: No compilers found for operating system rhel7 and target x86_64.
If previous installations have succeeded, the operating system may have been updated.
Compilers are defined for the following operating systems and targets:
	centos7-x86_64
Run 'spack compiler find' to add compilers.
spack install ucx @ 1.4.0 % gcc@8.2.0  arch=linux-rhel7-x86_64  >> /net/scratch4/dantopa/repos/gitlab/pull-requests/libraries/results/install-log/snow-standard-ucx-install.log
==> Error: No compilers found for operating system rhel7 and target x86_64.
If previous installations have succeeded, the operating system may have been updated.
Compilers are defined for the following operating systems and targets:
	centos7-x86_64
Run 'spack compiler find' to add compilers.
spack install ucx @ 1.4.0 % gcc@7.4.0  arch=linux-rhel7-x86_64  >> /net/scratch4/dantopa/repos/gitlab/pull-requests/libraries/results/install-log/snow-standard-ucx-install.log
==> Error: No compilers found for operating system rhel7 and target x86_64.
If previous installations have succeeded, the operating system may have been updated.
Compilers are defined for the following operating systems and targets:
	centos7-x86_64
Run 'spack compiler find' to add compilers.
spack install ucx @ 1.4.0 % gcc@6.4.0  arch=linux-rhel7-x86_64  >> /net/scratch4/dantopa/repos/gitlab/pull-requests/libraries/results/install-log/snow-standard-ucx-install.log
==> Error: No compilers found for operating system rhel7 and target x86_64.
If previous installations have succeeded, the operating system may have been updated.
Compilers are defined for the following operating systems and targets:
	centos7-x86_64
Run 'spack compiler find' to add compilers.
spack install ucx @ 1.4.0 % gcc@5.3.0  arch=linux-rhel7-x86_64  >> /net/scratch4/dantopa/repos/gitlab/pull-requests/libraries/results/install-log/snow-standard-ucx-install.log
==> Error: No compilers found for operating system rhel7 and target x86_64.
If previous installations have succeeded, the operating system may have been updated.
Compilers are defined for the following operating systems and targets:
	centos7-x86_64
Run 'spack compiler find' to add compilers.
spack install ucx @ 1.4.0 % intel@19.0.1.144  arch=linux-rhel7-x86_64  >> /net/scratch4/dantopa/repos/gitlab/pull-requests/libraries/results/install-log/snow-standard-ucx-install.log
==> Error: No compilers found for operating system rhel7 and target x86_64.
If previous installations have succeeded, the operating system may have been updated.
Compilers are defined for the following operating systems and targets:
	centos7-x86_64
Run 'spack compiler find' to add compilers.
spack install ucx @ 1.4.0 % intel@18.0.5  arch=linux-rhel7-x86_64  >> /net/scratch4/dantopa/repos/gitlab/pull-requests/libraries/results/install-log/snow-standard-ucx-install.log
==> Error: No compilers found for operating system rhel7 and target x86_64.
If previous installations have succeeded, the operating system may have been updated.
Compilers are defined for the following operating systems and targets:
	centos7-x86_64
Run 'spack compiler find' to add compilers.
spack install ucx @ 1.4.0 % intel@17.0.4  arch=linux-rhel7-x86_64  >> /net/scratch4/dantopa/repos/gitlab/pull-requests/libraries/results/install-log/snow-standard-ucx-install.log
==> Error: No compilers found for operating system rhel7 and target x86_64.
If previous installations have succeeded, the operating system may have been updated.
Compilers are defined for the following operating systems and targets:
	centos7-x86_64
Run 'spack compiler find' to add compilers.
spack install ucx @ 1.4.0 % intel@16.0.3  arch=linux-rhel7-x86_64  >> /net/scratch4/dantopa/repos/gitlab/pull-requests/libraries/results/install-log/snow-standard-ucx-install.log
==> Error: No compilers found for operating system rhel7 and target x86_64.
If previous installations have succeeded, the operating system may have been updated.
Compilers are defined for the following operating systems and targets:
	centos7-x86_64
Run 'spack compiler find' to add compilers.
spack install ucx @ 1.4.0 % pgi@18.10  arch=linux-rhel7-x86_64  >> /net/scratch4/dantopa/repos/gitlab/pull-requests/libraries/results/install-log/snow-standard-ucx-install.log
==> Error: No compilers found for operating system rhel7 and target x86_64.
If previous installations have succeeded, the operating system may have been updated.
Compilers are defined for the following operating systems and targets:
	centos7-x86_64
Run 'spack compiler find' to add compilers.
spack install ucx @ 1.4.0 % pgi@17.10  arch=linux-rhel7-x86_64  >> /net/scratch4/dantopa/repos/gitlab/pull-requests/libraries/results/install-log/snow-standard-ucx-install.log
==> Error: No compilers found for operating system rhel7 and target x86_64.
If previous installations have succeeded, the operating system may have been updated.
Compilers are defined for the following operating systems and targets:
	centos7-x86_64
Run 'spack compiler find' to add compilers.
spack install ucx @ 1.4.0 % pgi@16.10  arch=linux-rhel7-x86_64  >> /net/scratch4/dantopa/repos/gitlab/pull-requests/libraries/results/install-log/snow-standard-ucx-install.log
==> Error: No compilers found for operating system rhel7 and target x86_64.
If previous installations have succeeded, the operating system may have been updated.
Compilers are defined for the following operating systems and targets:
	centos7-x86_64
Run 'spack compiler find' to add compilers.
spack install ucx @ 1.3.1 % gcc@8.2.0  arch=linux-rhel7-x86_64  >> /net/scratch4/dantopa/repos/gitlab/pull-requests/libraries/results/install-log/snow-standard-ucx-install.log
==> Error: No compilers found for operating system rhel7 and target x86_64.
If previous installations have succeeded, the operating system may have been updated.
Compilers are defined for the following operating systems and targets:
	centos7-x86_64
Run 'spack compiler find' to add compilers.
spack install ucx @ 1.3.1 % gcc@7.4.0  arch=linux-rhel7-x86_64  >> /net/scratch4/dantopa/repos/gitlab/pull-requests/libraries/results/install-log/snow-standard-ucx-install.log
==> Error: No compilers found for operating system rhel7 and target x86_64.
If previous installations have succeeded, the operating system may have been updated.
Compilers are defined for the following operating systems and targets:
	centos7-x86_64
Run 'spack compiler find' to add compilers.
spack install ucx @ 1.3.1 % gcc@6.4.0  arch=linux-rhel7-x86_64  >> /net/scratch4/dantopa/repos/gitlab/pull-requests/libraries/results/install-log/snow-standard-ucx-install.log
==> Error: No compilers found for operating system rhel7 and target x86_64.
If previous installations have succeeded, the operating system may have been updated.
Compilers are defined for the following operating systems and targets:
	centos7-x86_64
Run 'spack compiler find' to add compilers.
spack install ucx @ 1.3.1 % gcc@5.3.0  arch=linux-rhel7-x86_64  >> /net/scratch4/dantopa/repos/gitlab/pull-requests/libraries/results/install-log/snow-standard-ucx-install.log
==> Error: No compilers found for operating system rhel7 and target x86_64.
If previous installations have succeeded, the operating system may have been updated.
Compilers are defined for the following operating systems and targets:
	centos7-x86_64
Run 'spack compiler find' to add compilers.
spack install ucx @ 1.3.1 % intel@19.0.1.144  arch=linux-rhel7-x86_64  >> /net/scratch4/dantopa/repos/gitlab/pull-requests/libraries/results/install-log/snow-standard-ucx-install.log
==> Error: No compilers found for operating system rhel7 and target x86_64.
If previous installations have succeeded, the operating system may have been updated.
Compilers are defined for the following operating systems and targets:
	centos7-x86_64
Run 'spack compiler find' to add compilers.
spack install ucx @ 1.3.1 % intel@18.0.5  arch=linux-rhel7-x86_64  >> /net/scratch4/dantopa/repos/gitlab/pull-requests/libraries/results/install-log/snow-standard-ucx-install.log
==> Error: No compilers found for operating system rhel7 and target x86_64.
If previous installations have succeeded, the operating system may have been updated.
Compilers are defined for the following operating systems and targets:
	centos7-x86_64
Run 'spack compiler find' to add compilers.
spack install ucx @ 1.3.1 % intel@17.0.4  arch=linux-rhel7-x86_64  >> /net/scratch4/dantopa/repos/gitlab/pull-requests/libraries/results/install-log/snow-standard-ucx-install.log
==> Error: No compilers found for operating system rhel7 and target x86_64.
If previous installations have succeeded, the operating system may have been updated.
Compilers are defined for the following operating systems and targets:
	centos7-x86_64
Run 'spack compiler find' to add compilers.
spack install ucx @ 1.3.1 % intel@16.0.3  arch=linux-rhel7-x86_64  >> /net/scratch4/dantopa/repos/gitlab/pull-requests/libraries/results/install-log/snow-standard-ucx-install.log
==> Error: No compilers found for operating system rhel7 and target x86_64.
If previous installations have succeeded, the operating system may have been updated.
Compilers are defined for the following operating systems and targets:
	centos7-x86_64
Run 'spack compiler find' to add compilers.
spack install ucx @ 1.3.1 % pgi@18.10  arch=linux-rhel7-x86_64  >> /net/scratch4/dantopa/repos/gitlab/pull-requests/libraries/results/install-log/snow-standard-ucx-install.log
==> Error: No compilers found for operating system rhel7 and target x86_64.
If previous installations have succeeded, the operating system may have been updated.
Compilers are defined for the following operating systems and targets:
	centos7-x86_64
Run 'spack compiler find' to add compilers.
spack install ucx @ 1.3.1 % pgi@17.10  arch=linux-rhel7-x86_64  >> /net/scratch4/dantopa/repos/gitlab/pull-requests/libraries/results/install-log/snow-standard-ucx-install.log
==> Error: No compilers found for operating system rhel7 and target x86_64.
If previous installations have succeeded, the operating system may have been updated.
Compilers are defined for the following operating systems and targets:
	centos7-x86_64
Run 'spack compiler find' to add compilers.
spack install ucx @ 1.3.1 % pgi@16.10  arch=linux-rhel7-x86_64  >> /net/scratch4/dantopa/repos/gitlab/pull-requests/libraries/results/install-log/snow-standard-ucx-install.log
==> Error: No compilers found for operating system rhel7 and target x86_64.
If previous installations have succeeded, the operating system may have been updated.
Compilers are defined for the following operating systems and targets:
	centos7-x86_64
Run 'spack compiler find' to add compilers.
spack install ucx @ 1.2.2 % gcc@8.2.0  arch=linux-rhel7-x86_64  >> /net/scratch4/dantopa/repos/gitlab/pull-requests/libraries/results/install-log/snow-standard-ucx-install.log
==> Error: No compilers found for operating system rhel7 and target x86_64.
If previous installations have succeeded, the operating system may have been updated.
Compilers are defined for the following operating systems and targets:
	centos7-x86_64
Run 'spack compiler find' to add compilers.
spack install ucx @ 1.2.2 % gcc@7.4.0  arch=linux-rhel7-x86_64  >> /net/scratch4/dantopa/repos/gitlab/pull-requests/libraries/results/install-log/snow-standard-ucx-install.log
==> Error: No compilers found for operating system rhel7 and target x86_64.
If previous installations have succeeded, the operating system may have been updated.
Compilers are defined for the following operating systems and targets:
	centos7-x86_64
Run 'spack compiler find' to add compilers.
spack install ucx @ 1.2.2 % gcc@6.4.0  arch=linux-rhel7-x86_64  >> /net/scratch4/dantopa/repos/gitlab/pull-requests/libraries/results/install-log/snow-standard-ucx-install.log
==> Error: No compilers found for operating system rhel7 and target x86_64.
If previous installations have succeeded, the operating system may have been updated.
Compilers are defined for the following operating systems and targets:
	centos7-x86_64
Run 'spack compiler find' to add compilers.
spack install ucx @ 1.2.2 % gcc@5.3.0  arch=linux-rhel7-x86_64  >> /net/scratch4/dantopa/repos/gitlab/pull-requests/libraries/results/install-log/snow-standard-ucx-install.log
==> Error: No compilers found for operating system rhel7 and target x86_64.
If previous installations have succeeded, the operating system may have been updated.
Compilers are defined for the following operating systems and targets:
	centos7-x86_64
Run 'spack compiler find' to add compilers.
spack install ucx @ 1.2.2 % intel@19.0.1.144  arch=linux-rhel7-x86_64  >> /net/scratch4/dantopa/repos/gitlab/pull-requests/libraries/results/install-log/snow-standard-ucx-install.log
==> Error: No compilers found for operating system rhel7 and target x86_64.
If previous installations have succeeded, the operating system may have been updated.
Compilers are defined for the following operating systems and targets:
	centos7-x86_64
Run 'spack compiler find' to add compilers.
spack install ucx @ 1.2.2 % intel@18.0.5  arch=linux-rhel7-x86_64  >> /net/scratch4/dantopa/repos/gitlab/pull-requests/libraries/results/install-log/snow-standard-ucx-install.log
==> Error: No compilers found for operating system rhel7 and target x86_64.
If previous installations have succeeded, the operating system may have been updated.
Compilers are defined for the following operating systems and targets:
	centos7-x86_64
Run 'spack compiler find' to add compilers.
spack install ucx @ 1.2.2 % intel@17.0.4  arch=linux-rhel7-x86_64  >> /net/scratch4/dantopa/repos/gitlab/pull-requests/libraries/results/install-log/snow-standard-ucx-install.log
==> Error: No compilers found for operating system rhel7 and target x86_64.
If previous installations have succeeded, the operating system may have been updated.
Compilers are defined for the following operating systems and targets:
	centos7-x86_64
Run 'spack compiler find' to add compilers.
spack install ucx @ 1.2.2 % intel@16.0.3  arch=linux-rhel7-x86_64  >> /net/scratch4/dantopa/repos/gitlab/pull-requests/libraries/results/install-log/snow-standard-ucx-install.log
==> Error: No compilers found for operating system rhel7 and target x86_64.
If previous installations have succeeded, the operating system may have been updated.
Compilers are defined for the following operating systems and targets:
	centos7-x86_64
Run 'spack compiler find' to add compilers.
spack install ucx @ 1.2.2 % pgi@18.10  arch=linux-rhel7-x86_64  >> /net/scratch4/dantopa/repos/gitlab/pull-requests/libraries/results/install-log/snow-standard-ucx-install.log
==> Error: No compilers found for operating system rhel7 and target x86_64.
If previous installations have succeeded, the operating system may have been updated.
Compilers are defined for the following operating systems and targets:
	centos7-x86_64
Run 'spack compiler find' to add compilers.
spack install ucx @ 1.2.2 % pgi@17.10  arch=linux-rhel7-x86_64  >> /net/scratch4/dantopa/repos/gitlab/pull-requests/libraries/results/install-log/snow-standard-ucx-install.log
==> Error: No compilers found for operating system rhel7 and target x86_64.
If previous installations have succeeded, the operating system may have been updated.
Compilers are defined for the following operating systems and targets:
	centos7-x86_64
Run 'spack compiler find' to add compilers.
spack install ucx @ 1.2.2 % pgi@16.10  arch=linux-rhel7-x86_64  >> /net/scratch4/dantopa/repos/gitlab/pull-requests/libraries/results/install-log/snow-standard-ucx-install.log
==> Error: No compilers found for operating system rhel7 and target x86_64.
If previous installations have succeeded, the operating system may have been updated.
Compilers are defined for the following operating systems and targets:
	centos7-x86_64
Run 'spack compiler find' to add compilers.
mkdir -p "${dir_results}/tpl-order"
spack find ucx >> /net/scratch4/dantopa/repos/gitlab/pull-requests/libraries/results/tpl-order/ucx-snow-standard.out
spack find -ldf ucx  >> /net/scratch4/dantopa/repos/gitlab/pull-requests/libraries/results/tpl-order/ucx-snow-standard-ldf.out
spack graph ucx >> /net/scratch4/dantopa/repos/gitlab/pull-requests/libraries/results/tpl-order/ucx-snow-standard-graph.out
==> Error: No compilers found for operating system rhel7 and target x86_64.
If previous installations have succeeded, the operating system may have been updated.
Compilers are defined for the following operating systems and targets:
	centos7-x86_64
Run 'spack compiler find' to add compilers.
spack compilers
==> Available compilers
-- gcc centos7-x86_64 -------------------------------------------
gcc@8.2.0
gcc@7.4.0
gcc@6.4.0
gcc@5.3.0

-- intel centos7-x86_64 -----------------------------------------
intel@19.0.1.144
intel@18.0.5
intel@17.0.4
intel@16.0.3

-- pgi centos7-x86_64 -------------------------------------------
pgi@18.10
pgi@17.10
pgi@16.10
spack find ucx
==> No package matches the query: ucx
spack find -ldf ucx
==> No package matches the query: ucx
mv  /net/scratch4/dantopa/repos/gitlab/pull-requests/libraries/tools/bash/snow-standard-batch.out   /net/scratch4/dantopa/repos/gitlab/pull-requests/libraries/results/batch-out/snow-standard-ucx-2019-04-18-batch.out
cd /net/scratch4/dantopa/repos/gitlab/pull-requests/libraries
git add -A .
git commit -m "${USER} ${tpl} ${hpc} ${partition} ${ymd}"
[master 65ffe01] dantopa ucx snow standard 2019-04-18
 6 files changed, 467 insertions(+)
 create mode 100644 libraries/results/batch-out/snow-standard-ucx-2019-04-18-batch.out
 create mode 100644 libraries/results/command-log/snow-standard-ucx-command.log
 create mode 100644 libraries/results/install-log/snow-standard-ucx-install.log
 create mode 100644 libraries/results/tpl-order/ucx-snow-standard-graph.out
 create mode 100644 libraries/results/tpl-order/ucx-snow-standard-ldf.out
 create mode 100644 libraries/results/tpl-order/ucx-snow-standard.out
Thu Apr 18 23:32:01 MDT 2019
