Fri Apr 19 00:01:37 MDT 2019 /var/spool/slurmd/job2797977/slurm_script
source "${dir_tools}/bash/master-tpl-sweep.sh"
Fri Apr 19 00:01:37 MDT 2019 /net/scratch4/dantopa/repos/gitlab/pull-requests/libraries/tools/bash/master-tpl-sweep.sh
cd /net/scratch4/dantopa/repos/gitlab/pull-requests/libraries/tools
source directories/libraries-snow.sh
Fri Apr 19 00:01:37 MDT 2019 [1mdirectories/libraries-snow.sh(B[m
source tpl-versions/versions-openmpi.sh
Fri Apr 19 00:01:37 MDT 2019 [1mtpl-versions/versions-openmpi.sh(B[m
4 openmpi versions loaded:
4.0.1  3.1.3  3.0.3  2.1.6

source compilers/compilers-snow-standard.sh
Fri Apr 19 00:01:37 MDT 2019 [1mcompilers/compilers-snow-standard.sh(B[m
11 Spack-recognized compilers loaded:
gcc@8.2.0  gcc@7.4.0  gcc@6.4.0  gcc@5.3.0 intel@19.0.1.144  intel@18.0.5  intel@17.0.4  intel@16.0.3 pgi@18.10  pgi@17.10  pgi@16.10

source klingons/snow-standard-openmpi.sh
/net/scratch4/dantopa/repos/gitlab/pull-requests/libraries/tools/bash/master-tpl-sweep.sh: line 36: klingons/snow-standard-openmpi.sh: No such file or directory
cd /net/scratch4/dantopa/spack/libraries/snow-standard.openmpi
. share/spack/setup-env.sh
export spack_architecture='arch=linux-rhel7-x86_64'
spack clean -a
==> Removing all temporary build stages
==> Removing cached downloads
==> Removing cached information on repositories
==> Removing python cache files
spack install openmpi @ 4.0.1 % gcc@8.2.0  arch=linux-rhel7-x86_64  >> /net/scratch4/dantopa/repos/gitlab/pull-requests/libraries/results/install-log/snow-standard-openmpi-install.log
==> Error: Command exited with status 1:
'/usr/share/lmod/lmod/libexec/lmod' 'python' 'show' 'gcc/8.2.0'
os.environ["MODULEPATH"] = "/etc/modulefiles:/usr/share/modulefiles:/usr/share/modulefiles/Linux:/usr/share/modulefiles/Core:/usr/share/lmod/lmod/modulefiles/Core:/usr/projects/hpcsoft/modulefiles/toss3/snow/compiler:/usr/projects/hpcsoft/modulefiles/toss3/snow/debugger:/usr/projects/hpcsoft/modulefiles/toss3/snow/libraries:/usr/projects/hpcsoft/modulefiles/toss3/snow/misc:/usr/projects/hpcsoft/modulefiles/toss3/snow/mpi:/usr/projects/hpcsoft/modulefiles/toss3/snow/tools:/usr/projects/hpcsoft/modulefiles/toss3/snow/viz";
os.environ["_ModuleTable001_"] = "X01vZHVsZVRhYmxlXz17WyJNVHZlcnNpb24iXT0zLFsiY19yZWJ1aWxkVGltZSJdPWZhbHNlLFsiY19zaG9ydFRpbWUiXT1mYWxzZSxkZXB0aFQ9e30sZmFtaWx5PXt9LG1UPXt9LG1wYXRoQT17Ii9ldGMvbW9kdWxlZmlsZXMiLCIvdXNyL3NoYXJlL21vZHVsZWZpbGVzIiwiL3Vzci9zaGFyZS9tb2R1bGVmaWxlcy9MaW51eCIsIi91c3Ivc2hhcmUvbW9kdWxlZmlsZXMvQ29yZSIsIi91c3Ivc2hhcmUvbG1vZC9sbW9kL21vZHVsZWZpbGVzL0NvcmUiLCIvdXNyL3Byb2plY3RzL2hwY3NvZnQvbW9kdWxlZmlsZXMvdG9zczMvc25vdy9jb21waWxlciIsIi91c3IvcHJvamVjdHMvaHBjc29mdC9tb2R1bGVmaWxlcy90b3NzMy9zbm93L2RlYnVnZ2VyIiwiL3Vzci9wcm9qZWN0cy9o";
os.environ["_ModuleTable002_"] = "cGNzb2Z0L21vZHVsZWZpbGVzL3Rvc3MzL3Nub3cvbGlicmFyaWVzIiwiL3Vzci9wcm9qZWN0cy9ocGNzb2Z0L21vZHVsZWZpbGVzL3Rvc3MzL3Nub3cvbWlzYyIsIi91c3IvcHJvamVjdHMvaHBjc29mdC9tb2R1bGVmaWxlcy90b3NzMy9zbm93L21waSIsIi91c3IvcHJvamVjdHMvaHBjc29mdC9tb2R1bGVmaWxlcy90b3NzMy9zbm93L3Rvb2xzIiwiL3Vzci9wcm9qZWN0cy9ocGNzb2Z0L21vZHVsZWZpbGVzL3Rvc3MzL3Nub3cvdml6Iix9LFsic3lzdGVtQmFzZU1QQVRIIl09Ii9ldGMvbW9kdWxlZmlsZXM6L3Vzci9zaGFyZS9tb2R1bGVmaWxlczovdXNyL3NoYXJlL21vZHVsZWZpbGVzL0xpbnV4Oi91c3Ivc2hhcmUvbW9kdWxlZmlsZXMvQ29yZTovdXNyL3NoYXJlL2xtb2Qv";
os.environ["_ModuleTable003_"] = "bG1vZC9tb2R1bGVmaWxlcy9Db3JlIix9";
os.environ["_ModuleTable_Sz_"] = "3";

false
Lmod Warning: Failed to find the following module(s): "gcc/8.2.0" in your
MODULEPATH
Try:

    $ module spider gcc/8.2.0

to see if the module(s) are available across all compilers and MPI
implementations.




spack install openmpi @ 4.0.1 % gcc@7.4.0  arch=linux-rhel7-x86_64  >> /net/scratch4/dantopa/repos/gitlab/pull-requests/libraries/results/install-log/snow-standard-openmpi-install.log
==> Warning: There is no checksum on file to fetch openmpi@4.0.1 safely.
==> Error: FetchError: Will not fetch openmpi@4.0.1
    Add a checksum or use --no-checksum to skip this check.

/net/scratch4/.mdt2/dantopa/spack/libraries/snow-standard.openmpi/lib/spack/spack/package.py:962, in do_fetch:
        959                    tty.msg("Fetching with no checksum.", ck_msg)
        960
        961            if not ignore_checksum:
  >>    962                raise FetchError("Will not fetch %s" %
        963                                 self.spec.format('$_$@'), ck_msg)
        964
        965        self.stage.create()


spack install openmpi @ 4.0.1 % gcc@6.4.0  arch=linux-rhel7-x86_64  >> /net/scratch4/dantopa/repos/gitlab/pull-requests/libraries/results/install-log/snow-standard-openmpi-install.log
==> Warning: There is no checksum on file to fetch openmpi@4.0.1 safely.
==> Error: FetchError: Will not fetch openmpi@4.0.1
    Add a checksum or use --no-checksum to skip this check.

/net/scratch4/.mdt2/dantopa/spack/libraries/snow-standard.openmpi/lib/spack/spack/package.py:962, in do_fetch:
        959                    tty.msg("Fetching with no checksum.", ck_msg)
        960
        961            if not ignore_checksum:
  >>    962                raise FetchError("Will not fetch %s" %
        963                                 self.spec.format('$_$@'), ck_msg)
        964
        965        self.stage.create()


spack install openmpi @ 4.0.1 % gcc@5.3.0  arch=linux-rhel7-x86_64  >> /net/scratch4/dantopa/repos/gitlab/pull-requests/libraries/results/install-log/snow-standard-openmpi-install.log
==> Error: No compilers with spec gcc@5.3.0 found for operating system rhel7 and target x86_64.
Run 'spack compiler find' to add compilers.
spack install openmpi @ 4.0.1 % intel@19.0.1.144  arch=linux-rhel7-x86_64  >> /net/scratch4/dantopa/repos/gitlab/pull-requests/libraries/results/install-log/snow-standard-openmpi-install.log
==> Error: No compilers with spec intel@19.0.1.144 found for operating system rhel7 and target x86_64.
Run 'spack compiler find' to add compilers.
spack install openmpi @ 4.0.1 % intel@18.0.5  arch=linux-rhel7-x86_64  >> /net/scratch4/dantopa/repos/gitlab/pull-requests/libraries/results/install-log/snow-standard-openmpi-install.log
==> Warning: There is no checksum on file to fetch openmpi@4.0.1 safely.
==> Error: FetchError: Will not fetch openmpi@4.0.1
    Add a checksum or use --no-checksum to skip this check.

/net/scratch4/.mdt2/dantopa/spack/libraries/snow-standard.openmpi/lib/spack/spack/package.py:962, in do_fetch:
        959                    tty.msg("Fetching with no checksum.", ck_msg)
        960
        961            if not ignore_checksum:
  >>    962                raise FetchError("Will not fetch %s" %
        963                                 self.spec.format('$_$@'), ck_msg)
        964
        965        self.stage.create()


spack install openmpi @ 4.0.1 % intel@17.0.4  arch=linux-rhel7-x86_64  >> /net/scratch4/dantopa/repos/gitlab/pull-requests/libraries/results/install-log/snow-standard-openmpi-install.log
==> Warning: There is no checksum on file to fetch openmpi@4.0.1 safely.
==> Error: FetchError: Will not fetch openmpi@4.0.1
    Add a checksum or use --no-checksum to skip this check.

/net/scratch4/.mdt2/dantopa/spack/libraries/snow-standard.openmpi/lib/spack/spack/package.py:962, in do_fetch:
        959                    tty.msg("Fetching with no checksum.", ck_msg)
        960
        961            if not ignore_checksum:
  >>    962                raise FetchError("Will not fetch %s" %
        963                                 self.spec.format('$_$@'), ck_msg)
        964
        965        self.stage.create()


spack install openmpi @ 4.0.1 % intel@16.0.3  arch=linux-rhel7-x86_64  >> /net/scratch4/dantopa/repos/gitlab/pull-requests/libraries/results/install-log/snow-standard-openmpi-install.log
==> Error: No compilers with spec intel@16.0.3 found for operating system rhel7 and target x86_64.
Run 'spack compiler find' to add compilers.
spack install openmpi @ 4.0.1 % pgi@18.10  arch=linux-rhel7-x86_64  >> /net/scratch4/dantopa/repos/gitlab/pull-requests/libraries/results/install-log/snow-standard-openmpi-install.log
==> Error: ProcessError: Command exited with status 2:
    'make' '-j36'

9 errors found in build log:
     498      CCLD     libpciaccess.la
     499    make[2]: Leaving directory `/tmp/dantopa/spack-stage/spack-stage-09
            PkZr/libpciaccess-0.13.5/src'
     500    Making all in scanpci
     501    make[2]: Entering directory `/tmp/dantopa/spack-stage/spack-stage-0
            9PkZr/libpciaccess-0.13.5/scanpci'
     502      CC       scanpci.o
     503      CCLD     scanpci
  >> 504    ../src/.libs/libpciaccess.so: undefined reference to `inw'
  >> 505    ../src/.libs/libpciaccess.so: undefined reference to `outw'
  >> 506    ../src/.libs/libpciaccess.so: undefined reference to `inb'
  >> 507    ../src/.libs/libpciaccess.so: undefined reference to `outb'
  >> 508    ../src/.libs/libpciaccess.so: undefined reference to `inl'
  >> 509    ../src/.libs/libpciaccess.so: undefined reference to `outl'
  >> 510    make[2]: *** [scanpci] Error 2
     511    make[2]: Leaving directory `/tmp/dantopa/spack-stage/spack-stage-09
            PkZr/libpciaccess-0.13.5/scanpci'
  >> 512    make[1]: *** [all-recursive] Error 1
     513    make[1]: Leaving directory `/tmp/dantopa/spack-stage/spack-stage-09
            PkZr/libpciaccess-0.13.5'
  >> 514    make: *** [all] Error 2

See build log for details:
  /net/scratch4/.mdt2/dantopa/spack/libraries/snow-standard.openmpi/var/spack/stage/libpciaccess-0.13.5-7jys5j6in74b7k76nruprcfhck2km3ic/spack-build.out
spack install openmpi @ 4.0.1 % pgi@17.10  arch=linux-rhel7-x86_64  >> /net/scratch4/dantopa/repos/gitlab/pull-requests/libraries/results/install-log/snow-standard-openmpi-install.log
==> Error: ProcessError: Command exited with status 77:
    '/net/scratch4/.mdt2/dantopa/spack/libraries/snow-standard.openmpi/var/spack/stage/libpciaccess-0.13.5-gbupg42otgmyvaan7owmtuj63mphpoai/libpciaccess-0.13.5/configure' '--prefix=/net/scratch4/.mdt2/dantopa/spack/libraries/snow-standard.openmpi/opt/spack/linux-rhel7-x86_64/pgi-17.10/libpciaccess-0.13.5-gbupg42otgmyvaan7owmtuj63mphpoai'

2 errors found in build log:
     7     checking for gawk... gawk
     8     checking whether make sets $(MAKE)... yes
     9     checking whether make supports nested variables... yes
     10    checking for style of include used by make... GNU
     11    checking for gcc... /net/scratch4/.mdt2/dantopa/spack/libraries/snow
           -standard.openmpi/lib/spack/env/pgi/pgcc
     12    checking whether the C compiler works... no
  >> 13    configure: error: in `/tmp/dantopa/spack-stage/spack-stage-4c7zu7/li
           bpciaccess-0.13.5':
  >> 14    configure: error: C compiler cannot create executables
     15    See `config.log' for more details

See build log for details:
  /net/scratch4/.mdt2/dantopa/spack/libraries/snow-standard.openmpi/var/spack/stage/libpciaccess-0.13.5-gbupg42otgmyvaan7owmtuj63mphpoai/spack-build.out
spack install openmpi @ 4.0.1 % pgi@16.10  arch=linux-rhel7-x86_64  >> /net/scratch4/dantopa/repos/gitlab/pull-requests/libraries/results/install-log/snow-standard-openmpi-install.log
==> Error: ProcessError: Command exited with status 2:
    'make' '-j36'

9 errors found in build log:
     498      CCLD     libpciaccess.la
     499    make[2]: Leaving directory `/tmp/dantopa/spack-stage/spack-stage-4V
            KvcV/libpciaccess-0.13.5/src'
     500    Making all in scanpci
     501    make[2]: Entering directory `/tmp/dantopa/spack-stage/spack-stage-4
            VKvcV/libpciaccess-0.13.5/scanpci'
     502      CC       scanpci.o
     503      CCLD     scanpci
  >> 504    ../src/.libs/libpciaccess.so: undefined reference to `inw'
  >> 505    ../src/.libs/libpciaccess.so: undefined reference to `outb'
  >> 506    ../src/.libs/libpciaccess.so: undefined reference to `outl'
  >> 507    ../src/.libs/libpciaccess.so: undefined reference to `inb'
  >> 508    ../src/.libs/libpciaccess.so: undefined reference to `inl'
  >> 509    ../src/.libs/libpciaccess.so: undefined reference to `outw'
  >> 510    make[2]: *** [scanpci] Error 2
     511    make[2]: Leaving directory `/tmp/dantopa/spack-stage/spack-stage-4V
            KvcV/libpciaccess-0.13.5/scanpci'
  >> 512    make[1]: *** [all-recursive] Error 1
     513    make[1]: Leaving directory `/tmp/dantopa/spack-stage/spack-stage-4V
            KvcV/libpciaccess-0.13.5'
  >> 514    make: *** [all] Error 2

See build log for details:
  /net/scratch4/.mdt2/dantopa/spack/libraries/snow-standard.openmpi/var/spack/stage/libpciaccess-0.13.5-5zuqqz72t6wm6l4rnhshc7df5wneu2pi/spack-build.out
spack install openmpi @ 3.1.3 % gcc@8.2.0  arch=linux-rhel7-x86_64  >> /net/scratch4/dantopa/repos/gitlab/pull-requests/libraries/results/install-log/snow-standard-openmpi-install.log
==> Error: Command exited with status 1:
'/usr/share/lmod/lmod/libexec/lmod' 'python' 'show' 'gcc/8.2.0'
os.environ["MODULEPATH"] = "/etc/modulefiles:/usr/share/modulefiles:/usr/share/modulefiles/Linux:/usr/share/modulefiles/Core:/usr/share/lmod/lmod/modulefiles/Core:/usr/projects/hpcsoft/modulefiles/toss3/snow/compiler:/usr/projects/hpcsoft/modulefiles/toss3/snow/debugger:/usr/projects/hpcsoft/modulefiles/toss3/snow/libraries:/usr/projects/hpcsoft/modulefiles/toss3/snow/misc:/usr/projects/hpcsoft/modulefiles/toss3/snow/mpi:/usr/projects/hpcsoft/modulefiles/toss3/snow/tools:/usr/projects/hpcsoft/modulefiles/toss3/snow/viz";
os.environ["_ModuleTable001_"] = "X01vZHVsZVRhYmxlXz17WyJNVHZlcnNpb24iXT0zLFsiY19yZWJ1aWxkVGltZSJdPWZhbHNlLFsiY19zaG9ydFRpbWUiXT1mYWxzZSxkZXB0aFQ9e30sZmFtaWx5PXt9LG1UPXt9LG1wYXRoQT17Ii9ldGMvbW9kdWxlZmlsZXMiLCIvdXNyL3NoYXJlL21vZHVsZWZpbGVzIiwiL3Vzci9zaGFyZS9tb2R1bGVmaWxlcy9MaW51eCIsIi91c3Ivc2hhcmUvbW9kdWxlZmlsZXMvQ29yZSIsIi91c3Ivc2hhcmUvbG1vZC9sbW9kL21vZHVsZWZpbGVzL0NvcmUiLCIvdXNyL3Byb2plY3RzL2hwY3NvZnQvbW9kdWxlZmlsZXMvdG9zczMvc25vdy9jb21waWxlciIsIi91c3IvcHJvamVjdHMvaHBjc29mdC9tb2R1bGVmaWxlcy90b3NzMy9zbm93L2RlYnVnZ2VyIiwiL3Vzci9wcm9qZWN0cy9o";
os.environ["_ModuleTable002_"] = "cGNzb2Z0L21vZHVsZWZpbGVzL3Rvc3MzL3Nub3cvbGlicmFyaWVzIiwiL3Vzci9wcm9qZWN0cy9ocGNzb2Z0L21vZHVsZWZpbGVzL3Rvc3MzL3Nub3cvbWlzYyIsIi91c3IvcHJvamVjdHMvaHBjc29mdC9tb2R1bGVmaWxlcy90b3NzMy9zbm93L21waSIsIi91c3IvcHJvamVjdHMvaHBjc29mdC9tb2R1bGVmaWxlcy90b3NzMy9zbm93L3Rvb2xzIiwiL3Vzci9wcm9qZWN0cy9ocGNzb2Z0L21vZHVsZWZpbGVzL3Rvc3MzL3Nub3cvdml6Iix9LFsic3lzdGVtQmFzZU1QQVRIIl09Ii9ldGMvbW9kdWxlZmlsZXM6L3Vzci9zaGFyZS9tb2R1bGVmaWxlczovdXNyL3NoYXJlL21vZHVsZWZpbGVzL0xpbnV4Oi91c3Ivc2hhcmUvbW9kdWxlZmlsZXMvQ29yZTovdXNyL3NoYXJlL2xtb2Qv";
os.environ["_ModuleTable003_"] = "bG1vZC9tb2R1bGVmaWxlcy9Db3JlIix9";
os.environ["_ModuleTable_Sz_"] = "3";

false
Lmod Warning: Failed to find the following module(s): "gcc/8.2.0" in your
MODULEPATH
Try:

    $ module spider gcc/8.2.0

to see if the module(s) are available across all compilers and MPI
implementations.




spack install openmpi @ 3.1.3 % gcc@7.4.0  arch=linux-rhel7-x86_64  >> /net/scratch4/dantopa/repos/gitlab/pull-requests/libraries/results/install-log/snow-standard-openmpi-install.log
spack install openmpi @ 3.1.3 % gcc@6.4.0  arch=linux-rhel7-x86_64  >> /net/scratch4/dantopa/repos/gitlab/pull-requests/libraries/results/install-log/snow-standard-openmpi-install.log
spack install openmpi @ 3.1.3 % gcc@5.3.0  arch=linux-rhel7-x86_64  >> /net/scratch4/dantopa/repos/gitlab/pull-requests/libraries/results/install-log/snow-standard-openmpi-install.log
==> Error: No compilers with spec gcc@5.3.0 found for operating system rhel7 and target x86_64.
Run 'spack compiler find' to add compilers.
spack install openmpi @ 3.1.3 % intel@19.0.1.144  arch=linux-rhel7-x86_64  >> /net/scratch4/dantopa/repos/gitlab/pull-requests/libraries/results/install-log/snow-standard-openmpi-install.log
==> Error: No compilers with spec intel@19.0.1.144 found for operating system rhel7 and target x86_64.
Run 'spack compiler find' to add compilers.
spack install openmpi @ 3.1.3 % intel@18.0.5  arch=linux-rhel7-x86_64  >> /net/scratch4/dantopa/repos/gitlab/pull-requests/libraries/results/install-log/snow-standard-openmpi-install.log
spack install openmpi @ 3.1.3 % intel@17.0.4  arch=linux-rhel7-x86_64  >> /net/scratch4/dantopa/repos/gitlab/pull-requests/libraries/results/install-log/snow-standard-openmpi-install.log
spack install openmpi @ 3.1.3 % intel@16.0.3  arch=linux-rhel7-x86_64  >> /net/scratch4/dantopa/repos/gitlab/pull-requests/libraries/results/install-log/snow-standard-openmpi-install.log
==> Error: No compilers with spec intel@16.0.3 found for operating system rhel7 and target x86_64.
Run 'spack compiler find' to add compilers.
spack install openmpi @ 3.1.3 % pgi@18.10  arch=linux-rhel7-x86_64  >> /net/scratch4/dantopa/repos/gitlab/pull-requests/libraries/results/install-log/snow-standard-openmpi-install.log
==> Error: ProcessError: Command exited with status 2:
    'make' '-j36'

9 errors found in build log:
     498      CCLD     libpciaccess.la
     499    make[2]: Leaving directory `/tmp/dantopa/spack-stage/spack-stage-LQ
            QVCA/libpciaccess-0.13.5/src'
     500    Making all in scanpci
     501    make[2]: Entering directory `/tmp/dantopa/spack-stage/spack-stage-L
            QQVCA/libpciaccess-0.13.5/scanpci'
     502      CC       scanpci.o
     503      CCLD     scanpci
  >> 504    ../src/.libs/libpciaccess.so: undefined reference to `inw'
  >> 505    ../src/.libs/libpciaccess.so: undefined reference to `outw'
  >> 506    ../src/.libs/libpciaccess.so: undefined reference to `inb'
  >> 507    ../src/.libs/libpciaccess.so: undefined reference to `outb'
  >> 508    ../src/.libs/libpciaccess.so: undefined reference to `inl'
  >> 509    ../src/.libs/libpciaccess.so: undefined reference to `outl'
  >> 510    make[2]: *** [scanpci] Error 2
     511    make[2]: Leaving directory `/tmp/dantopa/spack-stage/spack-stage-LQ
            QVCA/libpciaccess-0.13.5/scanpci'
  >> 512    make[1]: *** [all-recursive] Error 1
     513    make[1]: Leaving directory `/tmp/dantopa/spack-stage/spack-stage-LQ
            QVCA/libpciaccess-0.13.5'
  >> 514    make: *** [all] Error 2

See build log for details:
  /net/scratch4/.mdt2/dantopa/spack/libraries/snow-standard.openmpi/var/spack/stage/libpciaccess-0.13.5-7jys5j6in74b7k76nruprcfhck2km3ic/spack-build.out
spack install openmpi @ 3.1.3 % pgi@17.10  arch=linux-rhel7-x86_64  >> /net/scratch4/dantopa/repos/gitlab/pull-requests/libraries/results/install-log/snow-standard-openmpi-install.log
==> Error: ProcessError: Command exited with status 77:
    '/net/scratch4/.mdt2/dantopa/spack/libraries/snow-standard.openmpi/var/spack/stage/libpciaccess-0.13.5-gbupg42otgmyvaan7owmtuj63mphpoai/libpciaccess-0.13.5/configure' '--prefix=/net/scratch4/.mdt2/dantopa/spack/libraries/snow-standard.openmpi/opt/spack/linux-rhel7-x86_64/pgi-17.10/libpciaccess-0.13.5-gbupg42otgmyvaan7owmtuj63mphpoai'

2 errors found in build log:
     7     checking for gawk... gawk
     8     checking whether make sets $(MAKE)... yes
     9     checking whether make supports nested variables... yes
     10    checking for style of include used by make... GNU
     11    checking for gcc... /net/scratch4/.mdt2/dantopa/spack/libraries/snow
           -standard.openmpi/lib/spack/env/pgi/pgcc
     12    checking whether the C compiler works... no
  >> 13    configure: error: in `/tmp/dantopa/spack-stage/spack-stage-4OXBQm/li
           bpciaccess-0.13.5':
  >> 14    configure: error: C compiler cannot create executables
     15    See `config.log' for more details

See build log for details:
  /net/scratch4/.mdt2/dantopa/spack/libraries/snow-standard.openmpi/var/spack/stage/libpciaccess-0.13.5-gbupg42otgmyvaan7owmtuj63mphpoai/spack-build.out
spack install openmpi @ 3.1.3 % pgi@16.10  arch=linux-rhel7-x86_64  >> /net/scratch4/dantopa/repos/gitlab/pull-requests/libraries/results/install-log/snow-standard-openmpi-install.log
==> Error: ProcessError: Command exited with status 2:
    'make' '-j36'

9 errors found in build log:
     498      CCLD     libpciaccess.la
     499    make[2]: Leaving directory `/tmp/dantopa/spack-stage/spack-stage-WL
            _bzf/libpciaccess-0.13.5/src'
     500    Making all in scanpci
     501    make[2]: Entering directory `/tmp/dantopa/spack-stage/spack-stage-W
            L_bzf/libpciaccess-0.13.5/scanpci'
     502      CC       scanpci.o
     503      CCLD     scanpci
  >> 504    ../src/.libs/libpciaccess.so: undefined reference to `inw'
  >> 505    ../src/.libs/libpciaccess.so: undefined reference to `outb'
  >> 506    ../src/.libs/libpciaccess.so: undefined reference to `outl'
  >> 507    ../src/.libs/libpciaccess.so: undefined reference to `inb'
  >> 508    ../src/.libs/libpciaccess.so: undefined reference to `inl'
  >> 509    ../src/.libs/libpciaccess.so: undefined reference to `outw'
  >> 510    make[2]: *** [scanpci] Error 2
     511    make[2]: Leaving directory `/tmp/dantopa/spack-stage/spack-stage-WL
            _bzf/libpciaccess-0.13.5/scanpci'
  >> 512    make[1]: *** [all-recursive] Error 1
     513    make[1]: Leaving directory `/tmp/dantopa/spack-stage/spack-stage-WL
            _bzf/libpciaccess-0.13.5'
  >> 514    make: *** [all] Error 2

See build log for details:
  /net/scratch4/.mdt2/dantopa/spack/libraries/snow-standard.openmpi/var/spack/stage/libpciaccess-0.13.5-5zuqqz72t6wm6l4rnhshc7df5wneu2pi/spack-build.out
spack install openmpi @ 3.0.3 % gcc@8.2.0  arch=linux-rhel7-x86_64  >> /net/scratch4/dantopa/repos/gitlab/pull-requests/libraries/results/install-log/snow-standard-openmpi-install.log
==> Error: Command exited with status 1:
'/usr/share/lmod/lmod/libexec/lmod' 'python' 'show' 'gcc/8.2.0'
os.environ["MODULEPATH"] = "/etc/modulefiles:/usr/share/modulefiles:/usr/share/modulefiles/Linux:/usr/share/modulefiles/Core:/usr/share/lmod/lmod/modulefiles/Core:/usr/projects/hpcsoft/modulefiles/toss3/snow/compiler:/usr/projects/hpcsoft/modulefiles/toss3/snow/debugger:/usr/projects/hpcsoft/modulefiles/toss3/snow/libraries:/usr/projects/hpcsoft/modulefiles/toss3/snow/misc:/usr/projects/hpcsoft/modulefiles/toss3/snow/mpi:/usr/projects/hpcsoft/modulefiles/toss3/snow/tools:/usr/projects/hpcsoft/modulefiles/toss3/snow/viz";
os.environ["_ModuleTable001_"] = "X01vZHVsZVRhYmxlXz17WyJNVHZlcnNpb24iXT0zLFsiY19yZWJ1aWxkVGltZSJdPWZhbHNlLFsiY19zaG9ydFRpbWUiXT1mYWxzZSxkZXB0aFQ9e30sZmFtaWx5PXt9LG1UPXt9LG1wYXRoQT17Ii9ldGMvbW9kdWxlZmlsZXMiLCIvdXNyL3NoYXJlL21vZHVsZWZpbGVzIiwiL3Vzci9zaGFyZS9tb2R1bGVmaWxlcy9MaW51eCIsIi91c3Ivc2hhcmUvbW9kdWxlZmlsZXMvQ29yZSIsIi91c3Ivc2hhcmUvbG1vZC9sbW9kL21vZHVsZWZpbGVzL0NvcmUiLCIvdXNyL3Byb2plY3RzL2hwY3NvZnQvbW9kdWxlZmlsZXMvdG9zczMvc25vdy9jb21waWxlciIsIi91c3IvcHJvamVjdHMvaHBjc29mdC9tb2R1bGVmaWxlcy90b3NzMy9zbm93L2RlYnVnZ2VyIiwiL3Vzci9wcm9qZWN0cy9o";
os.environ["_ModuleTable002_"] = "cGNzb2Z0L21vZHVsZWZpbGVzL3Rvc3MzL3Nub3cvbGlicmFyaWVzIiwiL3Vzci9wcm9qZWN0cy9ocGNzb2Z0L21vZHVsZWZpbGVzL3Rvc3MzL3Nub3cvbWlzYyIsIi91c3IvcHJvamVjdHMvaHBjc29mdC9tb2R1bGVmaWxlcy90b3NzMy9zbm93L21waSIsIi91c3IvcHJvamVjdHMvaHBjc29mdC9tb2R1bGVmaWxlcy90b3NzMy9zbm93L3Rvb2xzIiwiL3Vzci9wcm9qZWN0cy9ocGNzb2Z0L21vZHVsZWZpbGVzL3Rvc3MzL3Nub3cvdml6Iix9LFsic3lzdGVtQmFzZU1QQVRIIl09Ii9ldGMvbW9kdWxlZmlsZXM6L3Vzci9zaGFyZS9tb2R1bGVmaWxlczovdXNyL3NoYXJlL21vZHVsZWZpbGVzL0xpbnV4Oi91c3Ivc2hhcmUvbW9kdWxlZmlsZXMvQ29yZTovdXNyL3NoYXJlL2xtb2Qv";
os.environ["_ModuleTable003_"] = "bG1vZC9tb2R1bGVmaWxlcy9Db3JlIix9";
os.environ["_ModuleTable_Sz_"] = "3";

false
Lmod Warning: Failed to find the following module(s): "gcc/8.2.0" in your
MODULEPATH
Try:

    $ module spider gcc/8.2.0

to see if the module(s) are available across all compilers and MPI
implementations.




spack install openmpi @ 3.0.3 % gcc@7.4.0  arch=linux-rhel7-x86_64  >> /net/scratch4/dantopa/repos/gitlab/pull-requests/libraries/results/install-log/snow-standard-openmpi-install.log
spack install openmpi @ 3.0.3 % gcc@6.4.0  arch=linux-rhel7-x86_64  >> /net/scratch4/dantopa/repos/gitlab/pull-requests/libraries/results/install-log/snow-standard-openmpi-install.log
spack install openmpi @ 3.0.3 % gcc@5.3.0  arch=linux-rhel7-x86_64  >> /net/scratch4/dantopa/repos/gitlab/pull-requests/libraries/results/install-log/snow-standard-openmpi-install.log
==> Error: No compilers with spec gcc@5.3.0 found for operating system rhel7 and target x86_64.
Run 'spack compiler find' to add compilers.
spack install openmpi @ 3.0.3 % intel@19.0.1.144  arch=linux-rhel7-x86_64  >> /net/scratch4/dantopa/repos/gitlab/pull-requests/libraries/results/install-log/snow-standard-openmpi-install.log
==> Error: No compilers with spec intel@19.0.1.144 found for operating system rhel7 and target x86_64.
Run 'spack compiler find' to add compilers.
spack install openmpi @ 3.0.3 % intel@18.0.5  arch=linux-rhel7-x86_64  >> /net/scratch4/dantopa/repos/gitlab/pull-requests/libraries/results/install-log/snow-standard-openmpi-install.log
spack install openmpi @ 3.0.3 % intel@17.0.4  arch=linux-rhel7-x86_64  >> /net/scratch4/dantopa/repos/gitlab/pull-requests/libraries/results/install-log/snow-standard-openmpi-install.log
spack install openmpi @ 3.0.3 % intel@16.0.3  arch=linux-rhel7-x86_64  >> /net/scratch4/dantopa/repos/gitlab/pull-requests/libraries/results/install-log/snow-standard-openmpi-install.log
==> Error: No compilers with spec intel@16.0.3 found for operating system rhel7 and target x86_64.
Run 'spack compiler find' to add compilers.
spack install openmpi @ 3.0.3 % pgi@18.10  arch=linux-rhel7-x86_64  >> /net/scratch4/dantopa/repos/gitlab/pull-requests/libraries/results/install-log/snow-standard-openmpi-install.log
==> Error: ProcessError: Command exited with status 2:
    'make' '-j36'

9 errors found in build log:
     498      CCLD     libpciaccess.la
     499    make[2]: Leaving directory `/tmp/dantopa/spack-stage/spack-stage-kX
            cL4e/libpciaccess-0.13.5/src'
     500    Making all in scanpci
     501    make[2]: Entering directory `/tmp/dantopa/spack-stage/spack-stage-k
            XcL4e/libpciaccess-0.13.5/scanpci'
     502      CC       scanpci.o
     503      CCLD     scanpci
  >> 504    ../src/.libs/libpciaccess.so: undefined reference to `inw'
  >> 505    ../src/.libs/libpciaccess.so: undefined reference to `outw'
  >> 506    ../src/.libs/libpciaccess.so: undefined reference to `inb'
  >> 507    ../src/.libs/libpciaccess.so: undefined reference to `outb'
  >> 508    ../src/.libs/libpciaccess.so: undefined reference to `inl'
  >> 509    ../src/.libs/libpciaccess.so: undefined reference to `outl'
  >> 510    make[2]: *** [scanpci] Error 2
     511    make[2]: Leaving directory `/tmp/dantopa/spack-stage/spack-stage-kX
            cL4e/libpciaccess-0.13.5/scanpci'
  >> 512    make[1]: *** [all-recursive] Error 1
     513    make[1]: Leaving directory `/tmp/dantopa/spack-stage/spack-stage-kX
            cL4e/libpciaccess-0.13.5'
  >> 514    make: *** [all] Error 2

See build log for details:
  /net/scratch4/.mdt2/dantopa/spack/libraries/snow-standard.openmpi/var/spack/stage/libpciaccess-0.13.5-7jys5j6in74b7k76nruprcfhck2km3ic/spack-build.out
spack install openmpi @ 3.0.3 % pgi@17.10  arch=linux-rhel7-x86_64  >> /net/scratch4/dantopa/repos/gitlab/pull-requests/libraries/results/install-log/snow-standard-openmpi-install.log
==> Error: ProcessError: Command exited with status 77:
    '/net/scratch4/.mdt2/dantopa/spack/libraries/snow-standard.openmpi/var/spack/stage/libpciaccess-0.13.5-gbupg42otgmyvaan7owmtuj63mphpoai/libpciaccess-0.13.5/configure' '--prefix=/net/scratch4/.mdt2/dantopa/spack/libraries/snow-standard.openmpi/opt/spack/linux-rhel7-x86_64/pgi-17.10/libpciaccess-0.13.5-gbupg42otgmyvaan7owmtuj63mphpoai'

2 errors found in build log:
     7     checking for gawk... gawk
     8     checking whether make sets $(MAKE)... yes
     9     checking whether make supports nested variables... yes
     10    checking for style of include used by make... GNU
     11    checking for gcc... /net/scratch4/.mdt2/dantopa/spack/libraries/snow
           -standard.openmpi/lib/spack/env/pgi/pgcc
     12    checking whether the C compiler works... no
  >> 13    configure: error: in `/tmp/dantopa/spack-stage/spack-stage-LCU5L5/li
           bpciaccess-0.13.5':
  >> 14    configure: error: C compiler cannot create executables
     15    See `config.log' for more details

See build log for details:
  /net/scratch4/.mdt2/dantopa/spack/libraries/snow-standard.openmpi/var/spack/stage/libpciaccess-0.13.5-gbupg42otgmyvaan7owmtuj63mphpoai/spack-build.out
spack install openmpi @ 3.0.3 % pgi@16.10  arch=linux-rhel7-x86_64  >> /net/scratch4/dantopa/repos/gitlab/pull-requests/libraries/results/install-log/snow-standard-openmpi-install.log
==> Error: ProcessError: Command exited with status 2:
    'make' '-j36'

9 errors found in build log:
     498      CCLD     libpciaccess.la
     499    make[2]: Leaving directory `/tmp/dantopa/spack-stage/spack-stage-B_
            oowG/libpciaccess-0.13.5/src'
     500    Making all in scanpci
     501    make[2]: Entering directory `/tmp/dantopa/spack-stage/spack-stage-B
            _oowG/libpciaccess-0.13.5/scanpci'
     502      CC       scanpci.o
     503      CCLD     scanpci
  >> 504    ../src/.libs/libpciaccess.so: undefined reference to `inw'
  >> 505    ../src/.libs/libpciaccess.so: undefined reference to `outb'
  >> 506    ../src/.libs/libpciaccess.so: undefined reference to `outl'
  >> 507    ../src/.libs/libpciaccess.so: undefined reference to `inb'
  >> 508    ../src/.libs/libpciaccess.so: undefined reference to `inl'
  >> 509    ../src/.libs/libpciaccess.so: undefined reference to `outw'
  >> 510    make[2]: *** [scanpci] Error 2
     511    make[2]: Leaving directory `/tmp/dantopa/spack-stage/spack-stage-B_
            oowG/libpciaccess-0.13.5/scanpci'
  >> 512    make[1]: *** [all-recursive] Error 1
     513    make[1]: Leaving directory `/tmp/dantopa/spack-stage/spack-stage-B_
            oowG/libpciaccess-0.13.5'
  >> 514    make: *** [all] Error 2

See build log for details:
  /net/scratch4/.mdt2/dantopa/spack/libraries/snow-standard.openmpi/var/spack/stage/libpciaccess-0.13.5-5zuqqz72t6wm6l4rnhshc7df5wneu2pi/spack-build.out
spack install openmpi @ 2.1.6 % gcc@8.2.0  arch=linux-rhel7-x86_64  >> /net/scratch4/dantopa/repos/gitlab/pull-requests/libraries/results/install-log/snow-standard-openmpi-install.log
==> Error: Command exited with status 1:
'/usr/share/lmod/lmod/libexec/lmod' 'python' 'show' 'gcc/8.2.0'
os.environ["MODULEPATH"] = "/etc/modulefiles:/usr/share/modulefiles:/usr/share/modulefiles/Linux:/usr/share/modulefiles/Core:/usr/share/lmod/lmod/modulefiles/Core:/usr/projects/hpcsoft/modulefiles/toss3/snow/compiler:/usr/projects/hpcsoft/modulefiles/toss3/snow/debugger:/usr/projects/hpcsoft/modulefiles/toss3/snow/libraries:/usr/projects/hpcsoft/modulefiles/toss3/snow/misc:/usr/projects/hpcsoft/modulefiles/toss3/snow/mpi:/usr/projects/hpcsoft/modulefiles/toss3/snow/tools:/usr/projects/hpcsoft/modulefiles/toss3/snow/viz";
os.environ["_ModuleTable001_"] = "X01vZHVsZVRhYmxlXz17WyJNVHZlcnNpb24iXT0zLFsiY19yZWJ1aWxkVGltZSJdPWZhbHNlLFsiY19zaG9ydFRpbWUiXT1mYWxzZSxkZXB0aFQ9e30sZmFtaWx5PXt9LG1UPXt9LG1wYXRoQT17Ii9ldGMvbW9kdWxlZmlsZXMiLCIvdXNyL3NoYXJlL21vZHVsZWZpbGVzIiwiL3Vzci9zaGFyZS9tb2R1bGVmaWxlcy9MaW51eCIsIi91c3Ivc2hhcmUvbW9kdWxlZmlsZXMvQ29yZSIsIi91c3Ivc2hhcmUvbG1vZC9sbW9kL21vZHVsZWZpbGVzL0NvcmUiLCIvdXNyL3Byb2plY3RzL2hwY3NvZnQvbW9kdWxlZmlsZXMvdG9zczMvc25vdy9jb21waWxlciIsIi91c3IvcHJvamVjdHMvaHBjc29mdC9tb2R1bGVmaWxlcy90b3NzMy9zbm93L2RlYnVnZ2VyIiwiL3Vzci9wcm9qZWN0cy9o";
os.environ["_ModuleTable002_"] = "cGNzb2Z0L21vZHVsZWZpbGVzL3Rvc3MzL3Nub3cvbGlicmFyaWVzIiwiL3Vzci9wcm9qZWN0cy9ocGNzb2Z0L21vZHVsZWZpbGVzL3Rvc3MzL3Nub3cvbWlzYyIsIi91c3IvcHJvamVjdHMvaHBjc29mdC9tb2R1bGVmaWxlcy90b3NzMy9zbm93L21waSIsIi91c3IvcHJvamVjdHMvaHBjc29mdC9tb2R1bGVmaWxlcy90b3NzMy9zbm93L3Rvb2xzIiwiL3Vzci9wcm9qZWN0cy9ocGNzb2Z0L21vZHVsZWZpbGVzL3Rvc3MzL3Nub3cvdml6Iix9LFsic3lzdGVtQmFzZU1QQVRIIl09Ii9ldGMvbW9kdWxlZmlsZXM6L3Vzci9zaGFyZS9tb2R1bGVmaWxlczovdXNyL3NoYXJlL21vZHVsZWZpbGVzL0xpbnV4Oi91c3Ivc2hhcmUvbW9kdWxlZmlsZXMvQ29yZTovdXNyL3NoYXJlL2xtb2Qv";
os.environ["_ModuleTable003_"] = "bG1vZC9tb2R1bGVmaWxlcy9Db3JlIix9";
os.environ["_ModuleTable_Sz_"] = "3";

false
Lmod Warning: Failed to find the following module(s): "gcc/8.2.0" in your
MODULEPATH
Try:

    $ module spider gcc/8.2.0

to see if the module(s) are available across all compilers and MPI
implementations.




spack install openmpi @ 2.1.6 % gcc@7.4.0  arch=linux-rhel7-x86_64  >> /net/scratch4/dantopa/repos/gitlab/pull-requests/libraries/results/install-log/snow-standard-openmpi-install.log
spack install openmpi @ 2.1.6 % gcc@6.4.0  arch=linux-rhel7-x86_64  >> /net/scratch4/dantopa/repos/gitlab/pull-requests/libraries/results/install-log/snow-standard-openmpi-install.log
spack install openmpi @ 2.1.6 % gcc@5.3.0  arch=linux-rhel7-x86_64  >> /net/scratch4/dantopa/repos/gitlab/pull-requests/libraries/results/install-log/snow-standard-openmpi-install.log
==> Error: No compilers with spec gcc@5.3.0 found for operating system rhel7 and target x86_64.
Run 'spack compiler find' to add compilers.
spack install openmpi @ 2.1.6 % intel@19.0.1.144  arch=linux-rhel7-x86_64  >> /net/scratch4/dantopa/repos/gitlab/pull-requests/libraries/results/install-log/snow-standard-openmpi-install.log
==> Error: No compilers with spec intel@19.0.1.144 found for operating system rhel7 and target x86_64.
Run 'spack compiler find' to add compilers.
spack install openmpi @ 2.1.6 % intel@18.0.5  arch=linux-rhel7-x86_64  >> /net/scratch4/dantopa/repos/gitlab/pull-requests/libraries/results/install-log/snow-standard-openmpi-install.log
spack install openmpi @ 2.1.6 % intel@17.0.4  arch=linux-rhel7-x86_64  >> /net/scratch4/dantopa/repos/gitlab/pull-requests/libraries/results/install-log/snow-standard-openmpi-install.log
spack install openmpi @ 2.1.6 % intel@16.0.3  arch=linux-rhel7-x86_64  >> /net/scratch4/dantopa/repos/gitlab/pull-requests/libraries/results/install-log/snow-standard-openmpi-install.log
==> Error: No compilers with spec intel@16.0.3 found for operating system rhel7 and target x86_64.
Run 'spack compiler find' to add compilers.
spack install openmpi @ 2.1.6 % pgi@18.10  arch=linux-rhel7-x86_64  >> /net/scratch4/dantopa/repos/gitlab/pull-requests/libraries/results/install-log/snow-standard-openmpi-install.log
==> Error: ProcessError: Command exited with status 2:
    'make' '-j36'

9 errors found in build log:
     498      CCLD     libpciaccess.la
     499    make[2]: Leaving directory `/tmp/dantopa/spack-stage/spack-stage-B1
            N0eD/libpciaccess-0.13.5/src'
     500    Making all in scanpci
     501    make[2]: Entering directory `/tmp/dantopa/spack-stage/spack-stage-B
            1N0eD/libpciaccess-0.13.5/scanpci'
     502      CC       scanpci.o
     503      CCLD     scanpci
  >> 504    ../src/.libs/libpciaccess.so: undefined reference to `inw'
  >> 505    ../src/.libs/libpciaccess.so: undefined reference to `outw'
  >> 506    ../src/.libs/libpciaccess.so: undefined reference to `inb'
  >> 507    ../src/.libs/libpciaccess.so: undefined reference to `outb'
  >> 508    ../src/.libs/libpciaccess.so: undefined reference to `inl'
  >> 509    ../src/.libs/libpciaccess.so: undefined reference to `outl'
  >> 510    make[2]: *** [scanpci] Error 2
     511    make[2]: Leaving directory `/tmp/dantopa/spack-stage/spack-stage-B1
            N0eD/libpciaccess-0.13.5/scanpci'
  >> 512    make[1]: *** [all-recursive] Error 1
     513    make[1]: Leaving directory `/tmp/dantopa/spack-stage/spack-stage-B1
            N0eD/libpciaccess-0.13.5'
  >> 514    make: *** [all] Error 2

See build log for details:
  /net/scratch4/.mdt2/dantopa/spack/libraries/snow-standard.openmpi/var/spack/stage/libpciaccess-0.13.5-7jys5j6in74b7k76nruprcfhck2km3ic/spack-build.out
spack install openmpi @ 2.1.6 % pgi@17.10  arch=linux-rhel7-x86_64  >> /net/scratch4/dantopa/repos/gitlab/pull-requests/libraries/results/install-log/snow-standard-openmpi-install.log
==> Error: ProcessError: Command exited with status 77:
    '/net/scratch4/.mdt2/dantopa/spack/libraries/snow-standard.openmpi/var/spack/stage/libpciaccess-0.13.5-gbupg42otgmyvaan7owmtuj63mphpoai/libpciaccess-0.13.5/configure' '--prefix=/net/scratch4/.mdt2/dantopa/spack/libraries/snow-standard.openmpi/opt/spack/linux-rhel7-x86_64/pgi-17.10/libpciaccess-0.13.5-gbupg42otgmyvaan7owmtuj63mphpoai'

2 errors found in build log:
     7     checking for gawk... gawk
     8     checking whether make sets $(MAKE)... yes
     9     checking whether make supports nested variables... yes
     10    checking for style of include used by make... GNU
     11    checking for gcc... /net/scratch4/.mdt2/dantopa/spack/libraries/snow
           -standard.openmpi/lib/spack/env/pgi/pgcc
     12    checking whether the C compiler works... no
  >> 13    configure: error: in `/tmp/dantopa/spack-stage/spack-stage-cl6HQy/li
           bpciaccess-0.13.5':
  >> 14    configure: error: C compiler cannot create executables
     15    See `config.log' for more details

See build log for details:
  /net/scratch4/.mdt2/dantopa/spack/libraries/snow-standard.openmpi/var/spack/stage/libpciaccess-0.13.5-gbupg42otgmyvaan7owmtuj63mphpoai/spack-build.out
spack install openmpi @ 2.1.6 % pgi@16.10  arch=linux-rhel7-x86_64  >> /net/scratch4/dantopa/repos/gitlab/pull-requests/libraries/results/install-log/snow-standard-openmpi-install.log
==> Error: ProcessError: Command exited with status 2:
    'make' '-j36'

9 errors found in build log:
     498      CCLD     libpciaccess.la
     499    make[2]: Leaving directory `/tmp/dantopa/spack-stage/spack-stage-X9
            _RwS/libpciaccess-0.13.5/src'
     500    Making all in scanpci
     501    make[2]: Entering directory `/tmp/dantopa/spack-stage/spack-stage-X
            9_RwS/libpciaccess-0.13.5/scanpci'
     502      CC       scanpci.o
     503      CCLD     scanpci
  >> 504    ../src/.libs/libpciaccess.so: undefined reference to `inw'
  >> 505    ../src/.libs/libpciaccess.so: undefined reference to `outb'
  >> 506    ../src/.libs/libpciaccess.so: undefined reference to `outl'
  >> 507    ../src/.libs/libpciaccess.so: undefined reference to `inb'
  >> 508    ../src/.libs/libpciaccess.so: undefined reference to `inl'
  >> 509    ../src/.libs/libpciaccess.so: undefined reference to `outw'
  >> 510    make[2]: *** [scanpci] Error 2
     511    make[2]: Leaving directory `/tmp/dantopa/spack-stage/spack-stage-X9
            _RwS/libpciaccess-0.13.5/scanpci'
  >> 512    make[1]: *** [all-recursive] Error 1
     513    make[1]: Leaving directory `/tmp/dantopa/spack-stage/spack-stage-X9
            _RwS/libpciaccess-0.13.5'
  >> 514    make: *** [all] Error 2

See build log for details:
  /net/scratch4/.mdt2/dantopa/spack/libraries/snow-standard.openmpi/var/spack/stage/libpciaccess-0.13.5-5zuqqz72t6wm6l4rnhshc7df5wneu2pi/spack-build.out
mkdir -p "${dir_results}/tpl-order"
spack find openmpi >> /net/scratch4/dantopa/repos/gitlab/pull-requests/libraries/results/tpl-order/openmpi-snow-standard.out
spack find -ldf openmpi  >> /net/scratch4/dantopa/repos/gitlab/pull-requests/libraries/results/tpl-order/openmpi-snow-standard-ldf.out
spack graph openmpi >> /net/scratch4/dantopa/repos/gitlab/pull-requests/libraries/results/tpl-order/openmpi-snow-standard-graph.out
spack compilers
==> Available compilers
-- gcc rhel7-x86_64 ---------------------------------------------
gcc@8.2.0
gcc@7.4.0
gcc@6.4.0
gcc@4.8.5

-- intel rhel7-x86_64 -------------------------------------------
intel@19.0.1
intel@18.0.5
intel@17.0.4

-- pgi rhel7-x86_64 ---------------------------------------------
pgi@18.10
pgi@17.10
pgi@16.10
spack find openmpi
==> 12 installed packages
-- linux-rhel7-x86_64 / gcc@6.4.0 -------------------------------
openmpi@2.1.6
openmpi@3.0.3
openmpi@3.1.3

-- linux-rhel7-x86_64 / gcc@7.4.0 -------------------------------
openmpi@2.1.6
openmpi@3.0.3
openmpi@3.1.3

-- linux-rhel7-x86_64 / intel@17.0.4 ----------------------------
openmpi@2.1.6
openmpi@3.0.3
openmpi@3.1.3

-- linux-rhel7-x86_64 / intel@18.0.5 ----------------------------
openmpi@2.1.6
openmpi@3.0.3
openmpi@3.1.3
spack find -ldf openmpi
==> 12 installed packages
-- linux-rhel7-x86_64 / gcc@6.4.0 -------------------------------
yedlal4    openmpi@2.1.6%gcc
foboruk        ^hwloc@1.11.11%gcc
o53uqv7            ^libpciaccess@0.13.5%gcc
ao5x5ze            ^libxml2@2.9.8%gcc
jbuilf6            ^numactl@2.0.12%gcc

pvtns33    openmpi@3.0.3%gcc
foboruk        ^hwloc@1.11.11%gcc
o53uqv7            ^libpciaccess@0.13.5%gcc
ao5x5ze            ^libxml2@2.9.8%gcc
jbuilf6            ^numactl@2.0.12%gcc
w43e56t        ^zlib@1.2.11%gcc

st2ji54    openmpi@3.1.3%gcc
foboruk        ^hwloc@1.11.11%gcc
o53uqv7            ^libpciaccess@0.13.5%gcc
ao5x5ze            ^libxml2@2.9.8%gcc
jbuilf6            ^numactl@2.0.12%gcc
w43e56t        ^zlib@1.2.11%gcc


-- linux-rhel7-x86_64 / gcc@7.4.0 -------------------------------
sxs46ca    openmpi@2.1.6%gcc
tkazfwt        ^hwloc@1.11.11%gcc
ucgnzc4            ^libpciaccess@0.13.5%gcc
4ixpolx            ^libxml2@2.9.8%gcc
ugwsdhh            ^numactl@2.0.12%gcc

x4j5xux    openmpi@3.0.3%gcc
tkazfwt        ^hwloc@1.11.11%gcc
ucgnzc4            ^libpciaccess@0.13.5%gcc
4ixpolx            ^libxml2@2.9.8%gcc
ugwsdhh            ^numactl@2.0.12%gcc
ml43mui        ^zlib@1.2.11%gcc

7vgsi4q    openmpi@3.1.3%gcc
tkazfwt        ^hwloc@1.11.11%gcc
ucgnzc4            ^libpciaccess@0.13.5%gcc
4ixpolx            ^libxml2@2.9.8%gcc
ugwsdhh            ^numactl@2.0.12%gcc
ml43mui        ^zlib@1.2.11%gcc


-- linux-rhel7-x86_64 / intel@17.0.4 ----------------------------
vt6kpuu    openmpi@2.1.6%intel
vyowpxu        ^hwloc@1.11.11%intel
tm6ayg7            ^libpciaccess@0.13.5%intel
aojy5jp            ^libxml2@2.9.8%intel
hfvvqo6            ^numactl@2.0.12%intel

lmdylay    openmpi@3.0.3%intel
vyowpxu        ^hwloc@1.11.11%intel
tm6ayg7            ^libpciaccess@0.13.5%intel
aojy5jp            ^libxml2@2.9.8%intel
hfvvqo6            ^numactl@2.0.12%intel
cauhfyo        ^zlib@1.2.11%intel

4sp63kj    openmpi@3.1.3%intel
vyowpxu        ^hwloc@1.11.11%intel
tm6ayg7            ^libpciaccess@0.13.5%intel
aojy5jp            ^libxml2@2.9.8%intel
hfvvqo6            ^numactl@2.0.12%intel
cauhfyo        ^zlib@1.2.11%intel


-- linux-rhel7-x86_64 / intel@18.0.5 ----------------------------
but4y5d    openmpi@2.1.6%intel
iegddt7        ^hwloc@1.11.11%intel
awuq6lx            ^libpciaccess@0.13.5%intel
7fsp6x4            ^libxml2@2.9.8%intel
lgsjhfx            ^numactl@2.0.12%intel

d6fbttz    openmpi@3.0.3%intel
iegddt7        ^hwloc@1.11.11%intel
awuq6lx            ^libpciaccess@0.13.5%intel
7fsp6x4            ^libxml2@2.9.8%intel
lgsjhfx            ^numactl@2.0.12%intel
6nlmvd2        ^zlib@1.2.11%intel

ax3krhb    openmpi@3.1.3%intel
iegddt7        ^hwloc@1.11.11%intel
awuq6lx            ^libpciaccess@0.13.5%intel
7fsp6x4            ^libxml2@2.9.8%intel
lgsjhfx            ^numactl@2.0.12%intel
6nlmvd2        ^zlib@1.2.11%intel

mv  /net/scratch4/dantopa/repos/gitlab/pull-requests/libraries/tools/bash/snow-standard-batch.out   /net/scratch4/dantopa/repos/gitlab/pull-requests/libraries/results/batch-out/snow-standard-openmpi-2019-04-19-batch.out
cd /net/scratch4/dantopa/repos/gitlab/pull-requests/libraries
git add -A .
git commit -m "${USER} ${tpl} ${hpc} ${partition} ${ymd}"
[master a7bfd2c] dantopa openmpi snow standard 2019-04-19
 7 files changed, 1844 insertions(+)
 create mode 100644 libraries/results/batch-out/snow-standard-openmpi-2019-04-19-batch.out
 create mode 100644 libraries/results/command-log/snow-standard-openmpi-command.log
 create mode 100644 libraries/results/install-log/snow-standard-openmpi-install.log
 create mode 100644 libraries/results/tpl-order/openmpi-snow-standard-graph.out
 create mode 100644 libraries/results/tpl-order/openmpi-snow-standard-ldf.out
 create mode 100644 libraries/results/tpl-order/openmpi-snow-standard.out
Fri Apr 19 04:18:20 MDT 2019
