Thu Apr 25 09:27:15 MDT 2019 /var/spool/slurmd/job2809970/slurm_script
source "${dir_tools}/bash/master-tpl-sweep.sh"
Thu Apr 25 09:27:15 MDT 2019 /net/scratch4/dantopa/repos/gitlab/pull-requests/libraries/tools/bash/master-tpl-sweep.sh
cd /net/scratch4/dantopa/repos/gitlab/pull-requests/libraries/tools
source directories/libraries-snow.sh
Thu Apr 25 09:27:15 MDT 2019 [1mdirectories/libraries-snow.sh(B[m
source tpl-versions/versions-ucx.sh
Thu Apr 25 09:27:15 MDT 2019 [1mtpl-versions/versions-ucx.sh(B[m
4 ucx versions loaded:
1.5.0  1.4.0  1.3.1  1.2.2

source compilers/compilers-snow-standard.sh
Thu Apr 25 09:27:15 MDT 2019 [1mcompilers/compilers-snow-standard.sh(B[m
11 Spack-recognized compilers loaded:
gcc@8.2.0  gcc@7.4.0  gcc@6.4.0  gcc@5.3.0 intel@19.0.1.144  intel@18.0.5  intel@17.0.4  intel@16.0.3 pgi@18.10  pgi@17.10  pgi@16.10

source klingons/snow-standard-ucx.sh
/net/scratch4/dantopa/repos/gitlab/pull-requests/libraries/tools/bash/master-tpl-sweep.sh: line 36: klingons/snow-standard-ucx.sh: No such file or directory
cd /net/scratch4/dantopa/spack/libraries/snow-standard.ucx
. share/spack/setup-env.sh
export spack_architecture='arch=linux-rhel7-x86_64'
spack clean -a
==> Removing all temporary build stages
==> Removing cached downloads
==> Removing cached information on repositories
==> Removing python cache files
spack compilers
==> Available compilers
-- gcc centos7-x86_64 -------------------------------------------
gcc@8.2.0
gcc@7.4.0
gcc@6.4.0
gcc@5.3.0

-- intel centos7-x86_64 -----------------------------------------
intel@19.0.1.144
intel@18.0.5
intel@17.0.4
intel@16.0.3

-- pgi centos7-x86_64 -------------------------------------------
pgi@18.10
pgi@17.10
pgi@16.10
ls -alh etc/spack/defaults
total 500K
drwxrwx--- 4 dantopa dantopa  13K Apr 16 13:19 .
drwxrwx--- 3 dantopa dantopa  12K Jan 22 11:59 ..
-rw-r----- 1 dantopa dantopa 5.1K Apr 16 13:19 compilers.yaml
-rw-rw---- 1 dantopa dantopa 4.4K Apr 16 12:04 config.yaml
drwxrwx--- 2 dantopa dantopa  12K Jan 22 11:59 darwin
drwxrwx--- 2 dantopa dantopa  12K Jan 22 11:59 linux
-rw-rw---- 1 dantopa dantopa 2.8K Apr 16 12:04 lmod-modules.yaml
-rw-rw---- 1 dantopa dantopa  137 Apr 16 12:04 mirrors.yaml
-rw-rw---- 1 dantopa dantopa 3.4K Apr 16 12:04 modules.yaml
-rw-rw---- 1 dantopa dantopa 3.9K Apr 16 12:04 packages.yaml
-rw-rw---- 1 dantopa dantopa  530 Apr 16 12:04 release.yaml
-rw-rw---- 1 dantopa dantopa  546 Apr 16 12:04 repos.yaml
-rw-rw---- 1 dantopa dantopa 5.1K Apr 16 13:19 snow-linux-centos7-x86_64-basic-compilers.yaml
-rw-r----- 1 dantopa dantopa 5.5K Apr 16 12:04 snow-toss-2019-03-compilers.yaml
-rw-rw---- 1 dantopa dantopa 3.4K Apr 16 12:04 tcl-modules.yaml
cat etc/spack/defaults/compilers.yaml
## gcc    8.2.0  8.1.0  7.3.0  6.4.0*  4.8.5
## intel  19.0.1.144  18.0.3  17.0.6
## pgi    18.7  17.10  16.10
compilers:
  #  #  gcc
- compiler:
    environment: {}
    extra_rpaths: []
    flags: {}
    modules:
    - friendly-testing
    - gcc/8.2.0
    operating_system: centos7
    paths:
      cc:  /projects/opt/centos7/gcc/8.2.0/bin/gcc
      cxx: /projects/opt/centos7/gcc/8.2.0/bin/g++
      f77: /projects/opt/centos7/gcc/8.2.0/bin/gfortran
      fc:  /projects/opt/centos7/gcc/8.2.0/bin/gfortran
    spec: gcc@8.2.0
    target: x86_64
    #
- compiler:
    environment: {}
    extra_rpaths: []
    flags: {}
    modules:
    - gcc/7.4.0
    operating_system: centos7
    paths:
      cc:  /projects/opt/centos7/gcc/7.4.0/bin/gcc
      cxx: /projects/opt/centos7/gcc/7.4.0/bin/g++
      f77: /projects/opt/centos7/gcc/7.4.0/bin/gfortran
      fc:  /projects/opt/centos7/gcc/7.4.0/bin/gfortran
    spec: gcc@7.4.0
    target: x86_64
    #
- compiler:
    environment: {}
    extra_rpaths: []
    flags: {}
    modules:
    - gcc/6.4.0
    operating_system: centos7
    paths:
      cc:  /projects/opt/centos7/gcc/6.4.0/bin/gcc
      cxx: /projects/opt/centos7/gcc/6.4.0/bin/g++
      f77: /projects/opt/centos7/gcc/6.4.0/bin/gfortran
      fc:  /projects/opt/centos7/gcc/6.4.0/bin/gfortran
    spec: gcc@6.4.0
    target: x86_64
    #
- compiler:
    environment: {}
    extra_rpaths: []
    flags: {}
    modules:
    - gcc/5.3.0
    operating_system: centos7
    paths:
      cc:  /projects/opt/centos7/gcc/5.3.0/bin/gcc
      cxx: /projects/opt/centos7/gcc/5.3.0/bin/g++
      f77: /projects/opt/centos7/gcc/5.3.0/bin/gfortran
      fc:  /projects/opt/centos7/gcc/5.3.0/bin/gfortran
    spec: gcc@5.3.0
    target: x86_64
  #  #  intel
- compiler:
    environment: {}
    extra_rpaths: []
    flags: {}
    modules: [intel/19.0.1]
    operating_system: centos7
    paths:
      cc:  /projects/opt/intel/compilers_and_libraries_2019.1.144/linux/bin/intel64/icc
      cxx: /projects/opt/intel/compilers_and_libraries_2019.1.144/linux/bin/intel64/icpc
      f77: /projects/opt/intel/compilers_and_libraries_2019.1.144/linux/bin/intel64/ifort
      fc:  /projects/opt/intel/compilers_and_libraries_2019.1.144/linux/bin/intel64/ifort
    spec: intel@19.0.1.144
    target: x86_64
    #
- compiler:
    environment: {}
    extra_rpaths: []
    flags: {}
    modules:
    - intel/18.0.5
    operating_system: centos7
    paths:
      cc:  /usr/projects/hpcsoft/toss3/common/intel-clusterstudio/2018.4.057/compilers_and_libraries_2018/linux/bin/intel64/icc
      cxx: /usr/projects/hpcsoft/toss3/common/intel-clusterstudio/2018.4.057/compilers_and_libraries_2018/linux/bin/intel64/icpc
      fc:  /usr/projects/hpcsoft/toss3/common/intel-clusterstudio/2018.4.057/compilers_and_libraries_2018/linux/bin/intel64/ifort
      f77: /usr/projects/hpcsoft/toss3/common/intel-clusterstudio/2018.4.057/compilers_and_libraries_2018/linux/bin/intel64/ifort
    spec: intel@18.0.5
    target: x86_64
    #
- compiler:
    environment: {}
    extra_rpaths: []
    flags: {}
    modules:
    - intel/17.0.4
    operating_system: centos7
    paths:
      cc:  /usr/projects/hpcsoft/toss3/common/intel-clusterstudio/2017.4.056/compilers_and_libraries_2017/linux/bin/intel64/icc
      cxx: /usr/projects/hpcsoft/toss3/common/intel-clusterstudio/2017.4.056/compilers_and_libraries_2017/linux/bin/intel64/icpc
      f77: /usr/projects/hpcsoft/toss3/common/intel-clusterstudio/2017.4.056/compilers_and_libraries_2017/linux/bin/intel64/ifort
      fc:  /usr/projects/hpcsoft/toss3/common/intel-clusterstudio/2017.4.056/compilers_and_libraries_2017/linux/bin/intel64/ifort
    spec: intel@17.0.4
    target: x86_64
    #
- compiler:
    environment: {}
    extra_rpaths: []
    flags: {}
    modules:
    - intel/16.0.3
    operating_system: centos7
    paths:
      cc:  /usr/projects/hpcsoft/toss3/common/intel-clusterstudio/2016.3.067/compilers_and_libraries_2016/linux/bin/intel64/icc
      cxx: /usr/projects/hpcsoft/toss3/common/intel-clusterstudio/2016.3.067/compilers_and_libraries_2017/linux/bin/intel64/icpc
      f77: /usr/projects/hpcsoft/toss3/common/intel-clusterstudio/2016.3.067/compilers_and_libraries_2017/linux/bin/intel64/ifort
      fc:  /usr/projects/hpcsoft/toss3/common/intel-clusterstudio/2016.3.067/compilers_and_libraries_2017/linux/bin/intel64/ifort
    spec: intel@16.0.3
    target: x86_64
  #  #  pgi
- compiler:
    environment: {}
    extra_rpaths: []
    flags: {}
    modules:
    - pgi/18.10
    operating_system: centos7
    paths:
      cc:  pgcc
      cxx: pgc++
      f77: pgfortran
      fc:  pgfortran
    spec: pgi@18.10
    target: x86_64
    #
- compiler:
    environment: {}
    extra_rpaths: []
    flags: {}
    modules:
    - pgi/17.10
    operating_system: centos7
    paths:
      cc:  pgcc
      cxx: pgc++
      f77: pgfortran
      fc:  pgfortran
    spec: pgi@17.10
    target: x86_64
    #
- compiler:
    environment: {}
    extra_rpaths: []
    flags: {}
    modules:
    - pgi/16.10
    operating_system: centos7
    paths:
      cc:  pgcc
      cxx: pgc++
      f77: pgfortran
      fc:  pgfortran
    spec: pgi@16.10
    target: x86_64
spack config get compilers
compilers:
- compiler:
    environment: {}
    extra_rpaths: []
    flags: {}
    modules:
    - friendly-testing
    - gcc/8.2.0
    operating_system: centos7
    paths:
      cc: /projects/opt/centos7/gcc/8.2.0/bin/gcc
      cxx: /projects/opt/centos7/gcc/8.2.0/bin/g++
      f77: /projects/opt/centos7/gcc/8.2.0/bin/gfortran
      fc: /projects/opt/centos7/gcc/8.2.0/bin/gfortran
    spec: gcc@8.2.0
    target: x86_64
- compiler:
    environment: {}
    extra_rpaths: []
    flags: {}
    modules:
    - gcc/7.4.0
    operating_system: centos7
    paths:
      cc: /projects/opt/centos7/gcc/7.4.0/bin/gcc
      cxx: /projects/opt/centos7/gcc/7.4.0/bin/g++
      f77: /projects/opt/centos7/gcc/7.4.0/bin/gfortran
      fc: /projects/opt/centos7/gcc/7.4.0/bin/gfortran
    spec: gcc@7.4.0
    target: x86_64
- compiler:
    environment: {}
    extra_rpaths: []
    flags: {}
    modules:
    - gcc/6.4.0
    operating_system: centos7
    paths:
      cc: /projects/opt/centos7/gcc/6.4.0/bin/gcc
      cxx: /projects/opt/centos7/gcc/6.4.0/bin/g++
      f77: /projects/opt/centos7/gcc/6.4.0/bin/gfortran
      fc: /projects/opt/centos7/gcc/6.4.0/bin/gfortran
    spec: gcc@6.4.0
    target: x86_64
- compiler:
    environment: {}
    extra_rpaths: []
    flags: {}
    modules:
    - gcc/5.3.0
    operating_system: centos7
    paths:
      cc: /projects/opt/centos7/gcc/5.3.0/bin/gcc
      cxx: /projects/opt/centos7/gcc/5.3.0/bin/g++
      f77: /projects/opt/centos7/gcc/5.3.0/bin/gfortran
      fc: /projects/opt/centos7/gcc/5.3.0/bin/gfortran
    spec: gcc@5.3.0
    target: x86_64
- compiler:
    environment: {}
    extra_rpaths: []
    flags: {}
    modules:
    - intel/19.0.1
    operating_system: centos7
    paths:
      cc: /projects/opt/intel/compilers_and_libraries_2019.1.144/linux/bin/intel64/icc
      cxx: /projects/opt/intel/compilers_and_libraries_2019.1.144/linux/bin/intel64/icpc
      f77: /projects/opt/intel/compilers_and_libraries_2019.1.144/linux/bin/intel64/ifort
      fc: /projects/opt/intel/compilers_and_libraries_2019.1.144/linux/bin/intel64/ifort
    spec: intel@19.0.1.144
    target: x86_64
- compiler:
    environment: {}
    extra_rpaths: []
    flags: {}
    modules:
    - intel/18.0.5
    operating_system: centos7
    paths:
      cc: /usr/projects/hpcsoft/toss3/common/intel-clusterstudio/2018.4.057/compilers_and_libraries_2018/linux/bin/intel64/icc
      cxx: /usr/projects/hpcsoft/toss3/common/intel-clusterstudio/2018.4.057/compilers_and_libraries_2018/linux/bin/intel64/icpc
      fc: /usr/projects/hpcsoft/toss3/common/intel-clusterstudio/2018.4.057/compilers_and_libraries_2018/linux/bin/intel64/ifort
      f77: /usr/projects/hpcsoft/toss3/common/intel-clusterstudio/2018.4.057/compilers_and_libraries_2018/linux/bin/intel64/ifort
    spec: intel@18.0.5
    target: x86_64
- compiler:
    environment: {}
    extra_rpaths: []
    flags: {}
    modules:
    - intel/17.0.4
    operating_system: centos7
    paths:
      cc: /usr/projects/hpcsoft/toss3/common/intel-clusterstudio/2017.4.056/compilers_and_libraries_2017/linux/bin/intel64/icc
      cxx: /usr/projects/hpcsoft/toss3/common/intel-clusterstudio/2017.4.056/compilers_and_libraries_2017/linux/bin/intel64/icpc
      f77: /usr/projects/hpcsoft/toss3/common/intel-clusterstudio/2017.4.056/compilers_and_libraries_2017/linux/bin/intel64/ifort
      fc: /usr/projects/hpcsoft/toss3/common/intel-clusterstudio/2017.4.056/compilers_and_libraries_2017/linux/bin/intel64/ifort
    spec: intel@17.0.4
    target: x86_64
- compiler:
    environment: {}
    extra_rpaths: []
    flags: {}
    modules:
    - intel/16.0.3
    operating_system: centos7
    paths:
      cc: /usr/projects/hpcsoft/toss3/common/intel-clusterstudio/2016.3.067/compilers_and_libraries_2016/linux/bin/intel64/icc
      cxx: /usr/projects/hpcsoft/toss3/common/intel-clusterstudio/2016.3.067/compilers_and_libraries_2017/linux/bin/intel64/icpc
      f77: /usr/projects/hpcsoft/toss3/common/intel-clusterstudio/2016.3.067/compilers_and_libraries_2017/linux/bin/intel64/ifort
      fc: /usr/projects/hpcsoft/toss3/common/intel-clusterstudio/2016.3.067/compilers_and_libraries_2017/linux/bin/intel64/ifort
    spec: intel@16.0.3
    target: x86_64
- compiler:
    environment: {}
    extra_rpaths: []
    flags: {}
    modules:
    - pgi/18.10
    operating_system: centos7
    paths:
      cc: pgcc
      cxx: pgc++
      f77: pgfortran
      fc: pgfortran
    spec: pgi@18.10
    target: x86_64
- compiler:
    environment: {}
    extra_rpaths: []
    flags: {}
    modules:
    - pgi/17.10
    operating_system: centos7
    paths:
      cc: pgcc
      cxx: pgc++
      f77: pgfortran
      fc: pgfortran
    spec: pgi@17.10
    target: x86_64
- compiler:
    environment: {}
    extra_rpaths: []
    flags: {}
    modules:
    - pgi/16.10
    operating_system: centos7
    paths:
      cc: pgcc
      cxx: pgc++
      f77: pgfortran
      fc: pgfortran
    spec: pgi@16.10
    target: x86_64
spack install ucx @ 1.5.0 % gcc@8.2.0  arch=linux-rhel7-x86_64 2>&1 >> /net/scratch4/dantopa/repos/gitlab/pull-requests/libraries/results/install-log/snow-standard-ucx-install.log
==> Error: No compilers found for operating system rhel7 and target x86_64.
If previous installations have succeeded, the operating system may have been updated.
Compilers are defined for the following operating systems and targets:
	centos7-x86_64
Run 'spack compiler find' to add compilers.
spack install ucx @ 1.5.0 % gcc@7.4.0  arch=linux-rhel7-x86_64 2>&1 >> /net/scratch4/dantopa/repos/gitlab/pull-requests/libraries/results/install-log/snow-standard-ucx-install.log
==> Error: No compilers found for operating system rhel7 and target x86_64.
If previous installations have succeeded, the operating system may have been updated.
Compilers are defined for the following operating systems and targets:
	centos7-x86_64
Run 'spack compiler find' to add compilers.
spack install ucx @ 1.5.0 % gcc@6.4.0  arch=linux-rhel7-x86_64 2>&1 >> /net/scratch4/dantopa/repos/gitlab/pull-requests/libraries/results/install-log/snow-standard-ucx-install.log
==> Error: No compilers found for operating system rhel7 and target x86_64.
If previous installations have succeeded, the operating system may have been updated.
Compilers are defined for the following operating systems and targets:
	centos7-x86_64
Run 'spack compiler find' to add compilers.
spack install ucx @ 1.5.0 % gcc@5.3.0  arch=linux-rhel7-x86_64 2>&1 >> /net/scratch4/dantopa/repos/gitlab/pull-requests/libraries/results/install-log/snow-standard-ucx-install.log
==> Error: No compilers found for operating system rhel7 and target x86_64.
If previous installations have succeeded, the operating system may have been updated.
Compilers are defined for the following operating systems and targets:
	centos7-x86_64
Run 'spack compiler find' to add compilers.
spack install ucx @ 1.5.0 % intel@19.0.1.144  arch=linux-rhel7-x86_64 2>&1 >> /net/scratch4/dantopa/repos/gitlab/pull-requests/libraries/results/install-log/snow-standard-ucx-install.log
==> Error: No compilers found for operating system rhel7 and target x86_64.
If previous installations have succeeded, the operating system may have been updated.
Compilers are defined for the following operating systems and targets:
	centos7-x86_64
Run 'spack compiler find' to add compilers.
spack install ucx @ 1.5.0 % intel@18.0.5  arch=linux-rhel7-x86_64 2>&1 >> /net/scratch4/dantopa/repos/gitlab/pull-requests/libraries/results/install-log/snow-standard-ucx-install.log
==> Error: No compilers found for operating system rhel7 and target x86_64.
If previous installations have succeeded, the operating system may have been updated.
Compilers are defined for the following operating systems and targets:
	centos7-x86_64
Run 'spack compiler find' to add compilers.
spack install ucx @ 1.5.0 % intel@17.0.4  arch=linux-rhel7-x86_64 2>&1 >> /net/scratch4/dantopa/repos/gitlab/pull-requests/libraries/results/install-log/snow-standard-ucx-install.log
==> Error: No compilers found for operating system rhel7 and target x86_64.
If previous installations have succeeded, the operating system may have been updated.
Compilers are defined for the following operating systems and targets:
	centos7-x86_64
Run 'spack compiler find' to add compilers.
spack install ucx @ 1.5.0 % intel@16.0.3  arch=linux-rhel7-x86_64 2>&1 >> /net/scratch4/dantopa/repos/gitlab/pull-requests/libraries/results/install-log/snow-standard-ucx-install.log
==> Error: No compilers found for operating system rhel7 and target x86_64.
If previous installations have succeeded, the operating system may have been updated.
Compilers are defined for the following operating systems and targets:
	centos7-x86_64
Run 'spack compiler find' to add compilers.
spack install ucx @ 1.5.0 % pgi@18.10  arch=linux-rhel7-x86_64 2>&1 >> /net/scratch4/dantopa/repos/gitlab/pull-requests/libraries/results/install-log/snow-standard-ucx-install.log
==> Error: No compilers found for operating system rhel7 and target x86_64.
If previous installations have succeeded, the operating system may have been updated.
Compilers are defined for the following operating systems and targets:
	centos7-x86_64
Run 'spack compiler find' to add compilers.
spack install ucx @ 1.5.0 % pgi@17.10  arch=linux-rhel7-x86_64 2>&1 >> /net/scratch4/dantopa/repos/gitlab/pull-requests/libraries/results/install-log/snow-standard-ucx-install.log
==> Error: No compilers found for operating system rhel7 and target x86_64.
If previous installations have succeeded, the operating system may have been updated.
Compilers are defined for the following operating systems and targets:
	centos7-x86_64
Run 'spack compiler find' to add compilers.
spack install ucx @ 1.5.0 % pgi@16.10  arch=linux-rhel7-x86_64 2>&1 >> /net/scratch4/dantopa/repos/gitlab/pull-requests/libraries/results/install-log/snow-standard-ucx-install.log
==> Error: No compilers found for operating system rhel7 and target x86_64.
If previous installations have succeeded, the operating system may have been updated.
Compilers are defined for the following operating systems and targets:
	centos7-x86_64
Run 'spack compiler find' to add compilers.
spack install ucx @ 1.4.0 % gcc@8.2.0  arch=linux-rhel7-x86_64 2>&1 >> /net/scratch4/dantopa/repos/gitlab/pull-requests/libraries/results/install-log/snow-standard-ucx-install.log
==> Error: No compilers found for operating system rhel7 and target x86_64.
If previous installations have succeeded, the operating system may have been updated.
Compilers are defined for the following operating systems and targets:
	centos7-x86_64
Run 'spack compiler find' to add compilers.
spack install ucx @ 1.4.0 % gcc@7.4.0  arch=linux-rhel7-x86_64 2>&1 >> /net/scratch4/dantopa/repos/gitlab/pull-requests/libraries/results/install-log/snow-standard-ucx-install.log
==> Error: No compilers found for operating system rhel7 and target x86_64.
If previous installations have succeeded, the operating system may have been updated.
Compilers are defined for the following operating systems and targets:
	centos7-x86_64
Run 'spack compiler find' to add compilers.
spack install ucx @ 1.4.0 % gcc@6.4.0  arch=linux-rhel7-x86_64 2>&1 >> /net/scratch4/dantopa/repos/gitlab/pull-requests/libraries/results/install-log/snow-standard-ucx-install.log
==> Error: No compilers found for operating system rhel7 and target x86_64.
If previous installations have succeeded, the operating system may have been updated.
Compilers are defined for the following operating systems and targets:
	centos7-x86_64
Run 'spack compiler find' to add compilers.
spack install ucx @ 1.4.0 % gcc@5.3.0  arch=linux-rhel7-x86_64 2>&1 >> /net/scratch4/dantopa/repos/gitlab/pull-requests/libraries/results/install-log/snow-standard-ucx-install.log
==> Error: No compilers found for operating system rhel7 and target x86_64.
If previous installations have succeeded, the operating system may have been updated.
Compilers are defined for the following operating systems and targets:
	centos7-x86_64
Run 'spack compiler find' to add compilers.
spack install ucx @ 1.4.0 % intel@19.0.1.144  arch=linux-rhel7-x86_64 2>&1 >> /net/scratch4/dantopa/repos/gitlab/pull-requests/libraries/results/install-log/snow-standard-ucx-install.log
==> Error: No compilers found for operating system rhel7 and target x86_64.
If previous installations have succeeded, the operating system may have been updated.
Compilers are defined for the following operating systems and targets:
	centos7-x86_64
Run 'spack compiler find' to add compilers.
spack install ucx @ 1.4.0 % intel@18.0.5  arch=linux-rhel7-x86_64 2>&1 >> /net/scratch4/dantopa/repos/gitlab/pull-requests/libraries/results/install-log/snow-standard-ucx-install.log
==> Error: No compilers found for operating system rhel7 and target x86_64.
If previous installations have succeeded, the operating system may have been updated.
Compilers are defined for the following operating systems and targets:
	centos7-x86_64
Run 'spack compiler find' to add compilers.
spack install ucx @ 1.4.0 % intel@17.0.4  arch=linux-rhel7-x86_64 2>&1 >> /net/scratch4/dantopa/repos/gitlab/pull-requests/libraries/results/install-log/snow-standard-ucx-install.log
==> Error: No compilers found for operating system rhel7 and target x86_64.
If previous installations have succeeded, the operating system may have been updated.
Compilers are defined for the following operating systems and targets:
	centos7-x86_64
Run 'spack compiler find' to add compilers.
spack install ucx @ 1.4.0 % intel@16.0.3  arch=linux-rhel7-x86_64 2>&1 >> /net/scratch4/dantopa/repos/gitlab/pull-requests/libraries/results/install-log/snow-standard-ucx-install.log
==> Error: No compilers found for operating system rhel7 and target x86_64.
If previous installations have succeeded, the operating system may have been updated.
Compilers are defined for the following operating systems and targets:
	centos7-x86_64
Run 'spack compiler find' to add compilers.
spack install ucx @ 1.4.0 % pgi@18.10  arch=linux-rhel7-x86_64 2>&1 >> /net/scratch4/dantopa/repos/gitlab/pull-requests/libraries/results/install-log/snow-standard-ucx-install.log
==> Error: No compilers found for operating system rhel7 and target x86_64.
If previous installations have succeeded, the operating system may have been updated.
Compilers are defined for the following operating systems and targets:
	centos7-x86_64
Run 'spack compiler find' to add compilers.
spack install ucx @ 1.4.0 % pgi@17.10  arch=linux-rhel7-x86_64 2>&1 >> /net/scratch4/dantopa/repos/gitlab/pull-requests/libraries/results/install-log/snow-standard-ucx-install.log
==> Error: No compilers found for operating system rhel7 and target x86_64.
If previous installations have succeeded, the operating system may have been updated.
Compilers are defined for the following operating systems and targets:
	centos7-x86_64
Run 'spack compiler find' to add compilers.
spack install ucx @ 1.4.0 % pgi@16.10  arch=linux-rhel7-x86_64 2>&1 >> /net/scratch4/dantopa/repos/gitlab/pull-requests/libraries/results/install-log/snow-standard-ucx-install.log
==> Error: No compilers found for operating system rhel7 and target x86_64.
If previous installations have succeeded, the operating system may have been updated.
Compilers are defined for the following operating systems and targets:
	centos7-x86_64
Run 'spack compiler find' to add compilers.
spack install ucx @ 1.3.1 % gcc@8.2.0  arch=linux-rhel7-x86_64 2>&1 >> /net/scratch4/dantopa/repos/gitlab/pull-requests/libraries/results/install-log/snow-standard-ucx-install.log
==> Error: No compilers found for operating system rhel7 and target x86_64.
If previous installations have succeeded, the operating system may have been updated.
Compilers are defined for the following operating systems and targets:
	centos7-x86_64
Run 'spack compiler find' to add compilers.
spack install ucx @ 1.3.1 % gcc@7.4.0  arch=linux-rhel7-x86_64 2>&1 >> /net/scratch4/dantopa/repos/gitlab/pull-requests/libraries/results/install-log/snow-standard-ucx-install.log
==> Error: No compilers found for operating system rhel7 and target x86_64.
If previous installations have succeeded, the operating system may have been updated.
Compilers are defined for the following operating systems and targets:
	centos7-x86_64
Run 'spack compiler find' to add compilers.
spack install ucx @ 1.3.1 % gcc@6.4.0  arch=linux-rhel7-x86_64 2>&1 >> /net/scratch4/dantopa/repos/gitlab/pull-requests/libraries/results/install-log/snow-standard-ucx-install.log
==> Error: No compilers found for operating system rhel7 and target x86_64.
If previous installations have succeeded, the operating system may have been updated.
Compilers are defined for the following operating systems and targets:
	centos7-x86_64
Run 'spack compiler find' to add compilers.
spack install ucx @ 1.3.1 % gcc@5.3.0  arch=linux-rhel7-x86_64 2>&1 >> /net/scratch4/dantopa/repos/gitlab/pull-requests/libraries/results/install-log/snow-standard-ucx-install.log
==> Error: No compilers found for operating system rhel7 and target x86_64.
If previous installations have succeeded, the operating system may have been updated.
Compilers are defined for the following operating systems and targets:
	centos7-x86_64
Run 'spack compiler find' to add compilers.
spack install ucx @ 1.3.1 % intel@19.0.1.144  arch=linux-rhel7-x86_64 2>&1 >> /net/scratch4/dantopa/repos/gitlab/pull-requests/libraries/results/install-log/snow-standard-ucx-install.log
==> Error: No compilers found for operating system rhel7 and target x86_64.
If previous installations have succeeded, the operating system may have been updated.
Compilers are defined for the following operating systems and targets:
	centos7-x86_64
Run 'spack compiler find' to add compilers.
spack install ucx @ 1.3.1 % intel@18.0.5  arch=linux-rhel7-x86_64 2>&1 >> /net/scratch4/dantopa/repos/gitlab/pull-requests/libraries/results/install-log/snow-standard-ucx-install.log
==> Error: No compilers found for operating system rhel7 and target x86_64.
If previous installations have succeeded, the operating system may have been updated.
Compilers are defined for the following operating systems and targets:
	centos7-x86_64
Run 'spack compiler find' to add compilers.
spack install ucx @ 1.3.1 % intel@17.0.4  arch=linux-rhel7-x86_64 2>&1 >> /net/scratch4/dantopa/repos/gitlab/pull-requests/libraries/results/install-log/snow-standard-ucx-install.log
==> Error: No compilers found for operating system rhel7 and target x86_64.
If previous installations have succeeded, the operating system may have been updated.
Compilers are defined for the following operating systems and targets:
	centos7-x86_64
Run 'spack compiler find' to add compilers.
spack install ucx @ 1.3.1 % intel@16.0.3  arch=linux-rhel7-x86_64 2>&1 >> /net/scratch4/dantopa/repos/gitlab/pull-requests/libraries/results/install-log/snow-standard-ucx-install.log
==> Error: No compilers found for operating system rhel7 and target x86_64.
If previous installations have succeeded, the operating system may have been updated.
Compilers are defined for the following operating systems and targets:
	centos7-x86_64
Run 'spack compiler find' to add compilers.
spack install ucx @ 1.3.1 % pgi@18.10  arch=linux-rhel7-x86_64 2>&1 >> /net/scratch4/dantopa/repos/gitlab/pull-requests/libraries/results/install-log/snow-standard-ucx-install.log
==> Error: No compilers found for operating system rhel7 and target x86_64.
If previous installations have succeeded, the operating system may have been updated.
Compilers are defined for the following operating systems and targets:
	centos7-x86_64
Run 'spack compiler find' to add compilers.
spack install ucx @ 1.3.1 % pgi@17.10  arch=linux-rhel7-x86_64 2>&1 >> /net/scratch4/dantopa/repos/gitlab/pull-requests/libraries/results/install-log/snow-standard-ucx-install.log
==> Error: No compilers found for operating system rhel7 and target x86_64.
If previous installations have succeeded, the operating system may have been updated.
Compilers are defined for the following operating systems and targets:
	centos7-x86_64
Run 'spack compiler find' to add compilers.
spack install ucx @ 1.3.1 % pgi@16.10  arch=linux-rhel7-x86_64 2>&1 >> /net/scratch4/dantopa/repos/gitlab/pull-requests/libraries/results/install-log/snow-standard-ucx-install.log
==> Error: No compilers found for operating system rhel7 and target x86_64.
If previous installations have succeeded, the operating system may have been updated.
Compilers are defined for the following operating systems and targets:
	centos7-x86_64
Run 'spack compiler find' to add compilers.
spack install ucx @ 1.2.2 % gcc@8.2.0  arch=linux-rhel7-x86_64 2>&1 >> /net/scratch4/dantopa/repos/gitlab/pull-requests/libraries/results/install-log/snow-standard-ucx-install.log
==> Error: No compilers found for operating system rhel7 and target x86_64.
If previous installations have succeeded, the operating system may have been updated.
Compilers are defined for the following operating systems and targets:
	centos7-x86_64
Run 'spack compiler find' to add compilers.
spack install ucx @ 1.2.2 % gcc@7.4.0  arch=linux-rhel7-x86_64 2>&1 >> /net/scratch4/dantopa/repos/gitlab/pull-requests/libraries/results/install-log/snow-standard-ucx-install.log
==> Error: No compilers found for operating system rhel7 and target x86_64.
If previous installations have succeeded, the operating system may have been updated.
Compilers are defined for the following operating systems and targets:
	centos7-x86_64
Run 'spack compiler find' to add compilers.
spack install ucx @ 1.2.2 % gcc@6.4.0  arch=linux-rhel7-x86_64 2>&1 >> /net/scratch4/dantopa/repos/gitlab/pull-requests/libraries/results/install-log/snow-standard-ucx-install.log
==> Error: No compilers found for operating system rhel7 and target x86_64.
If previous installations have succeeded, the operating system may have been updated.
Compilers are defined for the following operating systems and targets:
	centos7-x86_64
Run 'spack compiler find' to add compilers.
spack install ucx @ 1.2.2 % gcc@5.3.0  arch=linux-rhel7-x86_64 2>&1 >> /net/scratch4/dantopa/repos/gitlab/pull-requests/libraries/results/install-log/snow-standard-ucx-install.log
==> Error: No compilers found for operating system rhel7 and target x86_64.
If previous installations have succeeded, the operating system may have been updated.
Compilers are defined for the following operating systems and targets:
	centos7-x86_64
Run 'spack compiler find' to add compilers.
spack install ucx @ 1.2.2 % intel@19.0.1.144  arch=linux-rhel7-x86_64 2>&1 >> /net/scratch4/dantopa/repos/gitlab/pull-requests/libraries/results/install-log/snow-standard-ucx-install.log
==> Error: No compilers found for operating system rhel7 and target x86_64.
If previous installations have succeeded, the operating system may have been updated.
Compilers are defined for the following operating systems and targets:
	centos7-x86_64
Run 'spack compiler find' to add compilers.
spack install ucx @ 1.2.2 % intel@18.0.5  arch=linux-rhel7-x86_64 2>&1 >> /net/scratch4/dantopa/repos/gitlab/pull-requests/libraries/results/install-log/snow-standard-ucx-install.log
==> Error: No compilers found for operating system rhel7 and target x86_64.
If previous installations have succeeded, the operating system may have been updated.
Compilers are defined for the following operating systems and targets:
	centos7-x86_64
Run 'spack compiler find' to add compilers.
spack install ucx @ 1.2.2 % intel@17.0.4  arch=linux-rhel7-x86_64 2>&1 >> /net/scratch4/dantopa/repos/gitlab/pull-requests/libraries/results/install-log/snow-standard-ucx-install.log
==> Error: No compilers found for operating system rhel7 and target x86_64.
If previous installations have succeeded, the operating system may have been updated.
Compilers are defined for the following operating systems and targets:
	centos7-x86_64
Run 'spack compiler find' to add compilers.
spack install ucx @ 1.2.2 % intel@16.0.3  arch=linux-rhel7-x86_64 2>&1 >> /net/scratch4/dantopa/repos/gitlab/pull-requests/libraries/results/install-log/snow-standard-ucx-install.log
==> Error: No compilers found for operating system rhel7 and target x86_64.
If previous installations have succeeded, the operating system may have been updated.
Compilers are defined for the following operating systems and targets:
	centos7-x86_64
Run 'spack compiler find' to add compilers.
spack install ucx @ 1.2.2 % pgi@18.10  arch=linux-rhel7-x86_64 2>&1 >> /net/scratch4/dantopa/repos/gitlab/pull-requests/libraries/results/install-log/snow-standard-ucx-install.log
==> Error: No compilers found for operating system rhel7 and target x86_64.
If previous installations have succeeded, the operating system may have been updated.
Compilers are defined for the following operating systems and targets:
	centos7-x86_64
Run 'spack compiler find' to add compilers.
spack install ucx @ 1.2.2 % pgi@17.10  arch=linux-rhel7-x86_64 2>&1 >> /net/scratch4/dantopa/repos/gitlab/pull-requests/libraries/results/install-log/snow-standard-ucx-install.log
==> Error: No compilers found for operating system rhel7 and target x86_64.
If previous installations have succeeded, the operating system may have been updated.
Compilers are defined for the following operating systems and targets:
	centos7-x86_64
Run 'spack compiler find' to add compilers.
spack install ucx @ 1.2.2 % pgi@16.10  arch=linux-rhel7-x86_64 2>&1 >> /net/scratch4/dantopa/repos/gitlab/pull-requests/libraries/results/install-log/snow-standard-ucx-install.log
==> Error: No compilers found for operating system rhel7 and target x86_64.
If previous installations have succeeded, the operating system may have been updated.
Compilers are defined for the following operating systems and targets:
	centos7-x86_64
Run 'spack compiler find' to add compilers.
spack clean -a
==> Removing all temporary build stages
==> Removing cached downloads
==> Removing cached information on repositories
==> Removing python cache files
mkdir -p "${dir_results}/platform-order"
mkdir -p "${dir_results}/tpl-order"
mkdir -p "${dir_results}/graphs"
spack find ucx >> /net/scratch4/dantopa/repos/gitlab/pull-requests/libraries/results/platform-order/snow-standard-ucx.out
spack find ucx >> /net/scratch4/dantopa/repos/gitlab/pull-requests/libraries/results/tpl-order/ucx-snow-standard.out
spack find -ldf ucx  >> /net/scratch4/dantopa/repos/gitlab/pull-requests/libraries/results/tpl-order/ucx-snow-standard-ldf.out
spack graph ucx >> /net/scratch4/dantopa/repos/gitlab/pull-requests/libraries/results/graphs/ucx-snow-standard-graph.out
==> Error: [Errno 116] Stale file handle
spack compilers
==> Available compilers
-- gcc centos7-x86_64 -------------------------------------------
gcc@8.2.0
gcc@7.4.0
gcc@6.4.0
gcc@5.3.0

-- intel centos7-x86_64 -----------------------------------------
intel@19.0.1.144
intel@18.0.5
intel@17.0.4
intel@16.0.3

-- pgi centos7-x86_64 -------------------------------------------
pgi@18.10
pgi@17.10
pgi@16.10
spack find ucx
==> No package matches the query: ucx
spack find -ldf ucx
==> No package matches the query: ucx
mv  /net/scratch4/dantopa/repos/gitlab/pull-requests/libraries/tools/bash/snow-standard-batch.out   /net/scratch4/dantopa/repos/gitlab/pull-requests/libraries/results/batch-out/snow-standard-ucx-2019-04-25-batch.out
cd /net/scratch4/dantopa/repos/gitlab/pull-requests/libraries
git add -A .
git commit -m "${USER} ${tpl} ${hpc} ${partition} ${ymd}"
[master 7ae2d32] dantopa ucx snow standard 2019-04-25
 7 files changed, 56 insertions(+), 65 deletions(-)
Thu Apr 25 09:31:09 MDT 2019
