Tue Apr 30 09:01:53 PDT 2019
spack install ucx @ 1.5.0 % clang@6.0.0  arch=
spack install ucx @ 1.5.0 % gcc@7.3.1  arch=
spack install ucx @ 1.5.0 % gcc@4.9.3  arch=
spack install ucx @ 1.5.0 % gcc@4.8.5  arch=
spack install ucx @ 1.5.0 % pgi@19.1  arch=
spack install ucx @ 1.5.0 % pgi@18.10  arch=
spack install ucx @ 1.5.0 % pgi@17.10  arch=
spack install ucx @ 1.5.0 % xl@16.1.2  arch=
spack install ucx @ 1.5.0 % xl@16.1.1  arch=
spack install ucx @ 1.5.0 % xl@16.1.0  arch=
spack install ucx @ 1.4.0 % clang@6.0.0  arch=
spack install ucx @ 1.4.0 % gcc@7.3.1  arch=
spack install ucx @ 1.4.0 % gcc@4.9.3  arch=
spack install ucx @ 1.4.0 % gcc@4.8.5  arch=
spack install ucx @ 1.4.0 % pgi@19.1  arch=
spack install ucx @ 1.4.0 % pgi@18.10  arch=
spack install ucx @ 1.4.0 % pgi@17.10  arch=
spack install ucx @ 1.4.0 % xl@16.1.2  arch=
spack install ucx @ 1.4.0 % xl@16.1.1  arch=
spack install ucx @ 1.4.0 % xl@16.1.0  arch=
spack install ucx @ 1.3.1 % clang@6.0.0  arch=
spack install ucx @ 1.3.1 % gcc@7.3.1  arch=
spack install ucx @ 1.3.1 % gcc@4.9.3  arch=
spack install ucx @ 1.3.1 % gcc@4.8.5  arch=
spack install ucx @ 1.3.1 % pgi@19.1  arch=
spack install ucx @ 1.3.1 % pgi@18.10  arch=
spack install ucx @ 1.3.1 % pgi@17.10  arch=
spack install ucx @ 1.3.1 % xl@16.1.2  arch=
spack install ucx @ 1.3.1 % xl@16.1.1  arch=
spack install ucx @ 1.3.1 % xl@16.1.0  arch=
spack install ucx @ 1.2.2 % clang@6.0.0  arch=
spack install ucx @ 1.2.2 % gcc@7.3.1  arch=
spack install ucx @ 1.2.2 % gcc@4.9.3  arch=
spack install ucx @ 1.2.2 % gcc@4.8.5  arch=
spack install ucx @ 1.2.2 % pgi@19.1  arch=
spack install ucx @ 1.2.2 % pgi@18.10  arch=
spack install ucx @ 1.2.2 % pgi@17.10  arch=
spack install ucx @ 1.2.2 % xl@16.1.2  arch=
spack install ucx @ 1.2.2 % xl@16.1.1  arch=
spack install ucx @ 1.2.2 % xl@16.1.0  arch=
