Thu Apr 25 09:34:29 MDT 2019
/scratch/users/dantopa/new-spack/libraries/darwin-arm.ucx
spack find ucx >> /scratch/users/dantopa/repos/gitlab/pull-requests/libraries/results/platform-order/darwin-arm-ucx.out
==> 14 installed packages
-- linux-rhel7-aarch64 / clang@18.4.0 ---------------------------
ucx@1.3.1
ucx@1.4.0
ucx@1.5.0

-- linux-rhel7-aarch64 / gcc@4.8.5 ------------------------------
ucx@1.2.2
ucx@1.3.1
ucx@1.4.0
ucx@1.5.0

-- linux-rhel7-aarch64 / gcc@7.1.0 ------------------------------
ucx@1.2.2
ucx@1.3.1
ucx@1.4.0
ucx@1.5.0

-- linux-rhel7-aarch64 / gcc@8.2.0 ------------------------------
ucx@1.3.1
ucx@1.4.0
ucx@1.5.0
