Tue May 7 12:31:10 PDT 2019
/usr/workspace/wsrzc/topa1/repos/spack/libraries/rzansel-power9.ucx
spack find ucx >> /usr/workspace/wsrzc/topa1/repos/Github/gitlab-pull-requests-libraries/libraries/results/platform-order/rzansel-power9-ucx.out
==> 15 installed packages
-- linux-rhel7-ppc64le / clang@3.9.1 ----------------------------
ucx@1.2.2
ucx@1.3.1
ucx@1.4.0
ucx@1.5.0

-- linux-rhel7-ppc64le / clang@4.0.0 ----------------------------
ucx@1.3.1
ucx@1.4.0
ucx@1.5.0

-- linux-rhel7-ppc64le / gcc@4.9.3 ------------------------------
ucx@1.2.2
ucx@1.3.1
ucx@1.4.0
ucx@1.5.0

-- linux-rhel7-ppc64le / gcc@7.3.1 ------------------------------
ucx@1.2.2
ucx@1.3.1
ucx@1.4.0
ucx@1.5.0
