Wed Apr 24 21:07:40 MDT 2019
/net/scratch4/dantopa/spack/libraries/snow-standard.pmix
spack find pmix >> /net/scratch4/dantopa/repos/gitlab/pull-requests/libraries/results/platform-order/snow-standard-pmix.out
==> 22 installed packages
-- linux-rhel7-x86_64 / gcc@4.8.5 -------------------------------
pmix@2.1.4
pmix@2.2.2
pmix@3.0.2
pmix@3.1.2

-- linux-rhel7-x86_64 / gcc@6.4.0 -------------------------------
pmix@2.1.4
pmix@2.2.2
pmix@3.0.2
pmix@3.1.2

-- linux-rhel7-x86_64 / gcc@7.4.0 -------------------------------
pmix@2.1.4
pmix@2.2.2
pmix@3.0.2
pmix@3.1.2

-- linux-rhel7-x86_64 / intel@17.0.4 ----------------------------
pmix@2.1.4
pmix@2.2.2
pmix@3.0.2
pmix@3.1.2

-- linux-rhel7-x86_64 / intel@18.0.5 ----------------------------
pmix@2.1.4
pmix@2.2.2
pmix@3.0.2
pmix@3.1.2

-- linux-rhel7-x86_64 / pgi@16.10 -------------------------------
pmix@2.1.4

-- linux-rhel7-x86_64 / pgi@18.10 -------------------------------
pmix@2.1.4
