Mon Apr 29 10:41:04 MDT 2019
/lustre/ttscratch1/dantopa/repos/spack/libraries/trinitite-standard.openmpi
spack find openmpi >> /lustre/ttscratch1/dantopa/repos/gitlab/pull-requests/libraries/results/platform-order/trinitite-standard-openmpi.out
==> 18 installed packages
-- cray-cnl6-haswell / gcc@7.3.0 --------------------------------
openmpi@2.1.6
openmpi@3.0.3
openmpi@3.0.4
openmpi@3.1.3
openmpi@3.1.4
openmpi@4.0.1

-- cray-cnl6-haswell / gcc@8.2.0 --------------------------------
openmpi@2.1.6
openmpi@3.0.3
openmpi@3.0.4
openmpi@3.1.3
openmpi@3.1.4
openmpi@4.0.1

-- cray-cnl6-haswell / intel@18.0.5 -----------------------------
openmpi@2.1.6
openmpi@3.0.3
openmpi@3.0.4
openmpi@3.1.3
openmpi@3.1.4
openmpi@4.0.1
