Fri Apr 26 12:40:10 MDT 2019


spack install ucx @ 1.5.0 % gcc@8.2.0  arch=cray-cnl6-arm_thunderx2

spack install ucx @ 1.5.0 % gcc@7.3.0  arch=cray-cnl6-arm_thunderx2
==> numactl@2.0.12 : externally installed in /usr
==> numactl@2.0.12 : already registered in DB
==> cmake@3.14.2 : has external module in cmake/3.12.1
==> cmake@3.14.2 : is actually installed in None
==> cmake@3.14.2 : already registered in DB
==> bison@3.0.5 : externally installed in /usr
==> bison@3.0.5 : already registered in DB
==> flex@2.6.4 : externally installed in /usr
==> flex@2.6.4 : already registered in DB
==> m4@1.4.18 : externally installed in /usr
==> m4@1.4.18 : already registered in DB
==> libnl is already installed in /pfs/cpscratch1/yellow/dantopa/repos/spack/libraries/capulin-arm.ucx/opt/spack/cray-cnl6-arm_thunderx2/gcc-7.3.0/libnl-3.3.0-ubvwfhv3wxqaqfzycgecflirxsyth2st
==> pkg-config@0.29.2 : externally installed in /usr
==> pkg-config@0.29.2 : already registered in DB
==> Installing rdma-core
==> Searching for binary cache of rdma-core
==> Finding buildcaches in /usr/projects/draco/vendors/spack.mirror/build_cache
==> No binary for rdma-core found: installing from source

spack install ucx @ 1.5.0 % gcc@6.1.0  arch=cray-cnl6-arm_thunderx2
==> numactl@2.0.12 : externally installed in /usr
==> numactl@2.0.12 : generating module file
==> numactl@2.0.12 : registering into DB
==> cmake@3.14.2 : has external module in cmake/3.12.1
==> cmake@3.14.2 : is actually installed in None
==> cmake@3.14.2 : generating module file
==> cmake@3.14.2 : registering into DB
==> bison@3.0.5 : externally installed in /usr
==> bison@3.0.5 : generating module file
==> bison@3.0.5 : registering into DB
==> flex@2.6.4 : externally installed in /usr
==> flex@2.6.4 : generating module file
==> flex@2.6.4 : registering into DB
==> m4@1.4.18 : externally installed in /usr
==> m4@1.4.18 : generating module file
==> m4@1.4.18 : registering into DB
==> Installing libnl
==> Searching for binary cache of libnl
==> Finding buildcaches in /usr/projects/draco/vendors/spack.mirror/build_cache
==> No binary for libnl found: installing from source

spack install ucx @ 1.4.0 % gcc@8.2.0  arch=cray-cnl6-arm_thunderx2

spack install ucx @ 1.4.0 % gcc@7.3.0  arch=cray-cnl6-arm_thunderx2
==> numactl@2.0.12 : externally installed in /usr
==> numactl@2.0.12 : already registered in DB
==> cmake@3.14.2 : has external module in cmake/3.12.1
==> cmake@3.14.2 : is actually installed in None
==> cmake@3.14.2 : already registered in DB
==> bison@3.0.5 : externally installed in /usr
==> bison@3.0.5 : already registered in DB
==> flex@2.6.4 : externally installed in /usr
==> flex@2.6.4 : already registered in DB
==> m4@1.4.18 : externally installed in /usr
==> m4@1.4.18 : already registered in DB
==> libnl is already installed in /pfs/cpscratch1/yellow/dantopa/repos/spack/libraries/capulin-arm.ucx/opt/spack/cray-cnl6-arm_thunderx2/gcc-7.3.0/libnl-3.3.0-ubvwfhv3wxqaqfzycgecflirxsyth2st
==> pkg-config@0.29.2 : externally installed in /usr
==> pkg-config@0.29.2 : already registered in DB
==> Installing rdma-core
==> Searching for binary cache of rdma-core
==> Finding buildcaches in /usr/projects/draco/vendors/spack.mirror/build_cache
==> No binary for rdma-core found: installing from source

spack install ucx @ 1.4.0 % gcc@6.1.0  arch=cray-cnl6-arm_thunderx2
==> numactl@2.0.12 : externally installed in /usr
==> numactl@2.0.12 : already registered in DB
==> cmake@3.14.2 : has external module in cmake/3.12.1
==> cmake@3.14.2 : is actually installed in None
==> cmake@3.14.2 : already registered in DB
==> bison@3.0.5 : externally installed in /usr
==> bison@3.0.5 : already registered in DB
==> flex@2.6.4 : externally installed in /usr
==> flex@2.6.4 : already registered in DB
==> m4@1.4.18 : externally installed in /usr
==> m4@1.4.18 : already registered in DB
==> Installing libnl
==> Searching for binary cache of libnl
==> Finding buildcaches in /usr/projects/draco/vendors/spack.mirror/build_cache
==> No binary for libnl found: installing from source

spack install ucx @ 1.3.1 % gcc@8.2.0  arch=cray-cnl6-arm_thunderx2

spack install ucx @ 1.3.1 % gcc@7.3.0  arch=cray-cnl6-arm_thunderx2
==> numactl@2.0.12 : externally installed in /usr
==> numactl@2.0.12 : already registered in DB
==> cmake@3.14.2 : has external module in cmake/3.12.1
==> cmake@3.14.2 : is actually installed in None
==> cmake@3.14.2 : already registered in DB
==> bison@3.0.5 : externally installed in /usr
==> bison@3.0.5 : already registered in DB
==> flex@2.6.4 : externally installed in /usr
==> flex@2.6.4 : already registered in DB
==> m4@1.4.18 : externally installed in /usr
==> m4@1.4.18 : already registered in DB
==> libnl is already installed in /pfs/cpscratch1/yellow/dantopa/repos/spack/libraries/capulin-arm.ucx/opt/spack/cray-cnl6-arm_thunderx2/gcc-7.3.0/libnl-3.3.0-ubvwfhv3wxqaqfzycgecflirxsyth2st
==> pkg-config@0.29.2 : externally installed in /usr
==> pkg-config@0.29.2 : already registered in DB
==> Installing rdma-core
==> Searching for binary cache of rdma-core
==> Finding buildcaches in /usr/projects/draco/vendors/spack.mirror/build_cache
==> No binary for rdma-core found: installing from source

spack install ucx @ 1.3.1 % gcc@6.1.0  arch=cray-cnl6-arm_thunderx2
==> numactl@2.0.12 : externally installed in /usr
==> numactl@2.0.12 : already registered in DB
==> cmake@3.14.2 : has external module in cmake/3.12.1
==> cmake@3.14.2 : is actually installed in None
==> cmake@3.14.2 : already registered in DB
==> bison@3.0.5 : externally installed in /usr
==> bison@3.0.5 : already registered in DB
==> flex@2.6.4 : externally installed in /usr
==> flex@2.6.4 : already registered in DB
==> m4@1.4.18 : externally installed in /usr
==> m4@1.4.18 : already registered in DB
==> Installing libnl
==> Searching for binary cache of libnl
==> Finding buildcaches in /usr/projects/draco/vendors/spack.mirror/build_cache
==> No binary for libnl found: installing from source

spack install ucx @ 1.2.2 % gcc@8.2.0  arch=cray-cnl6-arm_thunderx2

spack install ucx @ 1.2.2 % gcc@7.3.0  arch=cray-cnl6-arm_thunderx2
==> numactl@2.0.12 : externally installed in /usr
==> numactl@2.0.12 : already registered in DB
==> cmake@3.14.2 : has external module in cmake/3.12.1
==> cmake@3.14.2 : is actually installed in None
==> cmake@3.14.2 : already registered in DB
==> bison@3.0.5 : externally installed in /usr
==> bison@3.0.5 : already registered in DB
==> flex@2.6.4 : externally installed in /usr
==> flex@2.6.4 : already registered in DB
==> m4@1.4.18 : externally installed in /usr
==> m4@1.4.18 : already registered in DB
==> libnl is already installed in /pfs/cpscratch1/yellow/dantopa/repos/spack/libraries/capulin-arm.ucx/opt/spack/cray-cnl6-arm_thunderx2/gcc-7.3.0/libnl-3.3.0-ubvwfhv3wxqaqfzycgecflirxsyth2st
==> pkg-config@0.29.2 : externally installed in /usr
==> pkg-config@0.29.2 : already registered in DB
==> Installing rdma-core
==> Searching for binary cache of rdma-core
==> Finding buildcaches in /usr/projects/draco/vendors/spack.mirror/build_cache
==> No binary for rdma-core found: installing from source

spack install ucx @ 1.2.2 % gcc@6.1.0  arch=cray-cnl6-arm_thunderx2
==> numactl@2.0.12 : externally installed in /usr
==> numactl@2.0.12 : already registered in DB
==> cmake@3.14.2 : has external module in cmake/3.12.1
==> cmake@3.14.2 : is actually installed in None
==> cmake@3.14.2 : already registered in DB
==> bison@3.0.5 : externally installed in /usr
==> bison@3.0.5 : already registered in DB
==> flex@2.6.4 : externally installed in /usr
==> flex@2.6.4 : already registered in DB
==> m4@1.4.18 : externally installed in /usr
==> m4@1.4.18 : already registered in DB
==> Installing libnl
==> Searching for binary cache of libnl
==> Finding buildcaches in /usr/projects/draco/vendors/spack.mirror/build_cache
==> No binary for libnl found: installing from source
