Wed Apr 24 10:40:49 MDT 2019


spack install openmpi @ 4.0.1 % gcc@8.2.0  arch=linux-centos7-x86_64
==> openmpi is already installed in /scratch/users/dantopa/new-spack/libraries/darwin-general.openmpi/opt/spack/linux-centos7-x86_64/gcc-8.2.0/openmpi-4.0.1-we5exv24ztlkshvizy6uwj4hb4h77tqw

spack install openmpi @ 4.0.1 % gcc@7.3.0  arch=linux-centos7-x86_64
==> openmpi is already installed in /scratch/users/dantopa/new-spack/libraries/darwin-general.openmpi/opt/spack/linux-centos7-x86_64/gcc-7.3.0/openmpi-4.0.1-dd46drztpvhm6y3ht2y32pfyssv3yly5

spack install openmpi @ 4.0.1 % gcc@6.4.0  arch=linux-centos7-x86_64
==> openmpi is already installed in /scratch/users/dantopa/new-spack/libraries/darwin-general.openmpi/opt/spack/linux-centos7-x86_64/gcc-6.4.0/openmpi-4.0.1-rrcedzoiprvcive4xs3ozbqmour6lz4a

spack install openmpi @ 4.0.1 % gcc@5.5.0  arch=linux-centos7-x86_64
==> openmpi is already installed in /scratch/users/dantopa/new-spack/libraries/darwin-general.openmpi/opt/spack/linux-centos7-x86_64/gcc-5.5.0/openmpi-4.0.1-2zyirqsujgbj3iegsyxzoiok4q476tdo

spack install openmpi @ 4.0.1 % gcc@4.9.3  arch=linux-centos7-x86_64
==> openmpi is already installed in /scratch/users/dantopa/new-spack/libraries/darwin-general.openmpi/opt/spack/linux-centos7-x86_64/gcc-4.9.3/openmpi-4.0.1-zfmzp6wihtbsuxspyt5hyjtzqr5g66fh

spack install openmpi @ 4.0.1 % gcc@4.8.5  arch=linux-centos7-x86_64
==> openmpi is already installed in /scratch/users/dantopa/new-spack/libraries/darwin-general.openmpi/opt/spack/linux-centos7-x86_64/gcc-4.8.5/openmpi-4.0.1-rldccbaweier2wesl7x4fmj7qqpfsojp

spack install openmpi @ 4.0.1 % intel@18.0.3  arch=linux-centos7-x86_64
==> openmpi is already installed in /scratch/users/dantopa/new-spack/libraries/darwin-general.openmpi/opt/spack/linux-centos7-x86_64/intel-18.0.3/openmpi-4.0.1-3t366j6ii7ioews2lbusi23cuhv3cacj

spack install openmpi @ 4.0.1 % intel@17.0.6  arch=linux-centos7-x86_64
==> openmpi is already installed in /scratch/users/dantopa/new-spack/libraries/darwin-general.openmpi/opt/spack/linux-centos7-x86_64/intel-17.0.6/openmpi-4.0.1-iheuf7o7qcj5qhs4fe4p2w4deywdflx7

spack install openmpi @ 4.0.1 % intel@16.0.4  arch=linux-centos7-x86_64
==> openmpi is already installed in /scratch/users/dantopa/new-spack/libraries/darwin-general.openmpi/opt/spack/linux-centos7-x86_64/intel-16.0.4/openmpi-4.0.1-uwuguxd43v6zmikempmpn4mv42nztw52

spack install openmpi @ 4.0.1 % pgi@18.10  arch=linux-centos7-x86_64
==> libtool@2.4.6 : externally installed in /usr
==> libtool@2.4.6 : already registered in DB
==> pkg-config@0.29.2 : externally installed in /usr
==> pkg-config@0.29.2 : already registered in DB
==> util-macros is already installed in /scratch/users/dantopa/new-spack/libraries/darwin-general.openmpi/opt/spack/linux-centos7-x86_64/pgi-18.10/util-macros-1.19.1-p26vno4mxna3np6an2bogyoinzmckg7s
==> Installing libpciaccess
==> Searching for binary cache of libpciaccess
==> Finding buildcaches in /usr/projects/draco/vendors/spack.mirror/build_cache
==> No binary for libpciaccess found: installing from source
==> Fetching file:///usr/projects/draco/vendors/spack.mirror/libpciaccess/libpciaccess-0.13.5.tar.gz
==> Staging archive: /scratch/users/dantopa/new-spack/libraries/darwin-general.openmpi/var/spack/stage/libpciaccess-0.13.5-txmk33tz4pwzoqpu7kzmtcuskj56yt5y/libpciaccess-0.13.5.tar.gz
==> Created stage in /scratch/users/dantopa/new-spack/libraries/darwin-general.openmpi/var/spack/stage/libpciaccess-0.13.5-txmk33tz4pwzoqpu7kzmtcuskj56yt5y
==> No patches needed for libpciaccess
==> Building libpciaccess [AutotoolsPackage]
==> Executing phase: 'autoreconf'
==> Executing phase: 'configure'
==> Executing phase: 'build'

spack install openmpi @ 4.0.1 % pgi@18.7  arch=linux-centos7-x86_64
==> libtool@2.4.6 : externally installed in /usr
==> libtool@2.4.6 : already registered in DB
==> pkg-config@0.29.2 : externally installed in /usr
==> pkg-config@0.29.2 : already registered in DB
==> util-macros is already installed in /scratch/users/dantopa/new-spack/libraries/darwin-general.openmpi/opt/spack/linux-centos7-x86_64/pgi-18.7/util-macros-1.19.1-5sqm34ostddk6yqg5ll77hbotyokjfku
==> Installing libpciaccess
==> Searching for binary cache of libpciaccess
==> Finding buildcaches in /usr/projects/draco/vendors/spack.mirror/build_cache
==> No binary for libpciaccess found: installing from source
==> Using cached archive: /scratch/users/dantopa/new-spack/libraries/darwin-general.openmpi/var/spack/cache/libpciaccess/libpciaccess-0.13.5.tar.gz
==> Staging archive: /scratch/users/dantopa/new-spack/libraries/darwin-general.openmpi/var/spack/stage/libpciaccess-0.13.5-v53lqyxkusuk5gzpa2c27if6gz74i6ef/libpciaccess-0.13.5.tar.gz
==> Created stage in /scratch/users/dantopa/new-spack/libraries/darwin-general.openmpi/var/spack/stage/libpciaccess-0.13.5-v53lqyxkusuk5gzpa2c27if6gz74i6ef
==> No patches needed for libpciaccess
==> Building libpciaccess [AutotoolsPackage]
==> Executing phase: 'autoreconf'
==> Executing phase: 'configure'
==> Executing phase: 'build'

spack install openmpi @ 4.0.1 % pgi@17.10  arch=linux-centos7-x86_64
==> libtool@2.4.6 : externally installed in /usr
==> libtool@2.4.6 : already registered in DB
==> pkg-config@0.29.2 : externally installed in /usr
==> pkg-config@0.29.2 : already registered in DB
==> util-macros is already installed in /scratch/users/dantopa/new-spack/libraries/darwin-general.openmpi/opt/spack/linux-centos7-x86_64/pgi-17.10/util-macros-1.19.1-ckl2v44aw75men242etgy4goazq3qhsh
==> Installing libpciaccess
==> Searching for binary cache of libpciaccess
==> Finding buildcaches in /usr/projects/draco/vendors/spack.mirror/build_cache
==> No binary for libpciaccess found: installing from source
==> Using cached archive: /scratch/users/dantopa/new-spack/libraries/darwin-general.openmpi/var/spack/cache/libpciaccess/libpciaccess-0.13.5.tar.gz
==> Staging archive: /scratch/users/dantopa/new-spack/libraries/darwin-general.openmpi/var/spack/stage/libpciaccess-0.13.5-pg2xuuyhcjdndbls4t7dgpig6zg6rbgi/libpciaccess-0.13.5.tar.gz
==> Created stage in /scratch/users/dantopa/new-spack/libraries/darwin-general.openmpi/var/spack/stage/libpciaccess-0.13.5-pg2xuuyhcjdndbls4t7dgpig6zg6rbgi
==> No patches needed for libpciaccess
==> Building libpciaccess [AutotoolsPackage]
==> Executing phase: 'autoreconf'
==> Executing phase: 'configure'
==> Executing phase: 'build'

spack install openmpi @ 4.0.1 % pgi@16.10  arch=linux-centos7-x86_64
==> libtool@2.4.6 : externally installed in /usr
==> libtool@2.4.6 : already registered in DB
==> pkg-config@0.29.2 : externally installed in /usr
==> pkg-config@0.29.2 : already registered in DB
==> util-macros is already installed in /scratch/users/dantopa/new-spack/libraries/darwin-general.openmpi/opt/spack/linux-centos7-x86_64/pgi-16.10/util-macros-1.19.1-3oqcy5lvjwez4ndko6eqmrltddcecktv
==> Installing libpciaccess
==> Searching for binary cache of libpciaccess
==> Finding buildcaches in /usr/projects/draco/vendors/spack.mirror/build_cache
==> No binary for libpciaccess found: installing from source
==> Using cached archive: /scratch/users/dantopa/new-spack/libraries/darwin-general.openmpi/var/spack/cache/libpciaccess/libpciaccess-0.13.5.tar.gz
==> Staging archive: /scratch/users/dantopa/new-spack/libraries/darwin-general.openmpi/var/spack/stage/libpciaccess-0.13.5-nl5rxpywvoxmxgoo22g2rne5btq2crh5/libpciaccess-0.13.5.tar.gz
==> Created stage in /scratch/users/dantopa/new-spack/libraries/darwin-general.openmpi/var/spack/stage/libpciaccess-0.13.5-nl5rxpywvoxmxgoo22g2rne5btq2crh5
==> No patches needed for libpciaccess
==> Building libpciaccess [AutotoolsPackage]
==> Executing phase: 'autoreconf'
==> Executing phase: 'configure'
==> Executing phase: 'build'

spack install openmpi @ 3.1.4 % gcc@8.2.0  arch=linux-centos7-x86_64
==> libtool@2.4.6 : externally installed in /usr
==> libtool@2.4.6 : already registered in DB
==> pkg-config@0.29.2 : externally installed in /usr
==> pkg-config@0.29.2 : already registered in DB
==> util-macros is already installed in /scratch/users/dantopa/new-spack/libraries/darwin-general.openmpi/opt/spack/linux-centos7-x86_64/gcc-8.2.0/util-macros-1.19.1-4smpt37rsocd54ufitlrzzampd6iyp5z
==> libpciaccess is already installed in /scratch/users/dantopa/new-spack/libraries/darwin-general.openmpi/opt/spack/linux-centos7-x86_64/gcc-8.2.0/libpciaccess-0.13.5-svkyphbquafpjfs4tfsgr3wlmgfknhtu
==> libxml2@2.9.8 : externally installed in /usr
==> libxml2@2.9.8 : already registered in DB
==> numactl@2.0.12 : externally installed in /usr
==> numactl@2.0.12 : already registered in DB
==> hwloc is already installed in /scratch/users/dantopa/new-spack/libraries/darwin-general.openmpi/opt/spack/linux-centos7-x86_64/gcc-8.2.0/hwloc-1.11.11-kpmr675gpfrqmo5u2es2bfpc2z4nb52b
==> zlib is already installed in /scratch/users/dantopa/new-spack/libraries/darwin-general.openmpi/opt/spack/linux-centos7-x86_64/gcc-8.2.0/zlib-1.2.11-6wdekzyadff6repdb5bxinnzizvnn35t
==> Installing openmpi
==> Searching for binary cache of openmpi
==> Finding buildcaches in /usr/projects/draco/vendors/spack.mirror/build_cache
==> No binary for openmpi found: installing from source
==> Fetching file:///usr/projects/draco/vendors/spack.mirror/openmpi/openmpi-3.1.4.tar.bz2
==> Staging archive: /scratch/users/dantopa/new-spack/libraries/darwin-general.openmpi/var/spack/stage/openmpi-3.1.4-6hdcscre2aej66sw45p3rxm2g2dj6khs/openmpi-3.1.4.tar.bz2
==> Created stage in /scratch/users/dantopa/new-spack/libraries/darwin-general.openmpi/var/spack/stage/openmpi-3.1.4-6hdcscre2aej66sw45p3rxm2g2dj6khs
==> No patches needed for openmpi
==> Building openmpi [AutotoolsPackage]
==> Executing phase: 'autoreconf'
==> Executing phase: 'configure'
==> Executing phase: 'build'
==> Executing phase: 'install'
==> Successfully installed openmpi
  Fetch: 0.24s.  Build: 15m 38.24s.  Total: 15m 38.48s.
[+] /scratch/users/dantopa/new-spack/libraries/darwin-general.openmpi/opt/spack/linux-centos7-x86_64/gcc-8.2.0/openmpi-3.1.4-6hdcscre2aej66sw45p3rxm2g2dj6khs

spack install openmpi @ 3.1.4 % gcc@7.3.0  arch=linux-centos7-x86_64
==> libtool@2.4.6 : externally installed in /usr
==> libtool@2.4.6 : already registered in DB
==> pkg-config@0.29.2 : externally installed in /usr
==> pkg-config@0.29.2 : already registered in DB
==> util-macros is already installed in /scratch/users/dantopa/new-spack/libraries/darwin-general.openmpi/opt/spack/linux-centos7-x86_64/gcc-7.3.0/util-macros-1.19.1-ttsbvbkpzqvo7mondef6nb6lu7dxxp72
==> libpciaccess is already installed in /scratch/users/dantopa/new-spack/libraries/darwin-general.openmpi/opt/spack/linux-centos7-x86_64/gcc-7.3.0/libpciaccess-0.13.5-f5k35g4jnofnql3akgfs5iuhijsfbjsq
==> libxml2@2.9.8 : externally installed in /usr
==> libxml2@2.9.8 : already registered in DB
==> numactl@2.0.12 : externally installed in /usr
==> numactl@2.0.12 : already registered in DB
==> hwloc is already installed in /scratch/users/dantopa/new-spack/libraries/darwin-general.openmpi/opt/spack/linux-centos7-x86_64/gcc-7.3.0/hwloc-1.11.11-vrpknachibeddukex6lxpao5ext5jhko
==> zlib is already installed in /scratch/users/dantopa/new-spack/libraries/darwin-general.openmpi/opt/spack/linux-centos7-x86_64/gcc-7.3.0/zlib-1.2.11-zknfwanbwk6tnyaplsykwghx7cvnz4cr
==> Installing openmpi
==> Searching for binary cache of openmpi
==> Finding buildcaches in /usr/projects/draco/vendors/spack.mirror/build_cache
==> No binary for openmpi found: installing from source
==> Using cached archive: /scratch/users/dantopa/new-spack/libraries/darwin-general.openmpi/var/spack/cache/openmpi/openmpi-3.1.4.tar.bz2
==> Staging archive: /scratch/users/dantopa/new-spack/libraries/darwin-general.openmpi/var/spack/stage/openmpi-3.1.4-zjghxabcbkxuplwzdrjjx4mbodwjlnws/openmpi-3.1.4.tar.bz2
==> Created stage in /scratch/users/dantopa/new-spack/libraries/darwin-general.openmpi/var/spack/stage/openmpi-3.1.4-zjghxabcbkxuplwzdrjjx4mbodwjlnws
==> No patches needed for openmpi
==> Building openmpi [AutotoolsPackage]
==> Executing phase: 'autoreconf'
==> Executing phase: 'configure'
==> Executing phase: 'build'
==> Executing phase: 'install'
==> Successfully installed openmpi
  Fetch: 0.03s.  Build: 15m 45.57s.  Total: 15m 45.59s.
[+] /scratch/users/dantopa/new-spack/libraries/darwin-general.openmpi/opt/spack/linux-centos7-x86_64/gcc-7.3.0/openmpi-3.1.4-zjghxabcbkxuplwzdrjjx4mbodwjlnws

spack install openmpi @ 3.1.4 % gcc@6.4.0  arch=linux-centos7-x86_64
==> libtool@2.4.6 : externally installed in /usr
==> libtool@2.4.6 : already registered in DB
==> pkg-config@0.29.2 : externally installed in /usr
==> pkg-config@0.29.2 : already registered in DB
==> util-macros is already installed in /scratch/users/dantopa/new-spack/libraries/darwin-general.openmpi/opt/spack/linux-centos7-x86_64/gcc-6.4.0/util-macros-1.19.1-br2o7vt364vjeq3osmev6e6kgxekzh2f
==> libpciaccess is already installed in /scratch/users/dantopa/new-spack/libraries/darwin-general.openmpi/opt/spack/linux-centos7-x86_64/gcc-6.4.0/libpciaccess-0.13.5-j6fsyhpv7edgisytx4vyvimj6rvpmdav
==> libxml2@2.9.8 : externally installed in /usr
==> libxml2@2.9.8 : already registered in DB
==> numactl@2.0.12 : externally installed in /usr
==> numactl@2.0.12 : already registered in DB
==> hwloc is already installed in /scratch/users/dantopa/new-spack/libraries/darwin-general.openmpi/opt/spack/linux-centos7-x86_64/gcc-6.4.0/hwloc-1.11.11-ydbwr4wo75ihkeic2ab4p6ud6onyx6jw
==> zlib is already installed in /scratch/users/dantopa/new-spack/libraries/darwin-general.openmpi/opt/spack/linux-centos7-x86_64/gcc-6.4.0/zlib-1.2.11-ufwqfd4zrwuuu7fmguamaqokn5plxyns
==> Installing openmpi
==> Searching for binary cache of openmpi
==> Finding buildcaches in /usr/projects/draco/vendors/spack.mirror/build_cache
==> No binary for openmpi found: installing from source
==> Using cached archive: /scratch/users/dantopa/new-spack/libraries/darwin-general.openmpi/var/spack/cache/openmpi/openmpi-3.1.4.tar.bz2
==> Staging archive: /scratch/users/dantopa/new-spack/libraries/darwin-general.openmpi/var/spack/stage/openmpi-3.1.4-23cc447bttmqtyoltzc3bhpf62clyo4b/openmpi-3.1.4.tar.bz2
==> Created stage in /scratch/users/dantopa/new-spack/libraries/darwin-general.openmpi/var/spack/stage/openmpi-3.1.4-23cc447bttmqtyoltzc3bhpf62clyo4b
==> No patches needed for openmpi
==> Building openmpi [AutotoolsPackage]
==> Executing phase: 'autoreconf'
==> Executing phase: 'configure'
==> Executing phase: 'build'
==> Executing phase: 'install'
==> Successfully installed openmpi
  Fetch: 0.02s.  Build: 15m 37.19s.  Total: 15m 37.22s.
[+] /scratch/users/dantopa/new-spack/libraries/darwin-general.openmpi/opt/spack/linux-centos7-x86_64/gcc-6.4.0/openmpi-3.1.4-23cc447bttmqtyoltzc3bhpf62clyo4b

spack install openmpi @ 3.1.4 % gcc@5.5.0  arch=linux-centos7-x86_64
==> libtool@2.4.6 : externally installed in /usr
==> libtool@2.4.6 : already registered in DB
==> pkg-config@0.29.2 : externally installed in /usr
==> pkg-config@0.29.2 : already registered in DB
==> util-macros is already installed in /scratch/users/dantopa/new-spack/libraries/darwin-general.openmpi/opt/spack/linux-centos7-x86_64/gcc-5.5.0/util-macros-1.19.1-s4t4zharyopk6hdh6aprfxbodbjj7cy4
==> libpciaccess is already installed in /scratch/users/dantopa/new-spack/libraries/darwin-general.openmpi/opt/spack/linux-centos7-x86_64/gcc-5.5.0/libpciaccess-0.13.5-ygiicn2xej7gbbn757mrwxaqyw3a4qmv
==> libxml2@2.9.8 : externally installed in /usr
==> libxml2@2.9.8 : already registered in DB
==> numactl@2.0.12 : externally installed in /usr
==> numactl@2.0.12 : already registered in DB
==> hwloc is already installed in /scratch/users/dantopa/new-spack/libraries/darwin-general.openmpi/opt/spack/linux-centos7-x86_64/gcc-5.5.0/hwloc-1.11.11-2bjodkscq677bzafoxfdg2c4nss2vkfm
==> zlib is already installed in /scratch/users/dantopa/new-spack/libraries/darwin-general.openmpi/opt/spack/linux-centos7-x86_64/gcc-5.5.0/zlib-1.2.11-ijtgxbh42fcxbwklab6vdvmlrjadep56
==> Installing openmpi
==> Searching for binary cache of openmpi
==> Finding buildcaches in /usr/projects/draco/vendors/spack.mirror/build_cache
==> No binary for openmpi found: installing from source
==> Using cached archive: /scratch/users/dantopa/new-spack/libraries/darwin-general.openmpi/var/spack/cache/openmpi/openmpi-3.1.4.tar.bz2
==> Staging archive: /scratch/users/dantopa/new-spack/libraries/darwin-general.openmpi/var/spack/stage/openmpi-3.1.4-t4s6t7wtpaxkmjqaabzh6tamacqlfphw/openmpi-3.1.4.tar.bz2
==> Created stage in /scratch/users/dantopa/new-spack/libraries/darwin-general.openmpi/var/spack/stage/openmpi-3.1.4-t4s6t7wtpaxkmjqaabzh6tamacqlfphw
==> No patches needed for openmpi
==> Building openmpi [AutotoolsPackage]
==> Executing phase: 'autoreconf'
==> Executing phase: 'configure'
==> Executing phase: 'build'
==> Executing phase: 'install'
==> Successfully installed openmpi
  Fetch: 0.02s.  Build: 15m 23.29s.  Total: 15m 23.31s.
[+] /scratch/users/dantopa/new-spack/libraries/darwin-general.openmpi/opt/spack/linux-centos7-x86_64/gcc-5.5.0/openmpi-3.1.4-t4s6t7wtpaxkmjqaabzh6tamacqlfphw

spack install openmpi @ 3.1.4 % gcc@4.9.3  arch=linux-centos7-x86_64
==> libtool@2.4.6 : externally installed in /usr
==> libtool@2.4.6 : already registered in DB
==> pkg-config@0.29.2 : externally installed in /usr
==> pkg-config@0.29.2 : already registered in DB
==> util-macros is already installed in /scratch/users/dantopa/new-spack/libraries/darwin-general.openmpi/opt/spack/linux-centos7-x86_64/gcc-4.9.3/util-macros-1.19.1-7ti2tnfjzr7mu3izk342x4muriojjomd
==> libpciaccess is already installed in /scratch/users/dantopa/new-spack/libraries/darwin-general.openmpi/opt/spack/linux-centos7-x86_64/gcc-4.9.3/libpciaccess-0.13.5-nqafs22xikrjx7a4eiwzbtfxk2inwnhu
==> libxml2@2.9.8 : externally installed in /usr
==> libxml2@2.9.8 : already registered in DB
==> numactl@2.0.12 : externally installed in /usr
==> numactl@2.0.12 : already registered in DB
==> hwloc is already installed in /scratch/users/dantopa/new-spack/libraries/darwin-general.openmpi/opt/spack/linux-centos7-x86_64/gcc-4.9.3/hwloc-1.11.11-xvnhmjp2kmt23rggaymbojqbfaxbrs2x
==> zlib is already installed in /scratch/users/dantopa/new-spack/libraries/darwin-general.openmpi/opt/spack/linux-centos7-x86_64/gcc-4.9.3/zlib-1.2.11-wabmm7gon6sjvbwwb6zpime2khlsvigk
==> Installing openmpi
==> Searching for binary cache of openmpi
==> Finding buildcaches in /usr/projects/draco/vendors/spack.mirror/build_cache
==> No binary for openmpi found: installing from source
==> Using cached archive: /scratch/users/dantopa/new-spack/libraries/darwin-general.openmpi/var/spack/cache/openmpi/openmpi-3.1.4.tar.bz2
==> Staging archive: /scratch/users/dantopa/new-spack/libraries/darwin-general.openmpi/var/spack/stage/openmpi-3.1.4-3vyf7ewlfuehyazwvl3rcijio5tdtagx/openmpi-3.1.4.tar.bz2
==> Created stage in /scratch/users/dantopa/new-spack/libraries/darwin-general.openmpi/var/spack/stage/openmpi-3.1.4-3vyf7ewlfuehyazwvl3rcijio5tdtagx
==> No patches needed for openmpi
==> Building openmpi [AutotoolsPackage]
==> Executing phase: 'autoreconf'
==> Executing phase: 'configure'
==> Executing phase: 'build'
==> Executing phase: 'install'
==> Successfully installed openmpi
  Fetch: 0.04s.  Build: 15m 27.86s.  Total: 15m 27.90s.
[+] /scratch/users/dantopa/new-spack/libraries/darwin-general.openmpi/opt/spack/linux-centos7-x86_64/gcc-4.9.3/openmpi-3.1.4-3vyf7ewlfuehyazwvl3rcijio5tdtagx

spack install openmpi @ 3.1.4 % gcc@4.8.5  arch=linux-centos7-x86_64
==> libtool@2.4.6 : externally installed in /usr
==> libtool@2.4.6 : already registered in DB
==> pkg-config@0.29.2 : externally installed in /usr
==> pkg-config@0.29.2 : already registered in DB
==> util-macros is already installed in /scratch/users/dantopa/new-spack/libraries/darwin-general.openmpi/opt/spack/linux-centos7-x86_64/gcc-4.8.5/util-macros-1.19.1-p66qdrtaslf2cq4wyc6mitrxzhnyujhc
==> libpciaccess is already installed in /scratch/users/dantopa/new-spack/libraries/darwin-general.openmpi/opt/spack/linux-centos7-x86_64/gcc-4.8.5/libpciaccess-0.13.5-5chyfxo6gpmcf74gpv3sqni2aa6v5x57
==> libxml2@2.9.8 : externally installed in /usr
==> libxml2@2.9.8 : already registered in DB
==> numactl@2.0.12 : externally installed in /usr
==> numactl@2.0.12 : already registered in DB
==> hwloc is already installed in /scratch/users/dantopa/new-spack/libraries/darwin-general.openmpi/opt/spack/linux-centos7-x86_64/gcc-4.8.5/hwloc-1.11.11-bkkhvejler5rcxoz6mufxxb7fm3qdqbe
==> zlib is already installed in /scratch/users/dantopa/new-spack/libraries/darwin-general.openmpi/opt/spack/linux-centos7-x86_64/gcc-4.8.5/zlib-1.2.11-64vg6e4evdrlqgx7iicwhu2hs7lv6gpz
==> Installing openmpi
==> Searching for binary cache of openmpi
==> Finding buildcaches in /usr/projects/draco/vendors/spack.mirror/build_cache
==> No binary for openmpi found: installing from source
==> Using cached archive: /scratch/users/dantopa/new-spack/libraries/darwin-general.openmpi/var/spack/cache/openmpi/openmpi-3.1.4.tar.bz2
==> Staging archive: /scratch/users/dantopa/new-spack/libraries/darwin-general.openmpi/var/spack/stage/openmpi-3.1.4-bjftvhynq6wfiqkdjme7gyeeuiviu6vu/openmpi-3.1.4.tar.bz2
==> Created stage in /scratch/users/dantopa/new-spack/libraries/darwin-general.openmpi/var/spack/stage/openmpi-3.1.4-bjftvhynq6wfiqkdjme7gyeeuiviu6vu
==> No patches needed for openmpi
==> Building openmpi [AutotoolsPackage]
==> Executing phase: 'autoreconf'
==> Executing phase: 'configure'
==> Executing phase: 'build'
==> Executing phase: 'install'
==> Successfully installed openmpi
  Fetch: 0.02s.  Build: 14m 44.64s.  Total: 14m 44.66s.
[+] /scratch/users/dantopa/new-spack/libraries/darwin-general.openmpi/opt/spack/linux-centos7-x86_64/gcc-4.8.5/openmpi-3.1.4-bjftvhynq6wfiqkdjme7gyeeuiviu6vu

spack install openmpi @ 3.1.4 % intel@18.0.3  arch=linux-centos7-x86_64
==> libtool@2.4.6 : externally installed in /usr
==> libtool@2.4.6 : already registered in DB
==> pkg-config@0.29.2 : externally installed in /usr
==> pkg-config@0.29.2 : already registered in DB
==> util-macros is already installed in /scratch/users/dantopa/new-spack/libraries/darwin-general.openmpi/opt/spack/linux-centos7-x86_64/intel-18.0.3/util-macros-1.19.1-mcpc6iksxiwi524dnk62ir3v4iobcqiu
==> libpciaccess is already installed in /scratch/users/dantopa/new-spack/libraries/darwin-general.openmpi/opt/spack/linux-centos7-x86_64/intel-18.0.3/libpciaccess-0.13.5-zrun5pczkvhnmswkgbeomikpiqfikpn3
==> libxml2@2.9.8 : externally installed in /usr
==> libxml2@2.9.8 : already registered in DB
==> numactl@2.0.12 : externally installed in /usr
==> numactl@2.0.12 : already registered in DB
==> hwloc is already installed in /scratch/users/dantopa/new-spack/libraries/darwin-general.openmpi/opt/spack/linux-centos7-x86_64/intel-18.0.3/hwloc-1.11.11-537d5odlcriserodoo3iuntsrmvu247m
==> zlib is already installed in /scratch/users/dantopa/new-spack/libraries/darwin-general.openmpi/opt/spack/linux-centos7-x86_64/intel-18.0.3/zlib-1.2.11-vonxam4cye6oarnfuv4tviycduvx53ma
==> Installing openmpi
==> Searching for binary cache of openmpi
==> Finding buildcaches in /usr/projects/draco/vendors/spack.mirror/build_cache
==> No binary for openmpi found: installing from source
==> Using cached archive: /scratch/users/dantopa/new-spack/libraries/darwin-general.openmpi/var/spack/cache/openmpi/openmpi-3.1.4.tar.bz2
==> Staging archive: /scratch/users/dantopa/new-spack/libraries/darwin-general.openmpi/var/spack/stage/openmpi-3.1.4-tzivn7yw7byvxtpjp3rtijolo5kot75f/openmpi-3.1.4.tar.bz2
==> Created stage in /scratch/users/dantopa/new-spack/libraries/darwin-general.openmpi/var/spack/stage/openmpi-3.1.4-tzivn7yw7byvxtpjp3rtijolo5kot75f
==> No patches needed for openmpi
==> Building openmpi [AutotoolsPackage]
==> Executing phase: 'autoreconf'
==> Executing phase: 'configure'
==> Executing phase: 'build'
