Wed Apr 24 13:27:25 MDT 2019


spack install libhio @ 1.4.1.3 % gcc@8.2.0  arch=linux-rhel7-aarch64
==> bzip2@1.0.6 : externally installed in /usr
==> bzip2@1.0.6 : already registered in DB
==> numactl@2.0.12 : externally installed in /usr
==> numactl@2.0.12 : already registered in DB
==> libtool@2.4.6 : externally installed in /usr
==> libtool@2.4.6 : already registered in DB
==> pkg-config@0.29.2 : externally installed in /usr
==> pkg-config@0.29.2 : already registered in DB
==> util-macros is already installed in /scratch/users/dantopa/new-spack/libraries/darwin-arm.libhio/opt/spack/linux-rhel7-aarch64/gcc-8.2.0/util-macros-1.19.1-6itlqdju436m5c7lx2hp6m2dgkb57g4d
==> libpciaccess is already installed in /scratch/users/dantopa/new-spack/libraries/darwin-arm.libhio/opt/spack/linux-rhel7-aarch64/gcc-8.2.0/libpciaccess-0.13.5-vfd6u24jr5smqmn62ejiwkyyai3pqgoy
==> libxml2@2.9.8 : externally installed in /usr
==> libxml2@2.9.8 : already registered in DB
==> hwloc is already installed in /scratch/users/dantopa/new-spack/libraries/darwin-arm.libhio/opt/spack/linux-rhel7-aarch64/gcc-8.2.0/hwloc-1.11.11-3pau2kkci4wapktmaook3bthewr3nedy
==> zlib is already installed in /scratch/users/dantopa/new-spack/libraries/darwin-arm.libhio/opt/spack/linux-rhel7-aarch64/gcc-8.2.0/zlib-1.2.11-x5quqjkvnp3vz7yqq4ue3m6xby5ryq76
==> Installing openmpi
==> Searching for binary cache of openmpi
==> Finding buildcaches in /usr/projects/draco/vendors/spack.mirror/build_cache
==> No binary for openmpi found: installing from source
==> Fetching file:///usr/projects/draco/vendors/spack.mirror/openmpi/openmpi-3.1.4.tar.bz2
==> Staging archive: /scratch/users/dantopa/new-spack/libraries/darwin-arm.libhio/var/spack/stage/openmpi-3.1.4-e5delega3as7f7jyyf2ibqd5uikz5ken/openmpi-3.1.4.tar.bz2
==> Created stage in /scratch/users/dantopa/new-spack/libraries/darwin-arm.libhio/var/spack/stage/openmpi-3.1.4-e5delega3as7f7jyyf2ibqd5uikz5ken
==> No patches needed for openmpi
==> Building openmpi [AutotoolsPackage]
==> Executing phase: 'autoreconf'
==> Executing phase: 'configure'
==> Executing phase: 'build'
==> Executing phase: 'install'
==> Successfully installed openmpi
  Fetch: 0.15s.  Build: 14m 25.01s.  Total: 14m 25.16s.
[+] /scratch/users/dantopa/new-spack/libraries/darwin-arm.libhio/opt/spack/linux-rhel7-aarch64/gcc-8.2.0/openmpi-3.1.4-e5delega3as7f7jyyf2ibqd5uikz5ken
==> Installing hdf5
==> Searching for binary cache of hdf5
==> Finding buildcaches in /usr/projects/draco/vendors/spack.mirror/build_cache
==> No binary for hdf5 found: installing from source
==> Fetching file:///usr/projects/draco/vendors/spack.mirror/hdf5/hdf5-1.8.17.tar.gz
==> Staging archive: /scratch/users/dantopa/new-spack/libraries/darwin-arm.libhio/var/spack/stage/hdf5-1.8.17-ctoi7g2tor42f3qulkb5eqlvtdbz4rs4/hdf5-1.8.17.tar.gz
==> Created stage in /scratch/users/dantopa/new-spack/libraries/darwin-arm.libhio/var/spack/stage/hdf5-1.8.17-ctoi7g2tor42f3qulkb5eqlvtdbz4rs4
==> No patches needed for hdf5
==> Building hdf5 [AutotoolsPackage]
==> Executing phase: 'autoreconf'
==> Executing phase: 'configure'
==> Executing phase: 'build'
==> Executing phase: 'install'
==> Successfully installed hdf5
  Fetch: 0.13s.  Build: 2m 4.72s.  Total: 2m 4.86s.
[+] /scratch/users/dantopa/new-spack/libraries/darwin-arm.libhio/opt/spack/linux-rhel7-aarch64/gcc-8.2.0/hdf5-1.8.17-ctoi7g2tor42f3qulkb5eqlvtdbz4rs4
==> autoconf@2.69 : externally installed in /usr
==> autoconf@2.69 : already registered in DB
==> json-c is already installed in /scratch/users/dantopa/new-spack/libraries/darwin-arm.libhio/opt/spack/linux-rhel7-aarch64/gcc-8.2.0/json-c-0.13.1-bn5b4bby3qpcjxrdb2rnpic6ot66kfvf
==> Installing libhio
==> Searching for binary cache of libhio
==> Finding buildcaches in /usr/projects/draco/vendors/spack.mirror/build_cache
==> No binary for libhio found: installing from source
==> Fetching file:///usr/projects/draco/vendors/spack.mirror/libhio/libhio-1.4.1.3.tar.bz2
==> Staging archive: /scratch/users/dantopa/new-spack/libraries/darwin-arm.libhio/var/spack/stage/libhio-1.4.1.3-f3lmdy5stzgqvnyvzeopt2d636iufmuf/libhio-1.4.1.3.tar.bz2
==> Created stage in /scratch/users/dantopa/new-spack/libraries/darwin-arm.libhio/var/spack/stage/libhio-1.4.1.3-f3lmdy5stzgqvnyvzeopt2d636iufmuf
==> No patches needed for libhio
==> Building libhio [AutotoolsPackage]
==> Executing phase: 'autoreconf'
==> Executing phase: 'configure'
==> Executing phase: 'build'
==> Executing phase: 'install'
==> Successfully installed libhio
  Fetch: 0.09s.  Build: 50.92s.  Total: 51.01s.
[+] /scratch/users/dantopa/new-spack/libraries/darwin-arm.libhio/opt/spack/linux-rhel7-aarch64/gcc-8.2.0/libhio-1.4.1.3-f3lmdy5stzgqvnyvzeopt2d636iufmuf

spack install libhio @ 1.4.1.3 % gcc@8.1.0  arch=linux-rhel7-aarch64
==> bzip2@1.0.6 : externally installed in /usr
==> bzip2@1.0.6 : already registered in DB
==> numactl@2.0.12 : externally installed in /usr
==> numactl@2.0.12 : already registered in DB
==> libtool@2.4.6 : externally installed in /usr
==> libtool@2.4.6 : already registered in DB
==> pkg-config@0.29.2 : externally installed in /usr
==> pkg-config@0.29.2 : already registered in DB
==> util-macros is already installed in /scratch/users/dantopa/new-spack/libraries/darwin-arm.libhio/opt/spack/linux-rhel7-aarch64/gcc-8.1.0/util-macros-1.19.1-ebpysshggo32zk4dga537yakdo5wdeia
==> Installing libpciaccess
==> Searching for binary cache of libpciaccess
==> Finding buildcaches in /usr/projects/draco/vendors/spack.mirror/build_cache
==> No binary for libpciaccess found: installing from source
==> Fetching file:///usr/projects/draco/vendors/spack.mirror/libpciaccess/libpciaccess-0.13.5.tar.gz
==> Staging archive: /scratch/users/dantopa/new-spack/libraries/darwin-arm.libhio/var/spack/stage/libpciaccess-0.13.5-gpzuvig2ughdn2tbygwjwwo4sjjjpckx/libpciaccess-0.13.5.tar.gz
==> Created stage in /scratch/users/dantopa/new-spack/libraries/darwin-arm.libhio/var/spack/stage/libpciaccess-0.13.5-gpzuvig2ughdn2tbygwjwwo4sjjjpckx
==> No patches needed for libpciaccess
==> Building libpciaccess [AutotoolsPackage]
==> Executing phase: 'autoreconf'
==> Executing phase: 'configure'

spack install libhio @ 1.4.1.3 % gcc@7.1.0  arch=linux-rhel7-aarch64
==> bzip2@1.0.6 : externally installed in /usr
==> bzip2@1.0.6 : already registered in DB
==> numactl@2.0.12 : externally installed in /usr
==> numactl@2.0.12 : already registered in DB
==> libtool@2.4.6 : externally installed in /usr
==> libtool@2.4.6 : already registered in DB
==> pkg-config@0.29.2 : externally installed in /usr
==> pkg-config@0.29.2 : already registered in DB
==> util-macros is already installed in /scratch/users/dantopa/new-spack/libraries/darwin-arm.libhio/opt/spack/linux-rhel7-aarch64/gcc-7.1.0/util-macros-1.19.1-kiskvsircx35vjhzzbi52mc6wdcvvcbl
==> libpciaccess is already installed in /scratch/users/dantopa/new-spack/libraries/darwin-arm.libhio/opt/spack/linux-rhel7-aarch64/gcc-7.1.0/libpciaccess-0.13.5-gmwtdrwzcwy4fhsfwwhkhjrqj4gyilqg
==> libxml2@2.9.8 : externally installed in /usr
==> libxml2@2.9.8 : already registered in DB
==> hwloc is already installed in /scratch/users/dantopa/new-spack/libraries/darwin-arm.libhio/opt/spack/linux-rhel7-aarch64/gcc-7.1.0/hwloc-1.11.11-izn5gbomybj4mg4jyxw36m5tes5opfbw
==> zlib is already installed in /scratch/users/dantopa/new-spack/libraries/darwin-arm.libhio/opt/spack/linux-rhel7-aarch64/gcc-7.1.0/zlib-1.2.11-zsiftcm2ljpbv63ltipxr3no6lol6baa
==> Installing openmpi
==> Searching for binary cache of openmpi
==> Finding buildcaches in /usr/projects/draco/vendors/spack.mirror/build_cache
==> No binary for openmpi found: installing from source
==> Using cached archive: /scratch/users/dantopa/new-spack/libraries/darwin-arm.libhio/var/spack/cache/openmpi/openmpi-3.1.4.tar.bz2
==> Staging archive: /scratch/users/dantopa/new-spack/libraries/darwin-arm.libhio/var/spack/stage/openmpi-3.1.4-jnzsss4yfibjfzxy6hxggnduojckh37p/openmpi-3.1.4.tar.bz2
==> Created stage in /scratch/users/dantopa/new-spack/libraries/darwin-arm.libhio/var/spack/stage/openmpi-3.1.4-jnzsss4yfibjfzxy6hxggnduojckh37p
==> No patches needed for openmpi
==> Building openmpi [AutotoolsPackage]
==> Executing phase: 'autoreconf'
==> Executing phase: 'configure'
==> Executing phase: 'build'
==> Executing phase: 'install'
==> Successfully installed openmpi
  Fetch: 0.02s.  Build: 14m 4.98s.  Total: 14m 5.00s.
[+] /scratch/users/dantopa/new-spack/libraries/darwin-arm.libhio/opt/spack/linux-rhel7-aarch64/gcc-7.1.0/openmpi-3.1.4-jnzsss4yfibjfzxy6hxggnduojckh37p
==> Installing hdf5
==> Searching for binary cache of hdf5
==> Finding buildcaches in /usr/projects/draco/vendors/spack.mirror/build_cache
==> No binary for hdf5 found: installing from source
==> Using cached archive: /scratch/users/dantopa/new-spack/libraries/darwin-arm.libhio/var/spack/cache/hdf5/hdf5-1.8.17.tar.gz
==> Staging archive: /scratch/users/dantopa/new-spack/libraries/darwin-arm.libhio/var/spack/stage/hdf5-1.8.17-j7by2yfzxyr7i6eq576ojsaeol7owsh5/hdf5-1.8.17.tar.gz
==> Created stage in /scratch/users/dantopa/new-spack/libraries/darwin-arm.libhio/var/spack/stage/hdf5-1.8.17-j7by2yfzxyr7i6eq576ojsaeol7owsh5
==> No patches needed for hdf5
==> Building hdf5 [AutotoolsPackage]
==> Executing phase: 'autoreconf'
==> Executing phase: 'configure'
==> Executing phase: 'build'
==> Executing phase: 'install'
==> Successfully installed hdf5
  Fetch: 0.04s.  Build: 1m 56.92s.  Total: 1m 56.96s.
[+] /scratch/users/dantopa/new-spack/libraries/darwin-arm.libhio/opt/spack/linux-rhel7-aarch64/gcc-7.1.0/hdf5-1.8.17-j7by2yfzxyr7i6eq576ojsaeol7owsh5
==> autoconf@2.69 : externally installed in /usr
==> autoconf@2.69 : already registered in DB
==> json-c is already installed in /scratch/users/dantopa/new-spack/libraries/darwin-arm.libhio/opt/spack/linux-rhel7-aarch64/gcc-7.1.0/json-c-0.13.1-wzla5wt3iftg3gjuzwzrshcvrj6ffehj
==> Installing libhio
==> Searching for binary cache of libhio
==> Finding buildcaches in /usr/projects/draco/vendors/spack.mirror/build_cache
==> No binary for libhio found: installing from source
==> Using cached archive: /scratch/users/dantopa/new-spack/libraries/darwin-arm.libhio/var/spack/cache/libhio/libhio-1.4.1.3.tar.bz2
==> Staging archive: /scratch/users/dantopa/new-spack/libraries/darwin-arm.libhio/var/spack/stage/libhio-1.4.1.3-hg3jhigd6wqw4obzqjjqg2o4te6rww3w/libhio-1.4.1.3.tar.bz2
==> Created stage in /scratch/users/dantopa/new-spack/libraries/darwin-arm.libhio/var/spack/stage/libhio-1.4.1.3-hg3jhigd6wqw4obzqjjqg2o4te6rww3w
==> No patches needed for libhio
==> Building libhio [AutotoolsPackage]
==> Executing phase: 'autoreconf'
==> Executing phase: 'configure'
==> Executing phase: 'build'
==> Executing phase: 'install'
==> Successfully installed libhio
  Fetch: 0.01s.  Build: 49.80s.  Total: 49.80s.
[+] /scratch/users/dantopa/new-spack/libraries/darwin-arm.libhio/opt/spack/linux-rhel7-aarch64/gcc-7.1.0/libhio-1.4.1.3-hg3jhigd6wqw4obzqjjqg2o4te6rww3w

spack install libhio @ 1.4.1.3 % gcc@4.8.5  arch=linux-rhel7-aarch64
==> bzip2@1.0.6 : externally installed in /usr
==> bzip2@1.0.6 : already registered in DB
==> numactl@2.0.12 : externally installed in /usr
==> numactl@2.0.12 : already registered in DB
==> libtool@2.4.6 : externally installed in /usr
==> libtool@2.4.6 : already registered in DB
==> pkg-config@0.29.2 : externally installed in /usr
==> pkg-config@0.29.2 : already registered in DB
==> util-macros is already installed in /scratch/users/dantopa/new-spack/libraries/darwin-arm.libhio/opt/spack/linux-rhel7-aarch64/gcc-4.8.5/util-macros-1.19.1-taxopdvexxiaknvfyhfpeu27t7t57ogv
==> libpciaccess is already installed in /scratch/users/dantopa/new-spack/libraries/darwin-arm.libhio/opt/spack/linux-rhel7-aarch64/gcc-4.8.5/libpciaccess-0.13.5-6a4he357fqas3e73eduk56vxa4ljss4g
==> libxml2@2.9.8 : externally installed in /usr
==> libxml2@2.9.8 : already registered in DB
==> hwloc is already installed in /scratch/users/dantopa/new-spack/libraries/darwin-arm.libhio/opt/spack/linux-rhel7-aarch64/gcc-4.8.5/hwloc-1.11.11-7gqvelczu57m6jqefc662tqbtmrrgcfp
==> zlib is already installed in /scratch/users/dantopa/new-spack/libraries/darwin-arm.libhio/opt/spack/linux-rhel7-aarch64/gcc-4.8.5/zlib-1.2.11-67s2oqnabyrxgoss5v72lgshbomfvmnf
==> Installing openmpi
==> Searching for binary cache of openmpi
==> Finding buildcaches in /usr/projects/draco/vendors/spack.mirror/build_cache
==> No binary for openmpi found: installing from source
==> Using cached archive: /scratch/users/dantopa/new-spack/libraries/darwin-arm.libhio/var/spack/cache/openmpi/openmpi-3.1.4.tar.bz2
==> Staging archive: /scratch/users/dantopa/new-spack/libraries/darwin-arm.libhio/var/spack/stage/openmpi-3.1.4-pvq3s35adk4kpoq2g3c5h2zoywaod4aj/openmpi-3.1.4.tar.bz2
==> Created stage in /scratch/users/dantopa/new-spack/libraries/darwin-arm.libhio/var/spack/stage/openmpi-3.1.4-pvq3s35adk4kpoq2g3c5h2zoywaod4aj
==> No patches needed for openmpi
==> Building openmpi [AutotoolsPackage]
==> Executing phase: 'autoreconf'
==> Executing phase: 'configure'
==> Executing phase: 'build'
==> Executing phase: 'install'
==> Successfully installed openmpi
  Fetch: 0.02s.  Build: 12m 21.44s.  Total: 12m 21.46s.
[+] /scratch/users/dantopa/new-spack/libraries/darwin-arm.libhio/opt/spack/linux-rhel7-aarch64/gcc-4.8.5/openmpi-3.1.4-pvq3s35adk4kpoq2g3c5h2zoywaod4aj
==> Installing hdf5
==> Searching for binary cache of hdf5
==> Finding buildcaches in /usr/projects/draco/vendors/spack.mirror/build_cache
==> No binary for hdf5 found: installing from source
==> Using cached archive: /scratch/users/dantopa/new-spack/libraries/darwin-arm.libhio/var/spack/cache/hdf5/hdf5-1.8.17.tar.gz
==> Staging archive: /scratch/users/dantopa/new-spack/libraries/darwin-arm.libhio/var/spack/stage/hdf5-1.8.17-ax5kqrtkdfrcbwtrkpmo5ch44gh4bsan/hdf5-1.8.17.tar.gz
==> Created stage in /scratch/users/dantopa/new-spack/libraries/darwin-arm.libhio/var/spack/stage/hdf5-1.8.17-ax5kqrtkdfrcbwtrkpmo5ch44gh4bsan
==> No patches needed for hdf5
==> Building hdf5 [AutotoolsPackage]
==> Executing phase: 'autoreconf'
==> Executing phase: 'configure'
==> Executing phase: 'build'
==> Executing phase: 'install'
==> Successfully installed hdf5
  Fetch: 0.04s.  Build: 2m 59.90s.  Total: 2m 59.94s.
[+] /scratch/users/dantopa/new-spack/libraries/darwin-arm.libhio/opt/spack/linux-rhel7-aarch64/gcc-4.8.5/hdf5-1.8.17-ax5kqrtkdfrcbwtrkpmo5ch44gh4bsan
==> autoconf@2.69 : externally installed in /usr
==> autoconf@2.69 : already registered in DB
==> json-c is already installed in /scratch/users/dantopa/new-spack/libraries/darwin-arm.libhio/opt/spack/linux-rhel7-aarch64/gcc-4.8.5/json-c-0.13.1-lvuysqs26wymzylayhtyy2acmlblszji
==> Installing libhio
==> Searching for binary cache of libhio
==> Finding buildcaches in /usr/projects/draco/vendors/spack.mirror/build_cache
==> No binary for libhio found: installing from source
==> Using cached archive: /scratch/users/dantopa/new-spack/libraries/darwin-arm.libhio/var/spack/cache/libhio/libhio-1.4.1.3.tar.bz2
==> Staging archive: /scratch/users/dantopa/new-spack/libraries/darwin-arm.libhio/var/spack/stage/libhio-1.4.1.3-dgmlhfk2voxtsauhew3tdt3fbwvtvf5w/libhio-1.4.1.3.tar.bz2
==> Created stage in /scratch/users/dantopa/new-spack/libraries/darwin-arm.libhio/var/spack/stage/libhio-1.4.1.3-dgmlhfk2voxtsauhew3tdt3fbwvtvf5w
==> No patches needed for libhio
==> Building libhio [AutotoolsPackage]
==> Executing phase: 'autoreconf'
==> Executing phase: 'configure'
==> Executing phase: 'build'
==> Executing phase: 'install'
==> Successfully installed libhio
  Fetch: 0.01s.  Build: 48.33s.  Total: 48.33s.
[+] /scratch/users/dantopa/new-spack/libraries/darwin-arm.libhio/opt/spack/linux-rhel7-aarch64/gcc-4.8.5/libhio-1.4.1.3-dgmlhfk2voxtsauhew3tdt3fbwvtvf5w

spack install libhio @ 1.4.1.3 % arm@19.1  arch=linux-rhel7-aarch64
==> bzip2@1.0.6 : externally installed in /usr
==> bzip2@1.0.6 : already registered in DB
==> numactl@2.0.12 : externally installed in /usr
==> numactl@2.0.12 : already registered in DB
==> libtool@2.4.6 : externally installed in /usr
==> libtool@2.4.6 : already registered in DB
==> pkg-config@0.29.2 : externally installed in /usr
==> pkg-config@0.29.2 : already registered in DB
==> util-macros is already installed in /scratch/users/dantopa/new-spack/libraries/darwin-arm.libhio/opt/spack/linux-rhel7-aarch64/arm-19.1/util-macros-1.19.1-6334hbdfcbbks7mxvueh7ol2e2q55gt3
==> Installing libpciaccess
==> Searching for binary cache of libpciaccess
==> Finding buildcaches in /usr/projects/draco/vendors/spack.mirror/build_cache
==> No binary for libpciaccess found: installing from source
==> Using cached archive: /scratch/users/dantopa/new-spack/libraries/darwin-arm.libhio/var/spack/cache/libpciaccess/libpciaccess-0.13.5.tar.gz
==> Staging archive: /scratch/users/dantopa/new-spack/libraries/darwin-arm.libhio/var/spack/stage/libpciaccess-0.13.5-syimrildzpuh3cythz2l2zkwmk4e2buv/libpciaccess-0.13.5.tar.gz
==> Created stage in /scratch/users/dantopa/new-spack/libraries/darwin-arm.libhio/var/spack/stage/libpciaccess-0.13.5-syimrildzpuh3cythz2l2zkwmk4e2buv
==> No patches needed for libpciaccess
==> Building libpciaccess [AutotoolsPackage]
==> Executing phase: 'autoreconf'
==> Executing phase: 'configure'

spack install libhio @ 1.4.1.3 % clang@18.4.2  arch=linux-rhel7-aarch64
==> bzip2@1.0.6 : externally installed in /usr
==> bzip2@1.0.6 : already registered in DB
==> numactl@2.0.12 : externally installed in /usr
==> numactl@2.0.12 : already registered in DB
==> libtool@2.4.6 : externally installed in /usr
==> libtool@2.4.6 : already registered in DB
==> pkg-config@0.29.2 : externally installed in /usr
==> pkg-config@0.29.2 : already registered in DB
==> util-macros is already installed in /scratch/users/dantopa/new-spack/libraries/darwin-arm.libhio/opt/spack/linux-rhel7-aarch64/clang-18.4.2/util-macros-1.19.1-cn7b44vbwcvskh5rebgthm37uii37nu7
==> Installing libpciaccess
==> Searching for binary cache of libpciaccess
==> Finding buildcaches in /usr/projects/draco/vendors/spack.mirror/build_cache
==> No binary for libpciaccess found: installing from source
==> Using cached archive: /scratch/users/dantopa/new-spack/libraries/darwin-arm.libhio/var/spack/cache/libpciaccess/libpciaccess-0.13.5.tar.gz
==> Staging archive: /scratch/users/dantopa/new-spack/libraries/darwin-arm.libhio/var/spack/stage/libpciaccess-0.13.5-zmhg7tt5i5efkdqkbklhejtqo2trvtr7/libpciaccess-0.13.5.tar.gz
==> Created stage in /scratch/users/dantopa/new-spack/libraries/darwin-arm.libhio/var/spack/stage/libpciaccess-0.13.5-zmhg7tt5i5efkdqkbklhejtqo2trvtr7
==> No patches needed for libpciaccess
==> Building libpciaccess [AutotoolsPackage]
==> Executing phase: 'autoreconf'
==> Executing phase: 'configure'

spack install libhio @ 1.4.1.3 % clang@18.4.1  arch=linux-rhel7-aarch64
==> bzip2@1.0.6 : externally installed in /usr
==> bzip2@1.0.6 : already registered in DB
==> numactl@2.0.12 : externally installed in /usr
==> numactl@2.0.12 : already registered in DB
==> libtool@2.4.6 : externally installed in /usr
==> libtool@2.4.6 : already registered in DB
==> pkg-config@0.29.2 : externally installed in /usr
==> pkg-config@0.29.2 : already registered in DB
==> util-macros is already installed in /scratch/users/dantopa/new-spack/libraries/darwin-arm.libhio/opt/spack/linux-rhel7-aarch64/clang-18.4.1/util-macros-1.19.1-l6bywkvjvdjtht56dcesy2736lyzzpp7
==> Installing libpciaccess
==> Searching for binary cache of libpciaccess
==> Finding buildcaches in /usr/projects/draco/vendors/spack.mirror/build_cache
==> No binary for libpciaccess found: installing from source
==> Using cached archive: /scratch/users/dantopa/new-spack/libraries/darwin-arm.libhio/var/spack/cache/libpciaccess/libpciaccess-0.13.5.tar.gz
==> Staging archive: /scratch/users/dantopa/new-spack/libraries/darwin-arm.libhio/var/spack/stage/libpciaccess-0.13.5-q2f4lw2hjiy26w67orjs4od4jvewx5ir/libpciaccess-0.13.5.tar.gz
==> Created stage in /scratch/users/dantopa/new-spack/libraries/darwin-arm.libhio/var/spack/stage/libpciaccess-0.13.5-q2f4lw2hjiy26w67orjs4od4jvewx5ir
==> No patches needed for libpciaccess
==> Building libpciaccess [AutotoolsPackage]
==> Executing phase: 'autoreconf'
==> Executing phase: 'configure'

spack install libhio @ 1.4.1.3 % clang@18.4.0  arch=linux-rhel7-aarch64
==> bzip2@1.0.6 : externally installed in /usr
==> bzip2@1.0.6 : already registered in DB
==> numactl@2.0.12 : externally installed in /usr
==> numactl@2.0.12 : already registered in DB
==> libtool@2.4.6 : externally installed in /usr
==> libtool@2.4.6 : already registered in DB
==> pkg-config@0.29.2 : externally installed in /usr
==> pkg-config@0.29.2 : already registered in DB
==> util-macros is already installed in /scratch/users/dantopa/new-spack/libraries/darwin-arm.libhio/opt/spack/linux-rhel7-aarch64/clang-18.4.0/util-macros-1.19.1-rcfd7zo4un7ptsj6svdyc4aamhwhzztr
==> libpciaccess is already installed in /scratch/users/dantopa/new-spack/libraries/darwin-arm.libhio/opt/spack/linux-rhel7-aarch64/clang-18.4.0/libpciaccess-0.13.5-m4ndyt2tktxlhjkaefppigljxuam6qqk
==> libxml2@2.9.8 : externally installed in /usr
==> libxml2@2.9.8 : already registered in DB
==> hwloc is already installed in /scratch/users/dantopa/new-spack/libraries/darwin-arm.libhio/opt/spack/linux-rhel7-aarch64/clang-18.4.0/hwloc-1.11.11-nrhhjwc5dxrqrouxquxnsaoxp3vhmw3j
==> zlib is already installed in /scratch/users/dantopa/new-spack/libraries/darwin-arm.libhio/opt/spack/linux-rhel7-aarch64/clang-18.4.0/zlib-1.2.11-iqn6doj77k6ywxmpkuv5baolr6y3gljh
==> Installing openmpi
==> Searching for binary cache of openmpi
==> Finding buildcaches in /usr/projects/draco/vendors/spack.mirror/build_cache
==> No binary for openmpi found: installing from source
==> Using cached archive: /scratch/users/dantopa/new-spack/libraries/darwin-arm.libhio/var/spack/cache/openmpi/openmpi-3.1.4.tar.bz2
==> Staging archive: /scratch/users/dantopa/new-spack/libraries/darwin-arm.libhio/var/spack/stage/openmpi-3.1.4-3zl3gpxagkqzengxwdsfva4euefgrw22/openmpi-3.1.4.tar.bz2
==> Created stage in /scratch/users/dantopa/new-spack/libraries/darwin-arm.libhio/var/spack/stage/openmpi-3.1.4-3zl3gpxagkqzengxwdsfva4euefgrw22
==> No patches needed for openmpi
==> Building openmpi [AutotoolsPackage]
==> Executing phase: 'autoreconf'
==> Executing phase: 'configure'
==> Executing phase: 'build'
==> Executing phase: 'install'
==> Successfully installed openmpi
  Fetch: 0.02s.  Build: 13m 17.84s.  Total: 13m 17.85s.
[+] /scratch/users/dantopa/new-spack/libraries/darwin-arm.libhio/opt/spack/linux-rhel7-aarch64/clang-18.4.0/openmpi-3.1.4-3zl3gpxagkqzengxwdsfva4euefgrw22
==> Installing hdf5
==> Searching for binary cache of hdf5
==> Finding buildcaches in /usr/projects/draco/vendors/spack.mirror/build_cache
==> No binary for hdf5 found: installing from source
==> Using cached archive: /scratch/users/dantopa/new-spack/libraries/darwin-arm.libhio/var/spack/cache/hdf5/hdf5-1.8.17.tar.gz
==> Staging archive: /scratch/users/dantopa/new-spack/libraries/darwin-arm.libhio/var/spack/stage/hdf5-1.8.17-f24pvc2ixw2xo7ibvebhnsc2oicre4ih/hdf5-1.8.17.tar.gz
==> Created stage in /scratch/users/dantopa/new-spack/libraries/darwin-arm.libhio/var/spack/stage/hdf5-1.8.17-f24pvc2ixw2xo7ibvebhnsc2oicre4ih
==> No patches needed for hdf5
==> Building hdf5 [AutotoolsPackage]
==> Executing phase: 'autoreconf'
==> Executing phase: 'configure'
==> Executing phase: 'build'

spack install libhio @ 1.4.1.3 % clang@7.0.0  arch=linux-rhel7-aarch64
==> bzip2@1.0.6 : externally installed in /usr
==> bzip2@1.0.6 : already registered in DB
==> numactl@2.0.12 : externally installed in /usr
==> numactl@2.0.12 : already registered in DB
==> libtool@2.4.6 : externally installed in /usr
==> libtool@2.4.6 : already registered in DB
==> pkg-config@0.29.2 : externally installed in /usr
==> pkg-config@0.29.2 : already registered in DB
==> util-macros is already installed in /scratch/users/dantopa/new-spack/libraries/darwin-arm.libhio/opt/spack/linux-rhel7-aarch64/clang-7.0.0/util-macros-1.19.1-ksbkmubtrwwq5exzl5sdf7z2lz3vyjli
==> Installing libpciaccess
==> Searching for binary cache of libpciaccess
==> Finding buildcaches in /usr/projects/draco/vendors/spack.mirror/build_cache
==> No binary for libpciaccess found: installing from source
==> Using cached archive: /scratch/users/dantopa/new-spack/libraries/darwin-arm.libhio/var/spack/cache/libpciaccess/libpciaccess-0.13.5.tar.gz
==> Staging archive: /scratch/users/dantopa/new-spack/libraries/darwin-arm.libhio/var/spack/stage/libpciaccess-0.13.5-t24hqeld27fu4srlt6s5ujtp5lhff5bg/libpciaccess-0.13.5.tar.gz
==> Created stage in /scratch/users/dantopa/new-spack/libraries/darwin-arm.libhio/var/spack/stage/libpciaccess-0.13.5-t24hqeld27fu4srlt6s5ujtp5lhff5bg
==> No patches needed for libpciaccess
==> Building libpciaccess [AutotoolsPackage]
==> Executing phase: 'autoreconf'
==> Executing phase: 'configure'

spack install libhio @ 1.4.1.2 % gcc@8.2.0  arch=linux-rhel7-aarch64
==> bzip2@1.0.6 : externally installed in /usr
==> bzip2@1.0.6 : already registered in DB
==> numactl@2.0.12 : externally installed in /usr
==> numactl@2.0.12 : already registered in DB
==> libtool@2.4.6 : externally installed in /usr
==> libtool@2.4.6 : already registered in DB
==> pkg-config@0.29.2 : externally installed in /usr
==> pkg-config@0.29.2 : already registered in DB
==> util-macros is already installed in /scratch/users/dantopa/new-spack/libraries/darwin-arm.libhio/opt/spack/linux-rhel7-aarch64/gcc-8.2.0/util-macros-1.19.1-6itlqdju436m5c7lx2hp6m2dgkb57g4d
==> libpciaccess is already installed in /scratch/users/dantopa/new-spack/libraries/darwin-arm.libhio/opt/spack/linux-rhel7-aarch64/gcc-8.2.0/libpciaccess-0.13.5-vfd6u24jr5smqmn62ejiwkyyai3pqgoy
==> libxml2@2.9.8 : externally installed in /usr
==> libxml2@2.9.8 : already registered in DB
==> hwloc is already installed in /scratch/users/dantopa/new-spack/libraries/darwin-arm.libhio/opt/spack/linux-rhel7-aarch64/gcc-8.2.0/hwloc-1.11.11-3pau2kkci4wapktmaook3bthewr3nedy
==> zlib is already installed in /scratch/users/dantopa/new-spack/libraries/darwin-arm.libhio/opt/spack/linux-rhel7-aarch64/gcc-8.2.0/zlib-1.2.11-x5quqjkvnp3vz7yqq4ue3m6xby5ryq76
==> openmpi is already installed in /scratch/users/dantopa/new-spack/libraries/darwin-arm.libhio/opt/spack/linux-rhel7-aarch64/gcc-8.2.0/openmpi-3.1.4-e5delega3as7f7jyyf2ibqd5uikz5ken
==> hdf5 is already installed in /scratch/users/dantopa/new-spack/libraries/darwin-arm.libhio/opt/spack/linux-rhel7-aarch64/gcc-8.2.0/hdf5-1.8.17-ctoi7g2tor42f3qulkb5eqlvtdbz4rs4
==> autoconf@2.69 : externally installed in /usr
==> autoconf@2.69 : already registered in DB
==> json-c is already installed in /scratch/users/dantopa/new-spack/libraries/darwin-arm.libhio/opt/spack/linux-rhel7-aarch64/gcc-8.2.0/json-c-0.13.1-bn5b4bby3qpcjxrdb2rnpic6ot66kfvf
==> Installing libhio
==> Searching for binary cache of libhio
==> Finding buildcaches in /usr/projects/draco/vendors/spack.mirror/build_cache
==> No binary for libhio found: installing from source
==> Fetching file:///usr/projects/draco/vendors/spack.mirror/libhio/libhio-1.4.1.2.tar.bz2
==> Staging archive: /scratch/users/dantopa/new-spack/libraries/darwin-arm.libhio/var/spack/stage/libhio-1.4.1.2-x26xxn3jiokeykuju34l62k5s2uerkkn/libhio-1.4.1.2.tar.bz2
==> Created stage in /scratch/users/dantopa/new-spack/libraries/darwin-arm.libhio/var/spack/stage/libhio-1.4.1.2-x26xxn3jiokeykuju34l62k5s2uerkkn
==> Applied patch /scratch/users/dantopa/new-spack/libraries/darwin-arm.libhio/var/spack/repos/builtin/packages/libhio/0001-spack-fix-for-spack-to-work-on-non-cray-systems.patch
==> Building libhio [AutotoolsPackage]
==> Executing phase: 'autoreconf'
==> Executing phase: 'configure'
==> Executing phase: 'build'
==> Executing phase: 'install'
==> Successfully installed libhio
  Fetch: 0.11s.  Build: 50.45s.  Total: 50.56s.
[+] /scratch/users/dantopa/new-spack/libraries/darwin-arm.libhio/opt/spack/linux-rhel7-aarch64/gcc-8.2.0/libhio-1.4.1.2-x26xxn3jiokeykuju34l62k5s2uerkkn

spack install libhio @ 1.4.1.2 % gcc@8.1.0  arch=linux-rhel7-aarch64
==> bzip2@1.0.6 : externally installed in /usr
==> bzip2@1.0.6 : already registered in DB
==> numactl@2.0.12 : externally installed in /usr
==> numactl@2.0.12 : already registered in DB
==> libtool@2.4.6 : externally installed in /usr
==> libtool@2.4.6 : already registered in DB
==> pkg-config@0.29.2 : externally installed in /usr
==> pkg-config@0.29.2 : already registered in DB
==> util-macros is already installed in /scratch/users/dantopa/new-spack/libraries/darwin-arm.libhio/opt/spack/linux-rhel7-aarch64/gcc-8.1.0/util-macros-1.19.1-ebpysshggo32zk4dga537yakdo5wdeia
==> Installing libpciaccess
==> Searching for binary cache of libpciaccess
==> Finding buildcaches in /usr/projects/draco/vendors/spack.mirror/build_cache
==> No binary for libpciaccess found: installing from source
==> Using cached archive: /scratch/users/dantopa/new-spack/libraries/darwin-arm.libhio/var/spack/cache/libpciaccess/libpciaccess-0.13.5.tar.gz
==> Staging archive: /scratch/users/dantopa/new-spack/libraries/darwin-arm.libhio/var/spack/stage/libpciaccess-0.13.5-gpzuvig2ughdn2tbygwjwwo4sjjjpckx/libpciaccess-0.13.5.tar.gz
==> Created stage in /scratch/users/dantopa/new-spack/libraries/darwin-arm.libhio/var/spack/stage/libpciaccess-0.13.5-gpzuvig2ughdn2tbygwjwwo4sjjjpckx
==> No patches needed for libpciaccess
==> Building libpciaccess [AutotoolsPackage]
==> Executing phase: 'autoreconf'
==> Executing phase: 'configure'

spack install libhio @ 1.4.1.2 % gcc@7.1.0  arch=linux-rhel7-aarch64
==> bzip2@1.0.6 : externally installed in /usr
==> bzip2@1.0.6 : already registered in DB
==> numactl@2.0.12 : externally installed in /usr
==> numactl@2.0.12 : already registered in DB
==> libtool@2.4.6 : externally installed in /usr
==> libtool@2.4.6 : already registered in DB
==> pkg-config@0.29.2 : externally installed in /usr
==> pkg-config@0.29.2 : already registered in DB
==> util-macros is already installed in /scratch/users/dantopa/new-spack/libraries/darwin-arm.libhio/opt/spack/linux-rhel7-aarch64/gcc-7.1.0/util-macros-1.19.1-kiskvsircx35vjhzzbi52mc6wdcvvcbl
==> libpciaccess is already installed in /scratch/users/dantopa/new-spack/libraries/darwin-arm.libhio/opt/spack/linux-rhel7-aarch64/gcc-7.1.0/libpciaccess-0.13.5-gmwtdrwzcwy4fhsfwwhkhjrqj4gyilqg
==> libxml2@2.9.8 : externally installed in /usr
==> libxml2@2.9.8 : already registered in DB
==> hwloc is already installed in /scratch/users/dantopa/new-spack/libraries/darwin-arm.libhio/opt/spack/linux-rhel7-aarch64/gcc-7.1.0/hwloc-1.11.11-izn5gbomybj4mg4jyxw36m5tes5opfbw
==> zlib is already installed in /scratch/users/dantopa/new-spack/libraries/darwin-arm.libhio/opt/spack/linux-rhel7-aarch64/gcc-7.1.0/zlib-1.2.11-zsiftcm2ljpbv63ltipxr3no6lol6baa
==> openmpi is already installed in /scratch/users/dantopa/new-spack/libraries/darwin-arm.libhio/opt/spack/linux-rhel7-aarch64/gcc-7.1.0/openmpi-3.1.4-jnzsss4yfibjfzxy6hxggnduojckh37p
==> hdf5 is already installed in /scratch/users/dantopa/new-spack/libraries/darwin-arm.libhio/opt/spack/linux-rhel7-aarch64/gcc-7.1.0/hdf5-1.8.17-j7by2yfzxyr7i6eq576ojsaeol7owsh5
==> autoconf@2.69 : externally installed in /usr
==> autoconf@2.69 : already registered in DB
==> json-c is already installed in /scratch/users/dantopa/new-spack/libraries/darwin-arm.libhio/opt/spack/linux-rhel7-aarch64/gcc-7.1.0/json-c-0.13.1-wzla5wt3iftg3gjuzwzrshcvrj6ffehj
==> Installing libhio
==> Searching for binary cache of libhio
==> Finding buildcaches in /usr/projects/draco/vendors/spack.mirror/build_cache
==> No binary for libhio found: installing from source
==> Using cached archive: /scratch/users/dantopa/new-spack/libraries/darwin-arm.libhio/var/spack/cache/libhio/libhio-1.4.1.2.tar.bz2
==> Staging archive: /scratch/users/dantopa/new-spack/libraries/darwin-arm.libhio/var/spack/stage/libhio-1.4.1.2-qx6qn3adivrdqclc52pbs46wpr2o2pke/libhio-1.4.1.2.tar.bz2
==> Created stage in /scratch/users/dantopa/new-spack/libraries/darwin-arm.libhio/var/spack/stage/libhio-1.4.1.2-qx6qn3adivrdqclc52pbs46wpr2o2pke
==> Applied patch /scratch/users/dantopa/new-spack/libraries/darwin-arm.libhio/var/spack/repos/builtin/packages/libhio/0001-spack-fix-for-spack-to-work-on-non-cray-systems.patch
==> Building libhio [AutotoolsPackage]
==> Executing phase: 'autoreconf'
==> Executing phase: 'configure'
==> Executing phase: 'build'
==> Executing phase: 'install'
==> Successfully installed libhio
  Fetch: 0.01s.  Build: 49.56s.  Total: 49.56s.
[+] /scratch/users/dantopa/new-spack/libraries/darwin-arm.libhio/opt/spack/linux-rhel7-aarch64/gcc-7.1.0/libhio-1.4.1.2-qx6qn3adivrdqclc52pbs46wpr2o2pke

spack install libhio @ 1.4.1.2 % gcc@4.8.5  arch=linux-rhel7-aarch64
==> bzip2@1.0.6 : externally installed in /usr
==> bzip2@1.0.6 : already registered in DB
==> numactl@2.0.12 : externally installed in /usr
==> numactl@2.0.12 : already registered in DB
==> libtool@2.4.6 : externally installed in /usr
==> libtool@2.4.6 : already registered in DB
==> pkg-config@0.29.2 : externally installed in /usr
==> pkg-config@0.29.2 : already registered in DB
==> util-macros is already installed in /scratch/users/dantopa/new-spack/libraries/darwin-arm.libhio/opt/spack/linux-rhel7-aarch64/gcc-4.8.5/util-macros-1.19.1-taxopdvexxiaknvfyhfpeu27t7t57ogv
==> libpciaccess is already installed in /scratch/users/dantopa/new-spack/libraries/darwin-arm.libhio/opt/spack/linux-rhel7-aarch64/gcc-4.8.5/libpciaccess-0.13.5-6a4he357fqas3e73eduk56vxa4ljss4g
==> libxml2@2.9.8 : externally installed in /usr
==> libxml2@2.9.8 : already registered in DB
==> hwloc is already installed in /scratch/users/dantopa/new-spack/libraries/darwin-arm.libhio/opt/spack/linux-rhel7-aarch64/gcc-4.8.5/hwloc-1.11.11-7gqvelczu57m6jqefc662tqbtmrrgcfp
==> zlib is already installed in /scratch/users/dantopa/new-spack/libraries/darwin-arm.libhio/opt/spack/linux-rhel7-aarch64/gcc-4.8.5/zlib-1.2.11-67s2oqnabyrxgoss5v72lgshbomfvmnf
==> openmpi is already installed in /scratch/users/dantopa/new-spack/libraries/darwin-arm.libhio/opt/spack/linux-rhel7-aarch64/gcc-4.8.5/openmpi-3.1.4-pvq3s35adk4kpoq2g3c5h2zoywaod4aj
==> hdf5 is already installed in /scratch/users/dantopa/new-spack/libraries/darwin-arm.libhio/opt/spack/linux-rhel7-aarch64/gcc-4.8.5/hdf5-1.8.17-ax5kqrtkdfrcbwtrkpmo5ch44gh4bsan
==> autoconf@2.69 : externally installed in /usr
==> autoconf@2.69 : already registered in DB
==> json-c is already installed in /scratch/users/dantopa/new-spack/libraries/darwin-arm.libhio/opt/spack/linux-rhel7-aarch64/gcc-4.8.5/json-c-0.13.1-lvuysqs26wymzylayhtyy2acmlblszji
==> Installing libhio
==> Searching for binary cache of libhio
==> Finding buildcaches in /usr/projects/draco/vendors/spack.mirror/build_cache
==> No binary for libhio found: installing from source
==> Using cached archive: /scratch/users/dantopa/new-spack/libraries/darwin-arm.libhio/var/spack/cache/libhio/libhio-1.4.1.2.tar.bz2
==> Staging archive: /scratch/users/dantopa/new-spack/libraries/darwin-arm.libhio/var/spack/stage/libhio-1.4.1.2-5eanmg7c57bgug6p4styidblhkejgb2i/libhio-1.4.1.2.tar.bz2
==> Created stage in /scratch/users/dantopa/new-spack/libraries/darwin-arm.libhio/var/spack/stage/libhio-1.4.1.2-5eanmg7c57bgug6p4styidblhkejgb2i
==> Applied patch /scratch/users/dantopa/new-spack/libraries/darwin-arm.libhio/var/spack/repos/builtin/packages/libhio/0001-spack-fix-for-spack-to-work-on-non-cray-systems.patch
==> Building libhio [AutotoolsPackage]
==> Executing phase: 'autoreconf'
==> Executing phase: 'configure'
==> Executing phase: 'build'
==> Executing phase: 'install'
==> Successfully installed libhio
  Fetch: 0.01s.  Build: 48.02s.  Total: 48.03s.
[+] /scratch/users/dantopa/new-spack/libraries/darwin-arm.libhio/opt/spack/linux-rhel7-aarch64/gcc-4.8.5/libhio-1.4.1.2-5eanmg7c57bgug6p4styidblhkejgb2i

spack install libhio @ 1.4.1.2 % arm@19.1  arch=linux-rhel7-aarch64
==> bzip2@1.0.6 : externally installed in /usr
==> bzip2@1.0.6 : already registered in DB
==> numactl@2.0.12 : externally installed in /usr
==> numactl@2.0.12 : already registered in DB
==> libtool@2.4.6 : externally installed in /usr
==> libtool@2.4.6 : already registered in DB
==> pkg-config@0.29.2 : externally installed in /usr
==> pkg-config@0.29.2 : already registered in DB
==> util-macros is already installed in /scratch/users/dantopa/new-spack/libraries/darwin-arm.libhio/opt/spack/linux-rhel7-aarch64/arm-19.1/util-macros-1.19.1-6334hbdfcbbks7mxvueh7ol2e2q55gt3
==> Installing libpciaccess
==> Searching for binary cache of libpciaccess
==> Finding buildcaches in /usr/projects/draco/vendors/spack.mirror/build_cache
==> No binary for libpciaccess found: installing from source
==> Using cached archive: /scratch/users/dantopa/new-spack/libraries/darwin-arm.libhio/var/spack/cache/libpciaccess/libpciaccess-0.13.5.tar.gz
==> Staging archive: /scratch/users/dantopa/new-spack/libraries/darwin-arm.libhio/var/spack/stage/libpciaccess-0.13.5-syimrildzpuh3cythz2l2zkwmk4e2buv/libpciaccess-0.13.5.tar.gz
==> Created stage in /scratch/users/dantopa/new-spack/libraries/darwin-arm.libhio/var/spack/stage/libpciaccess-0.13.5-syimrildzpuh3cythz2l2zkwmk4e2buv
==> No patches needed for libpciaccess
==> Building libpciaccess [AutotoolsPackage]
==> Executing phase: 'autoreconf'
==> Executing phase: 'configure'

spack install libhio @ 1.4.1.2 % clang@18.4.2  arch=linux-rhel7-aarch64
==> bzip2@1.0.6 : externally installed in /usr
==> bzip2@1.0.6 : already registered in DB
==> numactl@2.0.12 : externally installed in /usr
==> numactl@2.0.12 : already registered in DB
==> libtool@2.4.6 : externally installed in /usr
==> libtool@2.4.6 : already registered in DB
==> pkg-config@0.29.2 : externally installed in /usr
==> pkg-config@0.29.2 : already registered in DB
==> util-macros is already installed in /scratch/users/dantopa/new-spack/libraries/darwin-arm.libhio/opt/spack/linux-rhel7-aarch64/clang-18.4.2/util-macros-1.19.1-cn7b44vbwcvskh5rebgthm37uii37nu7
==> Installing libpciaccess
==> Searching for binary cache of libpciaccess
==> Finding buildcaches in /usr/projects/draco/vendors/spack.mirror/build_cache
==> No binary for libpciaccess found: installing from source
==> Using cached archive: /scratch/users/dantopa/new-spack/libraries/darwin-arm.libhio/var/spack/cache/libpciaccess/libpciaccess-0.13.5.tar.gz
==> Staging archive: /scratch/users/dantopa/new-spack/libraries/darwin-arm.libhio/var/spack/stage/libpciaccess-0.13.5-zmhg7tt5i5efkdqkbklhejtqo2trvtr7/libpciaccess-0.13.5.tar.gz
==> Created stage in /scratch/users/dantopa/new-spack/libraries/darwin-arm.libhio/var/spack/stage/libpciaccess-0.13.5-zmhg7tt5i5efkdqkbklhejtqo2trvtr7
==> No patches needed for libpciaccess
==> Building libpciaccess [AutotoolsPackage]
==> Executing phase: 'autoreconf'
==> Executing phase: 'configure'

spack install libhio @ 1.4.1.2 % clang@18.4.1  arch=linux-rhel7-aarch64
==> bzip2@1.0.6 : externally installed in /usr
==> bzip2@1.0.6 : already registered in DB
==> numactl@2.0.12 : externally installed in /usr
==> numactl@2.0.12 : already registered in DB
==> libtool@2.4.6 : externally installed in /usr
==> libtool@2.4.6 : already registered in DB
==> pkg-config@0.29.2 : externally installed in /usr
==> pkg-config@0.29.2 : already registered in DB
==> util-macros is already installed in /scratch/users/dantopa/new-spack/libraries/darwin-arm.libhio/opt/spack/linux-rhel7-aarch64/clang-18.4.1/util-macros-1.19.1-l6bywkvjvdjtht56dcesy2736lyzzpp7
==> Installing libpciaccess
==> Searching for binary cache of libpciaccess
==> Finding buildcaches in /usr/projects/draco/vendors/spack.mirror/build_cache
==> No binary for libpciaccess found: installing from source
==> Using cached archive: /scratch/users/dantopa/new-spack/libraries/darwin-arm.libhio/var/spack/cache/libpciaccess/libpciaccess-0.13.5.tar.gz
==> Staging archive: /scratch/users/dantopa/new-spack/libraries/darwin-arm.libhio/var/spack/stage/libpciaccess-0.13.5-q2f4lw2hjiy26w67orjs4od4jvewx5ir/libpciaccess-0.13.5.tar.gz
==> Created stage in /scratch/users/dantopa/new-spack/libraries/darwin-arm.libhio/var/spack/stage/libpciaccess-0.13.5-q2f4lw2hjiy26w67orjs4od4jvewx5ir
==> No patches needed for libpciaccess
==> Building libpciaccess [AutotoolsPackage]
==> Executing phase: 'autoreconf'
==> Executing phase: 'configure'

spack install libhio @ 1.4.1.2 % clang@18.4.0  arch=linux-rhel7-aarch64
==> bzip2@1.0.6 : externally installed in /usr
==> bzip2@1.0.6 : already registered in DB
==> numactl@2.0.12 : externally installed in /usr
==> numactl@2.0.12 : already registered in DB
==> libtool@2.4.6 : externally installed in /usr
==> libtool@2.4.6 : already registered in DB
==> pkg-config@0.29.2 : externally installed in /usr
==> pkg-config@0.29.2 : already registered in DB
==> util-macros is already installed in /scratch/users/dantopa/new-spack/libraries/darwin-arm.libhio/opt/spack/linux-rhel7-aarch64/clang-18.4.0/util-macros-1.19.1-rcfd7zo4un7ptsj6svdyc4aamhwhzztr
==> libpciaccess is already installed in /scratch/users/dantopa/new-spack/libraries/darwin-arm.libhio/opt/spack/linux-rhel7-aarch64/clang-18.4.0/libpciaccess-0.13.5-m4ndyt2tktxlhjkaefppigljxuam6qqk
==> libxml2@2.9.8 : externally installed in /usr
==> libxml2@2.9.8 : already registered in DB
==> hwloc is already installed in /scratch/users/dantopa/new-spack/libraries/darwin-arm.libhio/opt/spack/linux-rhel7-aarch64/clang-18.4.0/hwloc-1.11.11-nrhhjwc5dxrqrouxquxnsaoxp3vhmw3j
==> zlib is already installed in /scratch/users/dantopa/new-spack/libraries/darwin-arm.libhio/opt/spack/linux-rhel7-aarch64/clang-18.4.0/zlib-1.2.11-iqn6doj77k6ywxmpkuv5baolr6y3gljh
==> openmpi is already installed in /scratch/users/dantopa/new-spack/libraries/darwin-arm.libhio/opt/spack/linux-rhel7-aarch64/clang-18.4.0/openmpi-3.1.4-3zl3gpxagkqzengxwdsfva4euefgrw22
==> Installing hdf5
==> Searching for binary cache of hdf5
==> Finding buildcaches in /usr/projects/draco/vendors/spack.mirror/build_cache
==> No binary for hdf5 found: installing from source
==> Using cached archive: /scratch/users/dantopa/new-spack/libraries/darwin-arm.libhio/var/spack/cache/hdf5/hdf5-1.8.17.tar.gz
==> Staging archive: /scratch/users/dantopa/new-spack/libraries/darwin-arm.libhio/var/spack/stage/hdf5-1.8.17-f24pvc2ixw2xo7ibvebhnsc2oicre4ih/hdf5-1.8.17.tar.gz
==> Created stage in /scratch/users/dantopa/new-spack/libraries/darwin-arm.libhio/var/spack/stage/hdf5-1.8.17-f24pvc2ixw2xo7ibvebhnsc2oicre4ih
==> No patches needed for hdf5
==> Building hdf5 [AutotoolsPackage]
==> Executing phase: 'autoreconf'
==> Executing phase: 'configure'
==> Executing phase: 'build'

spack install libhio @ 1.4.1.2 % clang@7.0.0  arch=linux-rhel7-aarch64
==> bzip2@1.0.6 : externally installed in /usr
==> bzip2@1.0.6 : already registered in DB
==> numactl@2.0.12 : externally installed in /usr
==> numactl@2.0.12 : already registered in DB
==> libtool@2.4.6 : externally installed in /usr
==> libtool@2.4.6 : already registered in DB
==> pkg-config@0.29.2 : externally installed in /usr
==> pkg-config@0.29.2 : already registered in DB
==> util-macros is already installed in /scratch/users/dantopa/new-spack/libraries/darwin-arm.libhio/opt/spack/linux-rhel7-aarch64/clang-7.0.0/util-macros-1.19.1-ksbkmubtrwwq5exzl5sdf7z2lz3vyjli
==> Installing libpciaccess
==> Searching for binary cache of libpciaccess
==> Finding buildcaches in /usr/projects/draco/vendors/spack.mirror/build_cache
==> No binary for libpciaccess found: installing from source
==> Using cached archive: /scratch/users/dantopa/new-spack/libraries/darwin-arm.libhio/var/spack/cache/libpciaccess/libpciaccess-0.13.5.tar.gz
==> Staging archive: /scratch/users/dantopa/new-spack/libraries/darwin-arm.libhio/var/spack/stage/libpciaccess-0.13.5-t24hqeld27fu4srlt6s5ujtp5lhff5bg/libpciaccess-0.13.5.tar.gz
==> Created stage in /scratch/users/dantopa/new-spack/libraries/darwin-arm.libhio/var/spack/stage/libpciaccess-0.13.5-t24hqeld27fu4srlt6s5ujtp5lhff5bg
==> No patches needed for libpciaccess
==> Building libpciaccess [AutotoolsPackage]
==> Executing phase: 'autoreconf'
==> Executing phase: 'configure'
