Thu May 2 10:46:59 MDT 2019


spack install openmpi @ 4.0.1 % clang@7.0.0  arch=linux-rhel7-ppc64le
==> libtool@2.4.6 : externally installed in /usr
==> libtool@2.4.6 : already registered in DB
==> pkg-config@0.29.2 : externally installed in /usr
==> pkg-config@0.29.2 : already registered in DB

spack install openmpi @ 4.0.1 % gcc@8.2.0  arch=linux-rhel7-ppc64le

spack install openmpi @ 4.0.1 % gcc@7.3.0  arch=linux-rhel7-ppc64le

spack install openmpi @ 4.0.1 % gcc@6.4.0  arch=linux-rhel7-ppc64le

spack install openmpi @ 4.0.1 % gcc@4.8.5  arch=linux-rhel7-ppc64le

spack install openmpi @ 4.0.1 % pgi@18.10  arch=linux-rhel7-ppc64le

spack install openmpi @ 4.0.1 % pgi@17.10  arch=linux-rhel7-ppc64le

spack install openmpi @ 4.0.1 % pgi@16.10  arch=linux-rhel7-ppc64le
==> libtool@2.4.6 : externally installed in /usr
==> libtool@2.4.6 : already registered in DB
==> pkg-config@0.29.2 : externally installed in /usr
==> pkg-config@0.29.2 : already registered in DB

spack install openmpi @ 4.0.1 % xl@16.1  arch=linux-rhel7-ppc64le
==> libtool@2.4.6 : externally installed in /usr
==> libtool@2.4.6 : already registered in DB
==> pkg-config@0.29.2 : externally installed in /usr
==> pkg-config@0.29.2 : already registered in DB

spack install openmpi @ 3.1.4 % clang@7.0.0  arch=linux-rhel7-ppc64le
==> libtool@2.4.6 : externally installed in /usr
==> libtool@2.4.6 : already registered in DB
==> pkg-config@0.29.2 : externally installed in /usr
==> pkg-config@0.29.2 : already registered in DB

spack install openmpi @ 3.1.4 % gcc@8.2.0  arch=linux-rhel7-ppc64le

spack install openmpi @ 3.1.4 % gcc@7.3.0  arch=linux-rhel7-ppc64le

spack install openmpi @ 3.1.4 % gcc@6.4.0  arch=linux-rhel7-ppc64le

spack install openmpi @ 3.1.4 % gcc@4.8.5  arch=linux-rhel7-ppc64le

spack install openmpi @ 3.1.4 % pgi@18.10  arch=linux-rhel7-ppc64le
==> libtool@2.4.6 : externally installed in /usr
==> libtool@2.4.6 : already registered in DB
==> pkg-config@0.29.2 : externally installed in /usr
==> pkg-config@0.29.2 : already registered in DB

spack install openmpi @ 3.1.4 % pgi@17.10  arch=linux-rhel7-ppc64le

spack install openmpi @ 3.1.4 % pgi@16.10  arch=linux-rhel7-ppc64le
==> libtool@2.4.6 : externally installed in /usr
==> libtool@2.4.6 : already registered in DB
==> pkg-config@0.29.2 : externally installed in /usr
==> pkg-config@0.29.2 : already registered in DB

spack install openmpi @ 3.1.4 % xl@16.1  arch=linux-rhel7-ppc64le
==> libtool@2.4.6 : externally installed in /usr
==> libtool@2.4.6 : already registered in DB
==> pkg-config@0.29.2 : externally installed in /usr
==> pkg-config@0.29.2 : already registered in DB

spack install openmpi @ 3.0.4 % clang@7.0.0  arch=linux-rhel7-ppc64le
==> libtool@2.4.6 : externally installed in /usr
==> libtool@2.4.6 : already registered in DB
==> pkg-config@0.29.2 : externally installed in /usr
==> pkg-config@0.29.2 : already registered in DB

spack install openmpi @ 3.0.4 % gcc@8.2.0  arch=linux-rhel7-ppc64le

spack install openmpi @ 3.0.4 % gcc@7.3.0  arch=linux-rhel7-ppc64le

spack install openmpi @ 3.0.4 % gcc@6.4.0  arch=linux-rhel7-ppc64le

spack install openmpi @ 3.0.4 % gcc@4.8.5  arch=linux-rhel7-ppc64le

spack install openmpi @ 3.0.4 % pgi@18.10  arch=linux-rhel7-ppc64le

spack install openmpi @ 3.0.4 % pgi@17.10  arch=linux-rhel7-ppc64le

spack install openmpi @ 3.0.4 % pgi@16.10  arch=linux-rhel7-ppc64le
==> libtool@2.4.6 : externally installed in /usr
==> libtool@2.4.6 : already registered in DB
==> pkg-config@0.29.2 : externally installed in /usr
==> pkg-config@0.29.2 : already registered in DB

spack install openmpi @ 3.0.4 % xl@16.1  arch=linux-rhel7-ppc64le
==> libtool@2.4.6 : externally installed in /usr
==> libtool@2.4.6 : already registered in DB
==> pkg-config@0.29.2 : externally installed in /usr
==> pkg-config@0.29.2 : already registered in DB

spack install openmpi @ 2.1.6 % clang@7.0.0  arch=linux-rhel7-ppc64le

spack install openmpi @ 2.1.6 % gcc@8.2.0  arch=linux-rhel7-ppc64le

spack install openmpi @ 2.1.6 % gcc@7.3.0  arch=linux-rhel7-ppc64le

spack install openmpi @ 2.1.6 % gcc@6.4.0  arch=linux-rhel7-ppc64le

spack install openmpi @ 2.1.6 % gcc@4.8.5  arch=linux-rhel7-ppc64le

spack install openmpi @ 2.1.6 % pgi@18.10  arch=linux-rhel7-ppc64le
==> libtool@2.4.6 : externally installed in /usr
==> libtool@2.4.6 : already registered in DB
==> pkg-config@0.29.2 : externally installed in /usr
==> pkg-config@0.29.2 : already registered in DB

spack install openmpi @ 2.1.6 % pgi@17.10  arch=linux-rhel7-ppc64le

spack install openmpi @ 2.1.6 % pgi@16.10  arch=linux-rhel7-ppc64le
==> libtool@2.4.6 : externally installed in /usr
==> libtool@2.4.6 : already registered in DB
==> pkg-config@0.29.2 : externally installed in /usr
==> pkg-config@0.29.2 : already registered in DB

spack install openmpi @ 2.1.6 % xl@16.1  arch=linux-rhel7-ppc64le
==> libtool@2.4.6 : externally installed in /usr
==> libtool@2.4.6 : already registered in DB
==> pkg-config@0.29.2 : externally installed in /usr
==> pkg-config@0.29.2 : already registered in DB
