Wed Apr 24 20:51:35 MDT 2019


spack install libhio @ 1.4.1.3 % gcc@8.2.0  arch=linux-centos7-x86_64

spack install libhio @ 1.4.1.3 % gcc@7.3.0  arch=linux-centos7-x86_64
==> bzip2@1.0.6 : externally installed in /usr
==> bzip2@1.0.6 : already registered in DB
==> numactl@2.0.12 : externally installed in /usr
==> numactl@2.0.12 : already registered in DB
==> libtool@2.4.6 : externally installed in /usr
==> libtool@2.4.6 : already registered in DB
==> pkg-config@0.29.2 : externally installed in /usr
==> pkg-config@0.29.2 : already registered in DB
==> util-macros is already installed in /scratch/users/dantopa/new-spack/libraries/darwin-general.libhio/opt/spack/linux-centos7-x86_64/gcc-7.3.0/util-macros-1.19.1-ttsbvbkpzqvo7mondef6nb6lu7dxxp72
==> libpciaccess is already installed in /scratch/users/dantopa/new-spack/libraries/darwin-general.libhio/opt/spack/linux-centos7-x86_64/gcc-7.3.0/libpciaccess-0.13.5-f5k35g4jnofnql3akgfs5iuhijsfbjsq
==> libxml2@2.9.8 : externally installed in /usr
==> libxml2@2.9.8 : already registered in DB
==> hwloc is already installed in /scratch/users/dantopa/new-spack/libraries/darwin-general.libhio/opt/spack/linux-centos7-x86_64/gcc-7.3.0/hwloc-1.11.11-vrpknachibeddukex6lxpao5ext5jhko
==> zlib is already installed in /scratch/users/dantopa/new-spack/libraries/darwin-general.libhio/opt/spack/linux-centos7-x86_64/gcc-7.3.0/zlib-1.2.11-zknfwanbwk6tnyaplsykwghx7cvnz4cr
==> Installing openmpi
==> Searching for binary cache of openmpi
==> Finding buildcaches in /usr/projects/draco/vendors/spack.mirror/build_cache
==> No binary for openmpi found: installing from source
==> Fetching file:///usr/projects/draco/vendors/spack.mirror/openmpi/openmpi-3.1.4.tar.bz2
==> Staging archive: /scratch/users/dantopa/new-spack/libraries/darwin-general.libhio/var/spack/stage/openmpi-3.1.4-zjghxabcbkxuplwzdrjjx4mbodwjlnws/openmpi-3.1.4.tar.bz2
==> Created stage in /scratch/users/dantopa/new-spack/libraries/darwin-general.libhio/var/spack/stage/openmpi-3.1.4-zjghxabcbkxuplwzdrjjx4mbodwjlnws
==> No patches needed for openmpi
==> Building openmpi [AutotoolsPackage]
==> Executing phase: 'autoreconf'
==> Executing phase: 'configure'
==> Executing phase: 'build'
==> Executing phase: 'install'
==> Successfully installed openmpi
  Fetch: 0.16s.  Build: 11m 9.27s.  Total: 11m 9.43s.
[+] /scratch/users/dantopa/new-spack/libraries/darwin-general.libhio/opt/spack/linux-centos7-x86_64/gcc-7.3.0/openmpi-3.1.4-zjghxabcbkxuplwzdrjjx4mbodwjlnws
==> Installing hdf5
==> Searching for binary cache of hdf5
==> Finding buildcaches in /usr/projects/draco/vendors/spack.mirror/build_cache
==> No binary for hdf5 found: installing from source
==> Fetching file:///usr/projects/draco/vendors/spack.mirror/hdf5/hdf5-1.8.17.tar.gz
==> Staging archive: /scratch/users/dantopa/new-spack/libraries/darwin-general.libhio/var/spack/stage/hdf5-1.8.17-e7tcrtkpeuzxaghn5k4iluxpkokarylj/hdf5-1.8.17.tar.gz
==> Created stage in /scratch/users/dantopa/new-spack/libraries/darwin-general.libhio/var/spack/stage/hdf5-1.8.17-e7tcrtkpeuzxaghn5k4iluxpkokarylj
==> No patches needed for hdf5
==> Building hdf5 [AutotoolsPackage]
==> Executing phase: 'autoreconf'
==> Executing phase: 'configure'
==> Executing phase: 'build'
==> Executing phase: 'install'
==> Successfully installed hdf5
  Fetch: 0.14s.  Build: 1m 37.28s.  Total: 1m 37.42s.
[+] /scratch/users/dantopa/new-spack/libraries/darwin-general.libhio/opt/spack/linux-centos7-x86_64/gcc-7.3.0/hdf5-1.8.17-e7tcrtkpeuzxaghn5k4iluxpkokarylj
==> autoconf@2.69 : externally installed in /usr
==> autoconf@2.69 : already registered in DB
==> json-c is already installed in /scratch/users/dantopa/new-spack/libraries/darwin-general.libhio/opt/spack/linux-centos7-x86_64/gcc-7.3.0/json-c-0.13.1-e6taii6gjgolfguhs2urws4bsmzrffbg
==> Installing libhio
==> Searching for binary cache of libhio
==> Finding buildcaches in /usr/projects/draco/vendors/spack.mirror/build_cache
==> No binary for libhio found: installing from source
==> Fetching file:///usr/projects/draco/vendors/spack.mirror/libhio/libhio-1.4.1.3.tar.bz2
==> Staging archive: /scratch/users/dantopa/new-spack/libraries/darwin-general.libhio/var/spack/stage/libhio-1.4.1.3-tnmj2czbtg7o6hts5qxyl6jtsizbu5eu/libhio-1.4.1.3.tar.bz2
==> Created stage in /scratch/users/dantopa/new-spack/libraries/darwin-general.libhio/var/spack/stage/libhio-1.4.1.3-tnmj2czbtg7o6hts5qxyl6jtsizbu5eu
==> No patches needed for libhio
==> Building libhio [AutotoolsPackage]
==> Executing phase: 'autoreconf'
==> Executing phase: 'configure'
==> Executing phase: 'build'
==> Executing phase: 'install'
==> Successfully installed libhio
  Fetch: 0.13s.  Build: 32.87s.  Total: 33.01s.
[+] /scratch/users/dantopa/new-spack/libraries/darwin-general.libhio/opt/spack/linux-centos7-x86_64/gcc-7.3.0/libhio-1.4.1.3-tnmj2czbtg7o6hts5qxyl6jtsizbu5eu

spack install libhio @ 1.4.1.3 % gcc@6.4.0  arch=linux-centos7-x86_64
==> bzip2@1.0.6 : externally installed in /usr
==> bzip2@1.0.6 : already registered in DB
==> numactl@2.0.12 : externally installed in /usr
==> numactl@2.0.12 : already registered in DB
==> libtool@2.4.6 : externally installed in /usr
==> libtool@2.4.6 : already registered in DB
==> pkg-config@0.29.2 : externally installed in /usr
==> pkg-config@0.29.2 : already registered in DB
==> util-macros is already installed in /scratch/users/dantopa/new-spack/libraries/darwin-general.libhio/opt/spack/linux-centos7-x86_64/gcc-6.4.0/util-macros-1.19.1-br2o7vt364vjeq3osmev6e6kgxekzh2f
==> libpciaccess is already installed in /scratch/users/dantopa/new-spack/libraries/darwin-general.libhio/opt/spack/linux-centos7-x86_64/gcc-6.4.0/libpciaccess-0.13.5-j6fsyhpv7edgisytx4vyvimj6rvpmdav
==> libxml2@2.9.8 : externally installed in /usr
==> libxml2@2.9.8 : already registered in DB
==> hwloc is already installed in /scratch/users/dantopa/new-spack/libraries/darwin-general.libhio/opt/spack/linux-centos7-x86_64/gcc-6.4.0/hwloc-1.11.11-ydbwr4wo75ihkeic2ab4p6ud6onyx6jw
==> zlib is already installed in /scratch/users/dantopa/new-spack/libraries/darwin-general.libhio/opt/spack/linux-centos7-x86_64/gcc-6.4.0/zlib-1.2.11-ufwqfd4zrwuuu7fmguamaqokn5plxyns
==> Installing openmpi
==> Searching for binary cache of openmpi
==> Finding buildcaches in /usr/projects/draco/vendors/spack.mirror/build_cache
==> No binary for openmpi found: installing from source
==> Using cached archive: /scratch/users/dantopa/new-spack/libraries/darwin-general.libhio/var/spack/cache/openmpi/openmpi-3.1.4.tar.bz2
==> Staging archive: /scratch/users/dantopa/new-spack/libraries/darwin-general.libhio/var/spack/stage/openmpi-3.1.4-23cc447bttmqtyoltzc3bhpf62clyo4b/openmpi-3.1.4.tar.bz2
==> Created stage in /scratch/users/dantopa/new-spack/libraries/darwin-general.libhio/var/spack/stage/openmpi-3.1.4-23cc447bttmqtyoltzc3bhpf62clyo4b
==> No patches needed for openmpi
==> Building openmpi [AutotoolsPackage]
==> Executing phase: 'autoreconf'
==> Executing phase: 'configure'
==> Executing phase: 'build'
==> Executing phase: 'install'
==> Successfully installed openmpi
  Fetch: 0.02s.  Build: 11m 5.56s.  Total: 11m 5.58s.
[+] /scratch/users/dantopa/new-spack/libraries/darwin-general.libhio/opt/spack/linux-centos7-x86_64/gcc-6.4.0/openmpi-3.1.4-23cc447bttmqtyoltzc3bhpf62clyo4b
==> Installing hdf5
==> Searching for binary cache of hdf5
==> Finding buildcaches in /usr/projects/draco/vendors/spack.mirror/build_cache
==> No binary for hdf5 found: installing from source
==> Using cached archive: /scratch/users/dantopa/new-spack/libraries/darwin-general.libhio/var/spack/cache/hdf5/hdf5-1.8.17.tar.gz
==> Staging archive: /scratch/users/dantopa/new-spack/libraries/darwin-general.libhio/var/spack/stage/hdf5-1.8.17-ljxpksnwekezjiqfgnozz2i7xloyjkqw/hdf5-1.8.17.tar.gz
==> Created stage in /scratch/users/dantopa/new-spack/libraries/darwin-general.libhio/var/spack/stage/hdf5-1.8.17-ljxpksnwekezjiqfgnozz2i7xloyjkqw
==> No patches needed for hdf5
==> Building hdf5 [AutotoolsPackage]
==> Executing phase: 'autoreconf'
==> Executing phase: 'configure'
==> Executing phase: 'build'
==> Executing phase: 'install'
==> Successfully installed hdf5
  Fetch: 0.03s.  Build: 1m 33.55s.  Total: 1m 33.58s.
[+] /scratch/users/dantopa/new-spack/libraries/darwin-general.libhio/opt/spack/linux-centos7-x86_64/gcc-6.4.0/hdf5-1.8.17-ljxpksnwekezjiqfgnozz2i7xloyjkqw
==> autoconf@2.69 : externally installed in /usr
==> autoconf@2.69 : already registered in DB
==> json-c is already installed in /scratch/users/dantopa/new-spack/libraries/darwin-general.libhio/opt/spack/linux-centos7-x86_64/gcc-6.4.0/json-c-0.13.1-kilrzph4i6rka3fbetvfgvs3fexqfudv
==> Installing libhio
==> Searching for binary cache of libhio
==> Finding buildcaches in /usr/projects/draco/vendors/spack.mirror/build_cache
==> No binary for libhio found: installing from source
==> Using cached archive: /scratch/users/dantopa/new-spack/libraries/darwin-general.libhio/var/spack/cache/libhio/libhio-1.4.1.3.tar.bz2
==> Staging archive: /scratch/users/dantopa/new-spack/libraries/darwin-general.libhio/var/spack/stage/libhio-1.4.1.3-rx7wgknzx5jbva5fpesryypvbnuxnqo4/libhio-1.4.1.3.tar.bz2
==> Created stage in /scratch/users/dantopa/new-spack/libraries/darwin-general.libhio/var/spack/stage/libhio-1.4.1.3-rx7wgknzx5jbva5fpesryypvbnuxnqo4
==> No patches needed for libhio
==> Building libhio [AutotoolsPackage]
==> Executing phase: 'autoreconf'
==> Executing phase: 'configure'
==> Executing phase: 'build'
==> Executing phase: 'install'
==> Successfully installed libhio
  Fetch: 0.01s.  Build: 32.36s.  Total: 32.37s.
[+] /scratch/users/dantopa/new-spack/libraries/darwin-general.libhio/opt/spack/linux-centos7-x86_64/gcc-6.4.0/libhio-1.4.1.3-rx7wgknzx5jbva5fpesryypvbnuxnqo4

spack install libhio @ 1.4.1.3 % gcc@5.5.0  arch=linux-centos7-x86_64
==> bzip2@1.0.6 : externally installed in /usr
==> bzip2@1.0.6 : already registered in DB
==> numactl@2.0.12 : externally installed in /usr
==> numactl@2.0.12 : already registered in DB
==> libtool@2.4.6 : externally installed in /usr
==> libtool@2.4.6 : already registered in DB
==> pkg-config@0.29.2 : externally installed in /usr
==> pkg-config@0.29.2 : already registered in DB
==> util-macros is already installed in /scratch/users/dantopa/new-spack/libraries/darwin-general.libhio/opt/spack/linux-centos7-x86_64/gcc-5.5.0/util-macros-1.19.1-s4t4zharyopk6hdh6aprfxbodbjj7cy4
==> libpciaccess is already installed in /scratch/users/dantopa/new-spack/libraries/darwin-general.libhio/opt/spack/linux-centos7-x86_64/gcc-5.5.0/libpciaccess-0.13.5-ygiicn2xej7gbbn757mrwxaqyw3a4qmv
==> libxml2@2.9.8 : externally installed in /usr
==> libxml2@2.9.8 : already registered in DB
==> hwloc is already installed in /scratch/users/dantopa/new-spack/libraries/darwin-general.libhio/opt/spack/linux-centos7-x86_64/gcc-5.5.0/hwloc-1.11.11-2bjodkscq677bzafoxfdg2c4nss2vkfm
==> zlib is already installed in /scratch/users/dantopa/new-spack/libraries/darwin-general.libhio/opt/spack/linux-centos7-x86_64/gcc-5.5.0/zlib-1.2.11-ijtgxbh42fcxbwklab6vdvmlrjadep56
==> Installing openmpi
==> Searching for binary cache of openmpi
==> Finding buildcaches in /usr/projects/draco/vendors/spack.mirror/build_cache
==> No binary for openmpi found: installing from source
==> Using cached archive: /scratch/users/dantopa/new-spack/libraries/darwin-general.libhio/var/spack/cache/openmpi/openmpi-3.1.4.tar.bz2
==> Staging archive: /scratch/users/dantopa/new-spack/libraries/darwin-general.libhio/var/spack/stage/openmpi-3.1.4-t4s6t7wtpaxkmjqaabzh6tamacqlfphw/openmpi-3.1.4.tar.bz2
==> Created stage in /scratch/users/dantopa/new-spack/libraries/darwin-general.libhio/var/spack/stage/openmpi-3.1.4-t4s6t7wtpaxkmjqaabzh6tamacqlfphw
==> No patches needed for openmpi
==> Building openmpi [AutotoolsPackage]
==> Executing phase: 'autoreconf'
==> Executing phase: 'configure'
==> Executing phase: 'build'
==> Executing phase: 'install'
==> Successfully installed openmpi
  Fetch: 0.02s.  Build: 10m 46.82s.  Total: 10m 46.84s.
[+] /scratch/users/dantopa/new-spack/libraries/darwin-general.libhio/opt/spack/linux-centos7-x86_64/gcc-5.5.0/openmpi-3.1.4-t4s6t7wtpaxkmjqaabzh6tamacqlfphw
==> Installing hdf5
==> Searching for binary cache of hdf5
==> Finding buildcaches in /usr/projects/draco/vendors/spack.mirror/build_cache
==> No binary for hdf5 found: installing from source
==> Using cached archive: /scratch/users/dantopa/new-spack/libraries/darwin-general.libhio/var/spack/cache/hdf5/hdf5-1.8.17.tar.gz
==> Staging archive: /scratch/users/dantopa/new-spack/libraries/darwin-general.libhio/var/spack/stage/hdf5-1.8.17-3qojmyzbam7srbxbw3jsorxvq3jxjmi6/hdf5-1.8.17.tar.gz
==> Created stage in /scratch/users/dantopa/new-spack/libraries/darwin-general.libhio/var/spack/stage/hdf5-1.8.17-3qojmyzbam7srbxbw3jsorxvq3jxjmi6
==> No patches needed for hdf5
==> Building hdf5 [AutotoolsPackage]
==> Executing phase: 'autoreconf'
==> Executing phase: 'configure'
==> Executing phase: 'build'
==> Executing phase: 'install'
==> Successfully installed hdf5
  Fetch: 0.03s.  Build: 1m 59.94s.  Total: 1m 59.97s.
[+] /scratch/users/dantopa/new-spack/libraries/darwin-general.libhio/opt/spack/linux-centos7-x86_64/gcc-5.5.0/hdf5-1.8.17-3qojmyzbam7srbxbw3jsorxvq3jxjmi6
==> autoconf@2.69 : externally installed in /usr
==> autoconf@2.69 : already registered in DB
==> json-c is already installed in /scratch/users/dantopa/new-spack/libraries/darwin-general.libhio/opt/spack/linux-centos7-x86_64/gcc-5.5.0/json-c-0.13.1-ghpun6vbwdatag2eho35z4uzu2subpki
==> Installing libhio
==> Searching for binary cache of libhio
==> Finding buildcaches in /usr/projects/draco/vendors/spack.mirror/build_cache
==> No binary for libhio found: installing from source
==> Using cached archive: /scratch/users/dantopa/new-spack/libraries/darwin-general.libhio/var/spack/cache/libhio/libhio-1.4.1.3.tar.bz2
==> Staging archive: /scratch/users/dantopa/new-spack/libraries/darwin-general.libhio/var/spack/stage/libhio-1.4.1.3-3qecpppyqtbmq35e4zynwx5fkpjbilwb/libhio-1.4.1.3.tar.bz2
==> Created stage in /scratch/users/dantopa/new-spack/libraries/darwin-general.libhio/var/spack/stage/libhio-1.4.1.3-3qecpppyqtbmq35e4zynwx5fkpjbilwb
==> No patches needed for libhio
==> Building libhio [AutotoolsPackage]
==> Executing phase: 'autoreconf'
==> Executing phase: 'configure'
==> Executing phase: 'build'
==> Executing phase: 'install'
==> Successfully installed libhio
  Fetch: 0.01s.  Build: 32.34s.  Total: 32.35s.
[+] /scratch/users/dantopa/new-spack/libraries/darwin-general.libhio/opt/spack/linux-centos7-x86_64/gcc-5.5.0/libhio-1.4.1.3-3qecpppyqtbmq35e4zynwx5fkpjbilwb

spack install libhio @ 1.4.1.3 % gcc@4.9.3  arch=linux-centos7-x86_64
==> bzip2@1.0.6 : externally installed in /usr
==> bzip2@1.0.6 : already registered in DB
==> numactl@2.0.12 : externally installed in /usr
==> numactl@2.0.12 : already registered in DB
==> libtool@2.4.6 : externally installed in /usr
==> libtool@2.4.6 : already registered in DB
==> pkg-config@0.29.2 : externally installed in /usr
==> pkg-config@0.29.2 : already registered in DB
==> util-macros is already installed in /scratch/users/dantopa/new-spack/libraries/darwin-general.libhio/opt/spack/linux-centos7-x86_64/gcc-4.9.3/util-macros-1.19.1-7ti2tnfjzr7mu3izk342x4muriojjomd
==> libpciaccess is already installed in /scratch/users/dantopa/new-spack/libraries/darwin-general.libhio/opt/spack/linux-centos7-x86_64/gcc-4.9.3/libpciaccess-0.13.5-nqafs22xikrjx7a4eiwzbtfxk2inwnhu
==> libxml2@2.9.8 : externally installed in /usr
==> libxml2@2.9.8 : already registered in DB
==> hwloc is already installed in /scratch/users/dantopa/new-spack/libraries/darwin-general.libhio/opt/spack/linux-centos7-x86_64/gcc-4.9.3/hwloc-1.11.11-xvnhmjp2kmt23rggaymbojqbfaxbrs2x
==> zlib is already installed in /scratch/users/dantopa/new-spack/libraries/darwin-general.libhio/opt/spack/linux-centos7-x86_64/gcc-4.9.3/zlib-1.2.11-wabmm7gon6sjvbwwb6zpime2khlsvigk
==> Installing openmpi
==> Searching for binary cache of openmpi
==> Finding buildcaches in /usr/projects/draco/vendors/spack.mirror/build_cache
==> No binary for openmpi found: installing from source
==> Using cached archive: /scratch/users/dantopa/new-spack/libraries/darwin-general.libhio/var/spack/cache/openmpi/openmpi-3.1.4.tar.bz2
==> Staging archive: /scratch/users/dantopa/new-spack/libraries/darwin-general.libhio/var/spack/stage/openmpi-3.1.4-3vyf7ewlfuehyazwvl3rcijio5tdtagx/openmpi-3.1.4.tar.bz2
==> Created stage in /scratch/users/dantopa/new-spack/libraries/darwin-general.libhio/var/spack/stage/openmpi-3.1.4-3vyf7ewlfuehyazwvl3rcijio5tdtagx
==> No patches needed for openmpi
==> Building openmpi [AutotoolsPackage]
==> Executing phase: 'autoreconf'
==> Executing phase: 'configure'
==> Executing phase: 'build'
==> Executing phase: 'install'
==> Successfully installed openmpi
  Fetch: 0.02s.  Build: 10m 54.58s.  Total: 10m 54.60s.
[+] /scratch/users/dantopa/new-spack/libraries/darwin-general.libhio/opt/spack/linux-centos7-x86_64/gcc-4.9.3/openmpi-3.1.4-3vyf7ewlfuehyazwvl3rcijio5tdtagx
==> Installing hdf5
==> Searching for binary cache of hdf5
==> Finding buildcaches in /usr/projects/draco/vendors/spack.mirror/build_cache
==> No binary for hdf5 found: installing from source
==> Using cached archive: /scratch/users/dantopa/new-spack/libraries/darwin-general.libhio/var/spack/cache/hdf5/hdf5-1.8.17.tar.gz
==> Staging archive: /scratch/users/dantopa/new-spack/libraries/darwin-general.libhio/var/spack/stage/hdf5-1.8.17-lhezfni6bh4b733prdnwgw7uos36wrje/hdf5-1.8.17.tar.gz
==> Created stage in /scratch/users/dantopa/new-spack/libraries/darwin-general.libhio/var/spack/stage/hdf5-1.8.17-lhezfni6bh4b733prdnwgw7uos36wrje
==> No patches needed for hdf5
==> Building hdf5 [AutotoolsPackage]
==> Executing phase: 'autoreconf'
==> Executing phase: 'configure'
==> Executing phase: 'build'
==> Executing phase: 'install'
==> Successfully installed hdf5
  Fetch: 0.03s.  Build: 2m 8.76s.  Total: 2m 8.79s.
[+] /scratch/users/dantopa/new-spack/libraries/darwin-general.libhio/opt/spack/linux-centos7-x86_64/gcc-4.9.3/hdf5-1.8.17-lhezfni6bh4b733prdnwgw7uos36wrje
==> autoconf@2.69 : externally installed in /usr
==> autoconf@2.69 : already registered in DB
==> json-c is already installed in /scratch/users/dantopa/new-spack/libraries/darwin-general.libhio/opt/spack/linux-centos7-x86_64/gcc-4.9.3/json-c-0.13.1-hcuwj67mupfzzjvtczq2y7jplpdhojub
==> Installing libhio
==> Searching for binary cache of libhio
==> Finding buildcaches in /usr/projects/draco/vendors/spack.mirror/build_cache
==> No binary for libhio found: installing from source
==> Using cached archive: /scratch/users/dantopa/new-spack/libraries/darwin-general.libhio/var/spack/cache/libhio/libhio-1.4.1.3.tar.bz2
==> Staging archive: /scratch/users/dantopa/new-spack/libraries/darwin-general.libhio/var/spack/stage/libhio-1.4.1.3-fvmvnrxdj7oe65abg5lnmdzw4sjkm35v/libhio-1.4.1.3.tar.bz2
==> Created stage in /scratch/users/dantopa/new-spack/libraries/darwin-general.libhio/var/spack/stage/libhio-1.4.1.3-fvmvnrxdj7oe65abg5lnmdzw4sjkm35v
==> No patches needed for libhio
==> Building libhio [AutotoolsPackage]
==> Executing phase: 'autoreconf'
==> Executing phase: 'configure'
==> Executing phase: 'build'
==> Executing phase: 'install'
==> Successfully installed libhio
  Fetch: 0.01s.  Build: 32.26s.  Total: 32.26s.
[+] /scratch/users/dantopa/new-spack/libraries/darwin-general.libhio/opt/spack/linux-centos7-x86_64/gcc-4.9.3/libhio-1.4.1.3-fvmvnrxdj7oe65abg5lnmdzw4sjkm35v

spack install libhio @ 1.4.1.3 % gcc@4.8.5  arch=linux-centos7-x86_64
==> bzip2@1.0.6 : externally installed in /usr
==> bzip2@1.0.6 : already registered in DB
==> numactl@2.0.12 : externally installed in /usr
==> numactl@2.0.12 : already registered in DB
==> libtool@2.4.6 : externally installed in /usr
==> libtool@2.4.6 : already registered in DB
==> pkg-config@0.29.2 : externally installed in /usr
==> pkg-config@0.29.2 : already registered in DB
==> util-macros is already installed in /scratch/users/dantopa/new-spack/libraries/darwin-general.libhio/opt/spack/linux-centos7-x86_64/gcc-4.8.5/util-macros-1.19.1-p66qdrtaslf2cq4wyc6mitrxzhnyujhc
==> libpciaccess is already installed in /scratch/users/dantopa/new-spack/libraries/darwin-general.libhio/opt/spack/linux-centos7-x86_64/gcc-4.8.5/libpciaccess-0.13.5-5chyfxo6gpmcf74gpv3sqni2aa6v5x57
==> libxml2@2.9.8 : externally installed in /usr
==> libxml2@2.9.8 : already registered in DB
==> hwloc is already installed in /scratch/users/dantopa/new-spack/libraries/darwin-general.libhio/opt/spack/linux-centos7-x86_64/gcc-4.8.5/hwloc-1.11.11-bkkhvejler5rcxoz6mufxxb7fm3qdqbe
==> zlib is already installed in /scratch/users/dantopa/new-spack/libraries/darwin-general.libhio/opt/spack/linux-centos7-x86_64/gcc-4.8.5/zlib-1.2.11-64vg6e4evdrlqgx7iicwhu2hs7lv6gpz
==> Installing openmpi
==> Searching for binary cache of openmpi
==> Finding buildcaches in /usr/projects/draco/vendors/spack.mirror/build_cache
==> No binary for openmpi found: installing from source
==> Using cached archive: /scratch/users/dantopa/new-spack/libraries/darwin-general.libhio/var/spack/cache/openmpi/openmpi-3.1.4.tar.bz2
==> Staging archive: /scratch/users/dantopa/new-spack/libraries/darwin-general.libhio/var/spack/stage/openmpi-3.1.4-bjftvhynq6wfiqkdjme7gyeeuiviu6vu/openmpi-3.1.4.tar.bz2
==> Created stage in /scratch/users/dantopa/new-spack/libraries/darwin-general.libhio/var/spack/stage/openmpi-3.1.4-bjftvhynq6wfiqkdjme7gyeeuiviu6vu
==> No patches needed for openmpi
==> Building openmpi [AutotoolsPackage]
==> Executing phase: 'autoreconf'
==> Executing phase: 'configure'
==> Executing phase: 'build'
==> Executing phase: 'install'
==> Successfully installed openmpi
  Fetch: 0.01s.  Build: 9m 16.52s.  Total: 9m 16.53s.
[+] /scratch/users/dantopa/new-spack/libraries/darwin-general.libhio/opt/spack/linux-centos7-x86_64/gcc-4.8.5/openmpi-3.1.4-bjftvhynq6wfiqkdjme7gyeeuiviu6vu
==> Installing hdf5
==> Searching for binary cache of hdf5
==> Finding buildcaches in /usr/projects/draco/vendors/spack.mirror/build_cache
==> No binary for hdf5 found: installing from source
==> Using cached archive: /scratch/users/dantopa/new-spack/libraries/darwin-general.libhio/var/spack/cache/hdf5/hdf5-1.8.17.tar.gz
==> Staging archive: /scratch/users/dantopa/new-spack/libraries/darwin-general.libhio/var/spack/stage/hdf5-1.8.17-ywlvdkx3opure5qhacwro5okndef7zbw/hdf5-1.8.17.tar.gz
==> Created stage in /scratch/users/dantopa/new-spack/libraries/darwin-general.libhio/var/spack/stage/hdf5-1.8.17-ywlvdkx3opure5qhacwro5okndef7zbw
==> No patches needed for hdf5
==> Building hdf5 [AutotoolsPackage]
==> Executing phase: 'autoreconf'
==> Executing phase: 'configure'
==> Executing phase: 'build'
==> Executing phase: 'install'
==> Successfully installed hdf5
  Fetch: 0.02s.  Build: 2m 1.57s.  Total: 2m 1.60s.
[+] /scratch/users/dantopa/new-spack/libraries/darwin-general.libhio/opt/spack/linux-centos7-x86_64/gcc-4.8.5/hdf5-1.8.17-ywlvdkx3opure5qhacwro5okndef7zbw
==> autoconf@2.69 : externally installed in /usr
==> autoconf@2.69 : already registered in DB
==> json-c is already installed in /scratch/users/dantopa/new-spack/libraries/darwin-general.libhio/opt/spack/linux-centos7-x86_64/gcc-4.8.5/json-c-0.13.1-iaq3vl7vqbzaxg6cq2xd5vorjmjh3mr3
==> Installing libhio
==> Searching for binary cache of libhio
==> Finding buildcaches in /usr/projects/draco/vendors/spack.mirror/build_cache
==> No binary for libhio found: installing from source
==> Using cached archive: /scratch/users/dantopa/new-spack/libraries/darwin-general.libhio/var/spack/cache/libhio/libhio-1.4.1.3.tar.bz2
==> Staging archive: /scratch/users/dantopa/new-spack/libraries/darwin-general.libhio/var/spack/stage/libhio-1.4.1.3-bdhefinvcae2yjfye6mu2mwkvbfsnyrk/libhio-1.4.1.3.tar.bz2
==> Created stage in /scratch/users/dantopa/new-spack/libraries/darwin-general.libhio/var/spack/stage/libhio-1.4.1.3-bdhefinvcae2yjfye6mu2mwkvbfsnyrk
==> No patches needed for libhio
==> Building libhio [AutotoolsPackage]
==> Executing phase: 'autoreconf'
==> Executing phase: 'configure'
==> Executing phase: 'build'
==> Executing phase: 'install'
==> Successfully installed libhio
  Fetch: 0.01s.  Build: 31.20s.  Total: 31.21s.
[+] /scratch/users/dantopa/new-spack/libraries/darwin-general.libhio/opt/spack/linux-centos7-x86_64/gcc-4.8.5/libhio-1.4.1.3-bdhefinvcae2yjfye6mu2mwkvbfsnyrk

spack install libhio @ 1.4.1.3 % intel@18.0.3  arch=linux-centos7-x86_64
==> bzip2@1.0.6 : externally installed in /usr
==> bzip2@1.0.6 : already registered in DB
==> numactl@2.0.12 : externally installed in /usr
==> numactl@2.0.12 : already registered in DB
==> libtool@2.4.6 : externally installed in /usr
==> libtool@2.4.6 : already registered in DB
==> pkg-config@0.29.2 : externally installed in /usr
==> pkg-config@0.29.2 : already registered in DB
==> util-macros is already installed in /scratch/users/dantopa/new-spack/libraries/darwin-general.libhio/opt/spack/linux-centos7-x86_64/intel-18.0.3/util-macros-1.19.1-mcpc6iksxiwi524dnk62ir3v4iobcqiu
==> libpciaccess is already installed in /scratch/users/dantopa/new-spack/libraries/darwin-general.libhio/opt/spack/linux-centos7-x86_64/intel-18.0.3/libpciaccess-0.13.5-zrun5pczkvhnmswkgbeomikpiqfikpn3
==> libxml2@2.9.8 : externally installed in /usr
==> libxml2@2.9.8 : already registered in DB
==> hwloc is already installed in /scratch/users/dantopa/new-spack/libraries/darwin-general.libhio/opt/spack/linux-centos7-x86_64/intel-18.0.3/hwloc-1.11.11-537d5odlcriserodoo3iuntsrmvu247m
==> zlib is already installed in /scratch/users/dantopa/new-spack/libraries/darwin-general.libhio/opt/spack/linux-centos7-x86_64/intel-18.0.3/zlib-1.2.11-vonxam4cye6oarnfuv4tviycduvx53ma
==> Installing openmpi
==> Searching for binary cache of openmpi
==> Finding buildcaches in /usr/projects/draco/vendors/spack.mirror/build_cache
==> No binary for openmpi found: installing from source
==> Using cached archive: /scratch/users/dantopa/new-spack/libraries/darwin-general.libhio/var/spack/cache/openmpi/openmpi-3.1.4.tar.bz2
==> Staging archive: /scratch/users/dantopa/new-spack/libraries/darwin-general.libhio/var/spack/stage/openmpi-3.1.4-tzivn7yw7byvxtpjp3rtijolo5kot75f/openmpi-3.1.4.tar.bz2
==> Created stage in /scratch/users/dantopa/new-spack/libraries/darwin-general.libhio/var/spack/stage/openmpi-3.1.4-tzivn7yw7byvxtpjp3rtijolo5kot75f
==> No patches needed for openmpi
==> Building openmpi [AutotoolsPackage]
==> Executing phase: 'autoreconf'
==> Executing phase: 'configure'
==> Executing phase: 'build'
==> Executing phase: 'install'
==> Successfully installed openmpi
  Fetch: 0.02s.  Build: 18m 52.09s.  Total: 18m 52.11s.
[+] /scratch/users/dantopa/new-spack/libraries/darwin-general.libhio/opt/spack/linux-centos7-x86_64/intel-18.0.3/openmpi-3.1.4-tzivn7yw7byvxtpjp3rtijolo5kot75f
==> Installing hdf5
==> Searching for binary cache of hdf5
==> Finding buildcaches in /usr/projects/draco/vendors/spack.mirror/build_cache
==> No binary for hdf5 found: installing from source
==> Using cached archive: /scratch/users/dantopa/new-spack/libraries/darwin-general.libhio/var/spack/cache/hdf5/hdf5-1.8.17.tar.gz
==> Staging archive: /scratch/users/dantopa/new-spack/libraries/darwin-general.libhio/var/spack/stage/hdf5-1.8.17-anqwcqtbbrnwpfkzqmwjtcweixg4eggv/hdf5-1.8.17.tar.gz
==> Created stage in /scratch/users/dantopa/new-spack/libraries/darwin-general.libhio/var/spack/stage/hdf5-1.8.17-anqwcqtbbrnwpfkzqmwjtcweixg4eggv
==> No patches needed for hdf5
==> Building hdf5 [AutotoolsPackage]
==> Executing phase: 'autoreconf'
==> Executing phase: 'configure'
==> Executing phase: 'build'
==> Executing phase: 'install'
==> Successfully installed hdf5
  Fetch: 0.03s.  Build: 3m 34.37s.  Total: 3m 34.40s.
[+] /scratch/users/dantopa/new-spack/libraries/darwin-general.libhio/opt/spack/linux-centos7-x86_64/intel-18.0.3/hdf5-1.8.17-anqwcqtbbrnwpfkzqmwjtcweixg4eggv
==> autoconf@2.69 : externally installed in /usr
==> autoconf@2.69 : already registered in DB
==> json-c is already installed in /scratch/users/dantopa/new-spack/libraries/darwin-general.libhio/opt/spack/linux-centos7-x86_64/intel-18.0.3/json-c-0.13.1-i6p2xqh2ssyhtlbj4w6esdimyc362iyf
==> Installing libhio
==> Searching for binary cache of libhio
==> Finding buildcaches in /usr/projects/draco/vendors/spack.mirror/build_cache
==> No binary for libhio found: installing from source
==> Using cached archive: /scratch/users/dantopa/new-spack/libraries/darwin-general.libhio/var/spack/cache/libhio/libhio-1.4.1.3.tar.bz2
==> Staging archive: /scratch/users/dantopa/new-spack/libraries/darwin-general.libhio/var/spack/stage/libhio-1.4.1.3-uzf66auiccgywizehsbdaysy7ddbh4as/libhio-1.4.1.3.tar.bz2
==> Created stage in /scratch/users/dantopa/new-spack/libraries/darwin-general.libhio/var/spack/stage/libhio-1.4.1.3-uzf66auiccgywizehsbdaysy7ddbh4as
==> No patches needed for libhio
==> Building libhio [AutotoolsPackage]
==> Executing phase: 'autoreconf'
==> Executing phase: 'configure'
==> Executing phase: 'build'
==> Executing phase: 'install'
==> Successfully installed libhio
  Fetch: 0.01s.  Build: 1m 6.91s.  Total: 1m 6.92s.
[+] /scratch/users/dantopa/new-spack/libraries/darwin-general.libhio/opt/spack/linux-centos7-x86_64/intel-18.0.3/libhio-1.4.1.3-uzf66auiccgywizehsbdaysy7ddbh4as

spack install libhio @ 1.4.1.3 % intel@17.0.6  arch=linux-centos7-x86_64
==> bzip2@1.0.6 : externally installed in /usr
==> bzip2@1.0.6 : already registered in DB
==> numactl@2.0.12 : externally installed in /usr
==> numactl@2.0.12 : already registered in DB
==> libtool@2.4.6 : externally installed in /usr
==> libtool@2.4.6 : already registered in DB
==> pkg-config@0.29.2 : externally installed in /usr
==> pkg-config@0.29.2 : already registered in DB
==> util-macros is already installed in /scratch/users/dantopa/new-spack/libraries/darwin-general.libhio/opt/spack/linux-centos7-x86_64/intel-17.0.6/util-macros-1.19.1-y3nqwmg55xx2dwoidsgahtr4dncw4mju
==> libpciaccess is already installed in /scratch/users/dantopa/new-spack/libraries/darwin-general.libhio/opt/spack/linux-centos7-x86_64/intel-17.0.6/libpciaccess-0.13.5-5ywhccxysycmzgtwkagjl26ivjvvgh6u
==> libxml2@2.9.8 : externally installed in /usr
==> libxml2@2.9.8 : already registered in DB
==> hwloc is already installed in /scratch/users/dantopa/new-spack/libraries/darwin-general.libhio/opt/spack/linux-centos7-x86_64/intel-17.0.6/hwloc-1.11.11-itb72knfn7l7z3mmzf4gf5dmjh2yd5fy
==> zlib is already installed in /scratch/users/dantopa/new-spack/libraries/darwin-general.libhio/opt/spack/linux-centos7-x86_64/intel-17.0.6/zlib-1.2.11-zlp4ddi7jmkc4oa4264ajpiqvpq3ycl5
==> Installing openmpi
==> Searching for binary cache of openmpi
==> Finding buildcaches in /usr/projects/draco/vendors/spack.mirror/build_cache
==> No binary for openmpi found: installing from source
==> Using cached archive: /scratch/users/dantopa/new-spack/libraries/darwin-general.libhio/var/spack/cache/openmpi/openmpi-3.1.4.tar.bz2
==> Staging archive: /scratch/users/dantopa/new-spack/libraries/darwin-general.libhio/var/spack/stage/openmpi-3.1.4-kavl5tr2ggie3zg6pyxoj7lhcvqy6euw/openmpi-3.1.4.tar.bz2
==> Created stage in /scratch/users/dantopa/new-spack/libraries/darwin-general.libhio/var/spack/stage/openmpi-3.1.4-kavl5tr2ggie3zg6pyxoj7lhcvqy6euw
==> No patches needed for openmpi
==> Building openmpi [AutotoolsPackage]
==> Executing phase: 'autoreconf'
==> Executing phase: 'configure'
==> Executing phase: 'build'
==> Executing phase: 'install'
==> Successfully installed openmpi
  Fetch: 0.02s.  Build: 18m 9.13s.  Total: 18m 9.15s.
[+] /scratch/users/dantopa/new-spack/libraries/darwin-general.libhio/opt/spack/linux-centos7-x86_64/intel-17.0.6/openmpi-3.1.4-kavl5tr2ggie3zg6pyxoj7lhcvqy6euw
==> Installing hdf5
==> Searching for binary cache of hdf5
==> Finding buildcaches in /usr/projects/draco/vendors/spack.mirror/build_cache
==> No binary for hdf5 found: installing from source
==> Using cached archive: /scratch/users/dantopa/new-spack/libraries/darwin-general.libhio/var/spack/cache/hdf5/hdf5-1.8.17.tar.gz
==> Staging archive: /scratch/users/dantopa/new-spack/libraries/darwin-general.libhio/var/spack/stage/hdf5-1.8.17-3ktfkxlupsugfp3ziw3du2nvsqy5poc6/hdf5-1.8.17.tar.gz
==> Created stage in /scratch/users/dantopa/new-spack/libraries/darwin-general.libhio/var/spack/stage/hdf5-1.8.17-3ktfkxlupsugfp3ziw3du2nvsqy5poc6
==> No patches needed for hdf5
==> Building hdf5 [AutotoolsPackage]
==> Executing phase: 'autoreconf'
==> Executing phase: 'configure'
==> Executing phase: 'build'
==> Executing phase: 'install'
==> Successfully installed hdf5
  Fetch: 0.03s.  Build: 3m 22.39s.  Total: 3m 22.42s.
[+] /scratch/users/dantopa/new-spack/libraries/darwin-general.libhio/opt/spack/linux-centos7-x86_64/intel-17.0.6/hdf5-1.8.17-3ktfkxlupsugfp3ziw3du2nvsqy5poc6
==> autoconf@2.69 : externally installed in /usr
==> autoconf@2.69 : already registered in DB
==> json-c is already installed in /scratch/users/dantopa/new-spack/libraries/darwin-general.libhio/opt/spack/linux-centos7-x86_64/intel-17.0.6/json-c-0.13.1-gbzdeoj76d3ia524nhnr2uaeqtzrjdzo
==> Installing libhio
==> Searching for binary cache of libhio
==> Finding buildcaches in /usr/projects/draco/vendors/spack.mirror/build_cache
==> No binary for libhio found: installing from source
==> Using cached archive: /scratch/users/dantopa/new-spack/libraries/darwin-general.libhio/var/spack/cache/libhio/libhio-1.4.1.3.tar.bz2
==> Staging archive: /scratch/users/dantopa/new-spack/libraries/darwin-general.libhio/var/spack/stage/libhio-1.4.1.3-hk2h5um5ylcg3ea4yqsnc6q2ydulktta/libhio-1.4.1.3.tar.bz2
==> Created stage in /scratch/users/dantopa/new-spack/libraries/darwin-general.libhio/var/spack/stage/libhio-1.4.1.3-hk2h5um5ylcg3ea4yqsnc6q2ydulktta
==> No patches needed for libhio
==> Building libhio [AutotoolsPackage]
==> Executing phase: 'autoreconf'
==> Executing phase: 'configure'
==> Executing phase: 'build'
==> Executing phase: 'install'
==> Successfully installed libhio
  Fetch: 0.01s.  Build: 1m 3.39s.  Total: 1m 3.40s.
[+] /scratch/users/dantopa/new-spack/libraries/darwin-general.libhio/opt/spack/linux-centos7-x86_64/intel-17.0.6/libhio-1.4.1.3-hk2h5um5ylcg3ea4yqsnc6q2ydulktta

spack install libhio @ 1.4.1.3 % intel@16.0.4  arch=linux-centos7-x86_64
==> bzip2@1.0.6 : externally installed in /usr
==> bzip2@1.0.6 : already registered in DB
==> numactl@2.0.12 : externally installed in /usr
==> numactl@2.0.12 : already registered in DB
==> libtool@2.4.6 : externally installed in /usr
==> libtool@2.4.6 : already registered in DB
==> pkg-config@0.29.2 : externally installed in /usr
==> pkg-config@0.29.2 : already registered in DB
==> util-macros is already installed in /scratch/users/dantopa/new-spack/libraries/darwin-general.libhio/opt/spack/linux-centos7-x86_64/intel-16.0.4/util-macros-1.19.1-2db62iqhhnn5oouz3hv6tfpdr5zeeei2
==> libpciaccess is already installed in /scratch/users/dantopa/new-spack/libraries/darwin-general.libhio/opt/spack/linux-centos7-x86_64/intel-16.0.4/libpciaccess-0.13.5-jtzzof2rndp4opcv7uva43gzokrgwc7e
==> libxml2@2.9.8 : externally installed in /usr
==> libxml2@2.9.8 : already registered in DB
==> hwloc is already installed in /scratch/users/dantopa/new-spack/libraries/darwin-general.libhio/opt/spack/linux-centos7-x86_64/intel-16.0.4/hwloc-1.11.11-i32wppibkglrzdqxbt2d7lmuvowehhjc
==> zlib is already installed in /scratch/users/dantopa/new-spack/libraries/darwin-general.libhio/opt/spack/linux-centos7-x86_64/intel-16.0.4/zlib-1.2.11-khv5wg25k2jts43htmyixioygxhlj3v3
==> Installing openmpi
==> Searching for binary cache of openmpi
==> Finding buildcaches in /usr/projects/draco/vendors/spack.mirror/build_cache
==> No binary for openmpi found: installing from source
==> Using cached archive: /scratch/users/dantopa/new-spack/libraries/darwin-general.libhio/var/spack/cache/openmpi/openmpi-3.1.4.tar.bz2
==> Staging archive: /scratch/users/dantopa/new-spack/libraries/darwin-general.libhio/var/spack/stage/openmpi-3.1.4-7sww7u2hgg33f4ssejw4aeubsa3hwzxm/openmpi-3.1.4.tar.bz2
==> Created stage in /scratch/users/dantopa/new-spack/libraries/darwin-general.libhio/var/spack/stage/openmpi-3.1.4-7sww7u2hgg33f4ssejw4aeubsa3hwzxm
==> No patches needed for openmpi
==> Building openmpi [AutotoolsPackage]
==> Executing phase: 'autoreconf'
==> Executing phase: 'configure'
==> Executing phase: 'build'
==> Executing phase: 'install'
==> Successfully installed openmpi
  Fetch: 0.02s.  Build: 25m 54.10s.  Total: 25m 54.12s.
[+] /scratch/users/dantopa/new-spack/libraries/darwin-general.libhio/opt/spack/linux-centos7-x86_64/intel-16.0.4/openmpi-3.1.4-7sww7u2hgg33f4ssejw4aeubsa3hwzxm
==> Installing hdf5
==> Searching for binary cache of hdf5
==> Finding buildcaches in /usr/projects/draco/vendors/spack.mirror/build_cache
==> No binary for hdf5 found: installing from source
==> Using cached archive: /scratch/users/dantopa/new-spack/libraries/darwin-general.libhio/var/spack/cache/hdf5/hdf5-1.8.17.tar.gz
==> Staging archive: /scratch/users/dantopa/new-spack/libraries/darwin-general.libhio/var/spack/stage/hdf5-1.8.17-fktdkpsslmypcij7k3zohuxvkxfgthl3/hdf5-1.8.17.tar.gz
==> Created stage in /scratch/users/dantopa/new-spack/libraries/darwin-general.libhio/var/spack/stage/hdf5-1.8.17-fktdkpsslmypcij7k3zohuxvkxfgthl3
==> No patches needed for hdf5
==> Building hdf5 [AutotoolsPackage]
==> Executing phase: 'autoreconf'
==> Executing phase: 'configure'
==> Executing phase: 'build'
==> Executing phase: 'install'
==> Successfully installed hdf5
  Fetch: 0.03s.  Build: 4m 32.69s.  Total: 4m 32.71s.
[+] /scratch/users/dantopa/new-spack/libraries/darwin-general.libhio/opt/spack/linux-centos7-x86_64/intel-16.0.4/hdf5-1.8.17-fktdkpsslmypcij7k3zohuxvkxfgthl3
==> autoconf@2.69 : externally installed in /usr
==> autoconf@2.69 : already registered in DB
==> json-c is already installed in /scratch/users/dantopa/new-spack/libraries/darwin-general.libhio/opt/spack/linux-centos7-x86_64/intel-16.0.4/json-c-0.13.1-t7vgewcephu2qlyum2o4zfjp6uwfds3p
==> Installing libhio
==> Searching for binary cache of libhio
==> Finding buildcaches in /usr/projects/draco/vendors/spack.mirror/build_cache
==> No binary for libhio found: installing from source
==> Using cached archive: /scratch/users/dantopa/new-spack/libraries/darwin-general.libhio/var/spack/cache/libhio/libhio-1.4.1.3.tar.bz2
==> Staging archive: /scratch/users/dantopa/new-spack/libraries/darwin-general.libhio/var/spack/stage/libhio-1.4.1.3-ojbnrdr7pvcgrftuwhy6ldn5so54rn3g/libhio-1.4.1.3.tar.bz2
==> Created stage in /scratch/users/dantopa/new-spack/libraries/darwin-general.libhio/var/spack/stage/libhio-1.4.1.3-ojbnrdr7pvcgrftuwhy6ldn5so54rn3g
==> No patches needed for libhio
==> Building libhio [AutotoolsPackage]
==> Executing phase: 'autoreconf'
==> Executing phase: 'configure'
==> Executing phase: 'build'
==> Executing phase: 'install'
==> Successfully installed libhio
  Fetch: 0.01s.  Build: 1m 39.25s.  Total: 1m 39.25s.
[+] /scratch/users/dantopa/new-spack/libraries/darwin-general.libhio/opt/spack/linux-centos7-x86_64/intel-16.0.4/libhio-1.4.1.3-ojbnrdr7pvcgrftuwhy6ldn5so54rn3g

spack install libhio @ 1.4.1.3 % pgi@18.10  arch=linux-centos7-x86_64
==> bzip2@1.0.6 : externally installed in /usr
==> bzip2@1.0.6 : already registered in DB
==> numactl@2.0.12 : externally installed in /usr
==> numactl@2.0.12 : already registered in DB
==> libtool@2.4.6 : externally installed in /usr
==> libtool@2.4.6 : already registered in DB
==> pkg-config@0.29.2 : externally installed in /usr
==> pkg-config@0.29.2 : already registered in DB
==> util-macros is already installed in /scratch/users/dantopa/new-spack/libraries/darwin-general.libhio/opt/spack/linux-centos7-x86_64/pgi-18.10/util-macros-1.19.1-p26vno4mxna3np6an2bogyoinzmckg7s
==> Installing libpciaccess
==> Searching for binary cache of libpciaccess
==> Finding buildcaches in /usr/projects/draco/vendors/spack.mirror/build_cache
==> No binary for libpciaccess found: installing from source
==> Fetching file:///usr/projects/draco/vendors/spack.mirror/libpciaccess/libpciaccess-0.13.5.tar.gz
==> Staging archive: /scratch/users/dantopa/new-spack/libraries/darwin-general.libhio/var/spack/stage/libpciaccess-0.13.5-txmk33tz4pwzoqpu7kzmtcuskj56yt5y/libpciaccess-0.13.5.tar.gz
==> Created stage in /scratch/users/dantopa/new-spack/libraries/darwin-general.libhio/var/spack/stage/libpciaccess-0.13.5-txmk33tz4pwzoqpu7kzmtcuskj56yt5y
==> No patches needed for libpciaccess
==> Building libpciaccess [AutotoolsPackage]
==> Executing phase: 'autoreconf'
==> Executing phase: 'configure'
==> Executing phase: 'build'

spack install libhio @ 1.4.1.3 % pgi@18.7  arch=linux-centos7-x86_64
==> bzip2@1.0.6 : externally installed in /usr
==> bzip2@1.0.6 : already registered in DB
==> numactl@2.0.12 : externally installed in /usr
==> numactl@2.0.12 : already registered in DB
==> libtool@2.4.6 : externally installed in /usr
==> libtool@2.4.6 : already registered in DB
==> pkg-config@0.29.2 : externally installed in /usr
==> pkg-config@0.29.2 : already registered in DB
==> util-macros is already installed in /scratch/users/dantopa/new-spack/libraries/darwin-general.libhio/opt/spack/linux-centos7-x86_64/pgi-18.7/util-macros-1.19.1-5sqm34ostddk6yqg5ll77hbotyokjfku
==> Installing libpciaccess
==> Searching for binary cache of libpciaccess
==> Finding buildcaches in /usr/projects/draco/vendors/spack.mirror/build_cache
==> No binary for libpciaccess found: installing from source
==> Using cached archive: /scratch/users/dantopa/new-spack/libraries/darwin-general.libhio/var/spack/cache/libpciaccess/libpciaccess-0.13.5.tar.gz
==> Staging archive: /scratch/users/dantopa/new-spack/libraries/darwin-general.libhio/var/spack/stage/libpciaccess-0.13.5-v53lqyxkusuk5gzpa2c27if6gz74i6ef/libpciaccess-0.13.5.tar.gz
==> Created stage in /scratch/users/dantopa/new-spack/libraries/darwin-general.libhio/var/spack/stage/libpciaccess-0.13.5-v53lqyxkusuk5gzpa2c27if6gz74i6ef
==> No patches needed for libpciaccess
==> Building libpciaccess [AutotoolsPackage]
==> Executing phase: 'autoreconf'
==> Executing phase: 'configure'
==> Executing phase: 'build'

spack install libhio @ 1.4.1.3 % pgi@17.10  arch=linux-centos7-x86_64
==> bzip2@1.0.6 : externally installed in /usr
==> bzip2@1.0.6 : already registered in DB
==> numactl@2.0.12 : externally installed in /usr
==> numactl@2.0.12 : already registered in DB
==> libtool@2.4.6 : externally installed in /usr
==> libtool@2.4.6 : already registered in DB
==> pkg-config@0.29.2 : externally installed in /usr
==> pkg-config@0.29.2 : already registered in DB
==> util-macros is already installed in /scratch/users/dantopa/new-spack/libraries/darwin-general.libhio/opt/spack/linux-centos7-x86_64/pgi-17.10/util-macros-1.19.1-ckl2v44aw75men242etgy4goazq3qhsh
==> Installing libpciaccess
==> Searching for binary cache of libpciaccess
==> Finding buildcaches in /usr/projects/draco/vendors/spack.mirror/build_cache
==> No binary for libpciaccess found: installing from source
==> Using cached archive: /scratch/users/dantopa/new-spack/libraries/darwin-general.libhio/var/spack/cache/libpciaccess/libpciaccess-0.13.5.tar.gz
==> Staging archive: /scratch/users/dantopa/new-spack/libraries/darwin-general.libhio/var/spack/stage/libpciaccess-0.13.5-pg2xuuyhcjdndbls4t7dgpig6zg6rbgi/libpciaccess-0.13.5.tar.gz
==> Created stage in /scratch/users/dantopa/new-spack/libraries/darwin-general.libhio/var/spack/stage/libpciaccess-0.13.5-pg2xuuyhcjdndbls4t7dgpig6zg6rbgi
==> No patches needed for libpciaccess
==> Building libpciaccess [AutotoolsPackage]
==> Executing phase: 'autoreconf'
==> Executing phase: 'configure'
==> Executing phase: 'build'

spack install libhio @ 1.4.1.3 % pgi@16.10  arch=linux-centos7-x86_64
==> bzip2@1.0.6 : externally installed in /usr
==> bzip2@1.0.6 : already registered in DB
==> numactl@2.0.12 : externally installed in /usr
==> numactl@2.0.12 : already registered in DB
==> libtool@2.4.6 : externally installed in /usr
==> libtool@2.4.6 : already registered in DB
==> pkg-config@0.29.2 : externally installed in /usr
==> pkg-config@0.29.2 : already registered in DB
==> util-macros is already installed in /scratch/users/dantopa/new-spack/libraries/darwin-general.libhio/opt/spack/linux-centos7-x86_64/pgi-16.10/util-macros-1.19.1-3oqcy5lvjwez4ndko6eqmrltddcecktv
==> Installing libpciaccess
==> Searching for binary cache of libpciaccess
==> Finding buildcaches in /usr/projects/draco/vendors/spack.mirror/build_cache
==> No binary for libpciaccess found: installing from source
==> Using cached archive: /scratch/users/dantopa/new-spack/libraries/darwin-general.libhio/var/spack/cache/libpciaccess/libpciaccess-0.13.5.tar.gz
==> Staging archive: /scratch/users/dantopa/new-spack/libraries/darwin-general.libhio/var/spack/stage/libpciaccess-0.13.5-nl5rxpywvoxmxgoo22g2rne5btq2crh5/libpciaccess-0.13.5.tar.gz
==> Created stage in /scratch/users/dantopa/new-spack/libraries/darwin-general.libhio/var/spack/stage/libpciaccess-0.13.5-nl5rxpywvoxmxgoo22g2rne5btq2crh5
==> No patches needed for libpciaccess
==> Building libpciaccess [AutotoolsPackage]
==> Executing phase: 'autoreconf'
==> Executing phase: 'configure'
==> Executing phase: 'build'

spack install libhio @ 1.4.1.2 % gcc@8.2.0  arch=linux-centos7-x86_64
==> bzip2@1.0.6 : externally installed in /usr
==> bzip2@1.0.6 : already registered in DB
==> numactl@2.0.12 : externally installed in /usr
==> numactl@2.0.12 : already registered in DB
==> libtool@2.4.6 : externally installed in /usr
==> libtool@2.4.6 : already registered in DB
==> pkg-config@0.29.2 : externally installed in /usr
==> pkg-config@0.29.2 : already registered in DB
==> util-macros is already installed in /scratch/users/dantopa/new-spack/libraries/darwin-general.libhio/opt/spack/linux-centos7-x86_64/gcc-8.2.0/util-macros-1.19.1-4smpt37rsocd54ufitlrzzampd6iyp5z
==> libpciaccess is already installed in /scratch/users/dantopa/new-spack/libraries/darwin-general.libhio/opt/spack/linux-centos7-x86_64/gcc-8.2.0/libpciaccess-0.13.5-svkyphbquafpjfs4tfsgr3wlmgfknhtu
==> libxml2@2.9.8 : externally installed in /usr
==> libxml2@2.9.8 : already registered in DB
==> hwloc is already installed in /scratch/users/dantopa/new-spack/libraries/darwin-general.libhio/opt/spack/linux-centos7-x86_64/gcc-8.2.0/hwloc-1.11.11-kpmr675gpfrqmo5u2es2bfpc2z4nb52b
==> zlib is already installed in /scratch/users/dantopa/new-spack/libraries/darwin-general.libhio/opt/spack/linux-centos7-x86_64/gcc-8.2.0/zlib-1.2.11-6wdekzyadff6repdb5bxinnzizvnn35t
==> Installing openmpi
==> Searching for binary cache of openmpi
==> Finding buildcaches in /usr/projects/draco/vendors/spack.mirror/build_cache
==> No binary for openmpi found: installing from source
==> Using cached archive: /scratch/users/dantopa/new-spack/libraries/darwin-general.libhio/var/spack/cache/openmpi/openmpi-3.1.4.tar.bz2
==> Staging archive: /scratch/users/dantopa/new-spack/libraries/darwin-general.libhio/var/spack/stage/openmpi-3.1.4-6hdcscre2aej66sw45p3rxm2g2dj6khs/openmpi-3.1.4.tar.bz2
==> Created stage in /scratch/users/dantopa/new-spack/libraries/darwin-general.libhio/var/spack/stage/openmpi-3.1.4-6hdcscre2aej66sw45p3rxm2g2dj6khs
==> No patches needed for openmpi
==> Building openmpi [AutotoolsPackage]
==> Executing phase: 'autoreconf'
==> Executing phase: 'configure'
==> Executing phase: 'build'
==> Executing phase: 'install'
==> Successfully installed openmpi
  Fetch: 0.02s.  Build: 11m 27.13s.  Total: 11m 27.15s.
[+] /scratch/users/dantopa/new-spack/libraries/darwin-general.libhio/opt/spack/linux-centos7-x86_64/gcc-8.2.0/openmpi-3.1.4-6hdcscre2aej66sw45p3rxm2g2dj6khs
==> Installing hdf5
==> Searching for binary cache of hdf5
==> Finding buildcaches in /usr/projects/draco/vendors/spack.mirror/build_cache
==> No binary for hdf5 found: installing from source
==> Using cached archive: /scratch/users/dantopa/new-spack/libraries/darwin-general.libhio/var/spack/cache/hdf5/hdf5-1.8.17.tar.gz
==> Staging archive: /scratch/users/dantopa/new-spack/libraries/darwin-general.libhio/var/spack/stage/hdf5-1.8.17-ryhkc7vsgwtpayr7bbzrpoxc4sgjjmac/hdf5-1.8.17.tar.gz
==> Created stage in /scratch/users/dantopa/new-spack/libraries/darwin-general.libhio/var/spack/stage/hdf5-1.8.17-ryhkc7vsgwtpayr7bbzrpoxc4sgjjmac
==> No patches needed for hdf5
==> Building hdf5 [AutotoolsPackage]
==> Executing phase: 'autoreconf'
==> Executing phase: 'configure'
==> Executing phase: 'build'
==> Executing phase: 'install'
==> Successfully installed hdf5
  Fetch: 0.03s.  Build: 1m 40.52s.  Total: 1m 40.54s.
[+] /scratch/users/dantopa/new-spack/libraries/darwin-general.libhio/opt/spack/linux-centos7-x86_64/gcc-8.2.0/hdf5-1.8.17-ryhkc7vsgwtpayr7bbzrpoxc4sgjjmac
==> autoconf@2.69 : externally installed in /usr
==> autoconf@2.69 : already registered in DB
==> json-c is already installed in /scratch/users/dantopa/new-spack/libraries/darwin-general.libhio/opt/spack/linux-centos7-x86_64/gcc-8.2.0/json-c-0.13.1-bzwno6psken6dik36ylkg7pe4hphkmvu
==> Installing libhio
==> Searching for binary cache of libhio
==> Finding buildcaches in /usr/projects/draco/vendors/spack.mirror/build_cache
==> No binary for libhio found: installing from source
==> Fetching file:///usr/projects/draco/vendors/spack.mirror/libhio/libhio-1.4.1.2.tar.bz2
==> Staging archive: /scratch/users/dantopa/new-spack/libraries/darwin-general.libhio/var/spack/stage/libhio-1.4.1.2-x2unywn4rzhdqokherqgcalqaazo2w2a/libhio-1.4.1.2.tar.bz2
==> Created stage in /scratch/users/dantopa/new-spack/libraries/darwin-general.libhio/var/spack/stage/libhio-1.4.1.2-x2unywn4rzhdqokherqgcalqaazo2w2a
==> Applied patch /scratch/users/dantopa/new-spack/libraries/darwin-general.libhio/var/spack/repos/builtin/packages/libhio/0001-spack-fix-for-spack-to-work-on-non-cray-systems.patch
==> Building libhio [AutotoolsPackage]
==> Executing phase: 'autoreconf'
==> Executing phase: 'configure'
==> Executing phase: 'build'
==> Executing phase: 'install'
==> Successfully installed libhio
  Fetch: 0.09s.  Build: 33.37s.  Total: 33.47s.
[+] /scratch/users/dantopa/new-spack/libraries/darwin-general.libhio/opt/spack/linux-centos7-x86_64/gcc-8.2.0/libhio-1.4.1.2-x2unywn4rzhdqokherqgcalqaazo2w2a

spack install libhio @ 1.4.1.2 % gcc@7.3.0  arch=linux-centos7-x86_64
==> bzip2@1.0.6 : externally installed in /usr
==> bzip2@1.0.6 : already registered in DB
==> numactl@2.0.12 : externally installed in /usr
==> numactl@2.0.12 : already registered in DB
==> libtool@2.4.6 : externally installed in /usr
==> libtool@2.4.6 : already registered in DB
==> pkg-config@0.29.2 : externally installed in /usr
==> pkg-config@0.29.2 : already registered in DB
==> util-macros is already installed in /scratch/users/dantopa/new-spack/libraries/darwin-general.libhio/opt/spack/linux-centos7-x86_64/gcc-7.3.0/util-macros-1.19.1-ttsbvbkpzqvo7mondef6nb6lu7dxxp72
==> libpciaccess is already installed in /scratch/users/dantopa/new-spack/libraries/darwin-general.libhio/opt/spack/linux-centos7-x86_64/gcc-7.3.0/libpciaccess-0.13.5-f5k35g4jnofnql3akgfs5iuhijsfbjsq
==> libxml2@2.9.8 : externally installed in /usr
==> libxml2@2.9.8 : already registered in DB
==> hwloc is already installed in /scratch/users/dantopa/new-spack/libraries/darwin-general.libhio/opt/spack/linux-centos7-x86_64/gcc-7.3.0/hwloc-1.11.11-vrpknachibeddukex6lxpao5ext5jhko
==> zlib is already installed in /scratch/users/dantopa/new-spack/libraries/darwin-general.libhio/opt/spack/linux-centos7-x86_64/gcc-7.3.0/zlib-1.2.11-zknfwanbwk6tnyaplsykwghx7cvnz4cr
==> openmpi is already installed in /scratch/users/dantopa/new-spack/libraries/darwin-general.libhio/opt/spack/linux-centos7-x86_64/gcc-7.3.0/openmpi-3.1.4-zjghxabcbkxuplwzdrjjx4mbodwjlnws
==> hdf5 is already installed in /scratch/users/dantopa/new-spack/libraries/darwin-general.libhio/opt/spack/linux-centos7-x86_64/gcc-7.3.0/hdf5-1.8.17-e7tcrtkpeuzxaghn5k4iluxpkokarylj
==> autoconf@2.69 : externally installed in /usr
==> autoconf@2.69 : already registered in DB
==> json-c is already installed in /scratch/users/dantopa/new-spack/libraries/darwin-general.libhio/opt/spack/linux-centos7-x86_64/gcc-7.3.0/json-c-0.13.1-e6taii6gjgolfguhs2urws4bsmzrffbg
==> Installing libhio
==> Searching for binary cache of libhio
==> Finding buildcaches in /usr/projects/draco/vendors/spack.mirror/build_cache
==> No binary for libhio found: installing from source
==> Using cached archive: /scratch/users/dantopa/new-spack/libraries/darwin-general.libhio/var/spack/cache/libhio/libhio-1.4.1.2.tar.bz2
==> Staging archive: /scratch/users/dantopa/new-spack/libraries/darwin-general.libhio/var/spack/stage/libhio-1.4.1.2-fj7kumiehgtqrbu2lwr5zmsaxin2cwwv/libhio-1.4.1.2.tar.bz2
==> Created stage in /scratch/users/dantopa/new-spack/libraries/darwin-general.libhio/var/spack/stage/libhio-1.4.1.2-fj7kumiehgtqrbu2lwr5zmsaxin2cwwv
==> Applied patch /scratch/users/dantopa/new-spack/libraries/darwin-general.libhio/var/spack/repos/builtin/packages/libhio/0001-spack-fix-for-spack-to-work-on-non-cray-systems.patch
==> Building libhio [AutotoolsPackage]
==> Executing phase: 'autoreconf'
==> Executing phase: 'configure'
==> Executing phase: 'build'
==> Executing phase: 'install'
==> Successfully installed libhio
  Fetch: 0.01s.  Build: 33.00s.  Total: 33.01s.
[+] /scratch/users/dantopa/new-spack/libraries/darwin-general.libhio/opt/spack/linux-centos7-x86_64/gcc-7.3.0/libhio-1.4.1.2-fj7kumiehgtqrbu2lwr5zmsaxin2cwwv

spack install libhio @ 1.4.1.2 % gcc@6.4.0  arch=linux-centos7-x86_64
==> bzip2@1.0.6 : externally installed in /usr
==> bzip2@1.0.6 : already registered in DB
==> numactl@2.0.12 : externally installed in /usr
==> numactl@2.0.12 : already registered in DB
==> libtool@2.4.6 : externally installed in /usr
==> libtool@2.4.6 : already registered in DB
==> pkg-config@0.29.2 : externally installed in /usr
==> pkg-config@0.29.2 : already registered in DB
==> util-macros is already installed in /scratch/users/dantopa/new-spack/libraries/darwin-general.libhio/opt/spack/linux-centos7-x86_64/gcc-6.4.0/util-macros-1.19.1-br2o7vt364vjeq3osmev6e6kgxekzh2f
==> libpciaccess is already installed in /scratch/users/dantopa/new-spack/libraries/darwin-general.libhio/opt/spack/linux-centos7-x86_64/gcc-6.4.0/libpciaccess-0.13.5-j6fsyhpv7edgisytx4vyvimj6rvpmdav
==> libxml2@2.9.8 : externally installed in /usr
==> libxml2@2.9.8 : already registered in DB
==> hwloc is already installed in /scratch/users/dantopa/new-spack/libraries/darwin-general.libhio/opt/spack/linux-centos7-x86_64/gcc-6.4.0/hwloc-1.11.11-ydbwr4wo75ihkeic2ab4p6ud6onyx6jw
==> zlib is already installed in /scratch/users/dantopa/new-spack/libraries/darwin-general.libhio/opt/spack/linux-centos7-x86_64/gcc-6.4.0/zlib-1.2.11-ufwqfd4zrwuuu7fmguamaqokn5plxyns
==> openmpi is already installed in /scratch/users/dantopa/new-spack/libraries/darwin-general.libhio/opt/spack/linux-centos7-x86_64/gcc-6.4.0/openmpi-3.1.4-23cc447bttmqtyoltzc3bhpf62clyo4b
==> hdf5 is already installed in /scratch/users/dantopa/new-spack/libraries/darwin-general.libhio/opt/spack/linux-centos7-x86_64/gcc-6.4.0/hdf5-1.8.17-ljxpksnwekezjiqfgnozz2i7xloyjkqw
==> autoconf@2.69 : externally installed in /usr
==> autoconf@2.69 : already registered in DB
==> json-c is already installed in /scratch/users/dantopa/new-spack/libraries/darwin-general.libhio/opt/spack/linux-centos7-x86_64/gcc-6.4.0/json-c-0.13.1-kilrzph4i6rka3fbetvfgvs3fexqfudv
==> Installing libhio
==> Searching for binary cache of libhio
==> Finding buildcaches in /usr/projects/draco/vendors/spack.mirror/build_cache
==> No binary for libhio found: installing from source
==> Using cached archive: /scratch/users/dantopa/new-spack/libraries/darwin-general.libhio/var/spack/cache/libhio/libhio-1.4.1.2.tar.bz2
==> Staging archive: /scratch/users/dantopa/new-spack/libraries/darwin-general.libhio/var/spack/stage/libhio-1.4.1.2-wrwmqrpfprq5mhii4qolg4zdhvadsray/libhio-1.4.1.2.tar.bz2
==> Created stage in /scratch/users/dantopa/new-spack/libraries/darwin-general.libhio/var/spack/stage/libhio-1.4.1.2-wrwmqrpfprq5mhii4qolg4zdhvadsray
==> Applied patch /scratch/users/dantopa/new-spack/libraries/darwin-general.libhio/var/spack/repos/builtin/packages/libhio/0001-spack-fix-for-spack-to-work-on-non-cray-systems.patch
==> Building libhio [AutotoolsPackage]
==> Executing phase: 'autoreconf'
==> Executing phase: 'configure'
==> Executing phase: 'build'
==> Executing phase: 'install'
==> Successfully installed libhio
  Fetch: 0.01s.  Build: 32.79s.  Total: 32.80s.
[+] /scratch/users/dantopa/new-spack/libraries/darwin-general.libhio/opt/spack/linux-centos7-x86_64/gcc-6.4.0/libhio-1.4.1.2-wrwmqrpfprq5mhii4qolg4zdhvadsray

spack install libhio @ 1.4.1.2 % gcc@5.5.0  arch=linux-centos7-x86_64
==> bzip2@1.0.6 : externally installed in /usr
==> bzip2@1.0.6 : already registered in DB
==> numactl@2.0.12 : externally installed in /usr
==> numactl@2.0.12 : already registered in DB
==> libtool@2.4.6 : externally installed in /usr
==> libtool@2.4.6 : already registered in DB
==> pkg-config@0.29.2 : externally installed in /usr
==> pkg-config@0.29.2 : already registered in DB
==> util-macros is already installed in /scratch/users/dantopa/new-spack/libraries/darwin-general.libhio/opt/spack/linux-centos7-x86_64/gcc-5.5.0/util-macros-1.19.1-s4t4zharyopk6hdh6aprfxbodbjj7cy4
==> libpciaccess is already installed in /scratch/users/dantopa/new-spack/libraries/darwin-general.libhio/opt/spack/linux-centos7-x86_64/gcc-5.5.0/libpciaccess-0.13.5-ygiicn2xej7gbbn757mrwxaqyw3a4qmv
==> libxml2@2.9.8 : externally installed in /usr
==> libxml2@2.9.8 : already registered in DB
==> hwloc is already installed in /scratch/users/dantopa/new-spack/libraries/darwin-general.libhio/opt/spack/linux-centos7-x86_64/gcc-5.5.0/hwloc-1.11.11-2bjodkscq677bzafoxfdg2c4nss2vkfm
==> zlib is already installed in /scratch/users/dantopa/new-spack/libraries/darwin-general.libhio/opt/spack/linux-centos7-x86_64/gcc-5.5.0/zlib-1.2.11-ijtgxbh42fcxbwklab6vdvmlrjadep56
==> openmpi is already installed in /scratch/users/dantopa/new-spack/libraries/darwin-general.libhio/opt/spack/linux-centos7-x86_64/gcc-5.5.0/openmpi-3.1.4-t4s6t7wtpaxkmjqaabzh6tamacqlfphw
==> hdf5 is already installed in /scratch/users/dantopa/new-spack/libraries/darwin-general.libhio/opt/spack/linux-centos7-x86_64/gcc-5.5.0/hdf5-1.8.17-3qojmyzbam7srbxbw3jsorxvq3jxjmi6
==> autoconf@2.69 : externally installed in /usr
==> autoconf@2.69 : already registered in DB
==> json-c is already installed in /scratch/users/dantopa/new-spack/libraries/darwin-general.libhio/opt/spack/linux-centos7-x86_64/gcc-5.5.0/json-c-0.13.1-ghpun6vbwdatag2eho35z4uzu2subpki
==> Installing libhio
==> Searching for binary cache of libhio
==> Finding buildcaches in /usr/projects/draco/vendors/spack.mirror/build_cache
==> No binary for libhio found: installing from source
==> Using cached archive: /scratch/users/dantopa/new-spack/libraries/darwin-general.libhio/var/spack/cache/libhio/libhio-1.4.1.2.tar.bz2
==> Staging archive: /scratch/users/dantopa/new-spack/libraries/darwin-general.libhio/var/spack/stage/libhio-1.4.1.2-nhxzyoruan23dckpmugsrm7cojrhb7xy/libhio-1.4.1.2.tar.bz2
==> Created stage in /scratch/users/dantopa/new-spack/libraries/darwin-general.libhio/var/spack/stage/libhio-1.4.1.2-nhxzyoruan23dckpmugsrm7cojrhb7xy
==> Applied patch /scratch/users/dantopa/new-spack/libraries/darwin-general.libhio/var/spack/repos/builtin/packages/libhio/0001-spack-fix-for-spack-to-work-on-non-cray-systems.patch
==> Building libhio [AutotoolsPackage]
==> Executing phase: 'autoreconf'
==> Executing phase: 'configure'
==> Executing phase: 'build'
==> Executing phase: 'install'
==> Successfully installed libhio
  Fetch: 0.01s.  Build: 32.40s.  Total: 32.41s.
[+] /scratch/users/dantopa/new-spack/libraries/darwin-general.libhio/opt/spack/linux-centos7-x86_64/gcc-5.5.0/libhio-1.4.1.2-nhxzyoruan23dckpmugsrm7cojrhb7xy

spack install libhio @ 1.4.1.2 % gcc@4.9.3  arch=linux-centos7-x86_64
==> bzip2@1.0.6 : externally installed in /usr
==> bzip2@1.0.6 : already registered in DB
==> numactl@2.0.12 : externally installed in /usr
==> numactl@2.0.12 : already registered in DB
==> libtool@2.4.6 : externally installed in /usr
==> libtool@2.4.6 : already registered in DB
==> pkg-config@0.29.2 : externally installed in /usr
==> pkg-config@0.29.2 : already registered in DB
==> util-macros is already installed in /scratch/users/dantopa/new-spack/libraries/darwin-general.libhio/opt/spack/linux-centos7-x86_64/gcc-4.9.3/util-macros-1.19.1-7ti2tnfjzr7mu3izk342x4muriojjomd
==> libpciaccess is already installed in /scratch/users/dantopa/new-spack/libraries/darwin-general.libhio/opt/spack/linux-centos7-x86_64/gcc-4.9.3/libpciaccess-0.13.5-nqafs22xikrjx7a4eiwzbtfxk2inwnhu
==> libxml2@2.9.8 : externally installed in /usr
==> libxml2@2.9.8 : already registered in DB
==> hwloc is already installed in /scratch/users/dantopa/new-spack/libraries/darwin-general.libhio/opt/spack/linux-centos7-x86_64/gcc-4.9.3/hwloc-1.11.11-xvnhmjp2kmt23rggaymbojqbfaxbrs2x
==> zlib is already installed in /scratch/users/dantopa/new-spack/libraries/darwin-general.libhio/opt/spack/linux-centos7-x86_64/gcc-4.9.3/zlib-1.2.11-wabmm7gon6sjvbwwb6zpime2khlsvigk
==> openmpi is already installed in /scratch/users/dantopa/new-spack/libraries/darwin-general.libhio/opt/spack/linux-centos7-x86_64/gcc-4.9.3/openmpi-3.1.4-3vyf7ewlfuehyazwvl3rcijio5tdtagx
==> hdf5 is already installed in /scratch/users/dantopa/new-spack/libraries/darwin-general.libhio/opt/spack/linux-centos7-x86_64/gcc-4.9.3/hdf5-1.8.17-lhezfni6bh4b733prdnwgw7uos36wrje
==> autoconf@2.69 : externally installed in /usr
==> autoconf@2.69 : already registered in DB
==> json-c is already installed in /scratch/users/dantopa/new-spack/libraries/darwin-general.libhio/opt/spack/linux-centos7-x86_64/gcc-4.9.3/json-c-0.13.1-hcuwj67mupfzzjvtczq2y7jplpdhojub
==> Installing libhio
==> Searching for binary cache of libhio
==> Finding buildcaches in /usr/projects/draco/vendors/spack.mirror/build_cache
==> No binary for libhio found: installing from source
==> Using cached archive: /scratch/users/dantopa/new-spack/libraries/darwin-general.libhio/var/spack/cache/libhio/libhio-1.4.1.2.tar.bz2
==> Staging archive: /scratch/users/dantopa/new-spack/libraries/darwin-general.libhio/var/spack/stage/libhio-1.4.1.2-xkxqhxljnkaez7vb4qagxvus6ip7jmhp/libhio-1.4.1.2.tar.bz2
==> Created stage in /scratch/users/dantopa/new-spack/libraries/darwin-general.libhio/var/spack/stage/libhio-1.4.1.2-xkxqhxljnkaez7vb4qagxvus6ip7jmhp
==> Applied patch /scratch/users/dantopa/new-spack/libraries/darwin-general.libhio/var/spack/repos/builtin/packages/libhio/0001-spack-fix-for-spack-to-work-on-non-cray-systems.patch
==> Building libhio [AutotoolsPackage]
==> Executing phase: 'autoreconf'
==> Executing phase: 'configure'
==> Executing phase: 'build'
==> Executing phase: 'install'
==> Successfully installed libhio
  Fetch: 0.01s.  Build: 33.05s.  Total: 33.06s.
[+] /scratch/users/dantopa/new-spack/libraries/darwin-general.libhio/opt/spack/linux-centos7-x86_64/gcc-4.9.3/libhio-1.4.1.2-xkxqhxljnkaez7vb4qagxvus6ip7jmhp

spack install libhio @ 1.4.1.2 % gcc@4.8.5  arch=linux-centos7-x86_64
==> bzip2@1.0.6 : externally installed in /usr
==> bzip2@1.0.6 : already registered in DB
==> numactl@2.0.12 : externally installed in /usr
==> numactl@2.0.12 : already registered in DB
==> libtool@2.4.6 : externally installed in /usr
==> libtool@2.4.6 : already registered in DB
==> pkg-config@0.29.2 : externally installed in /usr
==> pkg-config@0.29.2 : already registered in DB
==> util-macros is already installed in /scratch/users/dantopa/new-spack/libraries/darwin-general.libhio/opt/spack/linux-centos7-x86_64/gcc-4.8.5/util-macros-1.19.1-p66qdrtaslf2cq4wyc6mitrxzhnyujhc
==> libpciaccess is already installed in /scratch/users/dantopa/new-spack/libraries/darwin-general.libhio/opt/spack/linux-centos7-x86_64/gcc-4.8.5/libpciaccess-0.13.5-5chyfxo6gpmcf74gpv3sqni2aa6v5x57
==> libxml2@2.9.8 : externally installed in /usr
==> libxml2@2.9.8 : already registered in DB
==> hwloc is already installed in /scratch/users/dantopa/new-spack/libraries/darwin-general.libhio/opt/spack/linux-centos7-x86_64/gcc-4.8.5/hwloc-1.11.11-bkkhvejler5rcxoz6mufxxb7fm3qdqbe
==> zlib is already installed in /scratch/users/dantopa/new-spack/libraries/darwin-general.libhio/opt/spack/linux-centos7-x86_64/gcc-4.8.5/zlib-1.2.11-64vg6e4evdrlqgx7iicwhu2hs7lv6gpz
==> openmpi is already installed in /scratch/users/dantopa/new-spack/libraries/darwin-general.libhio/opt/spack/linux-centos7-x86_64/gcc-4.8.5/openmpi-3.1.4-bjftvhynq6wfiqkdjme7gyeeuiviu6vu
==> hdf5 is already installed in /scratch/users/dantopa/new-spack/libraries/darwin-general.libhio/opt/spack/linux-centos7-x86_64/gcc-4.8.5/hdf5-1.8.17-ywlvdkx3opure5qhacwro5okndef7zbw
==> autoconf@2.69 : externally installed in /usr
==> autoconf@2.69 : already registered in DB
==> json-c is already installed in /scratch/users/dantopa/new-spack/libraries/darwin-general.libhio/opt/spack/linux-centos7-x86_64/gcc-4.8.5/json-c-0.13.1-iaq3vl7vqbzaxg6cq2xd5vorjmjh3mr3
==> Installing libhio
==> Searching for binary cache of libhio
==> Finding buildcaches in /usr/projects/draco/vendors/spack.mirror/build_cache
==> No binary for libhio found: installing from source
==> Using cached archive: /scratch/users/dantopa/new-spack/libraries/darwin-general.libhio/var/spack/cache/libhio/libhio-1.4.1.2.tar.bz2
==> Staging archive: /scratch/users/dantopa/new-spack/libraries/darwin-general.libhio/var/spack/stage/libhio-1.4.1.2-qqrdnycnpzrcmvho6vkhuseg7a6qxbpx/libhio-1.4.1.2.tar.bz2
==> Created stage in /scratch/users/dantopa/new-spack/libraries/darwin-general.libhio/var/spack/stage/libhio-1.4.1.2-qqrdnycnpzrcmvho6vkhuseg7a6qxbpx
==> Applied patch /scratch/users/dantopa/new-spack/libraries/darwin-general.libhio/var/spack/repos/builtin/packages/libhio/0001-spack-fix-for-spack-to-work-on-non-cray-systems.patch
==> Building libhio [AutotoolsPackage]
==> Executing phase: 'autoreconf'
==> Executing phase: 'configure'
==> Executing phase: 'build'
==> Executing phase: 'install'
==> Successfully installed libhio
  Fetch: 0.01s.  Build: 31.02s.  Total: 31.02s.
[+] /scratch/users/dantopa/new-spack/libraries/darwin-general.libhio/opt/spack/linux-centos7-x86_64/gcc-4.8.5/libhio-1.4.1.2-qqrdnycnpzrcmvho6vkhuseg7a6qxbpx

spack install libhio @ 1.4.1.2 % intel@18.0.3  arch=linux-centos7-x86_64
==> bzip2@1.0.6 : externally installed in /usr
==> bzip2@1.0.6 : already registered in DB
==> numactl@2.0.12 : externally installed in /usr
==> numactl@2.0.12 : already registered in DB
==> libtool@2.4.6 : externally installed in /usr
==> libtool@2.4.6 : already registered in DB
==> pkg-config@0.29.2 : externally installed in /usr
==> pkg-config@0.29.2 : already registered in DB
==> util-macros is already installed in /scratch/users/dantopa/new-spack/libraries/darwin-general.libhio/opt/spack/linux-centos7-x86_64/intel-18.0.3/util-macros-1.19.1-mcpc6iksxiwi524dnk62ir3v4iobcqiu
==> libpciaccess is already installed in /scratch/users/dantopa/new-spack/libraries/darwin-general.libhio/opt/spack/linux-centos7-x86_64/intel-18.0.3/libpciaccess-0.13.5-zrun5pczkvhnmswkgbeomikpiqfikpn3
==> libxml2@2.9.8 : externally installed in /usr
==> libxml2@2.9.8 : already registered in DB
==> hwloc is already installed in /scratch/users/dantopa/new-spack/libraries/darwin-general.libhio/opt/spack/linux-centos7-x86_64/intel-18.0.3/hwloc-1.11.11-537d5odlcriserodoo3iuntsrmvu247m
==> zlib is already installed in /scratch/users/dantopa/new-spack/libraries/darwin-general.libhio/opt/spack/linux-centos7-x86_64/intel-18.0.3/zlib-1.2.11-vonxam4cye6oarnfuv4tviycduvx53ma
==> openmpi is already installed in /scratch/users/dantopa/new-spack/libraries/darwin-general.libhio/opt/spack/linux-centos7-x86_64/intel-18.0.3/openmpi-3.1.4-tzivn7yw7byvxtpjp3rtijolo5kot75f
==> hdf5 is already installed in /scratch/users/dantopa/new-spack/libraries/darwin-general.libhio/opt/spack/linux-centos7-x86_64/intel-18.0.3/hdf5-1.8.17-anqwcqtbbrnwpfkzqmwjtcweixg4eggv
==> autoconf@2.69 : externally installed in /usr
==> autoconf@2.69 : already registered in DB
==> json-c is already installed in /scratch/users/dantopa/new-spack/libraries/darwin-general.libhio/opt/spack/linux-centos7-x86_64/intel-18.0.3/json-c-0.13.1-i6p2xqh2ssyhtlbj4w6esdimyc362iyf
==> Installing libhio
==> Searching for binary cache of libhio
==> Finding buildcaches in /usr/projects/draco/vendors/spack.mirror/build_cache
==> No binary for libhio found: installing from source
==> Using cached archive: /scratch/users/dantopa/new-spack/libraries/darwin-general.libhio/var/spack/cache/libhio/libhio-1.4.1.2.tar.bz2
==> Staging archive: /scratch/users/dantopa/new-spack/libraries/darwin-general.libhio/var/spack/stage/libhio-1.4.1.2-pkeho7vsaa56lzbjewx6wzrairdnbbl2/libhio-1.4.1.2.tar.bz2
==> Created stage in /scratch/users/dantopa/new-spack/libraries/darwin-general.libhio/var/spack/stage/libhio-1.4.1.2-pkeho7vsaa56lzbjewx6wzrairdnbbl2
==> Applied patch /scratch/users/dantopa/new-spack/libraries/darwin-general.libhio/var/spack/repos/builtin/packages/libhio/0001-spack-fix-for-spack-to-work-on-non-cray-systems.patch
==> Building libhio [AutotoolsPackage]
==> Executing phase: 'autoreconf'
==> Executing phase: 'configure'
==> Executing phase: 'build'
==> Executing phase: 'install'
==> Successfully installed libhio
  Fetch: 0.01s.  Build: 1m 6.77s.  Total: 1m 6.78s.
[+] /scratch/users/dantopa/new-spack/libraries/darwin-general.libhio/opt/spack/linux-centos7-x86_64/intel-18.0.3/libhio-1.4.1.2-pkeho7vsaa56lzbjewx6wzrairdnbbl2

spack install libhio @ 1.4.1.2 % intel@17.0.6  arch=linux-centos7-x86_64
==> bzip2@1.0.6 : externally installed in /usr
==> bzip2@1.0.6 : already registered in DB
==> numactl@2.0.12 : externally installed in /usr
==> numactl@2.0.12 : already registered in DB
==> libtool@2.4.6 : externally installed in /usr
==> libtool@2.4.6 : already registered in DB
==> pkg-config@0.29.2 : externally installed in /usr
==> pkg-config@0.29.2 : already registered in DB
==> util-macros is already installed in /scratch/users/dantopa/new-spack/libraries/darwin-general.libhio/opt/spack/linux-centos7-x86_64/intel-17.0.6/util-macros-1.19.1-y3nqwmg55xx2dwoidsgahtr4dncw4mju
==> libpciaccess is already installed in /scratch/users/dantopa/new-spack/libraries/darwin-general.libhio/opt/spack/linux-centos7-x86_64/intel-17.0.6/libpciaccess-0.13.5-5ywhccxysycmzgtwkagjl26ivjvvgh6u
==> libxml2@2.9.8 : externally installed in /usr
==> libxml2@2.9.8 : already registered in DB
==> hwloc is already installed in /scratch/users/dantopa/new-spack/libraries/darwin-general.libhio/opt/spack/linux-centos7-x86_64/intel-17.0.6/hwloc-1.11.11-itb72knfn7l7z3mmzf4gf5dmjh2yd5fy
==> zlib is already installed in /scratch/users/dantopa/new-spack/libraries/darwin-general.libhio/opt/spack/linux-centos7-x86_64/intel-17.0.6/zlib-1.2.11-zlp4ddi7jmkc4oa4264ajpiqvpq3ycl5
==> openmpi is already installed in /scratch/users/dantopa/new-spack/libraries/darwin-general.libhio/opt/spack/linux-centos7-x86_64/intel-17.0.6/openmpi-3.1.4-kavl5tr2ggie3zg6pyxoj7lhcvqy6euw
==> hdf5 is already installed in /scratch/users/dantopa/new-spack/libraries/darwin-general.libhio/opt/spack/linux-centos7-x86_64/intel-17.0.6/hdf5-1.8.17-3ktfkxlupsugfp3ziw3du2nvsqy5poc6
==> autoconf@2.69 : externally installed in /usr
==> autoconf@2.69 : already registered in DB
==> json-c is already installed in /scratch/users/dantopa/new-spack/libraries/darwin-general.libhio/opt/spack/linux-centos7-x86_64/intel-17.0.6/json-c-0.13.1-gbzdeoj76d3ia524nhnr2uaeqtzrjdzo
==> Installing libhio
==> Searching for binary cache of libhio
==> Finding buildcaches in /usr/projects/draco/vendors/spack.mirror/build_cache
==> No binary for libhio found: installing from source
==> Using cached archive: /scratch/users/dantopa/new-spack/libraries/darwin-general.libhio/var/spack/cache/libhio/libhio-1.4.1.2.tar.bz2
==> Staging archive: /scratch/users/dantopa/new-spack/libraries/darwin-general.libhio/var/spack/stage/libhio-1.4.1.2-gmf4x6ii4bel2xc3rtisbjwchuox7pue/libhio-1.4.1.2.tar.bz2
==> Created stage in /scratch/users/dantopa/new-spack/libraries/darwin-general.libhio/var/spack/stage/libhio-1.4.1.2-gmf4x6ii4bel2xc3rtisbjwchuox7pue
==> Applied patch /scratch/users/dantopa/new-spack/libraries/darwin-general.libhio/var/spack/repos/builtin/packages/libhio/0001-spack-fix-for-spack-to-work-on-non-cray-systems.patch
==> Building libhio [AutotoolsPackage]
==> Executing phase: 'autoreconf'
==> Executing phase: 'configure'
==> Executing phase: 'build'
==> Executing phase: 'install'
==> Successfully installed libhio
  Fetch: 0.01s.  Build: 1m 8.78s.  Total: 1m 8.79s.
[+] /scratch/users/dantopa/new-spack/libraries/darwin-general.libhio/opt/spack/linux-centos7-x86_64/intel-17.0.6/libhio-1.4.1.2-gmf4x6ii4bel2xc3rtisbjwchuox7pue

spack install libhio @ 1.4.1.2 % intel@16.0.4  arch=linux-centos7-x86_64
==> bzip2@1.0.6 : externally installed in /usr
==> bzip2@1.0.6 : already registered in DB
==> numactl@2.0.12 : externally installed in /usr
==> numactl@2.0.12 : already registered in DB
==> libtool@2.4.6 : externally installed in /usr
==> libtool@2.4.6 : already registered in DB
==> pkg-config@0.29.2 : externally installed in /usr
==> pkg-config@0.29.2 : already registered in DB
==> util-macros is already installed in /scratch/users/dantopa/new-spack/libraries/darwin-general.libhio/opt/spack/linux-centos7-x86_64/intel-16.0.4/util-macros-1.19.1-2db62iqhhnn5oouz3hv6tfpdr5zeeei2
==> libpciaccess is already installed in /scratch/users/dantopa/new-spack/libraries/darwin-general.libhio/opt/spack/linux-centos7-x86_64/intel-16.0.4/libpciaccess-0.13.5-jtzzof2rndp4opcv7uva43gzokrgwc7e
==> libxml2@2.9.8 : externally installed in /usr
==> libxml2@2.9.8 : already registered in DB
==> hwloc is already installed in /scratch/users/dantopa/new-spack/libraries/darwin-general.libhio/opt/spack/linux-centos7-x86_64/intel-16.0.4/hwloc-1.11.11-i32wppibkglrzdqxbt2d7lmuvowehhjc
==> zlib is already installed in /scratch/users/dantopa/new-spack/libraries/darwin-general.libhio/opt/spack/linux-centos7-x86_64/intel-16.0.4/zlib-1.2.11-khv5wg25k2jts43htmyixioygxhlj3v3
==> openmpi is already installed in /scratch/users/dantopa/new-spack/libraries/darwin-general.libhio/opt/spack/linux-centos7-x86_64/intel-16.0.4/openmpi-3.1.4-7sww7u2hgg33f4ssejw4aeubsa3hwzxm
==> hdf5 is already installed in /scratch/users/dantopa/new-spack/libraries/darwin-general.libhio/opt/spack/linux-centos7-x86_64/intel-16.0.4/hdf5-1.8.17-fktdkpsslmypcij7k3zohuxvkxfgthl3
==> autoconf@2.69 : externally installed in /usr
==> autoconf@2.69 : already registered in DB
==> json-c is already installed in /scratch/users/dantopa/new-spack/libraries/darwin-general.libhio/opt/spack/linux-centos7-x86_64/intel-16.0.4/json-c-0.13.1-t7vgewcephu2qlyum2o4zfjp6uwfds3p
==> Installing libhio
==> Searching for binary cache of libhio
==> Finding buildcaches in /usr/projects/draco/vendors/spack.mirror/build_cache
==> No binary for libhio found: installing from source
==> Using cached archive: /scratch/users/dantopa/new-spack/libraries/darwin-general.libhio/var/spack/cache/libhio/libhio-1.4.1.2.tar.bz2
==> Staging archive: /scratch/users/dantopa/new-spack/libraries/darwin-general.libhio/var/spack/stage/libhio-1.4.1.2-7vdmgly7ge6yjh4jjenykaxwu3k53n4o/libhio-1.4.1.2.tar.bz2
==> Created stage in /scratch/users/dantopa/new-spack/libraries/darwin-general.libhio/var/spack/stage/libhio-1.4.1.2-7vdmgly7ge6yjh4jjenykaxwu3k53n4o
==> Applied patch /scratch/users/dantopa/new-spack/libraries/darwin-general.libhio/var/spack/repos/builtin/packages/libhio/0001-spack-fix-for-spack-to-work-on-non-cray-systems.patch
==> Building libhio [AutotoolsPackage]
==> Executing phase: 'autoreconf'
==> Executing phase: 'configure'
==> Executing phase: 'build'
==> Executing phase: 'install'
==> Successfully installed libhio
  Fetch: 0.01s.  Build: 1m 39.31s.  Total: 1m 39.32s.
[+] /scratch/users/dantopa/new-spack/libraries/darwin-general.libhio/opt/spack/linux-centos7-x86_64/intel-16.0.4/libhio-1.4.1.2-7vdmgly7ge6yjh4jjenykaxwu3k53n4o

spack install libhio @ 1.4.1.2 % pgi@18.10  arch=linux-centos7-x86_64
==> bzip2@1.0.6 : externally installed in /usr
==> bzip2@1.0.6 : already registered in DB
==> numactl@2.0.12 : externally installed in /usr
==> numactl@2.0.12 : already registered in DB
==> libtool@2.4.6 : externally installed in /usr
==> libtool@2.4.6 : already registered in DB
==> pkg-config@0.29.2 : externally installed in /usr
==> pkg-config@0.29.2 : already registered in DB
==> util-macros is already installed in /scratch/users/dantopa/new-spack/libraries/darwin-general.libhio/opt/spack/linux-centos7-x86_64/pgi-18.10/util-macros-1.19.1-p26vno4mxna3np6an2bogyoinzmckg7s
==> Installing libpciaccess
==> Searching for binary cache of libpciaccess
==> Finding buildcaches in /usr/projects/draco/vendors/spack.mirror/build_cache
==> No binary for libpciaccess found: installing from source
==> Using cached archive: /scratch/users/dantopa/new-spack/libraries/darwin-general.libhio/var/spack/cache/libpciaccess/libpciaccess-0.13.5.tar.gz
==> Staging archive: /scratch/users/dantopa/new-spack/libraries/darwin-general.libhio/var/spack/stage/libpciaccess-0.13.5-txmk33tz4pwzoqpu7kzmtcuskj56yt5y/libpciaccess-0.13.5.tar.gz
==> Created stage in /scratch/users/dantopa/new-spack/libraries/darwin-general.libhio/var/spack/stage/libpciaccess-0.13.5-txmk33tz4pwzoqpu7kzmtcuskj56yt5y
==> No patches needed for libpciaccess
==> Building libpciaccess [AutotoolsPackage]
==> Executing phase: 'autoreconf'
==> Executing phase: 'configure'
==> Executing phase: 'build'

spack install libhio @ 1.4.1.2 % pgi@18.7  arch=linux-centos7-x86_64
==> bzip2@1.0.6 : externally installed in /usr
==> bzip2@1.0.6 : already registered in DB
==> numactl@2.0.12 : externally installed in /usr
==> numactl@2.0.12 : already registered in DB
==> libtool@2.4.6 : externally installed in /usr
==> libtool@2.4.6 : already registered in DB
==> pkg-config@0.29.2 : externally installed in /usr
==> pkg-config@0.29.2 : already registered in DB
==> util-macros is already installed in /scratch/users/dantopa/new-spack/libraries/darwin-general.libhio/opt/spack/linux-centos7-x86_64/pgi-18.7/util-macros-1.19.1-5sqm34ostddk6yqg5ll77hbotyokjfku
==> Installing libpciaccess
==> Searching for binary cache of libpciaccess
==> Finding buildcaches in /usr/projects/draco/vendors/spack.mirror/build_cache
==> No binary for libpciaccess found: installing from source
==> Using cached archive: /scratch/users/dantopa/new-spack/libraries/darwin-general.libhio/var/spack/cache/libpciaccess/libpciaccess-0.13.5.tar.gz
==> Staging archive: /scratch/users/dantopa/new-spack/libraries/darwin-general.libhio/var/spack/stage/libpciaccess-0.13.5-v53lqyxkusuk5gzpa2c27if6gz74i6ef/libpciaccess-0.13.5.tar.gz
==> Created stage in /scratch/users/dantopa/new-spack/libraries/darwin-general.libhio/var/spack/stage/libpciaccess-0.13.5-v53lqyxkusuk5gzpa2c27if6gz74i6ef
==> No patches needed for libpciaccess
==> Building libpciaccess [AutotoolsPackage]
==> Executing phase: 'autoreconf'
==> Executing phase: 'configure'
==> Executing phase: 'build'

spack install libhio @ 1.4.1.2 % pgi@17.10  arch=linux-centos7-x86_64
==> bzip2@1.0.6 : externally installed in /usr
==> bzip2@1.0.6 : already registered in DB
==> numactl@2.0.12 : externally installed in /usr
==> numactl@2.0.12 : already registered in DB
==> libtool@2.4.6 : externally installed in /usr
==> libtool@2.4.6 : already registered in DB
==> pkg-config@0.29.2 : externally installed in /usr
==> pkg-config@0.29.2 : already registered in DB
==> util-macros is already installed in /scratch/users/dantopa/new-spack/libraries/darwin-general.libhio/opt/spack/linux-centos7-x86_64/pgi-17.10/util-macros-1.19.1-ckl2v44aw75men242etgy4goazq3qhsh
==> Installing libpciaccess
==> Searching for binary cache of libpciaccess
==> Finding buildcaches in /usr/projects/draco/vendors/spack.mirror/build_cache
==> No binary for libpciaccess found: installing from source
==> Using cached archive: /scratch/users/dantopa/new-spack/libraries/darwin-general.libhio/var/spack/cache/libpciaccess/libpciaccess-0.13.5.tar.gz
==> Staging archive: /scratch/users/dantopa/new-spack/libraries/darwin-general.libhio/var/spack/stage/libpciaccess-0.13.5-pg2xuuyhcjdndbls4t7dgpig6zg6rbgi/libpciaccess-0.13.5.tar.gz
==> Created stage in /scratch/users/dantopa/new-spack/libraries/darwin-general.libhio/var/spack/stage/libpciaccess-0.13.5-pg2xuuyhcjdndbls4t7dgpig6zg6rbgi
==> No patches needed for libpciaccess
==> Building libpciaccess [AutotoolsPackage]
==> Executing phase: 'autoreconf'
==> Executing phase: 'configure'
==> Executing phase: 'build'

spack install libhio @ 1.4.1.2 % pgi@16.10  arch=linux-centos7-x86_64
==> bzip2@1.0.6 : externally installed in /usr
==> bzip2@1.0.6 : already registered in DB
==> numactl@2.0.12 : externally installed in /usr
==> numactl@2.0.12 : already registered in DB
==> libtool@2.4.6 : externally installed in /usr
==> libtool@2.4.6 : already registered in DB
==> pkg-config@0.29.2 : externally installed in /usr
==> pkg-config@0.29.2 : already registered in DB
==> util-macros is already installed in /scratch/users/dantopa/new-spack/libraries/darwin-general.libhio/opt/spack/linux-centos7-x86_64/pgi-16.10/util-macros-1.19.1-3oqcy5lvjwez4ndko6eqmrltddcecktv
==> Installing libpciaccess
==> Searching for binary cache of libpciaccess
==> Finding buildcaches in /usr/projects/draco/vendors/spack.mirror/build_cache
==> No binary for libpciaccess found: installing from source
==> Using cached archive: /scratch/users/dantopa/new-spack/libraries/darwin-general.libhio/var/spack/cache/libpciaccess/libpciaccess-0.13.5.tar.gz
==> Staging archive: /scratch/users/dantopa/new-spack/libraries/darwin-general.libhio/var/spack/stage/libpciaccess-0.13.5-nl5rxpywvoxmxgoo22g2rne5btq2crh5/libpciaccess-0.13.5.tar.gz
==> Created stage in /scratch/users/dantopa/new-spack/libraries/darwin-general.libhio/var/spack/stage/libpciaccess-0.13.5-nl5rxpywvoxmxgoo22g2rne5btq2crh5
==> No patches needed for libpciaccess
==> Building libpciaccess [AutotoolsPackage]
==> Executing phase: 'autoreconf'
==> Executing phase: 'configure'
==> Executing phase: 'build'
