Wed Apr 24 20:51:17 MDT 2019


spack install ucx @ 1.5.0 % clang@7.0.0  ^libnl/2263pm5 ^rdma-core/qymrwx6 arch=linux-rhel7-ppc64le

spack install ucx @ 1.5.0 % gcc@8.2.0  ^libnl/2263pm5 ^rdma-core/qymrwx6 arch=linux-rhel7-ppc64le

spack install ucx @ 1.5.0 % gcc@7.3.0  ^libnl/2263pm5 ^rdma-core/qymrwx6 arch=linux-rhel7-ppc64le

spack install ucx @ 1.5.0 % gcc@6.4.0  ^libnl/2263pm5 ^rdma-core/qymrwx6 arch=linux-rhel7-ppc64le

spack install ucx @ 1.5.0 % gcc@4.8.5  ^libnl/2263pm5 ^rdma-core/qymrwx6 arch=linux-rhel7-ppc64le

spack install ucx @ 1.5.0 % pgi@18.10  ^libnl/2263pm5 ^rdma-core/qymrwx6 arch=linux-rhel7-ppc64le

spack install ucx @ 1.5.0 % pgi@17.10  ^libnl/2263pm5 ^rdma-core/qymrwx6 arch=linux-rhel7-ppc64le

spack install ucx @ 1.5.0 % pgi@16.10  ^libnl/2263pm5 ^rdma-core/qymrwx6 arch=linux-rhel7-ppc64le

spack install ucx @ 1.5.0 % xl@16.1  ^libnl/2263pm5 ^rdma-core/qymrwx6 arch=linux-rhel7-ppc64le

spack install ucx @ 1.4.0 % clang@7.0.0  ^libnl/2263pm5 ^rdma-core/qymrwx6 arch=linux-rhel7-ppc64le

spack install ucx @ 1.4.0 % gcc@8.2.0  ^libnl/2263pm5 ^rdma-core/qymrwx6 arch=linux-rhel7-ppc64le

spack install ucx @ 1.4.0 % gcc@7.3.0  ^libnl/2263pm5 ^rdma-core/qymrwx6 arch=linux-rhel7-ppc64le

spack install ucx @ 1.4.0 % gcc@6.4.0  ^libnl/2263pm5 ^rdma-core/qymrwx6 arch=linux-rhel7-ppc64le

spack install ucx @ 1.4.0 % gcc@4.8.5  ^libnl/2263pm5 ^rdma-core/qymrwx6 arch=linux-rhel7-ppc64le

spack install ucx @ 1.4.0 % pgi@18.10  ^libnl/2263pm5 ^rdma-core/qymrwx6 arch=linux-rhel7-ppc64le

spack install ucx @ 1.4.0 % pgi@17.10  ^libnl/2263pm5 ^rdma-core/qymrwx6 arch=linux-rhel7-ppc64le

spack install ucx @ 1.4.0 % pgi@16.10  ^libnl/2263pm5 ^rdma-core/qymrwx6 arch=linux-rhel7-ppc64le

spack install ucx @ 1.4.0 % xl@16.1  ^libnl/2263pm5 ^rdma-core/qymrwx6 arch=linux-rhel7-ppc64le

spack install ucx @ 1.3.1 % clang@7.0.0  ^libnl/2263pm5 ^rdma-core/qymrwx6 arch=linux-rhel7-ppc64le

spack install ucx @ 1.3.1 % gcc@8.2.0  ^libnl/2263pm5 ^rdma-core/qymrwx6 arch=linux-rhel7-ppc64le

spack install ucx @ 1.3.1 % gcc@7.3.0  ^libnl/2263pm5 ^rdma-core/qymrwx6 arch=linux-rhel7-ppc64le

spack install ucx @ 1.3.1 % gcc@6.4.0  ^libnl/2263pm5 ^rdma-core/qymrwx6 arch=linux-rhel7-ppc64le

spack install ucx @ 1.3.1 % gcc@4.8.5  ^libnl/2263pm5 ^rdma-core/qymrwx6 arch=linux-rhel7-ppc64le

spack install ucx @ 1.3.1 % pgi@18.10  ^libnl/2263pm5 ^rdma-core/qymrwx6 arch=linux-rhel7-ppc64le

spack install ucx @ 1.3.1 % pgi@17.10  ^libnl/2263pm5 ^rdma-core/qymrwx6 arch=linux-rhel7-ppc64le

spack install ucx @ 1.3.1 % pgi@16.10  ^libnl/2263pm5 ^rdma-core/qymrwx6 arch=linux-rhel7-ppc64le

spack install ucx @ 1.3.1 % xl@16.1  ^libnl/2263pm5 ^rdma-core/qymrwx6 arch=linux-rhel7-ppc64le

spack install ucx @ 1.2.2 % clang@7.0.0  ^libnl/2263pm5 ^rdma-core/qymrwx6 arch=linux-rhel7-ppc64le

spack install ucx @ 1.2.2 % gcc@8.2.0  ^libnl/2263pm5 ^rdma-core/qymrwx6 arch=linux-rhel7-ppc64le

spack install ucx @ 1.2.2 % gcc@7.3.0  ^libnl/2263pm5 ^rdma-core/qymrwx6 arch=linux-rhel7-ppc64le

spack install ucx @ 1.2.2 % gcc@6.4.0  ^libnl/2263pm5 ^rdma-core/qymrwx6 arch=linux-rhel7-ppc64le

spack install ucx @ 1.2.2 % gcc@4.8.5  ^libnl/2263pm5 ^rdma-core/qymrwx6 arch=linux-rhel7-ppc64le

spack install ucx @ 1.2.2 % pgi@18.10  ^libnl/2263pm5 ^rdma-core/qymrwx6 arch=linux-rhel7-ppc64le

spack install ucx @ 1.2.2 % pgi@17.10  ^libnl/2263pm5 ^rdma-core/qymrwx6 arch=linux-rhel7-ppc64le

spack install ucx @ 1.2.2 % pgi@16.10  ^libnl/2263pm5 ^rdma-core/qymrwx6 arch=linux-rhel7-ppc64le

spack install ucx @ 1.2.2 % xl@16.1  ^libnl/2263pm5 ^rdma-core/qymrwx6 arch=linux-rhel7-ppc64le
