Tue Apr 30 17:32:42 PDT 2019


spack install ucx @ 1.5.0 % clang@7.0.0  arch=linux-rhel7-ppc64le

spack install ucx @ 1.5.0 % gcc@7.3.1  arch=linux-rhel7-ppc64le
==> numactl@2.0.12 : externally installed in /usr
==> numactl@2.0.12 : generating module file
==> numactl@2.0.12 : registering into DB
==> cmake@3.14.2 : has external module in cmake/3.12.1
==> cmake@3.14.2 : is actually installed in /usr/tce/packages/cmake/cmake-3.12.1
==> cmake@3.14.2 : generating module file
==> cmake@3.14.2 : registering into DB
==> bison@3.0.5 : externally installed in /usr
==> bison@3.0.5 : generating module file
==> bison@3.0.5 : registering into DB
==> flex@2.6.4 : externally installed in /usr
==> flex@2.6.4 : generating module file
==> flex@2.6.4 : registering into DB
==> m4@1.4.18 : externally installed in /usr
==> m4@1.4.18 : generating module file
==> m4@1.4.18 : registering into DB
==> Installing libnl
==> Searching for binary cache of libnl
==> Finding buildcaches in /usr/workspace/wsrzc/topa1/spack-home/mirror/build_cache
==> No binary for libnl found: installing from source
==> Fetching file:///usr/workspace/wsrzc/topa1/spack-home/mirror/libnl/libnl-3.3.0.tar.gz
==> Fetching from file:///usr/workspace/wsrzc/topa1/spack-home/mirror/libnl/libnl-3.3.0.tar.gz failed.
==> Fetching https://github.com/thom311/libnl/releases/download/libnl3_3_0/libnl-3.3.0.tar.gz
==> Staging archive: /usr/WS1/topa1/repos/spack/libraries/rzansel-power9.ucx/var/spack/stage/libnl-3.3.0-2tf7enrqfzclzqky5udd5vfdd5knkees/libnl-3.3.0.tar.gz
==> Created stage in /usr/WS1/topa1/repos/spack/libraries/rzansel-power9.ucx/var/spack/stage/libnl-3.3.0-2tf7enrqfzclzqky5udd5vfdd5knkees
==> No patches needed for libnl
==> Building libnl [AutotoolsPackage]
==> Executing phase: 'autoreconf'
==> Executing phase: 'configure'
==> Executing phase: 'build'
==> Executing phase: 'install'
==> Successfully installed libnl
  Fetch: 1.35s.  Build: 15.44s.  Total: 16.79s.
[+] /usr/WS1/topa1/repos/spack/libraries/rzansel-power9.ucx/opt/spack/linux-rhel7-ppc64le/gcc-7.3.1/libnl-3.3.0-2tf7enrqfzclzqky5udd5vfdd5knkees
==> pkg-config@0.29.2 : externally installed in /usr
==> pkg-config@0.29.2 : generating module file
==> pkg-config@0.29.2 : registering into DB
==> Installing rdma-core
==> Searching for binary cache of rdma-core
==> Finding buildcaches in /usr/workspace/wsrzc/topa1/spack-home/mirror/build_cache
==> No binary for rdma-core found: installing from source
==> Fetching file:///usr/workspace/wsrzc/topa1/spack-home/mirror/rdma-core/rdma-core-20.tar.gz
==> Staging archive: /usr/WS1/topa1/repos/spack/libraries/rzansel-power9.ucx/var/spack/stage/rdma-core-20-ck4kvzotci4rftbslstgyyq5axezjizz/rdma-core-20.tar.gz
==> Created stage in /usr/WS1/topa1/repos/spack/libraries/rzansel-power9.ucx/var/spack/stage/rdma-core-20-ck4kvzotci4rftbslstgyyq5axezjizz
==> No patches needed for rdma-core
==> Building rdma-core [CMakePackage]
==> Executing phase: 'cmake'
==> Executing phase: 'build'
==> Executing phase: 'install'
==> Successfully installed rdma-core
  Fetch: 0.07s.  Build: 15.53s.  Total: 15.60s.
[+] /usr/WS1/topa1/repos/spack/libraries/rzansel-power9.ucx/opt/spack/linux-rhel7-ppc64le/gcc-7.3.1/rdma-core-20-ck4kvzotci4rftbslstgyyq5axezjizz
==> Installing ucx
==> Searching for binary cache of ucx
==> Finding buildcaches in /usr/workspace/wsrzc/topa1/spack-home/mirror/build_cache
==> No binary for ucx found: installing from source
==> Fetching file:///usr/workspace/wsrzc/topa1/spack-home/mirror/ucx/ucx-1.5.0.tar.gz
==> Fetching from file:///usr/workspace/wsrzc/topa1/spack-home/mirror/ucx/ucx-1.5.0.tar.gz failed.
==> Fetching https://github.com/openucx/ucx/releases/download/v1.5.0/ucx-1.5.0.tar.gz
==> Staging archive: /usr/WS1/topa1/repos/spack/libraries/rzansel-power9.ucx/var/spack/stage/ucx-1.5.0-tacazebjog5ttqvxov6cablp2rsy2aoa/ucx-1.5.0.tar.gz
==> Created stage in /usr/WS1/topa1/repos/spack/libraries/rzansel-power9.ucx/var/spack/stage/ucx-1.5.0-tacazebjog5ttqvxov6cablp2rsy2aoa
==> No patches needed for ucx
==> Building ucx [AutotoolsPackage]
==> Executing phase: 'autoreconf'
==> Executing phase: 'configure'
==> Executing phase: 'build'
==> Executing phase: 'install'
==> Successfully installed ucx
  Fetch: 3.39s.  Build: 1m 5.72s.  Total: 1m 9.11s.
[+] /usr/WS1/topa1/repos/spack/libraries/rzansel-power9.ucx/opt/spack/linux-rhel7-ppc64le/gcc-7.3.1/ucx-1.5.0-tacazebjog5ttqvxov6cablp2rsy2aoa

spack install ucx @ 1.5.0 % gcc@4.9.3  arch=linux-rhel7-ppc64le
==> numactl@2.0.12 : externally installed in /usr
==> numactl@2.0.12 : generating module file
==> numactl@2.0.12 : registering into DB
==> cmake@3.14.2 : has external module in cmake/3.12.1
==> cmake@3.14.2 : is actually installed in /usr/tce/packages/cmake/cmake-3.12.1
==> cmake@3.14.2 : generating module file
==> cmake@3.14.2 : registering into DB
==> bison@3.0.5 : externally installed in /usr
==> bison@3.0.5 : generating module file
==> bison@3.0.5 : registering into DB
==> flex@2.6.4 : externally installed in /usr
==> flex@2.6.4 : generating module file
==> flex@2.6.4 : registering into DB
==> m4@1.4.18 : externally installed in /usr
==> m4@1.4.18 : generating module file
==> m4@1.4.18 : registering into DB
==> Installing libnl
==> Searching for binary cache of libnl
==> Finding buildcaches in /usr/workspace/wsrzc/topa1/spack-home/mirror/build_cache
==> No binary for libnl found: installing from source
==> Using cached archive: /usr/WS1/topa1/repos/spack/libraries/rzansel-power9.ucx/var/spack/cache/libnl/libnl-3.3.0.tar.gz
==> Staging archive: /usr/WS1/topa1/repos/spack/libraries/rzansel-power9.ucx/var/spack/stage/libnl-3.3.0-u7dpqnklg6mrp4qkpakeeugd45ivhjwt/libnl-3.3.0.tar.gz
==> Created stage in /usr/WS1/topa1/repos/spack/libraries/rzansel-power9.ucx/var/spack/stage/libnl-3.3.0-u7dpqnklg6mrp4qkpakeeugd45ivhjwt
==> No patches needed for libnl
==> Building libnl [AutotoolsPackage]
==> Executing phase: 'autoreconf'
==> Executing phase: 'configure'
==> Executing phase: 'build'
==> Executing phase: 'install'
==> Successfully installed libnl
  Fetch: 0.02s.  Build: 16.27s.  Total: 16.29s.
[+] /usr/WS1/topa1/repos/spack/libraries/rzansel-power9.ucx/opt/spack/linux-rhel7-ppc64le/gcc-4.9.3/libnl-3.3.0-u7dpqnklg6mrp4qkpakeeugd45ivhjwt
==> pkg-config@0.29.2 : externally installed in /usr
==> pkg-config@0.29.2 : generating module file
==> pkg-config@0.29.2 : registering into DB
==> Installing rdma-core
==> Searching for binary cache of rdma-core
==> Finding buildcaches in /usr/workspace/wsrzc/topa1/spack-home/mirror/build_cache
==> No binary for rdma-core found: installing from source
==> Using cached archive: /usr/WS1/topa1/repos/spack/libraries/rzansel-power9.ucx/var/spack/cache/rdma-core/rdma-core-20.tar.gz
==> Staging archive: /usr/WS1/topa1/repos/spack/libraries/rzansel-power9.ucx/var/spack/stage/rdma-core-20-c3x3nw7xpttfk6sst7owtri2x6t7tgpa/rdma-core-20.tar.gz
==> Created stage in /usr/WS1/topa1/repos/spack/libraries/rzansel-power9.ucx/var/spack/stage/rdma-core-20-c3x3nw7xpttfk6sst7owtri2x6t7tgpa
==> No patches needed for rdma-core
==> Building rdma-core [CMakePackage]
==> Executing phase: 'cmake'
==> Executing phase: 'build'
==> Executing phase: 'install'
==> Successfully installed rdma-core
  Fetch: 0.01s.  Build: 16.89s.  Total: 16.90s.
[+] /usr/WS1/topa1/repos/spack/libraries/rzansel-power9.ucx/opt/spack/linux-rhel7-ppc64le/gcc-4.9.3/rdma-core-20-c3x3nw7xpttfk6sst7owtri2x6t7tgpa
==> Installing ucx
==> Searching for binary cache of ucx
==> Finding buildcaches in /usr/workspace/wsrzc/topa1/spack-home/mirror/build_cache
==> No binary for ucx found: installing from source
==> Using cached archive: /usr/WS1/topa1/repos/spack/libraries/rzansel-power9.ucx/var/spack/cache/ucx/ucx-1.5.0.tar.gz
==> Staging archive: /usr/WS1/topa1/repos/spack/libraries/rzansel-power9.ucx/var/spack/stage/ucx-1.5.0-n7kkubyr3ywylkhk7sgr4wpvhi4fxzvd/ucx-1.5.0.tar.gz
==> Created stage in /usr/WS1/topa1/repos/spack/libraries/rzansel-power9.ucx/var/spack/stage/ucx-1.5.0-n7kkubyr3ywylkhk7sgr4wpvhi4fxzvd
==> No patches needed for ucx
==> Building ucx [AutotoolsPackage]
==> Executing phase: 'autoreconf'
==> Executing phase: 'configure'
==> Executing phase: 'build'
==> Executing phase: 'install'
==> Successfully installed ucx
  Fetch: 0.01s.  Build: 1m 8.69s.  Total: 1m 8.70s.
[+] /usr/WS1/topa1/repos/spack/libraries/rzansel-power9.ucx/opt/spack/linux-rhel7-ppc64le/gcc-4.9.3/ucx-1.5.0-n7kkubyr3ywylkhk7sgr4wpvhi4fxzvd

spack install ucx @ 1.5.0 % gcc@4.8.5  arch=linux-rhel7-ppc64le

spack install ucx @ 1.5.0 % pgi@19.1  arch=linux-rhel7-ppc64le

spack install ucx @ 1.5.0 % pgi@18.10  arch=linux-rhel7-ppc64le
==> numactl@2.0.12 : externally installed in /usr
==> numactl@2.0.12 : generating module file
==> numactl@2.0.12 : registering into DB
==> cmake@3.14.2 : has external module in cmake/3.12.1
==> cmake@3.14.2 : is actually installed in /usr/tce/packages/cmake/cmake-3.12.1
==> cmake@3.14.2 : generating module file
==> cmake@3.14.2 : registering into DB
==> bison@3.0.5 : externally installed in /usr
==> bison@3.0.5 : generating module file
==> bison@3.0.5 : registering into DB
==> flex@2.6.4 : externally installed in /usr
==> flex@2.6.4 : generating module file
==> flex@2.6.4 : registering into DB
==> m4@1.4.18 : externally installed in /usr
==> m4@1.4.18 : generating module file
==> m4@1.4.18 : registering into DB
==> Installing libnl
==> Searching for binary cache of libnl
==> Finding buildcaches in /usr/workspace/wsrzc/topa1/spack-home/mirror/build_cache
==> No binary for libnl found: installing from source
==> Using cached archive: /usr/WS1/topa1/repos/spack/libraries/rzansel-power9.ucx/var/spack/cache/libnl/libnl-3.3.0.tar.gz
==> Staging archive: /usr/WS1/topa1/repos/spack/libraries/rzansel-power9.ucx/var/spack/stage/libnl-3.3.0-seumjlyl7tzxgiayjrtfu6xybrddylhe/libnl-3.3.0.tar.gz
==> Created stage in /usr/WS1/topa1/repos/spack/libraries/rzansel-power9.ucx/var/spack/stage/libnl-3.3.0-seumjlyl7tzxgiayjrtfu6xybrddylhe
==> No patches needed for libnl
==> Building libnl [AutotoolsPackage]
==> Executing phase: 'autoreconf'
==> Executing phase: 'configure'
==> Executing phase: 'build'

spack install ucx @ 1.5.0 % pgi@17.10  arch=linux-rhel7-ppc64le
==> numactl@2.0.12 : externally installed in /usr
==> numactl@2.0.12 : generating module file
==> numactl@2.0.12 : registering into DB
==> cmake@3.14.2 : has external module in cmake/3.12.1
==> cmake@3.14.2 : is actually installed in /usr/tce/packages/cmake/cmake-3.12.1
==> cmake@3.14.2 : generating module file
==> cmake@3.14.2 : registering into DB
==> bison@3.0.5 : externally installed in /usr
==> bison@3.0.5 : generating module file
==> bison@3.0.5 : registering into DB
==> flex@2.6.4 : externally installed in /usr
==> flex@2.6.4 : generating module file
==> flex@2.6.4 : registering into DB
==> m4@1.4.18 : externally installed in /usr
==> m4@1.4.18 : generating module file
==> m4@1.4.18 : registering into DB
==> Installing libnl
==> Searching for binary cache of libnl
==> Finding buildcaches in /usr/workspace/wsrzc/topa1/spack-home/mirror/build_cache
==> No binary for libnl found: installing from source
==> Using cached archive: /usr/WS1/topa1/repos/spack/libraries/rzansel-power9.ucx/var/spack/cache/libnl/libnl-3.3.0.tar.gz
==> Staging archive: /usr/WS1/topa1/repos/spack/libraries/rzansel-power9.ucx/var/spack/stage/libnl-3.3.0-hmgfkbpe2ol4crkpukl2vf67dzrb5gpp/libnl-3.3.0.tar.gz
==> Created stage in /usr/WS1/topa1/repos/spack/libraries/rzansel-power9.ucx/var/spack/stage/libnl-3.3.0-hmgfkbpe2ol4crkpukl2vf67dzrb5gpp
==> No patches needed for libnl
==> Building libnl [AutotoolsPackage]
==> Executing phase: 'autoreconf'
==> Executing phase: 'configure'
==> Executing phase: 'build'

spack install ucx @ 1.5.0 % xl@16.1.2  arch=linux-rhel7-ppc64le

spack install ucx @ 1.5.0 % xl@16.1.1  arch=linux-rhel7-ppc64le

spack install ucx @ 1.5.0 % xl@16.1.0  arch=linux-rhel7-ppc64le

spack install ucx @ 1.4.0 % clang@7.0.0  arch=linux-rhel7-ppc64le

spack install ucx @ 1.4.0 % gcc@7.3.1  arch=linux-rhel7-ppc64le
==> numactl@2.0.12 : externally installed in /usr
==> numactl@2.0.12 : already registered in DB
==> cmake@3.14.2 : has external module in cmake/3.12.1
==> cmake@3.14.2 : is actually installed in /usr/tce/packages/cmake/cmake-3.12.1
==> cmake@3.14.2 : already registered in DB
==> bison@3.0.5 : externally installed in /usr
==> bison@3.0.5 : already registered in DB
==> flex@2.6.4 : externally installed in /usr
==> flex@2.6.4 : already registered in DB
==> m4@1.4.18 : externally installed in /usr
==> m4@1.4.18 : already registered in DB
==> libnl is already installed in /usr/WS1/topa1/repos/spack/libraries/rzansel-power9.ucx/opt/spack/linux-rhel7-ppc64le/gcc-7.3.1/libnl-3.3.0-2tf7enrqfzclzqky5udd5vfdd5knkees
==> pkg-config@0.29.2 : externally installed in /usr
==> pkg-config@0.29.2 : already registered in DB
==> rdma-core is already installed in /usr/WS1/topa1/repos/spack/libraries/rzansel-power9.ucx/opt/spack/linux-rhel7-ppc64le/gcc-7.3.1/rdma-core-20-ck4kvzotci4rftbslstgyyq5axezjizz
==> Installing ucx
==> Searching for binary cache of ucx
==> Finding buildcaches in /usr/workspace/wsrzc/topa1/spack-home/mirror/build_cache
==> No binary for ucx found: installing from source
==> Fetching file:///usr/workspace/wsrzc/topa1/spack-home/mirror/ucx/ucx-1.4.0.tar.gz
==> Staging archive: /usr/WS1/topa1/repos/spack/libraries/rzansel-power9.ucx/var/spack/stage/ucx-1.4.0-is6brci3u3xwmia2bnpiuzoj5orjeab7/ucx-1.4.0.tar.gz
==> Created stage in /usr/WS1/topa1/repos/spack/libraries/rzansel-power9.ucx/var/spack/stage/ucx-1.4.0-is6brci3u3xwmia2bnpiuzoj5orjeab7
==> No patches needed for ucx
==> Building ucx [AutotoolsPackage]
==> Executing phase: 'autoreconf'
==> Executing phase: 'configure'
==> Executing phase: 'build'
==> Executing phase: 'install'
==> Successfully installed ucx
  Fetch: 0.07s.  Build: 1m 0.08s.  Total: 1m 0.15s.
[+] /usr/WS1/topa1/repos/spack/libraries/rzansel-power9.ucx/opt/spack/linux-rhel7-ppc64le/gcc-7.3.1/ucx-1.4.0-is6brci3u3xwmia2bnpiuzoj5orjeab7

spack install ucx @ 1.4.0 % gcc@4.9.3  arch=linux-rhel7-ppc64le
==> numactl@2.0.12 : externally installed in /usr
==> numactl@2.0.12 : already registered in DB
==> cmake@3.14.2 : has external module in cmake/3.12.1
==> cmake@3.14.2 : is actually installed in /usr/tce/packages/cmake/cmake-3.12.1
==> cmake@3.14.2 : already registered in DB
==> bison@3.0.5 : externally installed in /usr
==> bison@3.0.5 : already registered in DB
==> flex@2.6.4 : externally installed in /usr
==> flex@2.6.4 : already registered in DB
==> m4@1.4.18 : externally installed in /usr
==> m4@1.4.18 : already registered in DB
==> libnl is already installed in /usr/WS1/topa1/repos/spack/libraries/rzansel-power9.ucx/opt/spack/linux-rhel7-ppc64le/gcc-4.9.3/libnl-3.3.0-u7dpqnklg6mrp4qkpakeeugd45ivhjwt
==> pkg-config@0.29.2 : externally installed in /usr
==> pkg-config@0.29.2 : already registered in DB
==> rdma-core is already installed in /usr/WS1/topa1/repos/spack/libraries/rzansel-power9.ucx/opt/spack/linux-rhel7-ppc64le/gcc-4.9.3/rdma-core-20-c3x3nw7xpttfk6sst7owtri2x6t7tgpa
==> Installing ucx
==> Searching for binary cache of ucx
==> Finding buildcaches in /usr/workspace/wsrzc/topa1/spack-home/mirror/build_cache
==> No binary for ucx found: installing from source
==> Using cached archive: /usr/WS1/topa1/repos/spack/libraries/rzansel-power9.ucx/var/spack/cache/ucx/ucx-1.4.0.tar.gz
==> Staging archive: /usr/WS1/topa1/repos/spack/libraries/rzansel-power9.ucx/var/spack/stage/ucx-1.4.0-pmw5svnyj7wdmd6bg3ficxqmtyirx4rk/ucx-1.4.0.tar.gz
==> Created stage in /usr/WS1/topa1/repos/spack/libraries/rzansel-power9.ucx/var/spack/stage/ucx-1.4.0-pmw5svnyj7wdmd6bg3ficxqmtyirx4rk
==> No patches needed for ucx
==> Building ucx [AutotoolsPackage]
==> Executing phase: 'autoreconf'
==> Executing phase: 'configure'
==> Executing phase: 'build'
==> Executing phase: 'install'
==> Successfully installed ucx
  Fetch: 0.01s.  Build: 1m 1.26s.  Total: 1m 1.27s.
[+] /usr/WS1/topa1/repos/spack/libraries/rzansel-power9.ucx/opt/spack/linux-rhel7-ppc64le/gcc-4.9.3/ucx-1.4.0-pmw5svnyj7wdmd6bg3ficxqmtyirx4rk

spack install ucx @ 1.4.0 % gcc@4.8.5  arch=linux-rhel7-ppc64le

spack install ucx @ 1.4.0 % pgi@19.1  arch=linux-rhel7-ppc64le

spack install ucx @ 1.4.0 % pgi@18.10  arch=linux-rhel7-ppc64le
==> numactl@2.0.12 : externally installed in /usr
==> numactl@2.0.12 : already registered in DB
==> cmake@3.14.2 : has external module in cmake/3.12.1
==> cmake@3.14.2 : is actually installed in /usr/tce/packages/cmake/cmake-3.12.1
==> cmake@3.14.2 : already registered in DB
==> bison@3.0.5 : externally installed in /usr
==> bison@3.0.5 : already registered in DB
==> flex@2.6.4 : externally installed in /usr
==> flex@2.6.4 : already registered in DB
==> m4@1.4.18 : externally installed in /usr
==> m4@1.4.18 : already registered in DB
==> Installing libnl
==> Searching for binary cache of libnl
==> Finding buildcaches in /usr/workspace/wsrzc/topa1/spack-home/mirror/build_cache
==> No binary for libnl found: installing from source
==> Using cached archive: /usr/WS1/topa1/repos/spack/libraries/rzansel-power9.ucx/var/spack/cache/libnl/libnl-3.3.0.tar.gz
==> Staging archive: /usr/WS1/topa1/repos/spack/libraries/rzansel-power9.ucx/var/spack/stage/libnl-3.3.0-seumjlyl7tzxgiayjrtfu6xybrddylhe/libnl-3.3.0.tar.gz
==> Created stage in /usr/WS1/topa1/repos/spack/libraries/rzansel-power9.ucx/var/spack/stage/libnl-3.3.0-seumjlyl7tzxgiayjrtfu6xybrddylhe
==> No patches needed for libnl
==> Building libnl [AutotoolsPackage]
==> Executing phase: 'autoreconf'
==> Executing phase: 'configure'
==> Executing phase: 'build'

spack install ucx @ 1.4.0 % pgi@17.10  arch=linux-rhel7-ppc64le
==> numactl@2.0.12 : externally installed in /usr
==> numactl@2.0.12 : already registered in DB
==> cmake@3.14.2 : has external module in cmake/3.12.1
==> cmake@3.14.2 : is actually installed in /usr/tce/packages/cmake/cmake-3.12.1
==> cmake@3.14.2 : already registered in DB
==> bison@3.0.5 : externally installed in /usr
==> bison@3.0.5 : already registered in DB
==> flex@2.6.4 : externally installed in /usr
==> flex@2.6.4 : already registered in DB
==> m4@1.4.18 : externally installed in /usr
==> m4@1.4.18 : already registered in DB
==> Installing libnl
==> Searching for binary cache of libnl
==> Finding buildcaches in /usr/workspace/wsrzc/topa1/spack-home/mirror/build_cache
==> No binary for libnl found: installing from source
==> Using cached archive: /usr/WS1/topa1/repos/spack/libraries/rzansel-power9.ucx/var/spack/cache/libnl/libnl-3.3.0.tar.gz
==> Staging archive: /usr/WS1/topa1/repos/spack/libraries/rzansel-power9.ucx/var/spack/stage/libnl-3.3.0-hmgfkbpe2ol4crkpukl2vf67dzrb5gpp/libnl-3.3.0.tar.gz
==> Created stage in /usr/WS1/topa1/repos/spack/libraries/rzansel-power9.ucx/var/spack/stage/libnl-3.3.0-hmgfkbpe2ol4crkpukl2vf67dzrb5gpp
==> No patches needed for libnl
==> Building libnl [AutotoolsPackage]
==> Executing phase: 'autoreconf'
==> Executing phase: 'configure'
==> Executing phase: 'build'

spack install ucx @ 1.4.0 % xl@16.1.2  arch=linux-rhel7-ppc64le

spack install ucx @ 1.4.0 % xl@16.1.1  arch=linux-rhel7-ppc64le

spack install ucx @ 1.4.0 % xl@16.1.0  arch=linux-rhel7-ppc64le

spack install ucx @ 1.3.1 % clang@7.0.0  arch=linux-rhel7-ppc64le

spack install ucx @ 1.3.1 % gcc@7.3.1  arch=linux-rhel7-ppc64le

spack install ucx @ 1.3.1 % gcc@4.9.3  arch=linux-rhel7-ppc64le
