Thu Apr 25 09:28:14 MDT 2019


spack install ucx @ 1.5.0 % gcc@8.2.0  arch=linux-rhel7-x86_64

spack install ucx @ 1.5.0 % gcc@7.4.0  arch=linux-rhel7-x86_64

spack install ucx @ 1.5.0 % gcc@6.4.0  arch=linux-rhel7-x86_64

spack install ucx @ 1.5.0 % gcc@5.3.0  arch=linux-rhel7-x86_64

spack install ucx @ 1.5.0 % intel@19.0.1.144  arch=linux-rhel7-x86_64

spack install ucx @ 1.5.0 % intel@18.0.5  arch=linux-rhel7-x86_64

spack install ucx @ 1.5.0 % intel@17.0.4  arch=linux-rhel7-x86_64

spack install ucx @ 1.5.0 % intel@16.0.3  arch=linux-rhel7-x86_64

spack install ucx @ 1.5.0 % pgi@18.10  arch=linux-rhel7-x86_64

spack install ucx @ 1.5.0 % pgi@17.10  arch=linux-rhel7-x86_64

spack install ucx @ 1.5.0 % pgi@16.10  arch=linux-rhel7-x86_64

spack install ucx @ 1.4.0 % gcc@8.2.0  arch=linux-rhel7-x86_64

spack install ucx @ 1.4.0 % gcc@7.4.0  arch=linux-rhel7-x86_64

spack install ucx @ 1.4.0 % gcc@6.4.0  arch=linux-rhel7-x86_64

spack install ucx @ 1.4.0 % gcc@5.3.0  arch=linux-rhel7-x86_64

spack install ucx @ 1.4.0 % intel@19.0.1.144  arch=linux-rhel7-x86_64

spack install ucx @ 1.4.0 % intel@18.0.5  arch=linux-rhel7-x86_64

spack install ucx @ 1.4.0 % intel@17.0.4  arch=linux-rhel7-x86_64

spack install ucx @ 1.4.0 % intel@16.0.3  arch=linux-rhel7-x86_64

spack install ucx @ 1.4.0 % pgi@18.10  arch=linux-rhel7-x86_64

spack install ucx @ 1.4.0 % pgi@17.10  arch=linux-rhel7-x86_64

spack install ucx @ 1.4.0 % pgi@16.10  arch=linux-rhel7-x86_64

spack install ucx @ 1.3.1 % gcc@8.2.0  arch=linux-rhel7-x86_64

spack install ucx @ 1.3.1 % gcc@7.4.0  arch=linux-rhel7-x86_64

spack install ucx @ 1.3.1 % gcc@6.4.0  arch=linux-rhel7-x86_64

spack install ucx @ 1.3.1 % gcc@5.3.0  arch=linux-rhel7-x86_64

spack install ucx @ 1.3.1 % intel@19.0.1.144  arch=linux-rhel7-x86_64

spack install ucx @ 1.3.1 % intel@18.0.5  arch=linux-rhel7-x86_64

spack install ucx @ 1.3.1 % intel@17.0.4  arch=linux-rhel7-x86_64

spack install ucx @ 1.3.1 % intel@16.0.3  arch=linux-rhel7-x86_64

spack install ucx @ 1.3.1 % pgi@18.10  arch=linux-rhel7-x86_64

spack install ucx @ 1.3.1 % pgi@17.10  arch=linux-rhel7-x86_64

spack install ucx @ 1.3.1 % pgi@16.10  arch=linux-rhel7-x86_64

spack install ucx @ 1.2.2 % gcc@8.2.0  arch=linux-rhel7-x86_64

spack install ucx @ 1.2.2 % gcc@7.4.0  arch=linux-rhel7-x86_64

spack install ucx @ 1.2.2 % gcc@6.4.0  arch=linux-rhel7-x86_64

spack install ucx @ 1.2.2 % gcc@5.3.0  arch=linux-rhel7-x86_64

spack install ucx @ 1.2.2 % intel@19.0.1.144  arch=linux-rhel7-x86_64

spack install ucx @ 1.2.2 % intel@18.0.5  arch=linux-rhel7-x86_64

spack install ucx @ 1.2.2 % intel@17.0.4  arch=linux-rhel7-x86_64

spack install ucx @ 1.2.2 % intel@16.0.3  arch=linux-rhel7-x86_64

spack install ucx @ 1.2.2 % pgi@18.10  arch=linux-rhel7-x86_64

spack install ucx @ 1.2.2 % pgi@17.10  arch=linux-rhel7-x86_64

spack install ucx @ 1.2.2 % pgi@16.10  arch=linux-rhel7-x86_64
