Wed Apr 24 20:54:25 MDT 2019


spack install pmix @ 3.1.2 % cce@8.7.9  arch=cray-cnl6-haswell

spack install pmix @ 3.1.2 % cce@8.7.8  arch=cray-cnl6-haswell
==> libtool@2.4.6 : externally installed in /usr
==> libtool@2.4.6 : already registered in DB
==> pkg-config@0.29.2 : externally installed in /usr
==> pkg-config@0.29.2 : already registered in DB
==> util-macros is already installed in /lustre/ttscratch1/dantopa/spack/libraries/trinitite-standard.pmix/opt/spack/cray-cnl6-haswell/cce-8.7.8/util-macros-1.19.1-fp5alpo7zzgk3bntf2tmk73fbjatp2ve
==> Installing libpciaccess
==> Searching for binary cache of libpciaccess
==> Finding buildcaches in /usr/projects/draco/vendors/spack.mirror/build_cache
==> No binary for libpciaccess found: installing from source
==> Fetching file:///usr/projects/draco/vendors/spack.mirror/libpciaccess/libpciaccess-0.13.5.tar.gz
==> Staging archive: /lustre/ttscratch1/dantopa/spack/libraries/trinitite-standard.pmix/var/spack/stage/libpciaccess-0.13.5-kvtpv6d5nqzxdxqh3uioxmnkmftzfhx6/libpciaccess-0.13.5.tar.gz
==> Created stage in /lustre/ttscratch1/dantopa/spack/libraries/trinitite-standard.pmix/var/spack/stage/libpciaccess-0.13.5-kvtpv6d5nqzxdxqh3uioxmnkmftzfhx6
==> No patches needed for libpciaccess
==> Building libpciaccess [AutotoolsPackage]
==> Executing phase: 'autoreconf'
==> Executing phase: 'configure'
==> Executing phase: 'build'

spack install pmix @ 3.1.2 % gcc@8.2.0  arch=cray-cnl6-haswell
==> libtool@2.4.6 : externally installed in /usr
==> libtool@2.4.6 : already registered in DB
==> pkg-config@0.29.2 : externally installed in /usr
==> pkg-config@0.29.2 : already registered in DB
==> util-macros is already installed in /lustre/ttscratch1/dantopa/spack/libraries/trinitite-standard.pmix/opt/spack/cray-cnl6-haswell/gcc-8.2.0/util-macros-1.19.1-ahcdsq3oio2hi4q6ro3ct4oqe7lll4gd
==> libpciaccess is already installed in /lustre/ttscratch1/dantopa/spack/libraries/trinitite-standard.pmix/opt/spack/cray-cnl6-haswell/gcc-8.2.0/libpciaccess-0.13.5-ahkgt2wf2yngccos2nm3ceojm3pbw55l
==> libxml2@2.9.8 : externally installed in /usr
==> libxml2@2.9.8 : already registered in DB
==> Installing hwloc
==> Searching for binary cache of hwloc
==> Finding buildcaches in /usr/projects/draco/vendors/spack.mirror/build_cache
==> No binary for hwloc found: installing from source
==> Fetching file:///usr/projects/draco/vendors/spack.mirror/hwloc/hwloc-2.0.2.tar.gz
==> Staging archive: /lustre/ttscratch1/dantopa/spack/libraries/trinitite-standard.pmix/var/spack/stage/hwloc-2.0.2-e5adoxrsaf2hb3r5l34hqglexwxonaf6/hwloc-2.0.2.tar.gz
==> Created stage in /lustre/ttscratch1/dantopa/spack/libraries/trinitite-standard.pmix/var/spack/stage/hwloc-2.0.2-e5adoxrsaf2hb3r5l34hqglexwxonaf6
==> No patches needed for hwloc
==> Building hwloc [AutotoolsPackage]
==> Executing phase: 'autoreconf'
==> Executing phase: 'configure'
==> Executing phase: 'build'

spack install pmix @ 3.1.2 % gcc@7.3.0  arch=cray-cnl6-haswell
==> libtool@2.4.6 : externally installed in /usr
==> libtool@2.4.6 : already registered in DB
==> pkg-config@0.29.2 : externally installed in /usr
==> pkg-config@0.29.2 : already registered in DB
==> util-macros is already installed in /lustre/ttscratch1/dantopa/spack/libraries/trinitite-standard.pmix/opt/spack/cray-cnl6-haswell/gcc-7.3.0/util-macros-1.19.1-6r36scuufoz5oacgadueytqdwa3zepde
==> libpciaccess is already installed in /lustre/ttscratch1/dantopa/spack/libraries/trinitite-standard.pmix/opt/spack/cray-cnl6-haswell/gcc-7.3.0/libpciaccess-0.13.5-h2ms6q3ptry7ttyluesbvwqqyhfjqi2w
==> libxml2@2.9.8 : externally installed in /usr
==> libxml2@2.9.8 : already registered in DB
==> Installing hwloc
==> Searching for binary cache of hwloc
==> Finding buildcaches in /usr/projects/draco/vendors/spack.mirror/build_cache
==> No binary for hwloc found: installing from source
==> Using cached archive: /lustre/ttscratch1/dantopa/spack/libraries/trinitite-standard.pmix/var/spack/cache/hwloc/hwloc-2.0.2.tar.gz
==> Staging archive: /lustre/ttscratch1/dantopa/spack/libraries/trinitite-standard.pmix/var/spack/stage/hwloc-2.0.2-nlvylts6t564nekxvdttpyraivcemhry/hwloc-2.0.2.tar.gz
==> Created stage in /lustre/ttscratch1/dantopa/spack/libraries/trinitite-standard.pmix/var/spack/stage/hwloc-2.0.2-nlvylts6t564nekxvdttpyraivcemhry
==> No patches needed for hwloc
==> Building hwloc [AutotoolsPackage]
==> Executing phase: 'autoreconf'
==> Executing phase: 'configure'
==> Executing phase: 'build'

spack install pmix @ 3.1.2 % gcc@6.3.0  arch=cray-cnl6-haswell
==> libtool@2.4.6 : externally installed in /usr
==> libtool@2.4.6 : already registered in DB
==> pkg-config@0.29.2 : externally installed in /usr
==> pkg-config@0.29.2 : already registered in DB
==> util-macros is already installed in /lustre/ttscratch1/dantopa/spack/libraries/trinitite-standard.pmix/opt/spack/cray-cnl6-haswell/gcc-6.3.0/util-macros-1.19.1-lb5vwbskpyp2iauuv34rolobxqyl5ysg
==> Installing libpciaccess
==> Searching for binary cache of libpciaccess
==> Finding buildcaches in /usr/projects/draco/vendors/spack.mirror/build_cache
==> No binary for libpciaccess found: installing from source
==> Using cached archive: /lustre/ttscratch1/dantopa/spack/libraries/trinitite-standard.pmix/var/spack/cache/libpciaccess/libpciaccess-0.13.5.tar.gz
==> Staging archive: /lustre/ttscratch1/dantopa/spack/libraries/trinitite-standard.pmix/var/spack/stage/libpciaccess-0.13.5-upvrvvm3axk2d2zhjvsyokb6xc6odss4/libpciaccess-0.13.5.tar.gz
==> Created stage in /lustre/ttscratch1/dantopa/spack/libraries/trinitite-standard.pmix/var/spack/stage/libpciaccess-0.13.5-upvrvvm3axk2d2zhjvsyokb6xc6odss4
==> No patches needed for libpciaccess
==> Building libpciaccess [AutotoolsPackage]
==> Executing phase: 'autoreconf'
==> Executing phase: 'configure'

spack install pmix @ 3.1.2 % intel@19.0.1  arch=cray-cnl6-haswell
==> libtool@2.4.6 : externally installed in /usr
==> libtool@2.4.6 : generating module file

spack install pmix @ 3.1.2 % intel@18.0.5  arch=cray-cnl6-haswell
==> libtool@2.4.6 : externally installed in /usr
==> libtool@2.4.6 : already registered in DB
==> pkg-config@0.29.2 : externally installed in /usr
==> pkg-config@0.29.2 : already registered in DB
==> util-macros is already installed in /lustre/ttscratch1/dantopa/spack/libraries/trinitite-standard.pmix/opt/spack/cray-cnl6-haswell/intel-18.0.5/util-macros-1.19.1-f6bltffychcvqwew6k5rkj3cht7cff55
==> libpciaccess is already installed in /lustre/ttscratch1/dantopa/spack/libraries/trinitite-standard.pmix/opt/spack/cray-cnl6-haswell/intel-18.0.5/libpciaccess-0.13.5-sil2bz2z7442q5uttmf4yu2lsxs5tilx
==> libxml2@2.9.8 : externally installed in /usr
==> libxml2@2.9.8 : already registered in DB
==> Installing hwloc
==> Searching for binary cache of hwloc
==> Finding buildcaches in /usr/projects/draco/vendors/spack.mirror/build_cache
==> No binary for hwloc found: installing from source
==> Using cached archive: /lustre/ttscratch1/dantopa/spack/libraries/trinitite-standard.pmix/var/spack/cache/hwloc/hwloc-2.0.2.tar.gz
==> Staging archive: /lustre/ttscratch1/dantopa/spack/libraries/trinitite-standard.pmix/var/spack/stage/hwloc-2.0.2-kqzvskcxsdtvqipxzrxuscxnnsvj3ycu/hwloc-2.0.2.tar.gz
==> Created stage in /lustre/ttscratch1/dantopa/spack/libraries/trinitite-standard.pmix/var/spack/stage/hwloc-2.0.2-kqzvskcxsdtvqipxzrxuscxnnsvj3ycu
==> No patches needed for hwloc
==> Building hwloc [AutotoolsPackage]
==> Executing phase: 'autoreconf'
==> Executing phase: 'configure'
==> Executing phase: 'build'

spack install pmix @ 3.0.2 % cce@8.7.9  arch=cray-cnl6-haswell
==> libtool@2.4.6 : externally installed in /usr
==> libtool@2.4.6 : already registered in DB
==> pkg-config@0.29.2 : externally installed in /usr
==> pkg-config@0.29.2 : already registered in DB
==> util-macros is already installed in /lustre/ttscratch1/dantopa/spack/libraries/trinitite-standard.pmix/opt/spack/cray-cnl6-haswell/cce-8.7.9/util-macros-1.19.1-dcqjyrkat5plbxxta6ewr5e6yvdel2yf
==> Installing libpciaccess
==> Searching for binary cache of libpciaccess
==> Finding buildcaches in /usr/projects/draco/vendors/spack.mirror/build_cache
==> No binary for libpciaccess found: installing from source
==> Using cached archive: /lustre/ttscratch1/dantopa/spack/libraries/trinitite-standard.pmix/var/spack/cache/libpciaccess/libpciaccess-0.13.5.tar.gz
==> Staging archive: /lustre/ttscratch1/dantopa/spack/libraries/trinitite-standard.pmix/var/spack/stage/libpciaccess-0.13.5-euyrnaoulwxf2vi44xod7l46oo7zwy5g/libpciaccess-0.13.5.tar.gz
==> Created stage in /lustre/ttscratch1/dantopa/spack/libraries/trinitite-standard.pmix/var/spack/stage/libpciaccess-0.13.5-euyrnaoulwxf2vi44xod7l46oo7zwy5g
==> No patches needed for libpciaccess
==> Building libpciaccess [AutotoolsPackage]
==> Executing phase: 'autoreconf'
==> Executing phase: 'configure'
==> Executing phase: 'build'

spack install pmix @ 3.0.2 % cce@8.7.8  arch=cray-cnl6-haswell
==> libtool@2.4.6 : externally installed in /usr
==> libtool@2.4.6 : already registered in DB
==> pkg-config@0.29.2 : externally installed in /usr
==> pkg-config@0.29.2 : already registered in DB
==> util-macros is already installed in /lustre/ttscratch1/dantopa/spack/libraries/trinitite-standard.pmix/opt/spack/cray-cnl6-haswell/cce-8.7.8/util-macros-1.19.1-fp5alpo7zzgk3bntf2tmk73fbjatp2ve
==> Installing libpciaccess
==> Searching for binary cache of libpciaccess
==> Finding buildcaches in /usr/projects/draco/vendors/spack.mirror/build_cache
==> No binary for libpciaccess found: installing from source
==> Using cached archive: /lustre/ttscratch1/dantopa/spack/libraries/trinitite-standard.pmix/var/spack/cache/libpciaccess/libpciaccess-0.13.5.tar.gz
==> Staging archive: /lustre/ttscratch1/dantopa/spack/libraries/trinitite-standard.pmix/var/spack/stage/libpciaccess-0.13.5-kvtpv6d5nqzxdxqh3uioxmnkmftzfhx6/libpciaccess-0.13.5.tar.gz
==> Created stage in /lustre/ttscratch1/dantopa/spack/libraries/trinitite-standard.pmix/var/spack/stage/libpciaccess-0.13.5-kvtpv6d5nqzxdxqh3uioxmnkmftzfhx6
==> No patches needed for libpciaccess
==> Building libpciaccess [AutotoolsPackage]
==> Executing phase: 'autoreconf'
==> Executing phase: 'configure'
==> Executing phase: 'build'

spack install pmix @ 3.0.2 % gcc@8.2.0  arch=cray-cnl6-haswell
==> libtool@2.4.6 : externally installed in /usr
==> libtool@2.4.6 : already registered in DB
==> pkg-config@0.29.2 : externally installed in /usr
==> pkg-config@0.29.2 : already registered in DB
==> util-macros is already installed in /lustre/ttscratch1/dantopa/spack/libraries/trinitite-standard.pmix/opt/spack/cray-cnl6-haswell/gcc-8.2.0/util-macros-1.19.1-ahcdsq3oio2hi4q6ro3ct4oqe7lll4gd
==> libpciaccess is already installed in /lustre/ttscratch1/dantopa/spack/libraries/trinitite-standard.pmix/opt/spack/cray-cnl6-haswell/gcc-8.2.0/libpciaccess-0.13.5-ahkgt2wf2yngccos2nm3ceojm3pbw55l
==> libxml2@2.9.8 : externally installed in /usr
==> libxml2@2.9.8 : already registered in DB
==> Installing hwloc
==> Searching for binary cache of hwloc
==> Finding buildcaches in /usr/projects/draco/vendors/spack.mirror/build_cache
==> No binary for hwloc found: installing from source
==> Using cached archive: /lustre/ttscratch1/dantopa/spack/libraries/trinitite-standard.pmix/var/spack/cache/hwloc/hwloc-2.0.2.tar.gz
==> Staging archive: /lustre/ttscratch1/dantopa/spack/libraries/trinitite-standard.pmix/var/spack/stage/hwloc-2.0.2-e5adoxrsaf2hb3r5l34hqglexwxonaf6/hwloc-2.0.2.tar.gz
==> Created stage in /lustre/ttscratch1/dantopa/spack/libraries/trinitite-standard.pmix/var/spack/stage/hwloc-2.0.2-e5adoxrsaf2hb3r5l34hqglexwxonaf6
==> No patches needed for hwloc
==> Building hwloc [AutotoolsPackage]
==> Executing phase: 'autoreconf'
==> Executing phase: 'configure'
==> Executing phase: 'build'

spack install pmix @ 3.0.2 % gcc@7.3.0  arch=cray-cnl6-haswell
==> libtool@2.4.6 : externally installed in /usr
==> libtool@2.4.6 : already registered in DB
==> pkg-config@0.29.2 : externally installed in /usr
==> pkg-config@0.29.2 : already registered in DB
==> util-macros is already installed in /lustre/ttscratch1/dantopa/spack/libraries/trinitite-standard.pmix/opt/spack/cray-cnl6-haswell/gcc-7.3.0/util-macros-1.19.1-6r36scuufoz5oacgadueytqdwa3zepde
==> libpciaccess is already installed in /lustre/ttscratch1/dantopa/spack/libraries/trinitite-standard.pmix/opt/spack/cray-cnl6-haswell/gcc-7.3.0/libpciaccess-0.13.5-h2ms6q3ptry7ttyluesbvwqqyhfjqi2w
==> libxml2@2.9.8 : externally installed in /usr
==> libxml2@2.9.8 : already registered in DB
==> Installing hwloc
==> Searching for binary cache of hwloc
==> Finding buildcaches in /usr/projects/draco/vendors/spack.mirror/build_cache
==> No binary for hwloc found: installing from source
==> Using cached archive: /lustre/ttscratch1/dantopa/spack/libraries/trinitite-standard.pmix/var/spack/cache/hwloc/hwloc-2.0.2.tar.gz
==> Staging archive: /lustre/ttscratch1/dantopa/spack/libraries/trinitite-standard.pmix/var/spack/stage/hwloc-2.0.2-nlvylts6t564nekxvdttpyraivcemhry/hwloc-2.0.2.tar.gz
==> Created stage in /lustre/ttscratch1/dantopa/spack/libraries/trinitite-standard.pmix/var/spack/stage/hwloc-2.0.2-nlvylts6t564nekxvdttpyraivcemhry
==> No patches needed for hwloc
==> Building hwloc [AutotoolsPackage]
==> Executing phase: 'autoreconf'
==> Executing phase: 'configure'
==> Executing phase: 'build'

spack install pmix @ 3.0.2 % gcc@6.3.0  arch=cray-cnl6-haswell
==> libtool@2.4.6 : externally installed in /usr
==> libtool@2.4.6 : already registered in DB
==> pkg-config@0.29.2 : externally installed in /usr
==> pkg-config@0.29.2 : already registered in DB
==> util-macros is already installed in /lustre/ttscratch1/dantopa/spack/libraries/trinitite-standard.pmix/opt/spack/cray-cnl6-haswell/gcc-6.3.0/util-macros-1.19.1-lb5vwbskpyp2iauuv34rolobxqyl5ysg
==> Installing libpciaccess
==> Searching for binary cache of libpciaccess
==> Finding buildcaches in /usr/projects/draco/vendors/spack.mirror/build_cache
==> No binary for libpciaccess found: installing from source
==> Using cached archive: /lustre/ttscratch1/dantopa/spack/libraries/trinitite-standard.pmix/var/spack/cache/libpciaccess/libpciaccess-0.13.5.tar.gz
==> Staging archive: /lustre/ttscratch1/dantopa/spack/libraries/trinitite-standard.pmix/var/spack/stage/libpciaccess-0.13.5-upvrvvm3axk2d2zhjvsyokb6xc6odss4/libpciaccess-0.13.5.tar.gz
==> Created stage in /lustre/ttscratch1/dantopa/spack/libraries/trinitite-standard.pmix/var/spack/stage/libpciaccess-0.13.5-upvrvvm3axk2d2zhjvsyokb6xc6odss4
==> No patches needed for libpciaccess
==> Building libpciaccess [AutotoolsPackage]
==> Executing phase: 'autoreconf'
==> Executing phase: 'configure'

spack install pmix @ 3.0.2 % intel@19.0.1  arch=cray-cnl6-haswell

spack install pmix @ 3.0.2 % intel@18.0.5  arch=cray-cnl6-haswell
==> libtool@2.4.6 : externally installed in /usr
==> libtool@2.4.6 : already registered in DB
==> pkg-config@0.29.2 : externally installed in /usr
==> pkg-config@0.29.2 : already registered in DB
==> util-macros is already installed in /lustre/ttscratch1/dantopa/spack/libraries/trinitite-standard.pmix/opt/spack/cray-cnl6-haswell/intel-18.0.5/util-macros-1.19.1-f6bltffychcvqwew6k5rkj3cht7cff55
==> libpciaccess is already installed in /lustre/ttscratch1/dantopa/spack/libraries/trinitite-standard.pmix/opt/spack/cray-cnl6-haswell/intel-18.0.5/libpciaccess-0.13.5-sil2bz2z7442q5uttmf4yu2lsxs5tilx
==> libxml2@2.9.8 : externally installed in /usr
==> libxml2@2.9.8 : already registered in DB
==> Installing hwloc
==> Searching for binary cache of hwloc
==> Finding buildcaches in /usr/projects/draco/vendors/spack.mirror/build_cache
==> No binary for hwloc found: installing from source
==> Using cached archive: /lustre/ttscratch1/dantopa/spack/libraries/trinitite-standard.pmix/var/spack/cache/hwloc/hwloc-2.0.2.tar.gz
==> Staging archive: /lustre/ttscratch1/dantopa/spack/libraries/trinitite-standard.pmix/var/spack/stage/hwloc-2.0.2-kqzvskcxsdtvqipxzrxuscxnnsvj3ycu/hwloc-2.0.2.tar.gz
==> Created stage in /lustre/ttscratch1/dantopa/spack/libraries/trinitite-standard.pmix/var/spack/stage/hwloc-2.0.2-kqzvskcxsdtvqipxzrxuscxnnsvj3ycu
==> No patches needed for hwloc
==> Building hwloc [AutotoolsPackage]
==> Executing phase: 'autoreconf'
==> Executing phase: 'configure'
==> Executing phase: 'build'

spack install pmix @ 2.2.2 % cce@8.7.9  arch=cray-cnl6-haswell
==> openssl@1.1.1b : externally installed in /usr
==> openssl@1.1.1b : already registered in DB
==> Installing libevent
==> Searching for binary cache of libevent
==> Finding buildcaches in /usr/projects/draco/vendors/spack.mirror/build_cache
==> No binary for libevent found: installing from source
==> Fetching file:///usr/projects/draco/vendors/spack.mirror/libevent/libevent-2.1.8.tar.gz
==> Staging archive: /lustre/ttscratch1/dantopa/spack/libraries/trinitite-standard.pmix/var/spack/stage/libevent-2.1.8-reuykx4zvc4ysexguy3yjtjud3pah5ye/libevent-2.1.8-stable.tar.gz
==> Created stage in /lustre/ttscratch1/dantopa/spack/libraries/trinitite-standard.pmix/var/spack/stage/libevent-2.1.8-reuykx4zvc4ysexguy3yjtjud3pah5ye
==> No patches needed for libevent
==> Building libevent [AutotoolsPackage]
==> Executing phase: 'autoreconf'
==> Executing phase: 'configure'
==> Executing phase: 'build'

spack install pmix @ 2.2.2 % cce@8.7.8  arch=cray-cnl6-haswell
==> openssl@1.1.1b : externally installed in /usr
==> openssl@1.1.1b : already registered in DB
==> Installing libevent
==> Searching for binary cache of libevent
==> Finding buildcaches in /usr/projects/draco/vendors/spack.mirror/build_cache
==> No binary for libevent found: installing from source
==> Using cached archive: /lustre/ttscratch1/dantopa/spack/libraries/trinitite-standard.pmix/var/spack/cache/libevent/libevent-2.1.8.tar.gz
==> Staging archive: /lustre/ttscratch1/dantopa/spack/libraries/trinitite-standard.pmix/var/spack/stage/libevent-2.1.8-hxprd7x4ycbevu76bevke4yldq6hnl4o/libevent-2.1.8-stable.tar.gz
==> Created stage in /lustre/ttscratch1/dantopa/spack/libraries/trinitite-standard.pmix/var/spack/stage/libevent-2.1.8-hxprd7x4ycbevu76bevke4yldq6hnl4o
==> No patches needed for libevent
==> Building libevent [AutotoolsPackage]
==> Executing phase: 'autoreconf'
==> Executing phase: 'configure'
==> Executing phase: 'build'

spack install pmix @ 2.2.2 % gcc@8.2.0  arch=cray-cnl6-haswell
==> pmix is already installed in /lustre/ttscratch1/dantopa/spack/libraries/trinitite-standard.pmix/opt/spack/cray-cnl6-haswell/gcc-8.2.0/pmix-2.2.2-4uvj63g3xmkzfekpm2e5777zwrpttufe

spack install pmix @ 2.2.2 % gcc@7.3.0  arch=cray-cnl6-haswell
==> pmix is already installed in /lustre/ttscratch1/dantopa/spack/libraries/trinitite-standard.pmix/opt/spack/cray-cnl6-haswell/gcc-7.3.0/pmix-2.2.2-zhs5ipx2imey7xhrughv2hgmah2tgmvx

spack install pmix @ 2.2.2 % gcc@6.3.0  arch=cray-cnl6-haswell
==> openssl@1.1.1b : externally installed in /usr
==> openssl@1.1.1b : already registered in DB
==> Installing libevent
==> Searching for binary cache of libevent
==> Finding buildcaches in /usr/projects/draco/vendors/spack.mirror/build_cache
==> No binary for libevent found: installing from source
==> Using cached archive: /lustre/ttscratch1/dantopa/spack/libraries/trinitite-standard.pmix/var/spack/cache/libevent/libevent-2.1.8.tar.gz
==> Staging archive: /lustre/ttscratch1/dantopa/spack/libraries/trinitite-standard.pmix/var/spack/stage/libevent-2.1.8-lterkh2ho2ypjx5qhxnfvaso5uwyfcel/libevent-2.1.8-stable.tar.gz
==> Created stage in /lustre/ttscratch1/dantopa/spack/libraries/trinitite-standard.pmix/var/spack/stage/libevent-2.1.8-lterkh2ho2ypjx5qhxnfvaso5uwyfcel
==> No patches needed for libevent
==> Building libevent [AutotoolsPackage]
==> Executing phase: 'autoreconf'
==> Executing phase: 'configure'

spack install pmix @ 2.2.2 % intel@19.0.1  arch=cray-cnl6-haswell
==> openssl@1.1.1b : externally installed in /usr
==> openssl@1.1.1b : generating module file

spack install pmix @ 2.2.2 % intel@18.0.5  arch=cray-cnl6-haswell
==> pmix is already installed in /lustre/ttscratch1/dantopa/spack/libraries/trinitite-standard.pmix/opt/spack/cray-cnl6-haswell/intel-18.0.5/pmix-2.2.2-iyqy5a6uiqdf7h26nrtjaffd2x6ry5lr

spack install pmix @ 2.1.4 % cce@8.7.9  arch=cray-cnl6-haswell
==> openssl@1.1.1b : externally installed in /usr
==> openssl@1.1.1b : already registered in DB
==> Installing libevent
==> Searching for binary cache of libevent
==> Finding buildcaches in /usr/projects/draco/vendors/spack.mirror/build_cache
==> No binary for libevent found: installing from source
==> Using cached archive: /lustre/ttscratch1/dantopa/spack/libraries/trinitite-standard.pmix/var/spack/cache/libevent/libevent-2.1.8.tar.gz
==> Staging archive: /lustre/ttscratch1/dantopa/spack/libraries/trinitite-standard.pmix/var/spack/stage/libevent-2.1.8-reuykx4zvc4ysexguy3yjtjud3pah5ye/libevent-2.1.8-stable.tar.gz
==> Created stage in /lustre/ttscratch1/dantopa/spack/libraries/trinitite-standard.pmix/var/spack/stage/libevent-2.1.8-reuykx4zvc4ysexguy3yjtjud3pah5ye
==> No patches needed for libevent
==> Building libevent [AutotoolsPackage]
==> Executing phase: 'autoreconf'
==> Executing phase: 'configure'
==> Executing phase: 'build'

spack install pmix @ 2.1.4 % cce@8.7.8  arch=cray-cnl6-haswell
==> openssl@1.1.1b : externally installed in /usr
==> openssl@1.1.1b : already registered in DB
==> Installing libevent
==> Searching for binary cache of libevent
==> Finding buildcaches in /usr/projects/draco/vendors/spack.mirror/build_cache
==> No binary for libevent found: installing from source
==> Using cached archive: /lustre/ttscratch1/dantopa/spack/libraries/trinitite-standard.pmix/var/spack/cache/libevent/libevent-2.1.8.tar.gz
==> Staging archive: /lustre/ttscratch1/dantopa/spack/libraries/trinitite-standard.pmix/var/spack/stage/libevent-2.1.8-hxprd7x4ycbevu76bevke4yldq6hnl4o/libevent-2.1.8-stable.tar.gz
==> Created stage in /lustre/ttscratch1/dantopa/spack/libraries/trinitite-standard.pmix/var/spack/stage/libevent-2.1.8-hxprd7x4ycbevu76bevke4yldq6hnl4o
==> No patches needed for libevent
==> Building libevent [AutotoolsPackage]
==> Executing phase: 'autoreconf'
==> Executing phase: 'configure'
==> Executing phase: 'build'

spack install pmix @ 2.1.4 % gcc@8.2.0  arch=cray-cnl6-haswell
==> pmix is already installed in /lustre/ttscratch1/dantopa/spack/libraries/trinitite-standard.pmix/opt/spack/cray-cnl6-haswell/gcc-8.2.0/pmix-2.1.4-fwnojwtmykpnohsoyt74hbamhwagodbm

spack install pmix @ 2.1.4 % gcc@7.3.0  arch=cray-cnl6-haswell
==> pmix is already installed in /lustre/ttscratch1/dantopa/spack/libraries/trinitite-standard.pmix/opt/spack/cray-cnl6-haswell/gcc-7.3.0/pmix-2.1.4-ar24pft4nula6z4kgjblokhxpwctn7p6

spack install pmix @ 2.1.4 % gcc@6.3.0  arch=cray-cnl6-haswell
==> openssl@1.1.1b : externally installed in /usr
==> openssl@1.1.1b : already registered in DB
==> Installing libevent
==> Searching for binary cache of libevent
==> Finding buildcaches in /usr/projects/draco/vendors/spack.mirror/build_cache
==> No binary for libevent found: installing from source
==> Using cached archive: /lustre/ttscratch1/dantopa/spack/libraries/trinitite-standard.pmix/var/spack/cache/libevent/libevent-2.1.8.tar.gz
==> Staging archive: /lustre/ttscratch1/dantopa/spack/libraries/trinitite-standard.pmix/var/spack/stage/libevent-2.1.8-lterkh2ho2ypjx5qhxnfvaso5uwyfcel/libevent-2.1.8-stable.tar.gz
==> Created stage in /lustre/ttscratch1/dantopa/spack/libraries/trinitite-standard.pmix/var/spack/stage/libevent-2.1.8-lterkh2ho2ypjx5qhxnfvaso5uwyfcel
==> No patches needed for libevent
==> Building libevent [AutotoolsPackage]
==> Executing phase: 'autoreconf'
==> Executing phase: 'configure'

spack install pmix @ 2.1.4 % intel@19.0.1  arch=cray-cnl6-haswell
==> openssl@1.1.1b : externally installed in /usr
==> openssl@1.1.1b : generating module file

spack install pmix @ 2.1.4 % intel@18.0.5  arch=cray-cnl6-haswell
==> pmix is already installed in /lustre/ttscratch1/dantopa/spack/libraries/trinitite-standard.pmix/opt/spack/cray-cnl6-haswell/intel-18.0.5/pmix-2.1.4-cgnsluqycmxxg7j2sa57kjeb24fkkvnt
