dantopa@cn2021:strawman.pr.libhio $ cat arm-batch.out
Thu Feb 21 17:44:37 MST 2019 /home/dantopa/.mybash
Thu Feb 21 17:44:37 MST 2019, /scratch/users/dantopa/repos/gitlab/bash-scripts/core-scripts/platforms.sh
attempting to mkdir /scratch/users/dantopa/repos/gitlab/node-queries/darwin/arm-cn823/dir-configuration
directory of core scripts = ${core} = /scratch/users/dantopa/repos/gitlab/bash-scripts/core-scripts
Thu Feb 21 17:44:37 MST 2019, /scratch/users/dantopa/repos/gitlab/bash-scripts/core-scripts/master.sh
Thu Feb 21 17:44:37 MST 2019, /scratch/users/dantopa/repos/gitlab/bash-scripts/core-scripts/info.sh
Thu Feb 21 17:44:37 MST 2019, /scratch/users/dantopa/repos/gitlab/bash-scripts/core-scripts/info-proc.sh
Thu Feb 21 17:44:37 MST 2019, /scratch/users/dantopa/repos/gitlab/bash-scripts/core-scripts/slurm.sh
Thu Feb 21 17:44:37 MST 2019, /scratch/users/dantopa/repos/gitlab/bash-scripts/core-scripts/info-slurm.sh
Thu Feb 21 17:44:37 MST 2019, /scratch/users/dantopa/repos/gitlab/bash-scripts/core-scripts/gcc.sh
Thu Feb 21 17:44:37 MST 2019, /scratch/users/dantopa/repos/gitlab/bash-scripts/core-scripts/info-git.sh
/scratch/users/dantopa/repos/gitlab/bash-scripts/core-scripts/info-git.sh: line 5: gonode: command not found
Thu Feb 21 17:44:37 MST 2019, /scratch/users/dantopa/repos/gitlab/bash-scripts/core-scripts/git.sh
Thu Feb 21 17:44:37 MST 2019, /scratch/users/dantopa/repos/gitlab/bash-scripts/core-scripts/slurm.sh
Thu Feb 21 17:44:37 MST 2019, /scratch/users/dantopa/repos/gitlab/bash-scripts/core-scripts/ssh.sh
Thu Feb 21 17:44:37 MST 2019, /scratch/users/dantopa/repos/gitlab/bash-scripts/core-scripts/vim.sh
Thu Feb 21 17:44:37 MST 2019, /scratch/users/dantopa/repos/gitlab/bash-scripts/core-scripts/bash.sh
Thu Feb 21 17:44:37 MST 2019, /scratch/users/dantopa/repos/gitlab/bash-scripts/core-scripts/finds.sh
Thu Feb 21 17:44:37 MST 2019, /scratch/users/dantopa/repos/gitlab/bash-scripts/core-scripts/cmake.sh
Thu Feb 21 17:44:37 MST 2019, /scratch/users/dantopa/repos/gitlab/bash-scripts/core-scripts/copy-configuration.sh
Thu Feb 21 17:44:37 MST 2019, /scratch/users/dantopa/repos/gitlab/bash-scripts/core-scripts/fortran.sh
Thu Feb 21 17:44:37 MST 2019, /scratch/users/dantopa/repos/gitlab/bash-scripts/core-scripts/bookmarks.sh
Thu Feb 21 17:44:37 MST 2019, /scratch/users/dantopa/repos/gitlab/bash-scripts/core-scripts/bookmarks-bitbucket.sh
Thu Feb 21 17:44:37 MST 2019, /scratch/users/dantopa/repos/gitlab/bash-scripts/core-scripts/bookmarks-github.sh
Thu Feb 21 17:44:37 MST 2019, /scratch/users/dantopa/repos/gitlab/bash-scripts/core-scripts/bookmarks-gitlab.sh
Thu Feb 21 17:44:37 MST 2019, /scratch/users/dantopa/repos/gitlab/bash-scripts/core-scripts/disk.sh
Thu Feb 21 17:44:37 MST 2019, /scratch/users/dantopa/repos/gitlab/bash-scripts/core-scripts/info.sh
/scratch/users/dantopa/repos/gitlab/bash-scripts/core-scripts/info-slurm.sh: line 33: sinfo_s: command not found
Thu Feb 21 17:44:37 MST 2019, /scratch/users/dantopa/repos/gitlab/bash-scripts/core-scripts/info-proc.sh
Thu Feb 21 17:44:37 MST 2019, /scratch/users/dantopa/repos/gitlab/bash-scripts/core-scripts/slurm.sh
Thu Feb 21 17:44:38 MST 2019, /scratch/users/dantopa/repos/gitlab/bash-scripts/core-scripts/info-git.sh
Thu Feb 21 17:44:38 MST 2019, /scratch/users/dantopa/repos/gitlab/bash-scripts/core-scripts/info-slurm.sh
/scratch/users/dantopa/repos/gitlab/bash-scripts/core-scripts/info-git.sh: line 5: gonode: command not found
Thu Feb 21 17:44:38 MST 2019, /scratch/users/dantopa/repos/gitlab/bash-scripts/core-scripts/uname.sh
Thu Feb 21 17:44:38 MST 2019, /scratch/users/dantopa/repos/gitlab/bash-scripts/core-scripts/spack.sh
fatal: Unable to create '/scratch/users/dantopa/new-spack/strawman.pr.libhio/.git/index.lock': File exists.

If no other git process is currently running, this probably means a
git process crashed in this repository earlier. Make sure no other git
process is running and remove the file manually to continue.
Thu Feb 21 17:44:38 MST 2019, /scratch/users/dantopa/repos/gitlab/bash-scripts/core-scripts/modules.sh
Thu Feb 21 17:44:38 MST 2019, /scratch/users/dantopa/repos/gitlab/bash-scripts/core-scripts/slurm.sh
Thu Feb 21 17:44:38 MST 2019, /scratch/users/dantopa/repos/gitlab/bash-scripts/core-scripts/alias.sh
fatal: Unable to create '/scratch/users/dantopa/new-spack/strawman.pr.libhio/.git/index.lock': File exists.

If no other git process is currently running, this probably means a
git process crashed in this repository earlier. Make sure no other git
process is running and remove the file manually to continue.
Thu Feb 21 17:44:38 MST 2019, /scratch/users/dantopa/repos/gitlab/bash-scripts/core-scripts/environment.sh
/scratch/users/dantopa/repos/gitlab/bash-scripts/core-scripts/environment.sh: line 11: myprompt: command not found
/scratch/users/dantopa/repos/gitlab/bash-scripts/core-scripts/info-slurm.sh: line 33: sinfo_s: command not found
[develop aabc75f] darwin-arm-cn823 Thu Feb 21 17:44:38 MST 2019
 1 file changed, 35 insertions(+), 35 deletions(-)
/usr/bin/python: No module named virtualenvwrapper
virtualenvwrapper.sh: There was a problem running the initialization hooks.

If Python could not import the module virtualenvwrapper.hook_loader,
check that virtualenvwrapper has been installed for
VIRTUALENVWRAPPER_PYTHON=/usr/bin/python and that PATH is
set properly.
Thu Feb 21 17:44:41 MST 2019 /tmp/slurmd/job5020062/slurm_script
spack versions libhio
==> Warning: Spack will not check SSL certificates. You need to update your Python to enable certificate verification.
==> Warning: Spack will not check SSL certificates. You need to update your Python to enable certificate verification.
  1.4.1.3
  1.4.1.2
  1.4.1.1
  1.4.1.0
  1.4.1.0-rc3
  1.4.1.0-rc2
==> Removing all temporary build stages
==> Removing cached downloads
==> Removing cached information on repositories
==> Removing python cache files

spack install libhio @ 1.4.1.3 % gcc @ 4.8.5
==> libhio is already installed in /scratch/users/dantopa/new-spack/strawman.pr.libhio/opt/spack/linux-rhel7-aarch64/gcc-4.8.5/libhio-1.4.1.3-q6nnwiy6bi7ktnghdsngwamom23zpmgy
==> Removing all temporary build stages
==> Removing cached downloads
==> Removing cached information on repositories
==> Removing python cache files

spack install libhio @ 1.4.1.2 % gcc @ 4.8.5
==> libhio is already installed in /scratch/users/dantopa/new-spack/strawman.pr.libhio/opt/spack/linux-rhel7-aarch64/gcc-4.8.5/libhio-1.4.1.2-y6nwovff3qbdy242zc4x2toloz6xpcvm
==> Removing all temporary build stages
==> Removing cached downloads
==> Removing cached information on repositories
==> Removing python cache files

spack install libhio @ 1.4.1.1 % gcc @ 4.8.5
==> bzip2@1.0.6 : externally installed in /usr
==> bzip2@1.0.6 : already registered in DB
==> libtool@2.4.6 : externally installed in /usr
==> libtool@2.4.6 : already registered in DB
==> pkg-config@0.29.2 : externally installed in /usr
==> pkg-config@0.29.2 : already registered in DB
==> util-macros is already installed in /scratch/users/dantopa/new-spack/strawman.pr.libhio/opt/spack/linux-rhel7-aarch64/gcc-4.8.5/util-macros-1.19.1-taxopdvexxiaknvfyhfpeu27t7t57ogv
==> libpciaccess is already installed in /scratch/users/dantopa/new-spack/strawman.pr.libhio/opt/spack/linux-rhel7-aarch64/gcc-4.8.5/libpciaccess-0.13.5-6a4he357fqas3e73eduk56vxa4ljss4g
==> libxml2@2.9.8 : externally installed in /usr
==> libxml2@2.9.8 : already registered in DB
==> numactl@2.0.12 : externally installed in /usr
==> numactl@2.0.12 : already registered in DB
==> hwloc is already installed in /scratch/users/dantopa/new-spack/strawman.pr.libhio/opt/spack/linux-rhel7-aarch64/gcc-4.8.5/hwloc-1.11.11-7gqvelczu57m6jqefc662tqbtmrrgcfp
==> zlib is already installed in /scratch/users/dantopa/new-spack/strawman.pr.libhio/opt/spack/linux-rhel7-aarch64/gcc-4.8.5/zlib-1.2.11-67s2oqnabyrxgoss5v72lgshbomfvmnf
==> openmpi is already installed in /scratch/users/dantopa/new-spack/strawman.pr.libhio/opt/spack/linux-rhel7-aarch64/gcc-4.8.5/openmpi-3.1.3-ps67voxaytpn7olenvf46lnap45s62tr
==> hdf5 is already installed in /scratch/users/dantopa/new-spack/strawman.pr.libhio/opt/spack/linux-rhel7-aarch64/gcc-4.8.5/hdf5-1.10.4-odgwlvxpcxsihulajmrnxtp4p2tqtltf
==> autoconf@2.69 : externally installed in /usr
==> autoconf@2.69 : already registered in DB
==> json-c is already installed in /scratch/users/dantopa/new-spack/strawman.pr.libhio/opt/spack/linux-rhel7-aarch64/gcc-4.8.5/json-c-0.13.1-lvuysqs26wymzylayhtyy2acmlblszji
==> Installing libhio
==> Searching for binary cache of libhio
==> Finding buildcaches in /usr/projects/draco/vendors/spack.mirror/build_cache
==> No binary for libhio found: installing from source
==> Warning: A dependency has updated CPATH, this may lead pkg-config to assume that the package is part of the system includes and omit it when invoked with '--cflags'.
==> Fetching file:///usr/projects/draco/vendors/spack.mirror/libhio/libhio-1.4.1.1.tar.bz2
==> Staging archive: /scratch/users/dantopa/new-spack/strawman.pr.libhio/var/spack/stage/libhio-1.4.1.1-ibeekim42gnkgwlvlolyke3ivnvjtrjs/libhio-1.4.1.1.tar.bz2
==> Created stage in /scratch/users/dantopa/new-spack/strawman.pr.libhio/var/spack/stage/libhio-1.4.1.1-ibeekim42gnkgwlvlolyke3ivnvjtrjs
==> No patches needed for libhio
==> Building libhio [AutotoolsPackage]
==> Executing phase: 'autoreconf'
==> Error: ProcessError: Command exited with status 1:
    '/usr/bin/autoreconf' '-ifv'

2 errors found in build log:
     13    libtoolize: copying file `m4/ltsugar.m4'
     14    libtoolize: copying file `m4/ltversion.m4'
     15    libtoolize: copying file `m4/lt~obsolete.m4'
     16    autoreconf: running: /usr/bin/autoconf --force
     17    autoreconf: running: /usr/bin/autoheader --force
     18    autoreconf: running: automake --add-missing --copy --force-missing
  >> 19    configure.ac:131: error: required file 'hdf5-hio/doc/Makefile.in' no
           t found
  >> 20    configure.ac:131: error: required file 'hdf5-hio/doc/doxygen.conf.in
           ' not found
     21    autoreconf: automake failed with exit status: 1

See build log for details:
  /scratch/users/dantopa/new-spack/strawman.pr.libhio/var/spack/stage/libhio-1.4.1.1-ibeekim42gnkgwlvlolyke3ivnvjtrjs/libhio-1.4.1.1/spack-build.out
==> Removing all temporary build stages
==> Removing cached downloads
==> Removing cached information on repositories
==> Removing python cache files

spack install libhio @ 1.4.1.0 % gcc @ 4.8.5
==> bzip2@1.0.6 : externally installed in /usr
==> bzip2@1.0.6 : already registered in DB
==> libtool@2.4.6 : externally installed in /usr
==> libtool@2.4.6 : already registered in DB
==> pkg-config@0.29.2 : externally installed in /usr
==> pkg-config@0.29.2 : already registered in DB
==> util-macros is already installed in /scratch/users/dantopa/new-spack/strawman.pr.libhio/opt/spack/linux-rhel7-aarch64/gcc-4.8.5/util-macros-1.19.1-taxopdvexxiaknvfyhfpeu27t7t57ogv
==> libpciaccess is already installed in /scratch/users/dantopa/new-spack/strawman.pr.libhio/opt/spack/linux-rhel7-aarch64/gcc-4.8.5/libpciaccess-0.13.5-6a4he357fqas3e73eduk56vxa4ljss4g
==> libxml2@2.9.8 : externally installed in /usr
==> libxml2@2.9.8 : already registered in DB
==> numactl@2.0.12 : externally installed in /usr
==> numactl@2.0.12 : already registered in DB
==> hwloc is already installed in /scratch/users/dantopa/new-spack/strawman.pr.libhio/opt/spack/linux-rhel7-aarch64/gcc-4.8.5/hwloc-1.11.11-7gqvelczu57m6jqefc662tqbtmrrgcfp
==> zlib is already installed in /scratch/users/dantopa/new-spack/strawman.pr.libhio/opt/spack/linux-rhel7-aarch64/gcc-4.8.5/zlib-1.2.11-67s2oqnabyrxgoss5v72lgshbomfvmnf
==> openmpi is already installed in /scratch/users/dantopa/new-spack/strawman.pr.libhio/opt/spack/linux-rhel7-aarch64/gcc-4.8.5/openmpi-3.1.3-ps67voxaytpn7olenvf46lnap45s62tr
==> hdf5 is already installed in /scratch/users/dantopa/new-spack/strawman.pr.libhio/opt/spack/linux-rhel7-aarch64/gcc-4.8.5/hdf5-1.10.4-odgwlvxpcxsihulajmrnxtp4p2tqtltf
==> autoconf@2.69 : externally installed in /usr
==> autoconf@2.69 : already registered in DB
==> json-c is already installed in /scratch/users/dantopa/new-spack/strawman.pr.libhio/opt/spack/linux-rhel7-aarch64/gcc-4.8.5/json-c-0.13.1-lvuysqs26wymzylayhtyy2acmlblszji
==> Installing libhio
==> Searching for binary cache of libhio
==> Finding buildcaches in /usr/projects/draco/vendors/spack.mirror/build_cache
==> No binary for libhio found: installing from source
==> Warning: A dependency has updated CPATH, this may lead pkg-config to assume that the package is part of the system includes and omit it when invoked with '--cflags'.
==> Fetching file:///usr/projects/draco/vendors/spack.mirror/libhio/libhio-1.4.1.0.tar.bz2
==> Staging archive: /scratch/users/dantopa/new-spack/strawman.pr.libhio/var/spack/stage/libhio-1.4.1.0-glbexeawp42jjycrpwib5uxb6wnan2k4/libhio-1.4.1.0.tar.bz2
==> Created stage in /scratch/users/dantopa/new-spack/strawman.pr.libhio/var/spack/stage/libhio-1.4.1.0-glbexeawp42jjycrpwib5uxb6wnan2k4
==> Applied patch /scratch/users/dantopa/new-spack/strawman.pr.libhio/var/spack/repos/builtin/packages/libhio/0001-configury-fix-a-problem-with-bz2-configury.patch
==> Applied patch /scratch/users/dantopa/new-spack/strawman.pr.libhio/var/spack/repos/builtin/packages/libhio/0001-hdf5-make-docs-optional.patch
==> Building libhio [AutotoolsPackage]
==> Executing phase: 'autoreconf'
==> Executing phase: 'configure'
==> Executing phase: 'build'
==> Error: ProcessError: Command exited with status 2:
    'make' '-j256'

6 errors found in build log:
     249      CC       xexec_x-xexec_base.o
     250      CC       xexec_x-xexec_fio.o
     251      CC       xexec_x-xexec_hio.o
     252      CC       xexec_x-xexec_mpi.o
     253      CC       xexec_x-cw_misc.o
     254      CCLD     xexec.x
  >> 255    /usr/bin/ld: xexec_x-xexec_mpi.o: undefined reference to symbol 'MP
            I_Init'
  >> 256    /scratch/users/dantopa/new-spack/strawman.pr.libhio/opt/spack/linux
            -rhel7-aarch64/gcc-4.8.5/openmpi-3.1.3-ps67voxaytpn7olenvf46lnap45s
            62tr/lib/libmpi.so.40: error adding symbols: DSO missing from comma
            nd line
  >> 257    collect2: error: ld returned 1 exit status
  >> 258    make[2]: *** [xexec.x] Error 1
     259    make[2]: Leaving directory `/ram/tmp/dantopa/spack-stage/spack-stag
            e-ok1onO/libhio-1.4.1.0/test/xexec'
  >> 260    make[1]: *** [all-recursive] Error 1
     261    make[1]: Leaving directory `/ram/tmp/dantopa/spack-stage/spack-stag
            e-ok1onO/libhio-1.4.1.0/test'
  >> 262    make: *** [all-recursive] Error 1

See build log for details:
  /scratch/users/dantopa/new-spack/strawman.pr.libhio/var/spack/stage/libhio-1.4.1.0-glbexeawp42jjycrpwib5uxb6wnan2k4/libhio-1.4.1.0/spack-build.out
==> Removing all temporary build stages
==> Removing cached downloads
==> Removing cached information on repositories
==> Removing python cache files
