Wed Apr 24 14:41:20 MDT 2019
/scratch/users/dantopa/new-spack/libraries/darwin-arm.libhio
spack find -ldf libhio
==> 14 installed packages
-- linux-rhel7-aarch64 / gcc@4.8.5 ------------------------------
k32ecfr    libhio@1.4.1.2%gcc 
c4sj2bh        ^bzip2@1.0.6%gcc 
vjqio2l        ^hdf5@1.8.17%gcc 
m5neuus            ^numactl@2.0.12%gcc 
ux5evxy            ^openmpi@3.1.0%gcc 
7gqvelc                ^hwloc@1.11.11%gcc 
6a4he35                    ^libpciaccess@0.13.5%gcc 
6a5uzd6                    ^libxml2@2.9.8%gcc 
67s2oqn                ^zlib@1.2.11%gcc 
lvuysqs        ^json-c@0.13.1%gcc 

5eanmg7    libhio@1.4.1.2%gcc 
c4sj2bh        ^bzip2@1.0.6%gcc 
ax5kqrt        ^hdf5@1.8.17%gcc 
m5neuus            ^numactl@2.0.12%gcc 
pvq3s35            ^openmpi@3.1.4%gcc 
7gqvelc                ^hwloc@1.11.11%gcc 
6a4he35                    ^libpciaccess@0.13.5%gcc 
6a5uzd6                    ^libxml2@2.9.8%gcc 
67s2oqn                ^zlib@1.2.11%gcc 
lvuysqs        ^json-c@0.13.1%gcc 

dsq4lkp    libhio@1.4.1.2%gcc 
c4sj2bh        ^bzip2@1.0.6%gcc 
tf65gt7        ^hdf5@1.8.17%gcc 
m5neuus            ^numactl@2.0.12%gcc 
ps67vox            ^openmpi@3.1.3%gcc 
7gqvelc                ^hwloc@1.11.11%gcc 
6a4he35                    ^libpciaccess@0.13.5%gcc 
6a5uzd6                    ^libxml2@2.9.8%gcc 
67s2oqn                ^zlib@1.2.11%gcc 
lvuysqs        ^json-c@0.13.1%gcc 

jnmbafo    libhio@1.4.1.3%gcc 
c4sj2bh        ^bzip2@1.0.6%gcc 
vjqio2l        ^hdf5@1.8.17%gcc 
m5neuus            ^numactl@2.0.12%gcc 
ux5evxy            ^openmpi@3.1.0%gcc 
7gqvelc                ^hwloc@1.11.11%gcc 
6a4he35                    ^libpciaccess@0.13.5%gcc 
6a5uzd6                    ^libxml2@2.9.8%gcc 
67s2oqn                ^zlib@1.2.11%gcc 
lvuysqs        ^json-c@0.13.1%gcc 

dgmlhfk    libhio@1.4.1.3%gcc 
c4sj2bh        ^bzip2@1.0.6%gcc 
ax5kqrt        ^hdf5@1.8.17%gcc 
m5neuus            ^numactl@2.0.12%gcc 
pvq3s35            ^openmpi@3.1.4%gcc 
7gqvelc                ^hwloc@1.11.11%gcc 
6a4he35                    ^libpciaccess@0.13.5%gcc 
6a5uzd6                    ^libxml2@2.9.8%gcc 
67s2oqn                ^zlib@1.2.11%gcc 
lvuysqs        ^json-c@0.13.1%gcc 

7j5whgv    libhio@1.4.1.3%gcc 
c4sj2bh        ^bzip2@1.0.6%gcc 
tf65gt7        ^hdf5@1.8.17%gcc 
m5neuus            ^numactl@2.0.12%gcc 
ps67vox            ^openmpi@3.1.3%gcc 
7gqvelc                ^hwloc@1.11.11%gcc 
6a4he35                    ^libpciaccess@0.13.5%gcc 
6a5uzd6                    ^libxml2@2.9.8%gcc 
67s2oqn                ^zlib@1.2.11%gcc 
lvuysqs        ^json-c@0.13.1%gcc 


-- linux-rhel7-aarch64 / gcc@7.1.0 ------------------------------
qx6qn3a    libhio@1.4.1.2%gcc 
iyahr3n        ^bzip2@1.0.6%gcc 
j7by2yf        ^hdf5@1.8.17%gcc 
eukhjxm            ^numactl@2.0.12%gcc 
jnzsss4            ^openmpi@3.1.4%gcc 
izn5gbo                ^hwloc@1.11.11%gcc 
gmwtdrw                    ^libpciaccess@0.13.5%gcc 
7sufcg5                    ^libxml2@2.9.8%gcc 
zsiftcm                ^zlib@1.2.11%gcc 
wzla5wt        ^json-c@0.13.1%gcc 

nq727na    libhio@1.4.1.2%gcc 
iyahr3n        ^bzip2@1.0.6%gcc 
mzefk5y        ^hdf5@1.8.17%gcc 
eukhjxm            ^numactl@2.0.12%gcc 
vgxuikc            ^openmpi@3.1.3%gcc 
izn5gbo                ^hwloc@1.11.11%gcc 
gmwtdrw                    ^libpciaccess@0.13.5%gcc 
7sufcg5                    ^libxml2@2.9.8%gcc 
zsiftcm                ^zlib@1.2.11%gcc 
wzla5wt        ^json-c@0.13.1%gcc 

hg3jhig    libhio@1.4.1.3%gcc 
iyahr3n        ^bzip2@1.0.6%gcc 
j7by2yf        ^hdf5@1.8.17%gcc 
eukhjxm            ^numactl@2.0.12%gcc 
jnzsss4            ^openmpi@3.1.4%gcc 
izn5gbo                ^hwloc@1.11.11%gcc 
gmwtdrw                    ^libpciaccess@0.13.5%gcc 
7sufcg5                    ^libxml2@2.9.8%gcc 
zsiftcm                ^zlib@1.2.11%gcc 
wzla5wt        ^json-c@0.13.1%gcc 

by435ta    libhio@1.4.1.3%gcc 
iyahr3n        ^bzip2@1.0.6%gcc 
mzefk5y        ^hdf5@1.8.17%gcc 
eukhjxm            ^numactl@2.0.12%gcc 
vgxuikc            ^openmpi@3.1.3%gcc 
izn5gbo                ^hwloc@1.11.11%gcc 
gmwtdrw                    ^libpciaccess@0.13.5%gcc 
7sufcg5                    ^libxml2@2.9.8%gcc 
zsiftcm                ^zlib@1.2.11%gcc 
wzla5wt        ^json-c@0.13.1%gcc 


-- linux-rhel7-aarch64 / gcc@8.2.0 ------------------------------
x26xxn3    libhio@1.4.1.2%gcc 
zkpetrn        ^bzip2@1.0.6%gcc 
ctoi7g2        ^hdf5@1.8.17%gcc 
opoop4g            ^numactl@2.0.12%gcc 
e5deleg            ^openmpi@3.1.4%gcc 
3pau2kk                ^hwloc@1.11.11%gcc 
vfd6u24                    ^libpciaccess@0.13.5%gcc 
fo65cwc                    ^libxml2@2.9.8%gcc 
x5quqjk                ^zlib@1.2.11%gcc 
bn5b4bb        ^json-c@0.13.1%gcc 

btmddcl    libhio@1.4.1.2%gcc 
zkpetrn        ^bzip2@1.0.6%gcc 
mfo5dbu        ^hdf5@1.8.17%gcc 
opoop4g            ^numactl@2.0.12%gcc 
oiq7f6o            ^openmpi@3.1.3%gcc 
3pau2kk                ^hwloc@1.11.11%gcc 
vfd6u24                    ^libpciaccess@0.13.5%gcc 
fo65cwc                    ^libxml2@2.9.8%gcc 
x5quqjk                ^zlib@1.2.11%gcc 
bn5b4bb        ^json-c@0.13.1%gcc 

f3lmdy5    libhio@1.4.1.3%gcc 
zkpetrn        ^bzip2@1.0.6%gcc 
ctoi7g2        ^hdf5@1.8.17%gcc 
opoop4g            ^numactl@2.0.12%gcc 
e5deleg            ^openmpi@3.1.4%gcc 
3pau2kk                ^hwloc@1.11.11%gcc 
vfd6u24                    ^libpciaccess@0.13.5%gcc 
fo65cwc                    ^libxml2@2.9.8%gcc 
x5quqjk                ^zlib@1.2.11%gcc 
bn5b4bb        ^json-c@0.13.1%gcc 

ercmnwk    libhio@1.4.1.3%gcc 
zkpetrn        ^bzip2@1.0.6%gcc 
mfo5dbu        ^hdf5@1.8.17%gcc 
opoop4g            ^numactl@2.0.12%gcc 
oiq7f6o            ^openmpi@3.1.3%gcc 
3pau2kk                ^hwloc@1.11.11%gcc 
vfd6u24                    ^libpciaccess@0.13.5%gcc 
fo65cwc                    ^libxml2@2.9.8%gcc 
x5quqjk                ^zlib@1.2.11%gcc 
bn5b4bb        ^json-c@0.13.1%gcc 

