Fri Apr 19 00:06:52 MDT 2019
spack find -ldf openmpi
==> 36 installed packages
-- linux-centos7-x86_64 / gcc@4.8.5 -----------------------------
xfg5frc    openmpi@2.1.6%gcc
bkkhvej        ^hwloc@1.11.11%gcc
5chyfxo            ^libpciaccess@0.13.5%gcc
bcnjbc3            ^libxml2@2.9.8%gcc
tt2hkol            ^numactl@2.0.12%gcc

dqtmvyt    openmpi@3.0.3%gcc
bkkhvej        ^hwloc@1.11.11%gcc
5chyfxo            ^libpciaccess@0.13.5%gcc
bcnjbc3            ^libxml2@2.9.8%gcc
tt2hkol            ^numactl@2.0.12%gcc
64vg6e4        ^zlib@1.2.11%gcc

pdfogzx    openmpi@3.1.3%gcc
bkkhvej        ^hwloc@1.11.11%gcc
5chyfxo            ^libpciaccess@0.13.5%gcc
bcnjbc3            ^libxml2@2.9.8%gcc
tt2hkol            ^numactl@2.0.12%gcc
64vg6e4        ^zlib@1.2.11%gcc

rldccba    openmpi@4.0.1%gcc
bkkhvej        ^hwloc@1.11.11%gcc
5chyfxo            ^libpciaccess@0.13.5%gcc
bcnjbc3            ^libxml2@2.9.8%gcc
tt2hkol            ^numactl@2.0.12%gcc
64vg6e4        ^zlib@1.2.11%gcc


-- linux-centos7-x86_64 / gcc@4.9.3 -----------------------------
hbswdyb    openmpi@2.1.6%gcc
xvnhmjp        ^hwloc@1.11.11%gcc
nqafs22            ^libpciaccess@0.13.5%gcc
xr6jvqb            ^libxml2@2.9.8%gcc
gyit553            ^numactl@2.0.12%gcc

3bvis7m    openmpi@3.0.3%gcc
xvnhmjp        ^hwloc@1.11.11%gcc
nqafs22            ^libpciaccess@0.13.5%gcc
xr6jvqb            ^libxml2@2.9.8%gcc
gyit553            ^numactl@2.0.12%gcc
wabmm7g        ^zlib@1.2.11%gcc

glupwb5    openmpi@3.1.3%gcc
xvnhmjp        ^hwloc@1.11.11%gcc
nqafs22            ^libpciaccess@0.13.5%gcc
xr6jvqb            ^libxml2@2.9.8%gcc
gyit553            ^numactl@2.0.12%gcc
wabmm7g        ^zlib@1.2.11%gcc

zfmzp6w    openmpi@4.0.1%gcc
xvnhmjp        ^hwloc@1.11.11%gcc
nqafs22            ^libpciaccess@0.13.5%gcc
xr6jvqb            ^libxml2@2.9.8%gcc
gyit553            ^numactl@2.0.12%gcc
wabmm7g        ^zlib@1.2.11%gcc


-- linux-centos7-x86_64 / gcc@5.5.0 -----------------------------
y4edz45    openmpi@2.1.6%gcc
2bjodks        ^hwloc@1.11.11%gcc
ygiicn2            ^libpciaccess@0.13.5%gcc
dyuna3l            ^libxml2@2.9.8%gcc
ccmgitq            ^numactl@2.0.12%gcc

77ubj67    openmpi@3.0.3%gcc
2bjodks        ^hwloc@1.11.11%gcc
ygiicn2            ^libpciaccess@0.13.5%gcc
dyuna3l            ^libxml2@2.9.8%gcc
ccmgitq            ^numactl@2.0.12%gcc
ijtgxbh        ^zlib@1.2.11%gcc

7wgwlvk    openmpi@3.1.3%gcc
2bjodks        ^hwloc@1.11.11%gcc
ygiicn2            ^libpciaccess@0.13.5%gcc
dyuna3l            ^libxml2@2.9.8%gcc
ccmgitq            ^numactl@2.0.12%gcc
ijtgxbh        ^zlib@1.2.11%gcc

2zyirqs    openmpi@4.0.1%gcc
2bjodks        ^hwloc@1.11.11%gcc
ygiicn2            ^libpciaccess@0.13.5%gcc
dyuna3l            ^libxml2@2.9.8%gcc
ccmgitq            ^numactl@2.0.12%gcc
ijtgxbh        ^zlib@1.2.11%gcc


-- linux-centos7-x86_64 / gcc@6.4.0 -----------------------------
nbgumcb    openmpi@2.1.6%gcc
ydbwr4w        ^hwloc@1.11.11%gcc
j6fsyhp            ^libpciaccess@0.13.5%gcc
ltoyknu            ^libxml2@2.9.8%gcc
2zmeci4            ^numactl@2.0.12%gcc

ra7ux2v    openmpi@3.0.3%gcc
ydbwr4w        ^hwloc@1.11.11%gcc
j6fsyhp            ^libpciaccess@0.13.5%gcc
ltoyknu            ^libxml2@2.9.8%gcc
2zmeci4            ^numactl@2.0.12%gcc
ufwqfd4        ^zlib@1.2.11%gcc

hpwyprd    openmpi@3.1.3%gcc
ydbwr4w        ^hwloc@1.11.11%gcc
j6fsyhp            ^libpciaccess@0.13.5%gcc
ltoyknu            ^libxml2@2.9.8%gcc
2zmeci4            ^numactl@2.0.12%gcc
ufwqfd4        ^zlib@1.2.11%gcc

rrcedzo    openmpi@4.0.1%gcc
ydbwr4w        ^hwloc@1.11.11%gcc
j6fsyhp            ^libpciaccess@0.13.5%gcc
ltoyknu            ^libxml2@2.9.8%gcc
2zmeci4            ^numactl@2.0.12%gcc
ufwqfd4        ^zlib@1.2.11%gcc


-- linux-centos7-x86_64 / gcc@7.3.0 -----------------------------
zlqdbbj    openmpi@2.1.6%gcc
vrpknac        ^hwloc@1.11.11%gcc
f5k35g4            ^libpciaccess@0.13.5%gcc
m46g2kt            ^libxml2@2.9.8%gcc
le6jhga            ^numactl@2.0.12%gcc

kdicfrl    openmpi@3.0.3%gcc
vrpknac        ^hwloc@1.11.11%gcc
f5k35g4            ^libpciaccess@0.13.5%gcc
m46g2kt            ^libxml2@2.9.8%gcc
le6jhga            ^numactl@2.0.12%gcc
zknfwan        ^zlib@1.2.11%gcc

rd4bhjh    openmpi@3.1.3%gcc
vrpknac        ^hwloc@1.11.11%gcc
f5k35g4            ^libpciaccess@0.13.5%gcc
m46g2kt            ^libxml2@2.9.8%gcc
le6jhga            ^numactl@2.0.12%gcc
zknfwan        ^zlib@1.2.11%gcc

dd46drz    openmpi@4.0.1%gcc
vrpknac        ^hwloc@1.11.11%gcc
f5k35g4            ^libpciaccess@0.13.5%gcc
m46g2kt            ^libxml2@2.9.8%gcc
le6jhga            ^numactl@2.0.12%gcc
zknfwan        ^zlib@1.2.11%gcc


-- linux-centos7-x86_64 / gcc@8.2.0 -----------------------------
dbgnmvj    openmpi@2.1.6%gcc
kpmr675        ^hwloc@1.11.11%gcc
svkyphb            ^libpciaccess@0.13.5%gcc
uvcs5lc            ^libxml2@2.9.8%gcc
qwo625d            ^numactl@2.0.12%gcc

wwffvoa    openmpi@3.0.3%gcc
kpmr675        ^hwloc@1.11.11%gcc
svkyphb            ^libpciaccess@0.13.5%gcc
uvcs5lc            ^libxml2@2.9.8%gcc
qwo625d            ^numactl@2.0.12%gcc
6wdekzy        ^zlib@1.2.11%gcc

4jrf7jm    openmpi@3.1.3%gcc
kpmr675        ^hwloc@1.11.11%gcc
svkyphb            ^libpciaccess@0.13.5%gcc
uvcs5lc            ^libxml2@2.9.8%gcc
qwo625d            ^numactl@2.0.12%gcc
6wdekzy        ^zlib@1.2.11%gcc

we5exv2    openmpi@4.0.1%gcc
kpmr675        ^hwloc@1.11.11%gcc
svkyphb            ^libpciaccess@0.13.5%gcc
uvcs5lc            ^libxml2@2.9.8%gcc
qwo625d            ^numactl@2.0.12%gcc
6wdekzy        ^zlib@1.2.11%gcc


-- linux-centos7-x86_64 / intel@16.0.4 --------------------------
v76vnks    openmpi@2.1.6%intel
i32wppi        ^hwloc@1.11.11%intel
jtzzof2            ^libpciaccess@0.13.5%intel
iikjujn            ^libxml2@2.9.8%intel
n2exbxj            ^numactl@2.0.12%intel

nadzipj    openmpi@3.0.3%intel
i32wppi        ^hwloc@1.11.11%intel
jtzzof2            ^libpciaccess@0.13.5%intel
iikjujn            ^libxml2@2.9.8%intel
n2exbxj            ^numactl@2.0.12%intel
khv5wg2        ^zlib@1.2.11%intel

v4gbqrp    openmpi@3.1.3%intel
i32wppi        ^hwloc@1.11.11%intel
jtzzof2            ^libpciaccess@0.13.5%intel
iikjujn            ^libxml2@2.9.8%intel
n2exbxj            ^numactl@2.0.12%intel
khv5wg2        ^zlib@1.2.11%intel

uwuguxd    openmpi@4.0.1%intel
i32wppi        ^hwloc@1.11.11%intel
jtzzof2            ^libpciaccess@0.13.5%intel
iikjujn            ^libxml2@2.9.8%intel
n2exbxj            ^numactl@2.0.12%intel
khv5wg2        ^zlib@1.2.11%intel


-- linux-centos7-x86_64 / intel@17.0.6 --------------------------
3ic7uz2    openmpi@2.1.6%intel
itb72kn        ^hwloc@1.11.11%intel
5ywhccx            ^libpciaccess@0.13.5%intel
rxyquml            ^libxml2@2.9.8%intel
24xglv7            ^numactl@2.0.12%intel

nxru6zw    openmpi@3.0.3%intel
itb72kn        ^hwloc@1.11.11%intel
5ywhccx            ^libpciaccess@0.13.5%intel
rxyquml            ^libxml2@2.9.8%intel
24xglv7            ^numactl@2.0.12%intel
zlp4ddi        ^zlib@1.2.11%intel

zrps6ub    openmpi@3.1.3%intel
itb72kn        ^hwloc@1.11.11%intel
5ywhccx            ^libpciaccess@0.13.5%intel
rxyquml            ^libxml2@2.9.8%intel
24xglv7            ^numactl@2.0.12%intel
zlp4ddi        ^zlib@1.2.11%intel

iheuf7o    openmpi@4.0.1%intel
itb72kn        ^hwloc@1.11.11%intel
5ywhccx            ^libpciaccess@0.13.5%intel
rxyquml            ^libxml2@2.9.8%intel
24xglv7            ^numactl@2.0.12%intel
zlp4ddi        ^zlib@1.2.11%intel


-- linux-centos7-x86_64 / intel@18.0.3 --------------------------
ce6etxz    openmpi@2.1.6%intel
537d5od        ^hwloc@1.11.11%intel
zrun5pc            ^libpciaccess@0.13.5%intel
x6jborh            ^libxml2@2.9.8%intel
caxqrj3            ^numactl@2.0.12%intel

p4nss7x    openmpi@3.0.3%intel
537d5od        ^hwloc@1.11.11%intel
zrun5pc            ^libpciaccess@0.13.5%intel
x6jborh            ^libxml2@2.9.8%intel
caxqrj3            ^numactl@2.0.12%intel
vonxam4        ^zlib@1.2.11%intel

htiaqn4    openmpi@3.1.3%intel
537d5od        ^hwloc@1.11.11%intel
zrun5pc            ^libpciaccess@0.13.5%intel
x6jborh            ^libxml2@2.9.8%intel
caxqrj3            ^numactl@2.0.12%intel
vonxam4        ^zlib@1.2.11%intel

3t366j6    openmpi@4.0.1%intel
537d5od        ^hwloc@1.11.11%intel
zrun5pc            ^libpciaccess@0.13.5%intel
x6jborh            ^libxml2@2.9.8%intel
caxqrj3            ^numactl@2.0.12%intel
vonxam4        ^zlib@1.2.11%intel

