Tue May 7 19:06:14 PDT 2019
/usr/workspace/wsrzc/topa1/repos/spack/libraries/rzansel-power9.openmpi
spack find -ldf openmpi
==> 24 installed packages
-- linux-rhel7-ppc64le / clang@3.9.1 ----------------------------
ku3trza    openmpi@2.1.6%clang 
jpxbv67        ^hwloc@1.11.11%clang 
kw3ovmo            ^libpciaccess@0.13.5%clang 
czkg5qq            ^libxml2@2.9.9%clang 
r2ek3mi            ^numactl@2.0.12%clang 

ac7v5a3    openmpi@3.0.4%clang 
jpxbv67        ^hwloc@1.11.11%clang 
kw3ovmo            ^libpciaccess@0.13.5%clang 
czkg5qq            ^libxml2@2.9.9%clang 
r2ek3mi            ^numactl@2.0.12%clang 
eo5z5e2        ^zlib@1.2.11%clang 

xnvprir    openmpi@3.1.4%clang 
jpxbv67        ^hwloc@1.11.11%clang 
kw3ovmo            ^libpciaccess@0.13.5%clang 
czkg5qq            ^libxml2@2.9.9%clang 
r2ek3mi            ^numactl@2.0.12%clang 
eo5z5e2        ^zlib@1.2.11%clang 

wa76kmo    openmpi@4.0.1%clang 
jpxbv67        ^hwloc@1.11.11%clang 
kw3ovmo            ^libpciaccess@0.13.5%clang 
czkg5qq            ^libxml2@2.9.9%clang 
r2ek3mi            ^numactl@2.0.12%clang 
eo5z5e2        ^zlib@1.2.11%clang 


-- linux-rhel7-ppc64le / clang@4.0.0 ----------------------------
blavloi    openmpi@2.1.6%clang 
j5zyfkk        ^hwloc@1.11.11%clang 
dswp76c            ^libpciaccess@0.13.5%clang 
zvt73xf            ^libxml2@2.9.9%clang 
j5dpsjj            ^numactl@2.0.12%clang 

sbk7ode    openmpi@3.0.4%clang 
j5zyfkk        ^hwloc@1.11.11%clang 
dswp76c            ^libpciaccess@0.13.5%clang 
zvt73xf            ^libxml2@2.9.9%clang 
j5dpsjj            ^numactl@2.0.12%clang 
5g7ho5v        ^zlib@1.2.11%clang 

smbv26o    openmpi@3.1.4%clang 
j5zyfkk        ^hwloc@1.11.11%clang 
dswp76c            ^libpciaccess@0.13.5%clang 
zvt73xf            ^libxml2@2.9.9%clang 
j5dpsjj            ^numactl@2.0.12%clang 
5g7ho5v        ^zlib@1.2.11%clang 

nxcdqss    openmpi@4.0.1%clang 
j5zyfkk        ^hwloc@1.11.11%clang 
dswp76c            ^libpciaccess@0.13.5%clang 
zvt73xf            ^libxml2@2.9.9%clang 
j5dpsjj            ^numactl@2.0.12%clang 
5g7ho5v        ^zlib@1.2.11%clang 


-- linux-rhel7-ppc64le / gcc@4.8.5 ------------------------------
jkcsl7b    openmpi@2.1.6%gcc 
owbblt5        ^hwloc@1.11.11%gcc 
uzm3xdv            ^libpciaccess@0.13.5%gcc 
4tjndlx            ^libxml2@2.9.8%gcc 
dv5pw6w                ^libiconv@1.15%gcc 
goozwyd                ^xz@5.2.4%gcc 
4v3ticy                ^zlib@1.2.11%gcc 
mv4yjsp            ^numactl@2.0.12%gcc 

h3ufmmi    openmpi@3.0.3%gcc 
owbblt5        ^hwloc@1.11.11%gcc 
uzm3xdv            ^libpciaccess@0.13.5%gcc 
4tjndlx            ^libxml2@2.9.8%gcc 
dv5pw6w                ^libiconv@1.15%gcc 
goozwyd                ^xz@5.2.4%gcc 
4v3ticy                ^zlib@1.2.11%gcc 
mv4yjsp            ^numactl@2.0.12%gcc 

s3lpgo7    openmpi@3.1.3%gcc 
owbblt5        ^hwloc@1.11.11%gcc 
uzm3xdv            ^libpciaccess@0.13.5%gcc 
4tjndlx            ^libxml2@2.9.8%gcc 
dv5pw6w                ^libiconv@1.15%gcc 
goozwyd                ^xz@5.2.4%gcc 
4v3ticy                ^zlib@1.2.11%gcc 
mv4yjsp            ^numactl@2.0.12%gcc 

t54qs7x    openmpi@4.0.1%gcc 
owbblt5        ^hwloc@1.11.11%gcc 
uzm3xdv            ^libpciaccess@0.13.5%gcc 
4tjndlx            ^libxml2@2.9.8%gcc 
dv5pw6w                ^libiconv@1.15%gcc 
goozwyd                ^xz@5.2.4%gcc 
4v3ticy                ^zlib@1.2.11%gcc 
mv4yjsp            ^numactl@2.0.12%gcc 


-- linux-rhel7-ppc64le / gcc@4.9.3 ------------------------------
65dz2mi    openmpi@2.1.6%gcc 
hyq7skg        ^hwloc@1.11.11%gcc 
pezczu3            ^libpciaccess@0.13.5%gcc 
jiatnre            ^libxml2@2.9.8%gcc 
7nszima                ^libiconv@1.15%gcc 
hathmj6                ^xz@5.2.4%gcc 
5jgyzbl                ^zlib@1.2.11%gcc 
r7dsnpy            ^numactl@2.0.12%gcc 

lsv3imv    openmpi@3.0.3%gcc 
hyq7skg        ^hwloc@1.11.11%gcc 
pezczu3            ^libpciaccess@0.13.5%gcc 
jiatnre            ^libxml2@2.9.8%gcc 
7nszima                ^libiconv@1.15%gcc 
hathmj6                ^xz@5.2.4%gcc 
5jgyzbl                ^zlib@1.2.11%gcc 
r7dsnpy            ^numactl@2.0.12%gcc 

an55bni    openmpi@3.1.3%gcc 
hyq7skg        ^hwloc@1.11.11%gcc 
pezczu3            ^libpciaccess@0.13.5%gcc 
jiatnre            ^libxml2@2.9.8%gcc 
7nszima                ^libiconv@1.15%gcc 
hathmj6                ^xz@5.2.4%gcc 
5jgyzbl                ^zlib@1.2.11%gcc 
r7dsnpy            ^numactl@2.0.12%gcc 

5mlct4g    openmpi@4.0.1%gcc 
hyq7skg        ^hwloc@1.11.11%gcc 
pezczu3            ^libpciaccess@0.13.5%gcc 
jiatnre            ^libxml2@2.9.8%gcc 
7nszima                ^libiconv@1.15%gcc 
hathmj6                ^xz@5.2.4%gcc 
5jgyzbl                ^zlib@1.2.11%gcc 
r7dsnpy            ^numactl@2.0.12%gcc 


-- linux-rhel7-ppc64le / gcc@7.3.1 ------------------------------
ubsd6ya    openmpi@2.1.6%gcc 
6ptczrn        ^hwloc@1.11.11%gcc 
nevqxc6            ^libpciaccess@0.13.5%gcc 
3efztz5            ^libxml2@2.9.9%gcc 
xkybfpv            ^numactl@2.0.12%gcc 

fnpieay    openmpi@2.1.6%gcc 
6kto7sk        ^hwloc@1.11.11%gcc 
nevqxc6            ^libpciaccess@0.13.5%gcc 
muuwhn4            ^libxml2@2.9.8%gcc 
xkybfpv            ^numactl@2.0.12%gcc 

r4ftqez    openmpi@3.0.4%gcc 
6ptczrn        ^hwloc@1.11.11%gcc 
nevqxc6            ^libpciaccess@0.13.5%gcc 
3efztz5            ^libxml2@2.9.9%gcc 
xkybfpv            ^numactl@2.0.12%gcc 
tz7eup7        ^zlib@1.2.11%gcc 

j4eg4nf    openmpi@3.0.4%gcc 
6kto7sk        ^hwloc@1.11.11%gcc 
nevqxc6            ^libpciaccess@0.13.5%gcc 
muuwhn4            ^libxml2@2.9.8%gcc 
xkybfpv            ^numactl@2.0.12%gcc 
tz7eup7        ^zlib@1.2.11%gcc 

5xxu2zd    openmpi@3.1.4%gcc 
6ptczrn        ^hwloc@1.11.11%gcc 
nevqxc6            ^libpciaccess@0.13.5%gcc 
3efztz5            ^libxml2@2.9.9%gcc 
xkybfpv            ^numactl@2.0.12%gcc 
tz7eup7        ^zlib@1.2.11%gcc 

svmbirv    openmpi@3.1.4%gcc 
6kto7sk        ^hwloc@1.11.11%gcc 
nevqxc6            ^libpciaccess@0.13.5%gcc 
muuwhn4            ^libxml2@2.9.8%gcc 
xkybfpv            ^numactl@2.0.12%gcc 
tz7eup7        ^zlib@1.2.11%gcc 

wvwxkwk    openmpi@4.0.1%gcc 
6ptczrn        ^hwloc@1.11.11%gcc 
nevqxc6            ^libpciaccess@0.13.5%gcc 
3efztz5            ^libxml2@2.9.9%gcc 
xkybfpv            ^numactl@2.0.12%gcc 
tz7eup7        ^zlib@1.2.11%gcc 

5xtv4jz    openmpi@4.0.1%gcc 
6kto7sk        ^hwloc@1.11.11%gcc 
nevqxc6            ^libpciaccess@0.13.5%gcc 
muuwhn4            ^libxml2@2.9.8%gcc 
xkybfpv            ^numactl@2.0.12%gcc 
tz7eup7        ^zlib@1.2.11%gcc 

