Tue May 7 19:06:12 PDT 2019
/usr/workspace/wsrzc/topa1/repos/spack/libraries/rzansel-power9.openmpi
spack find openmpi >> /usr/workspace/wsrzc/topa1/repos/Github/gitlab-pull-requests-libraries/libraries/results/tpl-order/openmpi-rzansel-power9.out
==> 24 installed packages
-- linux-rhel7-ppc64le / clang@3.9.1 ----------------------------
openmpi@2.1.6
openmpi@3.0.4
openmpi@3.1.4
openmpi@4.0.1

-- linux-rhel7-ppc64le / clang@4.0.0 ----------------------------
openmpi@2.1.6
openmpi@3.0.4
openmpi@3.1.4
openmpi@4.0.1

-- linux-rhel7-ppc64le / gcc@4.8.5 ------------------------------
openmpi@2.1.6
openmpi@3.0.3
openmpi@3.1.3
openmpi@4.0.1

-- linux-rhel7-ppc64le / gcc@4.9.3 ------------------------------
openmpi@2.1.6
openmpi@3.0.3
openmpi@3.1.3
openmpi@4.0.1

-- linux-rhel7-ppc64le / gcc@7.3.1 ------------------------------
openmpi@2.1.6
openmpi@2.1.6
openmpi@3.0.4
openmpi@3.0.4
openmpi@3.1.4
openmpi@3.1.4
openmpi@4.0.1
openmpi@4.0.1
