Wed Apr 24 20:51:50 MDT 2019
/scratch/users/dantopa/new-spack/libraries/darwin-power9.ucx
spack find -ldf ucx
==> 15 installed packages
-- linux-rhel7-ppc64le / gcc@4.8.5 ------------------------------
k3ywwal    ucx@1.2.2%gcc 
pmgndwh        ^numactl@2.0.12%gcc 
qymrwx6        ^rdma-core@20%gcc 
2263pm5            ^libnl@3.3.0%gcc 

axjc2vc    ucx@1.3.1%gcc 
pmgndwh        ^numactl@2.0.12%gcc 
qymrwx6        ^rdma-core@20%gcc 
2263pm5            ^libnl@3.3.0%gcc 

n6yscai    ucx@1.4.0%gcc 
pmgndwh        ^numactl@2.0.12%gcc 
qymrwx6        ^rdma-core@20%gcc 
2263pm5            ^libnl@3.3.0%gcc 

2hfzmam    ucx@1.5.0%gcc 
pmgndwh        ^numactl@2.0.12%gcc 
qymrwx6        ^rdma-core@20%gcc 
2263pm5            ^libnl@3.3.0%gcc 


-- linux-rhel7-ppc64le / gcc@6.4.0 ------------------------------
7272miy    ucx@1.2.2%gcc 
tcpcexo        ^numactl@2.0.12%gcc 
ioenmhh        ^rdma-core@20%gcc 
pmfm6l5            ^libnl@3.3.0%gcc 

gl5r4vu    ucx@1.3.1%gcc 
tcpcexo        ^numactl@2.0.12%gcc 
ioenmhh        ^rdma-core@20%gcc 
pmfm6l5            ^libnl@3.3.0%gcc 

qhgl6ux    ucx@1.4.0%gcc 
tcpcexo        ^numactl@2.0.12%gcc 
ioenmhh        ^rdma-core@20%gcc 
pmfm6l5            ^libnl@3.3.0%gcc 

b3uqj65    ucx@1.5.0%gcc 
tcpcexo        ^numactl@2.0.12%gcc 
ioenmhh        ^rdma-core@20%gcc 
pmfm6l5            ^libnl@3.3.0%gcc 


-- linux-rhel7-ppc64le / gcc@7.3.0 ------------------------------
pan22z6    ucx@1.2.2%gcc 
kbnsrgd        ^numactl@2.0.12%gcc 
wzxh7fe        ^rdma-core@20%gcc 
y4euscu            ^libnl@3.3.0%gcc 

gmdexrt    ucx@1.3.1%gcc 
kbnsrgd        ^numactl@2.0.12%gcc 
wzxh7fe        ^rdma-core@20%gcc 
y4euscu            ^libnl@3.3.0%gcc 

7kgcn3p    ucx@1.4.0%gcc 
kbnsrgd        ^numactl@2.0.12%gcc 
wzxh7fe        ^rdma-core@20%gcc 
y4euscu            ^libnl@3.3.0%gcc 

owafalj    ucx@1.5.0%gcc 
kbnsrgd        ^numactl@2.0.12%gcc 
wzxh7fe        ^rdma-core@20%gcc 
y4euscu            ^libnl@3.3.0%gcc 


-- linux-rhel7-ppc64le / gcc@8.2.0 ------------------------------
gzrbbsy    ucx@1.3.1%gcc 
sjccaw6        ^numactl@2.0.12%gcc 
ybzwo2y        ^rdma-core@20%gcc 
ueuxawf            ^libnl@3.3.0%gcc 

rjt6ooz    ucx@1.4.0%gcc 
sjccaw6        ^numactl@2.0.12%gcc 
ybzwo2y        ^rdma-core@20%gcc 
ueuxawf            ^libnl@3.3.0%gcc 

yku7ya3    ucx@1.5.0%gcc 
sjccaw6        ^numactl@2.0.12%gcc 
ybzwo2y        ^rdma-core@20%gcc 
ueuxawf            ^libnl@3.3.0%gcc 

