Thu Apr 18 23:27:27 MDT 2019
spack graph ucx >> /scratch/users/dantopa/repos/gitlab/pull-requests/libraries/results/tpl-order/ucx-darwin-general-graph.out
o  ucx
|\
o |  rdma-core
|\ \
| |\ \
| | o |  cmake
| | |\ \
| | | |\ \
| | | | |\ \
| | | | | |\ \
| | | | | | |\ \
| | | | | | | |\ \
| | | | | | | | |\ \
| | | | | | | | | |\ \
| | | | | | | | | | |\ \
| | | | | | | | o | | | |  libarchive
| | | |_|_|_|_|/| | | | | 
| | |/| |_|_|_|/| | | | | 
| | | |/| | |_|/| | | | | 
| | | | | |/| | | | | | | 
| | | | | | | | |\| | | | 
| | | | | | | | |\ \ \ \ \
| | | | | | | | | |\ \ \ \ \
| | | | | | | | | | |\ \ \ \ \
| | | | | | | | | | | |\ \ \ \ \
| | | | | | | | | | | | | |_|/ /
| | | | | | | | | | | | |/| | | 
| | o | | | | | | | | | | | | |  zlib
| |  / / / / / / / / / / / / /
| | o | | | | | | | | | | | |  xz
| |  / / / / / / / / / / / /
| | o | | | | | | | | | | |  rhash
| |  / / / / / / / / / / /
o | | | | | | | | | | | |  pkg-config
 / / / / / / / / / / / /
| o | | | | | | | | | |  openssl
|  / / / / / / / / / /
| | | | | | | | | | o  numactl
| | | | | | | | | | 
| | | o | | | | | |  nettle
| | | |\ \ \ \ \ \ \
| o | | | | | | | | |  ncurses
|  / / / / / / / / /
o | | | | | | | | |  libnl
|\ \ \ \ \ \ \ \ \ \
| |_|/ / / / / / / /
|/| | | | | | | | | 
| |\ \ \ \ \ \ \ \ \
| | | | o | | | | | |  gmp
| |_|_|/| | | | | | | 
|/| | | | | | | | | | 
| | | | |\ \ \ \ \ \ \
| | | | | |\ \ \ \ \ \ \
o | | | | | | | | | | | |  m4
 / / / / / / / / / / / /
| | | | | | o | | | | |  lzo
| | | | | |  / / / / /
| | | | | | o | | | |  lz4
| | | | | |  / / / /
| | | | | | o | | |  libxml2
| | | | | |  / / /
| | o | | | | | |  libuv
| | |\| | | | | | 
| | |\ \ \ \ \ \ \
| | | |_|/ / / / /
| | |/| | | | | | 
| | | |/ / / / /
| | | | o | | |  libtool
| | | |  / / /
| | | | | o |  expat
| | | | | o |  libbsd
| | | | |  /
o | | | | |  flex
 / / / / /
| | | | o  curl
| | | | 
| | | o  bzip2
| | | 
o | |  bison
 / /
o |  automake
 /
o  autoconf
