Wed Apr 24 16:24:18 MDT 2019
/scratch/users/dantopa/new-spack/libraries/darwin-general.ucx
spack find -ldf ucx
==> 23 installed packages
-- linux-centos7-x86_64 / gcc@4.8.5 -----------------------------
onuslpz    ucx@1.2.2%gcc 
tt2hkol        ^numactl@2.0.12%gcc 
srhy7ry        ^rdma-core@20%gcc 
kvgvhpv            ^libnl@3.3.0%gcc 

5zinmk4    ucx@1.3.1%gcc 
tt2hkol        ^numactl@2.0.12%gcc 
srhy7ry        ^rdma-core@20%gcc 
kvgvhpv            ^libnl@3.3.0%gcc 

vnkpsdh    ucx@1.4.0%gcc 
tt2hkol        ^numactl@2.0.12%gcc 
srhy7ry        ^rdma-core@20%gcc 
kvgvhpv            ^libnl@3.3.0%gcc 

nwv4nht    ucx@1.5.0%gcc 
tt2hkol        ^numactl@2.0.12%gcc 
srhy7ry        ^rdma-core@20%gcc 
kvgvhpv            ^libnl@3.3.0%gcc 


-- linux-centos7-x86_64 / gcc@4.9.3 -----------------------------
warosgl    ucx@1.2.2%gcc 
gyit553        ^numactl@2.0.12%gcc 
trxrugs        ^rdma-core@20%gcc 
vj3mvdx            ^libnl@3.3.0%gcc 

5djrm2l    ucx@1.3.1%gcc 
gyit553        ^numactl@2.0.12%gcc 
trxrugs        ^rdma-core@20%gcc 
vj3mvdx            ^libnl@3.3.0%gcc 

5avxti5    ucx@1.4.0%gcc 
gyit553        ^numactl@2.0.12%gcc 
trxrugs        ^rdma-core@20%gcc 
vj3mvdx            ^libnl@3.3.0%gcc 

o6yv42n    ucx@1.5.0%gcc 
gyit553        ^numactl@2.0.12%gcc 
trxrugs        ^rdma-core@20%gcc 
vj3mvdx            ^libnl@3.3.0%gcc 


-- linux-centos7-x86_64 / gcc@5.5.0 -----------------------------
pse7izr    ucx@1.2.2%gcc 
ccmgitq        ^numactl@2.0.12%gcc 
2fwk3ut        ^rdma-core@20%gcc 
ij2ve3p            ^libnl@3.3.0%gcc 

nracu5z    ucx@1.3.1%gcc 
ccmgitq        ^numactl@2.0.12%gcc 
2fwk3ut        ^rdma-core@20%gcc 
ij2ve3p            ^libnl@3.3.0%gcc 

kqsz246    ucx@1.4.0%gcc 
ccmgitq        ^numactl@2.0.12%gcc 
2fwk3ut        ^rdma-core@20%gcc 
ij2ve3p            ^libnl@3.3.0%gcc 

rqg5dlf    ucx@1.5.0%gcc 
ccmgitq        ^numactl@2.0.12%gcc 
2fwk3ut        ^rdma-core@20%gcc 
ij2ve3p            ^libnl@3.3.0%gcc 


-- linux-centos7-x86_64 / gcc@6.4.0 -----------------------------
c4tdwsh    ucx@1.2.2%gcc 
2zmeci4        ^numactl@2.0.12%gcc 
fqwsuls        ^rdma-core@20%gcc 
jin3ntt            ^libnl@3.3.0%gcc 

7wt6ef3    ucx@1.3.1%gcc 
2zmeci4        ^numactl@2.0.12%gcc 
fqwsuls        ^rdma-core@20%gcc 
jin3ntt            ^libnl@3.3.0%gcc 

hawuwrd    ucx@1.4.0%gcc 
2zmeci4        ^numactl@2.0.12%gcc 
fqwsuls        ^rdma-core@20%gcc 
jin3ntt            ^libnl@3.3.0%gcc 

fy4ebqi    ucx@1.5.0%gcc 
2zmeci4        ^numactl@2.0.12%gcc 
fqwsuls        ^rdma-core@20%gcc 
jin3ntt            ^libnl@3.3.0%gcc 


-- linux-centos7-x86_64 / gcc@7.3.0 -----------------------------
dl7rd2n    ucx@1.2.2%gcc 
le6jhga        ^numactl@2.0.12%gcc 
sit25ao        ^rdma-core@20%gcc 
qwftcsj            ^libnl@3.3.0%gcc 

6ewrb5m    ucx@1.3.1%gcc 
le6jhga        ^numactl@2.0.12%gcc 
sit25ao        ^rdma-core@20%gcc 
qwftcsj            ^libnl@3.3.0%gcc 

5tp2jdi    ucx@1.4.0%gcc 
le6jhga        ^numactl@2.0.12%gcc 
sit25ao        ^rdma-core@20%gcc 
qwftcsj            ^libnl@3.3.0%gcc 

5rz4o2f    ucx@1.5.0%gcc 
le6jhga        ^numactl@2.0.12%gcc 
sit25ao        ^rdma-core@20%gcc 
qwftcsj            ^libnl@3.3.0%gcc 


-- linux-centos7-x86_64 / gcc@8.2.0 -----------------------------
pahec7y    ucx@1.3.1%gcc 
qwo625d        ^numactl@2.0.12%gcc 
6v76anq        ^rdma-core@20%gcc 
xidgunm            ^libnl@3.3.0%gcc 

bmayd3c    ucx@1.4.0%gcc 
qwo625d        ^numactl@2.0.12%gcc 
6v76anq        ^rdma-core@20%gcc 
xidgunm            ^libnl@3.3.0%gcc 

ooyhnha    ucx@1.5.0%gcc 
qwo625d        ^numactl@2.0.12%gcc 
6v76anq        ^rdma-core@20%gcc 
xidgunm            ^libnl@3.3.0%gcc 

