Tue Apr 16 13:38:41 MDT 2019 /var/spool/slurm/job315583/slurm_script
source "${dir_pull}/scripts/master-tpl-sweep.sh"
Tue Apr 16 13:38:41 MDT 2019 /lustre/cpscratch1/dantopa/repos/gitlab/pull-requests/libraries/scripts/master-tpl-sweep.sh
cd /lustre/cpscratch1/dantopa/repos/gitlab/pull-requests/libraries/scripts
source tpl-versions/versions-ucx.sh
Tue Apr 16 13:38:41 MDT 2019 tpl-versions/versions-ucx.sh
4 ucx versions loaded:
1.5.0  1.4.0  1.3.1  1.2.2

source compilers/compilers-capulin-arm.sh
Tue Apr 16 13:38:41 MDT 2019 compilers/compilers-capulin-arm.sh
11 Spack-recognized compilers loaded:
gcc@8.2.0  gcc@7.3.0  gcc@6.3.0  gcc@5.3.0 gcc@4.9.3  intel@18.0.5  intel@17.0.4  intel@16.0.3 cce@8.7.9 cce@8.6.5 cce@8.5.8

cd /lustre/cpscratch1/dantopa/repos/github/libraries/capulin-arm.ucx
. share/spack/setup-env.sh
export spack_architecture='arch=cray-cnl6-arm_thunderx2''
spack clean -a
==> Removing all temporary build stages
==> Removing cached downloads
==> Removing cached information on repositories
==> Removing python cache files

spack install ucx @ 1.5.0 % gcc@8.2.0  arch=cray-cnl6-arm_thunderx2
==> numactl@2.0.12 : externally installed in /usr
==> numactl@2.0.12 : already registered in DB
==> cmake@3.14.1 : has external module in cmake/3.12.1
==> cmake@3.14.1 : is actually installed in None
==> cmake@3.14.1 : already registered in DB
==> bison@3.0.5 : externally installed in /usr
==> bison@3.0.5 : already registered in DB
==> flex@2.6.4 : externally installed in /usr
==> flex@2.6.4 : already registered in DB
==> m4@1.4.18 : externally installed in /usr
==> m4@1.4.18 : already registered in DB
==> libnl is already installed in /pfs/cpscratch1/yellow/dantopa/repos/github/libraries/capulin-arm.ucx/opt/spack/cray-cnl6-arm_thunderx2/gcc-8.2.0/libnl-3.3.0-b6x2rtjcbdn4sm7ietmhbjlyzbzcsvrr
==> pkg-config@0.29.2 : externally installed in /usr
==> pkg-config@0.29.2 : already registered in DB
==> Installing rdma-core
==> Searching for binary cache of rdma-core
==> Finding buildcaches in /usr/projects/draco/vendors/spack.mirror/build_cache
==> No binary for rdma-core found: installing from source
==> Error: SyntaxError: invalid syntax (<string>, line 2)

/pfs/cpscratch1/yellow/dantopa/repos/github/libraries/capulin-arm.ucx/lib/spack/spack/build_environment.py:784, in child_process:
        781            tb_string = traceback.format_exc()
        782
        783            # build up some context from the offending package so we can
  >>    784            # show that, too.
        785            package_context = get_package_context(tb)
        786
        787            build_log = None



spack install ucx @ 1.5.0 % gcc@7.3.0  arch=cray-cnl6-arm_thunderx2
==> numactl@2.0.12 : externally installed in /usr
==> numactl@2.0.12 : already registered in DB
==> cmake@3.14.1 : has external module in cmake/3.12.1
==> cmake@3.14.1 : is actually installed in None
==> cmake@3.14.1 : already registered in DB
==> bison@3.0.5 : externally installed in /usr
==> bison@3.0.5 : already registered in DB
==> flex@2.6.4 : externally installed in /usr
==> flex@2.6.4 : already registered in DB
==> m4@1.4.18 : externally installed in /usr
==> m4@1.4.18 : already registered in DB
==> libnl is already installed in /pfs/cpscratch1/yellow/dantopa/repos/github/libraries/capulin-arm.ucx/opt/spack/cray-cnl6-arm_thunderx2/gcc-7.3.0/libnl-3.3.0-ubvwfhv3wxqaqfzycgecflirxsyth2st
==> pkg-config@0.29.2 : externally installed in /usr
==> pkg-config@0.29.2 : already registered in DB
==> Installing rdma-core
==> Searching for binary cache of rdma-core
==> Finding buildcaches in /usr/projects/draco/vendors/spack.mirror/build_cache
==> No binary for rdma-core found: installing from source
==> Error: SyntaxError: invalid syntax (<string>, line 2)

/pfs/cpscratch1/yellow/dantopa/repos/github/libraries/capulin-arm.ucx/lib/spack/spack/build_environment.py:784, in child_process:
        781            tb_string = traceback.format_exc()
        782
        783            # build up some context from the offending package so we can
  >>    784            # show that, too.
        785            package_context = get_package_context(tb)
        786
        787            build_log = None



spack install ucx @ 1.5.0 % gcc@6.3.0  arch=cray-cnl6-arm_thunderx2
==> Error: invalid syntax (<string>, line 1)

spack install ucx @ 1.5.0 % gcc@5.3.0  arch=cray-cnl6-arm_thunderx2
==> Error: invalid syntax (<string>, line 1)

spack install ucx @ 1.5.0 % gcc@4.9.3  arch=cray-cnl6-arm_thunderx2
==> Error: invalid syntax (<string>, line 1)

spack install ucx @ 1.5.0 % intel@18.0.5  arch=cray-cnl6-arm_thunderx2
==> Error: invalid syntax (<string>, line 1)

spack install ucx @ 1.5.0 % intel@17.0.4  arch=cray-cnl6-arm_thunderx2
==> Error: invalid syntax (<string>, line 1)

spack install ucx @ 1.5.0 % intel@16.0.3  arch=cray-cnl6-arm_thunderx2
==> Error: invalid syntax (<string>, line 1)

spack install ucx @ 1.5.0 % cce@8.7.9  arch=cray-cnl6-arm_thunderx2
==> numactl@2.0.12 : externally installed in /usr
==> numactl@2.0.12 : already registered in DB
==> cmake@3.14.1 : has external module in cmake/3.12.1
==> cmake@3.14.1 : is actually installed in None
==> cmake@3.14.1 : already registered in DB
==> bison@3.0.5 : externally installed in /usr
==> bison@3.0.5 : already registered in DB
==> flex@2.6.4 : externally installed in /usr
==> flex@2.6.4 : already registered in DB
==> m4@1.4.18 : externally installed in /usr
==> m4@1.4.18 : already registered in DB
==> libnl is already installed in /pfs/cpscratch1/yellow/dantopa/repos/github/libraries/capulin-arm.ucx/opt/spack/cray-cnl6-arm_thunderx2/cce-8.7.9/libnl-3.3.0-qejn5czsno4wtjuyh5az4yniipmitj3j
==> pkg-config@0.29.2 : externally installed in /usr
==> pkg-config@0.29.2 : already registered in DB
==> Installing rdma-core
==> Searching for binary cache of rdma-core
==> Finding buildcaches in /usr/projects/draco/vendors/spack.mirror/build_cache
==> No binary for rdma-core found: installing from source
==> Error: SyntaxError: invalid syntax (<string>, line 2)

/pfs/cpscratch1/yellow/dantopa/repos/github/libraries/capulin-arm.ucx/lib/spack/spack/build_environment.py:784, in child_process:
        781            tb_string = traceback.format_exc()
        782
        783            # build up some context from the offending package so we can
  >>    784            # show that, too.
        785            package_context = get_package_context(tb)
        786
        787            build_log = None



spack install ucx @ 1.5.0 % cce@8.6.5  arch=cray-cnl6-arm_thunderx2
==> Error: invalid syntax (<string>, line 1)

spack install ucx @ 1.5.0 % cce@8.5.8  arch=cray-cnl6-arm_thunderx2
==> Error: invalid syntax (<string>, line 1)

spack install ucx @ 1.4.0 % gcc@8.2.0  arch=cray-cnl6-arm_thunderx2
==> numactl@2.0.12 : externally installed in /usr
==> numactl@2.0.12 : already registered in DB
==> cmake@3.14.1 : has external module in cmake/3.12.1
==> cmake@3.14.1 : is actually installed in None
==> cmake@3.14.1 : already registered in DB
==> bison@3.0.5 : externally installed in /usr
==> bison@3.0.5 : already registered in DB
==> flex@2.6.4 : externally installed in /usr
==> flex@2.6.4 : already registered in DB
==> m4@1.4.18 : externally installed in /usr
==> m4@1.4.18 : already registered in DB
==> libnl is already installed in /pfs/cpscratch1/yellow/dantopa/repos/github/libraries/capulin-arm.ucx/opt/spack/cray-cnl6-arm_thunderx2/gcc-8.2.0/libnl-3.3.0-b6x2rtjcbdn4sm7ietmhbjlyzbzcsvrr
==> pkg-config@0.29.2 : externally installed in /usr
==> pkg-config@0.29.2 : already registered in DB
==> Installing rdma-core
==> Searching for binary cache of rdma-core
==> Finding buildcaches in /usr/projects/draco/vendors/spack.mirror/build_cache
==> No binary for rdma-core found: installing from source
==> Error: SyntaxError: invalid syntax (<string>, line 2)

/pfs/cpscratch1/yellow/dantopa/repos/github/libraries/capulin-arm.ucx/lib/spack/spack/build_environment.py:784, in child_process:
        781            tb_string = traceback.format_exc()
        782
        783            # build up some context from the offending package so we can
  >>    784            # show that, too.
        785            package_context = get_package_context(tb)
        786
        787            build_log = None



spack install ucx @ 1.4.0 % gcc@7.3.0  arch=cray-cnl6-arm_thunderx2
==> numactl@2.0.12 : externally installed in /usr
==> numactl@2.0.12 : already registered in DB
==> cmake@3.14.1 : has external module in cmake/3.12.1
==> cmake@3.14.1 : is actually installed in None
==> cmake@3.14.1 : already registered in DB
==> bison@3.0.5 : externally installed in /usr
==> bison@3.0.5 : already registered in DB
==> flex@2.6.4 : externally installed in /usr
==> flex@2.6.4 : already registered in DB
==> m4@1.4.18 : externally installed in /usr
==> m4@1.4.18 : already registered in DB
==> libnl is already installed in /pfs/cpscratch1/yellow/dantopa/repos/github/libraries/capulin-arm.ucx/opt/spack/cray-cnl6-arm_thunderx2/gcc-7.3.0/libnl-3.3.0-ubvwfhv3wxqaqfzycgecflirxsyth2st
==> pkg-config@0.29.2 : externally installed in /usr
==> pkg-config@0.29.2 : already registered in DB
==> Installing rdma-core
==> Searching for binary cache of rdma-core
==> Finding buildcaches in /usr/projects/draco/vendors/spack.mirror/build_cache
==> No binary for rdma-core found: installing from source
==> Error: SyntaxError: invalid syntax (<string>, line 2)

/pfs/cpscratch1/yellow/dantopa/repos/github/libraries/capulin-arm.ucx/lib/spack/spack/build_environment.py:784, in child_process:
        781            tb_string = traceback.format_exc()
        782
        783            # build up some context from the offending package so we can
  >>    784            # show that, too.
        785            package_context = get_package_context(tb)
        786
        787            build_log = None



spack install ucx @ 1.4.0 % gcc@6.3.0  arch=cray-cnl6-arm_thunderx2
==> Error: invalid syntax (<string>, line 1)

spack install ucx @ 1.4.0 % gcc@5.3.0  arch=cray-cnl6-arm_thunderx2
==> Error: invalid syntax (<string>, line 1)

spack install ucx @ 1.4.0 % gcc@4.9.3  arch=cray-cnl6-arm_thunderx2
==> Error: invalid syntax (<string>, line 1)

spack install ucx @ 1.4.0 % intel@18.0.5  arch=cray-cnl6-arm_thunderx2
==> Error: invalid syntax (<string>, line 1)

spack install ucx @ 1.4.0 % intel@17.0.4  arch=cray-cnl6-arm_thunderx2
==> Error: invalid syntax (<string>, line 1)

spack install ucx @ 1.4.0 % intel@16.0.3  arch=cray-cnl6-arm_thunderx2
==> Error: invalid syntax (<string>, line 1)

spack install ucx @ 1.4.0 % cce@8.7.9  arch=cray-cnl6-arm_thunderx2
==> numactl@2.0.12 : externally installed in /usr
==> numactl@2.0.12 : already registered in DB
==> cmake@3.14.1 : has external module in cmake/3.12.1
==> cmake@3.14.1 : is actually installed in None
==> cmake@3.14.1 : already registered in DB
==> bison@3.0.5 : externally installed in /usr
==> bison@3.0.5 : already registered in DB
==> flex@2.6.4 : externally installed in /usr
==> flex@2.6.4 : already registered in DB
==> m4@1.4.18 : externally installed in /usr
==> m4@1.4.18 : already registered in DB
==> libnl is already installed in /pfs/cpscratch1/yellow/dantopa/repos/github/libraries/capulin-arm.ucx/opt/spack/cray-cnl6-arm_thunderx2/cce-8.7.9/libnl-3.3.0-qejn5czsno4wtjuyh5az4yniipmitj3j
==> pkg-config@0.29.2 : externally installed in /usr
==> pkg-config@0.29.2 : already registered in DB
==> Installing rdma-core
==> Searching for binary cache of rdma-core
==> Finding buildcaches in /usr/projects/draco/vendors/spack.mirror/build_cache
==> No binary for rdma-core found: installing from source
==> Error: SyntaxError: invalid syntax (<string>, line 2)

/pfs/cpscratch1/yellow/dantopa/repos/github/libraries/capulin-arm.ucx/lib/spack/spack/build_environment.py:784, in child_process:
        781            tb_string = traceback.format_exc()
        782
        783            # build up some context from the offending package so we can
  >>    784            # show that, too.
        785            package_context = get_package_context(tb)
        786
        787            build_log = None



spack install ucx @ 1.4.0 % cce@8.6.5  arch=cray-cnl6-arm_thunderx2
==> Error: invalid syntax (<string>, line 1)

spack install ucx @ 1.4.0 % cce@8.5.8  arch=cray-cnl6-arm_thunderx2
==> Error: invalid syntax (<string>, line 1)

spack install ucx @ 1.3.1 % gcc@8.2.0  arch=cray-cnl6-arm_thunderx2
==> numactl@2.0.12 : externally installed in /usr
==> numactl@2.0.12 : already registered in DB
==> cmake@3.14.1 : has external module in cmake/3.12.1
==> cmake@3.14.1 : is actually installed in None
==> cmake@3.14.1 : already registered in DB
==> bison@3.0.5 : externally installed in /usr
==> bison@3.0.5 : already registered in DB
==> flex@2.6.4 : externally installed in /usr
==> flex@2.6.4 : already registered in DB
==> m4@1.4.18 : externally installed in /usr
==> m4@1.4.18 : already registered in DB
==> libnl is already installed in /pfs/cpscratch1/yellow/dantopa/repos/github/libraries/capulin-arm.ucx/opt/spack/cray-cnl6-arm_thunderx2/gcc-8.2.0/libnl-3.3.0-b6x2rtjcbdn4sm7ietmhbjlyzbzcsvrr
==> pkg-config@0.29.2 : externally installed in /usr
==> pkg-config@0.29.2 : already registered in DB
==> Installing rdma-core
==> Searching for binary cache of rdma-core
==> Finding buildcaches in /usr/projects/draco/vendors/spack.mirror/build_cache
==> No binary for rdma-core found: installing from source
==> Error: SyntaxError: invalid syntax (<string>, line 2)

/pfs/cpscratch1/yellow/dantopa/repos/github/libraries/capulin-arm.ucx/lib/spack/spack/build_environment.py:784, in child_process:
        781            tb_string = traceback.format_exc()
        782
        783            # build up some context from the offending package so we can
  >>    784            # show that, too.
        785            package_context = get_package_context(tb)
        786
        787            build_log = None



spack install ucx @ 1.3.1 % gcc@7.3.0  arch=cray-cnl6-arm_thunderx2
==> numactl@2.0.12 : externally installed in /usr
==> numactl@2.0.12 : already registered in DB
==> cmake@3.14.1 : has external module in cmake/3.12.1
==> cmake@3.14.1 : is actually installed in None
==> cmake@3.14.1 : already registered in DB
==> bison@3.0.5 : externally installed in /usr
==> bison@3.0.5 : already registered in DB
==> flex@2.6.4 : externally installed in /usr
==> flex@2.6.4 : already registered in DB
==> m4@1.4.18 : externally installed in /usr
==> m4@1.4.18 : already registered in DB
==> libnl is already installed in /pfs/cpscratch1/yellow/dantopa/repos/github/libraries/capulin-arm.ucx/opt/spack/cray-cnl6-arm_thunderx2/gcc-7.3.0/libnl-3.3.0-ubvwfhv3wxqaqfzycgecflirxsyth2st
==> pkg-config@0.29.2 : externally installed in /usr
==> pkg-config@0.29.2 : already registered in DB
==> Installing rdma-core
==> Searching for binary cache of rdma-core
==> Finding buildcaches in /usr/projects/draco/vendors/spack.mirror/build_cache
==> No binary for rdma-core found: installing from source
==> Error: SyntaxError: invalid syntax (<string>, line 2)

/pfs/cpscratch1/yellow/dantopa/repos/github/libraries/capulin-arm.ucx/lib/spack/spack/build_environment.py:784, in child_process:
        781            tb_string = traceback.format_exc()
        782
        783            # build up some context from the offending package so we can
  >>    784            # show that, too.
        785            package_context = get_package_context(tb)
        786
        787            build_log = None



spack install ucx @ 1.3.1 % gcc@6.3.0  arch=cray-cnl6-arm_thunderx2
==> Error: invalid syntax (<string>, line 1)

spack install ucx @ 1.3.1 % gcc@5.3.0  arch=cray-cnl6-arm_thunderx2
==> Error: invalid syntax (<string>, line 1)

spack install ucx @ 1.3.1 % gcc@4.9.3  arch=cray-cnl6-arm_thunderx2
==> Error: invalid syntax (<string>, line 1)

spack install ucx @ 1.3.1 % intel@18.0.5  arch=cray-cnl6-arm_thunderx2
==> Error: invalid syntax (<string>, line 1)

spack install ucx @ 1.3.1 % intel@17.0.4  arch=cray-cnl6-arm_thunderx2
==> Error: invalid syntax (<string>, line 1)

spack install ucx @ 1.3.1 % intel@16.0.3  arch=cray-cnl6-arm_thunderx2
==> Error: invalid syntax (<string>, line 1)

spack install ucx @ 1.3.1 % cce@8.7.9  arch=cray-cnl6-arm_thunderx2
==> numactl@2.0.12 : externally installed in /usr
==> numactl@2.0.12 : already registered in DB
==> cmake@3.14.1 : has external module in cmake/3.12.1
==> cmake@3.14.1 : is actually installed in None
==> cmake@3.14.1 : already registered in DB
==> bison@3.0.5 : externally installed in /usr
==> bison@3.0.5 : already registered in DB
==> flex@2.6.4 : externally installed in /usr
==> flex@2.6.4 : already registered in DB
==> m4@1.4.18 : externally installed in /usr
==> m4@1.4.18 : already registered in DB
==> libnl is already installed in /pfs/cpscratch1/yellow/dantopa/repos/github/libraries/capulin-arm.ucx/opt/spack/cray-cnl6-arm_thunderx2/cce-8.7.9/libnl-3.3.0-qejn5czsno4wtjuyh5az4yniipmitj3j
==> pkg-config@0.29.2 : externally installed in /usr
==> pkg-config@0.29.2 : already registered in DB
==> Installing rdma-core
==> Searching for binary cache of rdma-core
==> Finding buildcaches in /usr/projects/draco/vendors/spack.mirror/build_cache
==> No binary for rdma-core found: installing from source
==> Error: SyntaxError: invalid syntax (<string>, line 2)

/pfs/cpscratch1/yellow/dantopa/repos/github/libraries/capulin-arm.ucx/lib/spack/spack/build_environment.py:784, in child_process:
        781            tb_string = traceback.format_exc()
        782
        783            # build up some context from the offending package so we can
  >>    784            # show that, too.
        785            package_context = get_package_context(tb)
        786
        787            build_log = None



spack install ucx @ 1.3.1 % cce@8.6.5  arch=cray-cnl6-arm_thunderx2
==> Error: invalid syntax (<string>, line 1)

spack install ucx @ 1.3.1 % cce@8.5.8  arch=cray-cnl6-arm_thunderx2
==> Error: invalid syntax (<string>, line 1)

spack install ucx @ 1.2.2 % gcc@8.2.0  arch=cray-cnl6-arm_thunderx2
==> numactl@2.0.12 : externally installed in /usr
==> numactl@2.0.12 : already registered in DB
==> cmake@3.14.1 : has external module in cmake/3.12.1
==> cmake@3.14.1 : is actually installed in None
==> cmake@3.14.1 : already registered in DB
==> bison@3.0.5 : externally installed in /usr
==> bison@3.0.5 : already registered in DB
==> flex@2.6.4 : externally installed in /usr
==> flex@2.6.4 : already registered in DB
==> m4@1.4.18 : externally installed in /usr
==> m4@1.4.18 : already registered in DB
==> libnl is already installed in /pfs/cpscratch1/yellow/dantopa/repos/github/libraries/capulin-arm.ucx/opt/spack/cray-cnl6-arm_thunderx2/gcc-8.2.0/libnl-3.3.0-b6x2rtjcbdn4sm7ietmhbjlyzbzcsvrr
==> pkg-config@0.29.2 : externally installed in /usr
==> pkg-config@0.29.2 : already registered in DB
==> Installing rdma-core
==> Searching for binary cache of rdma-core
==> Finding buildcaches in /usr/projects/draco/vendors/spack.mirror/build_cache
==> No binary for rdma-core found: installing from source
==> Error: SyntaxError: invalid syntax (<string>, line 2)

/pfs/cpscratch1/yellow/dantopa/repos/github/libraries/capulin-arm.ucx/lib/spack/spack/build_environment.py:784, in child_process:
        781            tb_string = traceback.format_exc()
        782
        783            # build up some context from the offending package so we can
  >>    784            # show that, too.
        785            package_context = get_package_context(tb)
        786
        787            build_log = None



spack install ucx @ 1.2.2 % gcc@7.3.0  arch=cray-cnl6-arm_thunderx2
==> numactl@2.0.12 : externally installed in /usr
==> numactl@2.0.12 : already registered in DB
==> cmake@3.14.1 : has external module in cmake/3.12.1
==> cmake@3.14.1 : is actually installed in None
==> cmake@3.14.1 : already registered in DB
==> bison@3.0.5 : externally installed in /usr
==> bison@3.0.5 : already registered in DB
==> flex@2.6.4 : externally installed in /usr
==> flex@2.6.4 : already registered in DB
==> m4@1.4.18 : externally installed in /usr
==> m4@1.4.18 : already registered in DB
==> libnl is already installed in /pfs/cpscratch1/yellow/dantopa/repos/github/libraries/capulin-arm.ucx/opt/spack/cray-cnl6-arm_thunderx2/gcc-7.3.0/libnl-3.3.0-ubvwfhv3wxqaqfzycgecflirxsyth2st
==> pkg-config@0.29.2 : externally installed in /usr
==> pkg-config@0.29.2 : already registered in DB
==> Installing rdma-core
==> Searching for binary cache of rdma-core
==> Finding buildcaches in /usr/projects/draco/vendors/spack.mirror/build_cache
==> No binary for rdma-core found: installing from source
==> Error: SyntaxError: invalid syntax (<string>, line 2)

/pfs/cpscratch1/yellow/dantopa/repos/github/libraries/capulin-arm.ucx/lib/spack/spack/build_environment.py:784, in child_process:
        781            tb_string = traceback.format_exc()
        782
        783            # build up some context from the offending package so we can
  >>    784            # show that, too.
        785            package_context = get_package_context(tb)
        786
        787            build_log = None



spack install ucx @ 1.2.2 % gcc@6.3.0  arch=cray-cnl6-arm_thunderx2
==> Error: invalid syntax (<string>, line 1)

spack install ucx @ 1.2.2 % gcc@5.3.0  arch=cray-cnl6-arm_thunderx2
==> Error: invalid syntax (<string>, line 1)

spack install ucx @ 1.2.2 % gcc@4.9.3  arch=cray-cnl6-arm_thunderx2
==> Error: invalid syntax (<string>, line 1)

spack install ucx @ 1.2.2 % intel@18.0.5  arch=cray-cnl6-arm_thunderx2
==> Error: invalid syntax (<string>, line 1)

spack install ucx @ 1.2.2 % intel@17.0.4  arch=cray-cnl6-arm_thunderx2
==> Error: invalid syntax (<string>, line 1)

spack install ucx @ 1.2.2 % intel@16.0.3  arch=cray-cnl6-arm_thunderx2
==> Error: invalid syntax (<string>, line 1)

spack install ucx @ 1.2.2 % cce@8.7.9  arch=cray-cnl6-arm_thunderx2
==> numactl@2.0.12 : externally installed in /usr
==> numactl@2.0.12 : already registered in DB
==> cmake@3.14.1 : has external module in cmake/3.12.1
==> cmake@3.14.1 : is actually installed in None
==> cmake@3.14.1 : already registered in DB
==> bison@3.0.5 : externally installed in /usr
==> bison@3.0.5 : already registered in DB
==> flex@2.6.4 : externally installed in /usr
==> flex@2.6.4 : already registered in DB
==> m4@1.4.18 : externally installed in /usr
==> m4@1.4.18 : already registered in DB
==> libnl is already installed in /pfs/cpscratch1/yellow/dantopa/repos/github/libraries/capulin-arm.ucx/opt/spack/cray-cnl6-arm_thunderx2/cce-8.7.9/libnl-3.3.0-qejn5czsno4wtjuyh5az4yniipmitj3j
==> pkg-config@0.29.2 : externally installed in /usr
==> pkg-config@0.29.2 : already registered in DB
==> Installing rdma-core
==> Searching for binary cache of rdma-core
==> Finding buildcaches in /usr/projects/draco/vendors/spack.mirror/build_cache
==> No binary for rdma-core found: installing from source
==> Error: SyntaxError: invalid syntax (<string>, line 2)

/pfs/cpscratch1/yellow/dantopa/repos/github/libraries/capulin-arm.ucx/lib/spack/spack/build_environment.py:784, in child_process:
        781            tb_string = traceback.format_exc()
        782
        783            # build up some context from the offending package so we can
  >>    784            # show that, too.
        785            package_context = get_package_context(tb)
        786
        787            build_log = None



spack install ucx @ 1.2.2 % cce@8.6.5  arch=cray-cnl6-arm_thunderx2
==> Error: invalid syntax (<string>, line 1)

spack install ucx @ 1.2.2 % cce@8.5.8  arch=cray-cnl6-arm_thunderx2
==> Error: invalid syntax (<string>, line 1)
spack compilers
==> Available compilers
-- cce cnl6-any -------------------------------------------------
cce@9.0.0.21672
cce@9.0.0.21672
cce@8.7.9
cce@8.7.8
cce@8.7.7
cce@8.7.6
cce@8.7.5
cce@8.7.4
cce@8.7.2
cce@8.7.1
cce@8.7.0
cce@8.6.5
cce@8.6.2
cce@8.6.1
cce@8.6.0
cce@8.5.8
cce@8.5.7
cce@8.5.6
cce@8.5.5
cce@8.5.3
cce@8.5.2
cce@8.5.0
cce@8.4.6

-- gcc cnl6-any -------------------------------------------------
gcc@8.2.0
gcc@7.3.0
gcc@7.2.0
gcc@7.1.0
gcc@6.3.0
gcc@6.2.0
gcc@6.1.0
gcc@5.3.0
gcc@5.2.0
gcc@4.9.3

-- gcc sles12-x86_64 --------------------------------------------
gcc@4.8

-- intel cnl6-any -----------------------------------------------
intel@18.0.5
intel@18.0.2
intel@17.0.4
intel@17.0.1
intel@16.0.3
intel@15.0.7
intel@15.0.5
spack find ucx
==> No package matches the query: ucx
spack find -ldf ucx
==> No package matches the query: ucx
spack find ucx >> /lustre/cpscratch1/dantopa/repos/gitlab/pull-requests/libraries/scripts/spack-status/ucx-capulin-arm.out
spack find -ldf ucx  >> /lustre/cpscratch1/dantopa/repos/gitlab/pull-requests/libraries/scripts/spack-status/ucx-ldf-capulin-arm.out
spack graph ucx >> /lustre/cpscratch1/dantopa/repos/gitlab/pull-requests/libraries/scripts/spack-status/ucx-graph-capulin-arm.out
mv  /lustre/cpscratch1/dantopa/repos/gitlab/pull-requests/libraries/scripts/capulin-arm-batch.out   /lustre/cpscratch1/dantopa/repos/gitlab/pull-requests/libraries/scripts/batch-files/capulin-arm-ucx-2019-04-16-batch.out
cd /lustre/cpscratch1/dantopa/repos/gitlab/pull-requests/libraries
git add -A .
fatal: Not a git repository (or any parent up to mount point /pfs)
Stopping at filesystem boundary (GIT_DISCOVERY_ACROSS_FILESYSTEM not set).
git commit -m "${USER} ${tpl} ${hpc} ${partition} ${ymd}"
fatal: Not a git repository (or any parent up to mount point /pfs)
Stopping at filesystem boundary (GIT_DISCOVERY_ACROSS_FILESYSTEM not set).
Tue Apr 16 13:45:02 MDT 2019
