Tue May 7 15:21:33 PDT 2019
/usr/workspace/wsrzc/topa1/repos/spack/libraries/rzansel-power9.libhio
spack graph libhio >> /usr/workspace/wsrzc/topa1/repos/Github/gitlab-pull-requests-libraries/libraries/results/graphs/libhio-rzansel-power9-graph.out
o  libhio
|\
| |\
| | |\
| | | |\
| | | o |  hdf5
| | |/| | 
| |/| | | 
| o | | |  openmpi
| |\ \ \ \
| | |_|/ /
| |/| | | 
| | |\ \ \
| o | | | |  zlib
|  / / / /
| | o | |  hwloc
| |/| | | 
|/|/| | | 
| | |\ \ \
| | | o | |  libpciaccess
| |_|/| | | 
|/| | | | | 
| | | |\ \ \
| | | o | | |  util-macros
| | |  / / /
o | | | | |  pkg-config
 / / / / /
o | | | |  numactl
 / / / /
o | | |  libxml2
 / / /
o | |  libtool
 / /
o |  json-c
| o  bzip2
| 
o  autoconf
