Wed Apr 24 23:41:31 MDT 2019
/scratch/users/dantopa/new-spack/libraries/darwin-general.libhio
spack graph libhio >> /scratch/users/dantopa/repos/gitlab/pull-requests/libraries/results/graphs/libhio-darwin-general-graph.out
o  libhio
|\
| |\
| | |\
| | | |\
| | | o |  hdf5
| | |/| | 
| |/| | | 
| | | |\ \
| o | | | |  openmpi
| |\ \ \ \ \
| | |_|/ / /
| |/| | | | 
| | |\ \ \ \
| | | |_|/ /
| | |/| | | 
| o | | | |  zlib
|  / / / /
| | o | |  hwloc
| |/| | | 
|/|/| | | 
| | |\ \ \
| | | o | |  libpciaccess
| |_|/| | | 
|/| | | | | 
| | | |\ \ \
| | | o | | |  util-macros
| | |  / / /
o | | | | |  pkg-config
 / / / / /
o | | | |  numactl
 / / / /
o | | |  libxml2
 / / /
o | |  libtool
 / /
o |  json-c
| o  bzip2
| 
o  autoconf
