Tue Apr 30 09:42:10 PDT 2019
/usr/workspace/wsrzc/topa1/repos/spack/libraries/rzansel-power9.ucx
spack graph ucx >> /usr/workspace/wsrzc/topa1/repos/Github/gitlab-pull-requests-libraries/libraries/results/graphs/ucx-rzansel-power9-graph.out
o  ucx
|\
o |  rdma-core
|\ \
| |\ \
| | o |  cmake
| | |\ \
| | | |\ \
| | | | |\ \
| | | | | |\ \
| | | | | | |\ \
| | | | | | | |\ \
| | | | | | | | |\ \
| | | | | | | | | |\ \
| | | | | | | | | | |\ \
| | | | | | | | o | | | |  libarchive
| | | |_|_|_|_|/| | | | | 
| | |/| |_|_|_|/| | | | | 
| | | |/| | |_|/| | | | | 
| | | | | |/| | | | | | | 
| | | | | | | | |\| | | | 
| | | | | | | | |\ \ \ \ \
| | | | | | | | | |\ \ \ \ \
| | | | | | | | | | |\ \ \ \ \
| | | | | | | | | | | |\ \ \ \ \
| | | | | | | | | | | | | |_|/ /
| | | | | | | | | | | | |/| | | 
| | | | | | | | | | | | | | o |  curl
| | | |_|_|_|_|_|_|_|_|_|_|/| | 
| | |/| | | |_|_|_|_|_|_|_|/ /
| | | | | |/| | | | | | | | | 
| | | | | o | | | | | | | | |  openssl
| | | |_|/| | | | | | | | | | 
| | |/| | | | | | | | | | | | 
| o | | | | | | | | | | | | |  libnl
| |\ \ \ \ \ \ \ \ \ \ \ \ \ \
| | |\ \ \ \ \ \ \ \ \ \ \ \ \ \
| | o | | | | | | | | | | | | | |  flex
| |/| | | | | | | | | | | | | | | 
| | |\| | | | | | | | | | | | | | 
| | |\ \ \ \ \ \ \ \ \ \ \ \ \ \ \
| | | |\ \ \ \ \ \ \ \ \ \ \ \ \ \ \
| | | | |\ \ \ \ \ \ \ \ \ \ \ \ \ \ \
| | | | | |\ \ \ \ \ \ \ \ \ \ \ \ \ \ \
| | | | | | | o | | | | | | | | | | | | |  bison
| | |_|_|_|_|/| | | | | | | | | | | | | | 
| |/| | |_|_|/| | | | | | | | | | | | | | 
| | | |/| | | | | | | | | | | | | | | | | 
| | | | | | | |\ \ \ \ \ \ \ \ \ \ \ \ \ \
| | | | | | | | |_|_|_|/ / / / / / / / / /
| | | | | | | |/| | | | | | | | | | | | | 
| | | o | | | | | | | | | | | | | | | | |  help2man
| | | |\| | | | | | | | | | | | | | | | | 
| | | | |_|_|/ / / / / / / / / / / / / /
| | | |/| | | | | | | | | | | | | | | | 
| | | | o | | | | | | | | | | | | | | |  gettext
| | | | |\ \ \ \ \ \ \ \ \ \ \ \ \ \ \ \
| | | | | |_|_|_|_|/ / / / / / / / / / /
| | | | |/| | | | | | | | | | | | | | | 
| | | | | |\ \ \ \ \ \ \ \ \ \ \ \ \ \ \
| | | | | | |\ \ \ \ \ \ \ \ \ \ \ \ \ \ \
| | | | | | | |_|_|_|_|_|/ / / / / / / / /
| | | | | | |/| | | | | | | | | | | | | | 
| | | | | | | |\ \ \ \ \ \ \ \ \ \ \ \ \ \
| | | | | | | | |_|_|_|_|_|_|_|_|_|/ / / /
| | | | | | | |/| | | | | | | | | | | | | 
| | | | | | | | | |_|_|_|_|_|_|_|/ / / /
| | | | | | | | |/| | | | | | | | | | | 
| | | | | | | o | | | | | | | | | | | |  libxml2
| |_|_|_|_|_|/| | | | | | | | | | | | | 
|/| | | | |_|/| | | | | | | | | | | | | 
| | | | |/| | | | | | | | | | | | | | | 
| | | | | | | |\ \ \ \ \ \ \ \ \ \ \ \ \
| | | | | | | | |_|_|_|_|/ / / / / / / /
| | | | | | | |/| | | | | | | | | | | | 
| | | | | | | o | | | | | | | | | | | |  zlib
| | | | | | |  / / / / / / / / / / / /
| | | | o | | | | | | | | | | | | | |  xz
| | | |  / / / / / / / / / / / / / /
| | | | o | | | | | | | | | | | | |  tar
| | | |  / / / / / / / / / / / / /
| | | | | | | | | | o | | | | | |  rhash
| | | | | | | | | |  / / / / / /
| | | | | | | | | | | | | | | o  numactl
| | |_|_|_|_|_|_|_|_|_|_|_|_|/| 
| |/| |_|_|_|_|_|_|_|_|_|_|_|/| 
| | |/| | | | | |_|_|_|_|_|_|/| 
| | | | | | | |/| |_|_|_|_|_|/
| | | | | | | | |/| | | | | | 
| | | | | | | | | | | o | | |  nettle
| | |_|_|_|_|_|_|_|_|/| | | | 
| |/| | | | | | | | | | | | | 
| | | | | | | | | | o | | | |  libuv
| | | |_|_|_|_|_|_|/| | | | | 
| | |/| | | | | |_|/| | | | | 
| | | | | | | |/| |/ / / / /
| | | | | | | | |/| | | | | 
| | | | | | | | | | o | | |  gmp
| | |_|_|_|_|_|_|_|/| | | | 
| |/| |_|_|_|_|_|_|/| | | | 
| | |/| | | | | |_|/| | | | 
| | | | | | | |/| |/ / / /
| | | | | | | | |/| | | | 
| | | | | | | o | | | | |  automake
| | | | |_|_|/| | | | | | 
| | | |/| | | | | | | | | 
| | | | | | | |/ / / / /
| | | | | | | o | | | |  autoconf
| | |_|_|_|_|/| | | | | 
| |/| | |_|_|/ / / / /
| | | |/| | | | | | | 
| | | o | | | | | | |  perl
| | | o | | | | | | |  gdbm
| | | o | | | | | | |  readline
| | | |/ / / / / / /
| | | o | | | | | |  ncurses
| |_|/ / / / / / /
|/| | | | | | | | 
o | | | | | | | |  pkgconf
 / / / / / / / /
| o | | | | | |  libtool
|/ / / / / / /
o | | | | | |  m4
| | | | o | |  lzo
| | | |  / /
| | | | o |  lz4
| | | |  /
o | | | |  libsigsegv
 / / / /
o | | |  libiconv
 / / /
| | o  expat
| | o  libbsd
| | 
o |  bzip2
|/
o  diffutils
