Thu Apr 18 18:51:17 PDT 2019
spack install pmix @ 3.1.2 % clang@6.0.0  arch=
spack install pmix @ 3.1.2 % gcc@7.3.1  arch=
spack install pmix @ 3.1.2 % gcc@4.9.3  arch=
spack install pmix @ 3.1.2 % gcc@4.8.5  arch=
spack install pmix @ 3.1.2 % pgi@19.1  arch=
spack install pmix @ 3.1.2 % pgi@18.10  arch=
spack install pmix @ 3.1.2 % pgi@17.10  arch=
spack install pmix @ 3.1.2 % xl@16.1.2  arch=
spack install pmix @ 3.1.2 % xl@16.1.1  arch=
spack install pmix @ 3.1.2 % xl@16.1.0  arch=
spack install pmix @ 3.0.2 % clang@6.0.0  arch=
spack install pmix @ 3.0.2 % gcc@7.3.1  arch=
spack install pmix @ 3.0.2 % gcc@4.9.3  arch=
spack install pmix @ 3.0.2 % gcc@4.8.5  arch=
spack install pmix @ 3.0.2 % pgi@19.1  arch=
spack install pmix @ 3.0.2 % pgi@18.10  arch=
spack install pmix @ 3.0.2 % pgi@17.10  arch=
spack install pmix @ 3.0.2 % xl@16.1.2  arch=
spack install pmix @ 3.0.2 % xl@16.1.1  arch=
spack install pmix @ 3.0.2 % xl@16.1.0  arch=
spack install pmix @ 2.2.2 % clang@6.0.0  arch=
spack install pmix @ 2.2.2 % gcc@7.3.1  arch=
spack install pmix @ 2.2.2 % gcc@4.9.3  arch=
spack install pmix @ 2.2.2 % gcc@4.8.5  arch=
spack install pmix @ 2.2.2 % pgi@19.1  arch=
spack install pmix @ 2.2.2 % pgi@18.10  arch=
spack install pmix @ 2.2.2 % pgi@17.10  arch=
spack install pmix @ 2.2.2 % xl@16.1.2  arch=
spack install pmix @ 2.2.2 % xl@16.1.1  arch=
spack install pmix @ 2.2.2 % xl@16.1.0  arch=
spack install pmix @ 2.1.4 % clang@6.0.0  arch=
spack install pmix @ 2.1.4 % gcc@7.3.1  arch=
spack install pmix @ 2.1.4 % gcc@4.9.3  arch=
spack install pmix @ 2.1.4 % gcc@4.8.5  arch=
spack install pmix @ 2.1.4 % pgi@19.1  arch=
spack install pmix @ 2.1.4 % pgi@18.10  arch=
spack install pmix @ 2.1.4 % pgi@17.10  arch=
spack install pmix @ 2.1.4 % xl@16.1.2  arch=
spack install pmix @ 2.1.4 % xl@16.1.1  arch=
spack install pmix @ 2.1.4 % xl@16.1.0  arch=
